   0.062   1.000   0.333    1.37   0.0000    1    1.007   69.785   18.406   12.743   18.784   10.959   11.278   11.262   11.020   22.220   26.000   24.000    3.672    4.171   13.323   13.765   18.947   11.960   12.243   12.229   12.014
   0.062   1.000   0.333    1.37   0.0000    1    2.015   69.947   18.523   14.299   18.804   11.373   11.637   11.623   11.438   20.563   25.998   24.000    1.872    1.671    6.893   15.147   18.966   12.327   12.562   12.549   12.385
   0.062   1.000   0.333    1.37   0.0000    1    3.001   70.339   18.910   15.599   19.130   11.932   12.175   12.163   11.994   19.921   25.900   24.000    1.757    1.588    7.815   16.279   19.264   12.826   13.043   13.032   12.881
   0.062   1.000   0.333    1.37   0.0000    1    4.017   70.776   19.334   16.553   19.519   12.482   12.666   12.617   12.538   19.623   25.802   24.000    1.293    0.742    6.801   17.130   19.633   13.333   13.498   13.454   13.383
   0.062   1.000   0.333    1.37   0.0000    1    5.011   71.243   19.774   17.412   19.931   13.113   13.316   13.293   13.161   19.522   25.901   24.000    1.601    1.755    8.217   17.917   20.033   13.927   14.108   14.088   13.970
   0.062   1.000   0.333    1.37   0.0000    1    6.028   71.178   19.778   17.549   19.926   13.457   13.657   13.642   13.497   19.592   25.997   24.000    1.590    1.714    7.571   17.790   19.919   14.102   14.282   14.268   14.138
   0.062   1.000   0.333    1.37   0.0000    1    7.004   72.056   20.519   18.621   20.645   14.222   14.380   14.333   14.255   19.597   25.900   24.000    1.068    1.670    7.079   19.002   20.714   14.954   15.095   15.053   14.984
   0.062   1.000   0.333    1.37   0.0000    1    8.009   72.984   21.153   18.855   21.306   15.042   15.181   15.153   15.061   20.049   25.904   24.000    1.146    1.813    8.084   19.002   21.258   15.616   15.741   15.715   15.633
   0.062   1.000   0.333    1.37   0.0000    1    9.026   79.361   25.773   22.840   25.969   19.038   18.987   21.952   18.829   22.649   26.334   24.000    3.820    4.508   15.516   22.697   25.787   19.520   19.472   22.126   19.326
   0.062   1.000   0.333    1.37   0.0000    1   10.020   88.011   32.615   28.470   32.892   24.076   23.777   29.554   23.611   27.993   27.640   24.000    5.036    6.011   19.084   27.863   32.472   24.463   24.188   29.384   24.009
   0.062   1.000   0.333    1.37   0.0000    1   11.000   93.952   37.365   33.525   37.621   28.762   28.374   33.380   28.205   30.068   29.600   24.000    7.851    9.172   25.206   32.536   37.060   28.978   28.616   33.134   28.431
   0.062   1.000   0.333    1.37   0.0000    1   12.020  100.172   42.924   38.643   43.210   32.141   31.591   33.336   34.981   31.223   30.520   24.000    7.114    8.191   23.786   37.197   42.430   32.308   31.811   33.327   34.846
   0.062   1.000   0.333    1.37   0.0000    1   13.021  103.372   46.070   42.229   46.327   34.453   33.813   35.742   35.724   32.282   31.513   24.000    8.094    9.295   25.701   40.534   45.447   34.576   33.998   35.688   35.694
   0.062   1.000   0.333    1.37   0.0000    1   14.022  102.168   44.683   43.081   44.789   36.172   35.794   36.831   37.195   32.758   32.073   24.000   10.677   12.515   31.242   41.796   44.185   36.307   35.964   36.879   37.214
   0.062   1.000   0.333    1.37   0.0000    1   15.008  102.776   45.517   43.893   45.625   36.477   35.945   36.588   39.918   31.670   30.882   24.000    9.884   11.488   29.514   42.392   44.917   36.541   36.059   36.590   39.630
   0.062   1.000   0.333    1.37   0.0000    1   16.001   98.588   41.947   41.701   41.964   35.549   34.671   35.177   40.431   29.632   28.698   24.000   11.068   13.259   33.300   40.190   41.308   35.407   34.618   35.009   39.810
   0.062   1.000   0.333    1.37   0.0000    1   17.011   94.948   38.834   38.581   38.851   34.193   33.644   34.204   37.914   27.859   27.204   24.000    7.159    8.089   23.148   37.152   38.231   33.921   33.426   33.893   37.281
   0.062   1.000   0.333    1.37   0.0000    1   18.009   93.666   38.033   36.903   38.108   33.426   32.798   33.454   37.916   28.293   27.593   24.000    3.296    3.480   12.807   35.588   37.495   33.166   32.600   33.160   37.220
   0.062   1.000   0.333    1.37   0.0000    1   19.011   87.850   33.784   33.027   33.835   30.698   30.242   30.899   32.760   27.401   26.897   24.000    2.857    3.017   10.147   31.990   33.340   30.429   30.017   30.590   32.288
   0.062   1.000   0.333    1.37   0.0000    1   20.016   83.240   30.152   29.831   30.173   28.643   28.311   28.873   29.892   26.792   26.595   24.000    5.923    6.854   17.787   29.140   29.842   28.409   28.110   28.604   29.535
   0.062   1.000   0.333    1.37   0.0000    1   21.005   81.098   28.438   27.330   28.512   27.540   27.264   27.768   28.596   26.461   26.298   24.000    3.712    4.339   12.501   26.498   28.082   27.140   26.890   27.336   28.093
   0.062   1.000   0.333    1.37   0.0000    1   22.021   79.912   27.359   25.975   27.451   27.009   26.762   27.230   27.896   26.105   25.998   24.000    5.027    5.820   15.369   25.252   27.059   26.601   26.378   26.793   27.402
   0.062   1.000   0.333    1.37   0.0000    1   23.015   79.901   27.318   25.431   27.444   27.077   26.800   27.282   27.915   26.081   25.898   24.000    0.881    1.810    6.128   25.113   27.206   26.838   26.588   27.015   27.593
   0.062   1.000   0.333    1.37   0.0000    1   24.031   79.231   26.705   24.402   26.858   26.758   26.482   26.943   27.536   25.975   25.800   24.000    1.068    1.606    6.373   24.155   26.633   26.508   26.259   26.669   27.210
   0.062   1.000   0.333    1.37   0.0000    2    1.015   78.667   26.172   23.752   26.333   26.467   26.201   26.620   27.181   26.125   26.498   24.000    1.610    1.696    7.938   23.429   26.072   26.154   25.913   26.286   26.798
   0.062   1.000   0.333    1.37   0.0000    2    2.031   78.464   25.947   23.694   26.098   26.337   26.090   26.465   26.978   26.177   26.394   24.000    2.518    3.117   10.195   23.372   25.845   26.024   25.801   26.135   26.602
   0.062   1.000   0.333    1.37   0.0000    2    3.046   77.930   25.481   23.143   25.636   26.061   25.816   26.185   26.670   26.017   26.200   24.000    1.209    0.835    6.380   22.860   25.397   25.746   25.524   25.853   26.296
   0.062   1.000   0.333    1.37   0.0000    2    4.011   77.541   25.126   22.778   25.283   25.830   25.593   25.941   26.398   25.807   26.198   24.000    1.229    0.873    6.369   22.530   25.059   25.520   25.306   25.617   26.033
   0.062   1.000   0.333    1.37   0.0000    2    5.026   77.172   24.794   22.453   24.950   25.592   25.364   25.690   26.118   25.563   25.995   24.000    1.238    0.895    6.360   22.216   24.732   25.280   25.073   25.365   25.755
   0.062   1.000   0.333    1.37   0.0000    2    6.042   76.856   24.509   22.193   24.663   25.371   25.150   25.456   25.856   25.311   25.796   24.000    1.239    0.903    6.328   21.978   24.456   25.065   24.865   25.139   25.502
   0.062   1.000   0.333    1.37   0.0000    2    7.052   76.633   24.296   22.002   24.449   25.189   24.975   25.262   25.634   25.064   25.710   24.000    1.236    0.896    6.227   21.802   24.250   24.889   24.696   24.952   25.290
   0.062   1.000   0.333    1.37   0.0000    2    8.042   77.891   25.123   22.553   25.294   25.747   25.524   25.937   26.133   25.002   25.938   24.000    1.176    1.191    5.170   22.346   25.086   25.463   25.261   25.631   25.811
   0.062   1.000   0.333    1.37   0.0000    2    9.032   83.981   29.473   25.903   29.711   28.750   28.280   31.640   28.797   26.527   26.854   24.000    1.638    2.784   11.802   25.493   29.392   28.476   28.050   31.078   28.511
   0.062   1.000   0.333    1.37   0.0000    2   10.005   90.939   34.918   30.842   35.190   32.272   31.600   37.520   31.942   28.962   28.509   24.000    5.066    6.017   18.897   30.067   34.707   31.997   31.380   36.740   31.664
   0.062   1.000   0.333    1.37   0.0000    2   11.013   96.670   39.502   35.659   39.758   35.856   35.189   40.351   35.479   31.058   30.412   24.000    7.103    8.331   23.918   34.511   39.134   35.507   34.890   39.574   35.120
   0.062   1.000   0.333    1.37   0.0000    2   12.019  101.511   43.880   40.325   44.117   38.466   37.606   39.404   41.315   32.135   31.309   24.000    8.144    9.507   26.128   38.845   43.356   38.123   37.343   38.915   40.684
   0.062   1.000   0.333    1.37   0.0000    2   13.014  104.008   46.423   43.446   46.622   39.965   38.925   40.907   41.266   32.657   31.804   24.000    9.043   10.503   27.842   41.739   45.774   39.615   38.670   40.425   40.766
   0.062   1.000   0.333    1.37   0.0000    2   14.022  102.676   44.992   44.001   45.058   40.694   39.980   41.197   41.951   33.067   32.113   24.000   10.951   13.116   33.198   42.646   44.452   40.405   39.758   40.843   41.530
   0.062   1.000   0.333    1.37   0.0000    2   15.003  106.862   48.975   45.917   49.179   41.860   40.846   41.799   45.345   33.596   32.701   24.000    6.478    7.274   22.085   43.936   48.208   41.424   40.507   41.309   44.571
   0.062   1.000   0.333    1.37   0.0000    2   16.013  103.588   46.124   44.885   46.207   41.156   40.199   40.861   46.748   33.749   32.895   24.000    9.113   10.648   28.352   43.002   45.351   40.644   39.778   40.309   45.709
   0.062   1.000   0.333    1.37   0.0000    2   17.015   98.154   41.417   41.649   41.401   39.532   39.086   39.507   43.498   33.100   32.486   24.000    9.949   11.837   29.324   40.326   40.852   39.076   38.670   39.021   42.662
   0.062   1.000   0.333    1.37   0.0000    2   18.004   93.201   37.518   37.670   37.508   37.043   36.571   37.032   41.224   31.972   31.594   24.000    9.749   11.599   28.161   36.306   36.929   36.422   35.994   36.394   40.209
   0.062   1.000   0.333    1.37   0.0000    2   19.020   87.716   33.474   33.886   33.447   34.138   33.818   34.287   35.995   30.307   30.092   24.000    8.716   10.430   24.899   32.846   33.006   33.566   33.274   33.690   35.245
   0.062   1.000   0.333    1.37   0.0000    2   20.001   84.978   31.512   31.361   31.522   32.605   32.234   32.804   33.845   29.851   29.700   24.000    4.931    5.752   15.202   30.533   31.141   32.065   31.728   32.235   33.186
   0.062   1.000   0.333    1.37   0.0000    2   21.018   83.562   30.332   29.652   30.377   31.774   31.409   31.969   32.773   29.483   29.396   24.000    4.813    5.656   15.427   28.949   30.028   31.240   30.909   31.408   32.142
   0.062   1.000   0.333    1.37   0.0000    2   22.021   82.708   29.605   28.358   29.688   31.378   31.002   31.567   32.298   29.355   29.202   24.000    1.422    1.696    8.408   27.765   29.361   30.843   30.502   31.006   31.674
   0.062   1.000   0.333    1.37   0.0000    2   23.023   82.009   28.952   27.387   29.056   31.002   30.645   31.174   31.882   29.463   29.298   24.000    1.105    0.840    7.401   26.897   28.762   30.480   30.156   30.628   31.275
   0.062   1.000   0.333    1.37   0.0000    2   24.026   81.400   28.375   26.650   28.490   30.626   30.285   30.781   31.447   29.360   29.201   24.000    1.186    0.949    7.408   26.222   28.218   30.111   29.801   30.244   30.852
   0.062   1.000   0.333    1.37   0.0000    3    1.027   80.776   27.803   25.998   27.923   30.167   29.833   30.276   30.916   28.814   28.692   24.000    1.636    1.632    8.604   25.599   27.660   29.652   29.349   29.745   30.329
   0.062   1.000   0.333    1.37   0.0000    3    2.014   80.317   27.383   25.583   27.503   29.728   29.406   29.803   30.403   28.353   28.400   24.000    2.551    2.967   10.644   25.206   27.252   29.227   28.935   29.290   29.837
   0.062   1.000   0.333    1.37   0.0000    3    3.002   79.754   26.879   25.080   26.998   29.400   29.096   29.489   30.033   28.088   28.400   24.000    1.225    0.992    7.178   24.749   26.767   28.905   28.630   28.982   29.478
   0.062   1.000   0.333    1.37   0.0000    3    4.040   79.292   26.462   24.682   26.581   29.049   28.759   29.131   29.629   27.819   28.192   24.000    1.240    1.019    7.155   24.375   26.362   28.561   28.299   28.632   29.086
   0.062   1.000   0.333    1.37   0.0000    3    5.016   78.878   26.092   24.334   26.210   28.706   28.428   28.778   29.243   27.511   28.008   24.000    1.246    1.030    7.107   24.042   25.998   28.224   27.973   28.287   28.710
   0.062   1.000   0.333    1.37   0.0000    3    6.043   78.619   25.853   24.161   25.966   28.432   28.165   28.493   28.926   27.182   28.491   24.000    1.239    1.015    6.958   23.925   25.783   27.984   27.743   28.038   28.431
   0.062   1.000   0.333    1.37   0.0000    3    7.018   78.346   25.607   23.966   25.717   28.150   27.894   28.201   28.604   26.881   28.296   24.000    1.229    1.006    6.839   23.738   25.539   27.712   27.480   27.757   28.123
   0.062   1.000   0.333    1.37   0.0000    3    8.045   79.577   26.412   24.484   26.540   28.611   28.346   28.810   29.007   26.794   28.095   24.000    1.155    0.794    5.375   24.225   26.342   28.184   27.944   28.361   28.542
   0.062   1.000   0.333    1.37   0.0000    3    9.021   85.474   30.642   27.577   30.846   31.406   30.874   34.196   31.443   28.309   28.023   24.000    1.597    2.615   11.702   27.080   30.515   30.972   30.489   33.488   30.998
   0.062   1.000   0.333    1.37   0.0000    3   10.004   92.027   35.785   32.183   36.025   34.566   33.824   39.702   34.189   29.611   29.105   24.000    5.112    6.023   18.992   31.322   35.527   34.134   33.452   38.782   33.758
   0.062   1.000   0.333    1.37   0.0000    3   11.002   97.286   39.980   36.540   40.209   37.714   36.980   42.094   37.310   31.283   30.602   24.000    7.115    8.321   23.948   35.325   39.574   37.218   36.539   41.186   36.808
   0.062   1.000   0.333    1.37   0.0000    3   12.013  101.905   44.167   40.893   44.385   40.068   39.105   40.878   42.851   32.248   31.405   24.000    8.152    9.503   26.154   39.370   43.618   39.591   38.714   40.268   42.095
   0.062   1.000   0.333    1.37   0.0000    3   13.015  104.205   46.542   43.814   46.724   41.369   40.193   42.141   42.586   32.670   31.804   24.000    9.052   10.506   27.870   42.075   45.874   40.892   39.818   41.546   41.971
   0.062   1.000   0.333    1.37   0.0000    3   14.010  102.776   45.032   44.241   45.085   41.851   41.033   42.248   43.046   33.065   32.106   24.000   11.010   13.194   33.346   42.865   44.479   41.454   40.703   41.795   42.525
   0.062   1.000   0.333    1.37   0.0000    3   15.004  106.972   49.020   46.139   49.212   43.058   41.915   42.850   46.444   33.609   32.701   24.000    6.488    7.276   22.124   44.140   48.242   42.514   41.471   42.257   45.574
   0.062   1.000   0.333    1.37   0.0000    3   16.007  103.751   46.219   45.080   46.295   42.219   41.156   41.805   47.737   33.763   32.897   24.000    9.112   10.642   28.359   43.181   45.438   41.614   40.647   41.168   46.615
   0.062   1.000   0.333    1.37   0.0000    3   17.021   98.235   41.445   41.759   41.424   40.420   39.938   40.324   44.347   33.104   32.481   24.000    9.949   11.834   29.329   40.426   40.875   39.882   39.442   39.762   43.436
   0.062   1.000   0.333    1.37   0.0000    3   18.014   93.228   37.505   37.738   37.489   37.834   37.332   37.763   41.961   31.979   31.586   24.000    9.741   11.588   28.143   36.369   36.913   37.140   36.683   37.057   40.880
   0.062   1.000   0.333    1.37   0.0000    3   19.003   88.097   33.749   34.173   33.721   35.063   34.726   35.172   36.911   30.816   30.599   24.000    8.778   10.533   25.017   33.140   33.285   34.436   34.128   34.523   36.107
   0.062   1.000   0.333    1.37   0.0000    3   20.003   85.378   31.804   31.694   31.811   33.548   33.152   33.715   34.774   30.355   30.199   24.000    4.918    5.757   15.280   30.869   31.435   32.951   32.591   33.092   34.059
   0.062   1.000   0.333    1.37   0.0000    3   21.004   83.972   30.636   30.016   30.677   32.687   32.300   32.855   33.661   29.989   29.897   24.000    4.946    5.743   15.583   29.312   30.331   32.098   31.747   32.243   32.980
   0.062   1.000   0.333    1.37   0.0000    3   22.021   82.935   29.762   28.626   29.838   32.195   31.796   32.359   33.081   29.383   29.198   24.000    1.406    1.767    8.481   28.007   29.506   31.591   31.228   31.732   32.393
   0.062   1.000   0.333    1.37   0.0000    3   23.009   82.130   29.030   27.574   29.127   31.732   31.358   31.882   32.584   29.286   29.099   24.000    1.053    0.787    7.485   27.053   28.825   31.138   30.799   31.267   31.909
   0.062   1.000   0.333    1.37   0.0000    3   24.022   81.474   28.416   26.801   28.524   31.298   30.944   31.433   32.094   29.177   29.001   24.000    1.145    0.902    7.534   26.346   28.245   30.715   30.393   30.831   31.434
   0.062   1.000   0.333    1.37   0.0000    4    1.014   80.646   27.671   25.917   27.788   30.742   30.406   30.863   31.478   28.964   28.794   24.000    1.222    1.003    7.639   25.438   27.494   30.126   29.820   30.229   30.791
   0.062   1.000   0.333    1.37   0.0000    4    2.028   80.332   27.367   25.622   27.483   30.302   29.966   30.363   30.964   28.417   28.397   24.000    2.495    2.856   10.583   25.242   27.233   29.747   29.442   29.798   30.346
   0.062   1.000   0.333    1.37   0.0000    4    3.042   79.675   26.782   25.022   26.899   29.888   29.578   29.968   30.508   28.248   28.292   24.000    1.245    1.036    7.441   24.632   26.645   29.313   29.032   29.381   29.874
   0.062   1.000   0.333    1.37   0.0000    4    4.010   79.223   26.373   24.627   26.490   29.513   29.220   29.588   30.089   28.064   28.098   24.000    1.267    1.072    7.430   24.263   26.248   28.949   28.683   29.014   29.470
   0.062   1.000   0.333    1.37   0.0000    4    5.024   78.899   26.075   24.363   26.189   29.186   28.907   29.253   29.718   27.785   27.912   24.000    1.264    1.070    7.311   24.062   25.977   28.657   28.404   28.714   29.138
   0.062   1.000   0.333    1.37   0.0000    4    6.037   78.807   25.989   24.326   26.099   28.835   28.559   28.858   29.314   27.415   28.396   24.000    2.498    2.832   10.389   24.068   25.908   28.353   28.103   28.372   28.786
   0.062   1.000   0.333    1.37   0.0000    4    7.001   78.317   25.563   23.959   25.670   28.501   28.244   28.540   28.950   27.108   28.300   24.000    1.251    1.052    7.075   23.673   25.469   28.001   27.767   28.034   28.406
   0.062   1.000   0.333    1.37   0.0000    4    8.019   79.320   26.205   24.354   26.329   28.868   28.611   28.970   29.266   27.046   28.094   24.000    1.197    0.912    4.284   24.026   26.104   28.368   28.134   28.457   28.727
   0.062   1.000   0.333    1.37   0.0000    4    9.004   85.082   30.300   27.187   30.508   31.560   31.063   34.273   31.582   28.136   27.802   24.000    1.591    2.538   11.267   26.614   30.142   31.042   30.588   33.490   31.054
   0.062   1.000   0.333    1.37   0.0000    4   10.014   92.206   35.904   31.847   36.175   34.904   34.103   40.133   34.415   28.927   28.312   24.000    3.775    4.559   16.221   30.863   35.606   34.373   33.636   39.111   33.892
   0.062   1.000   0.333    1.37   0.0000    4   11.007   97.807   40.409   36.266   40.686   38.008   37.287   42.667   37.488   29.974   29.209   24.000    5.377    6.213   20.301   34.941   39.976   37.443   36.772   41.666   36.921
   0.062   1.000   0.333    1.37   0.0000    4   12.015  104.534   46.470   41.380   46.809   40.978   40.087   42.101   43.784   31.403   30.515   24.000    4.716    5.355   18.650   39.621   45.870   40.443   39.626   41.388   42.963
   0.062   1.000   0.333    1.37   0.0000    4   13.015  106.195   48.330   44.328   48.597   42.154   40.999   43.224   43.205   32.429   31.515   24.000    7.252    8.246   24.005   42.378   47.606   41.614   40.552   42.530   42.534
   0.062   1.000   0.333    1.37   0.0000    4   14.002  107.151   48.916   45.193   49.165   43.529   42.446   44.072   44.149   33.422   32.501   24.000    5.675    6.351   20.545   43.031   48.100   42.820   41.823   43.281   43.367
   0.062   1.000   0.333    1.37   0.0000    4   15.004  104.957   47.303   45.023   47.455   42.826   41.461   42.471   45.836   33.689   32.898   24.000    9.828   11.409   29.314   42.800   46.412   42.052   40.807   41.674   44.774
   0.062   1.000   0.333    1.37   0.0000    4   16.012  102.177   44.898   43.823   44.970   41.763   40.605   41.346   47.076   33.223   32.295   24.000   10.113   12.043   30.910   41.903   44.105   41.068   40.015   40.627   45.884
   0.062   1.000   0.333    1.37   0.0000    4   17.008   98.143   41.371   41.267   41.378   40.656   39.715   40.433   44.298   32.467   31.889   24.000    8.928   10.390   26.985   39.910   40.801   40.058   39.205   39.823   43.355
   0.062   1.000   0.333    1.37   0.0000    4   18.002   91.642   36.133   36.602   36.102   37.503   36.436   37.067   41.196   30.763   30.399   24.000   12.702   15.430   34.434   35.333   35.580   36.770   35.804   36.363   40.117
   0.062   1.000   0.333    1.37   0.0000    4   19.010   87.005   32.826   33.129   32.806   34.742   34.055   34.689   36.320   29.914   29.697   24.000    8.761   10.512   24.948   32.035   32.338   34.022   33.398   33.965   35.450
   0.062   1.000   0.333    1.37   0.0000    4   20.016   84.840   31.293   31.264   31.295   33.392   32.859   33.510   34.443   29.557   29.398   24.000    5.936    7.065   17.521   30.645   31.015   32.868   32.384   32.966   33.816
   0.062   1.000   0.333    1.37   0.0000    4   21.016   83.112   29.908   29.002   29.969   32.401   31.880   32.555   33.235   29.425   29.292   24.000    3.638    4.258   13.022   28.259   29.593   31.741   31.267   31.872   32.494
   0.062   1.000   0.333    1.37   0.0000    4   22.002   82.285   29.177   27.948   29.259   31.920   31.407   32.076   32.635   28.943   28.800   24.000    2.508    2.933   10.704   27.273   28.899   31.257   30.791   31.391   31.903
   0.062   1.000   0.333    1.37   0.0000    4   23.010   81.541   28.497   26.988   28.598   31.401   30.913   31.547   32.036   28.785   28.699   24.000    2.517    3.079   10.774   26.440   28.282   30.773   30.330   30.901   31.347
   0.062   1.000   0.333    1.37   0.0000    4   24.007   80.984   27.974   26.279   28.087   31.082   30.636   31.218   31.730   28.780   28.602   24.000    1.160    0.911    7.513   25.846   27.815   30.486   30.081   30.603   31.071
   0.062   1.000   0.333    1.37   0.0000    5    1.020   80.440   27.469   25.703   27.587   30.627   30.197   30.712   31.233   28.440   28.296   24.000    1.623    1.619    8.676   25.307   27.328   30.042   29.651   30.114   30.589
   0.062   1.000   0.333    1.37   0.0000    5    2.010   80.043   27.104   25.351   27.221   30.161   29.749   30.211   30.714   28.097   28.098   24.000    2.556    2.971   10.704   24.978   26.973   29.597   29.223   29.638   30.097
   0.062   1.000   0.333    1.37   0.0000    5    3.015   79.499   26.615   24.872   26.731   29.816   29.436   29.893   30.337   27.979   27.898   24.000    1.230    1.019    7.351   24.529   26.498   29.255   28.911   29.321   29.726
   0.062   1.000   0.333    1.37   0.0000    5    4.020   79.095   26.248   24.530   26.362   29.462   29.106   29.538   29.947   27.860   27.796   24.000    1.254    1.060    7.349   24.213   26.142   28.915   28.591   28.980   29.353
   0.062   1.000   0.333    1.37   0.0000    5    5.025   78.715   25.908   24.219   26.020   29.100   28.763   29.169   29.548   27.648   27.610   24.000    1.265    1.080    7.307   23.912   25.807   28.561   28.256   28.621   28.967
   0.062   1.000   0.333    1.37   0.0000    5    6.013   78.474   25.686   24.060   25.794   28.805   28.486   28.867   29.220   27.402   27.999   24.000    1.264    1.078    7.183   23.802   25.605   28.300   28.011   28.354   28.675
   0.062   1.000   0.333    1.37   0.0000    5    7.035   78.255   25.485   23.913   25.590   28.521   28.218   28.575   28.904   27.140   27.893   24.000    1.254    1.069    7.044   23.664   25.408   28.031   27.756   28.078   28.377
   0.062   1.000   0.333    1.37   0.0000    5    8.001   79.190   26.093   24.313   26.212   28.832   28.537   28.872   29.177   27.102   27.700   24.000    1.203    0.951    4.751   24.042   26.015   28.354   28.087   28.389   28.667
   0.062   1.000   0.333    1.37   0.0000    5    9.018   85.361   30.519   27.554   30.717   31.745   31.133   34.479   31.683   28.122   27.822   24.000    1.584    2.597   11.735   27.046   30.386   31.268   30.710   33.734   31.204
   0.062   1.000   0.333    1.37   0.0000    5   10.017   92.075   35.795   32.297   36.029   34.985   34.119   40.029   34.465   29.542   29.025   24.000    5.152    6.058   19.100   31.420   35.529   34.511   33.716   39.077   34.006
   0.062   1.000   0.333    1.37   0.0000    5   11.006   97.291   39.967   36.643   40.189   38.066   37.207   42.365   37.526   31.184   30.506   24.000    7.126    8.327   23.978   35.413   39.553   37.533   36.739   41.429   36.999
   0.062   1.000   0.333    1.37   0.0000    5   12.016  101.986   44.224   41.074   44.434   40.478   39.351   41.173   43.061   32.257   31.406   24.000    8.159    9.506   26.171   39.535   43.666   39.964   38.940   40.539   42.288
   0.062   1.000   0.333    1.37   0.0000    5   13.006  104.294   46.610   44.003   46.784   41.781   40.384   42.409   42.758   32.670   31.802   24.000    9.040   10.485   27.842   42.248   45.933   41.268   39.985   41.792   42.130
   0.062   1.000   0.333    1.37   0.0000    5   14.013  102.840   45.080   44.414   45.124   42.185   41.219   42.482   43.205   33.066   32.108   24.000   11.001   13.179   33.321   43.023   44.517   41.759   40.872   42.008   42.671
   0.062   1.000   0.333    1.37   0.0000    5   15.001  107.042   49.071   46.329   49.253   43.458   42.104   43.089   46.591   33.613   32.700   24.000    6.489    7.268   22.122   44.314   48.282   42.878   41.642   42.477   45.710
   0.062   1.000   0.333    1.37   0.0000    5   16.009  103.791   46.243   45.245   46.310   42.580   41.325   42.010   47.875   33.766   32.897   24.000    9.117   10.644   28.368   43.333   45.452   41.941   40.800   41.356   46.742
   0.062   1.000   0.333    1.37   0.0000    5   17.000   98.368   41.545   41.992   41.515   40.742   40.146   40.556   44.531   33.132   32.500   24.000    9.957   11.842   29.360   40.639   40.964   40.180   39.636   39.978   43.609
   0.062   1.000   0.333    1.37   0.0000    5   18.006   93.346   37.596   37.960   37.572   38.121   37.515   37.971   42.145   31.995   31.594   24.000    9.750   11.594   28.172   36.572   36.992   37.405   36.852   37.250   41.052
   0.062   1.000   0.333    1.37   0.0000    5   19.011   88.155   33.799   34.362   33.761   35.274   34.870   35.344   37.033   30.817   30.596   24.000    8.749   10.490   24.954   33.312   33.324   34.629   34.260   34.681   36.220
   0.062   1.000   0.333    1.37   0.0000    5   20.008   85.421   31.838   31.872   31.836   33.742   33.290   33.881   34.878   30.357   30.198   24.000    4.929    5.756   15.286   31.030   31.459   33.128   32.717   33.244   34.155
   0.062   1.000   0.333    1.37   0.0000    5   21.006   84.013   30.667   30.186   30.699   32.870   32.433   33.017   33.769   29.995   29.896   24.000    4.846    5.732   15.572   29.466   30.352   32.266   31.868   32.391   33.078
   0.062   1.000   0.333    1.37   0.0000    5   22.024   82.967   29.783   28.791   29.850   32.371   31.924   32.516   33.184   29.385   29.195   24.000    1.385    1.769    8.488   28.156   29.517   31.752   31.345   31.875   32.486
   0.062   1.000   0.333    1.37   0.0000    5   23.018   82.131   29.027   27.710   29.114   31.882   31.466   32.015   32.666   29.197   29.000   24.000    1.018    0.779    7.480   27.170   28.810   31.271   30.893   31.384   31.980
   0.062   1.000   0.333    1.37   0.0000    5   24.012   81.482   28.416   26.928   28.515   31.447   31.054   31.568   32.180   29.178   29.000   24.000    1.128    0.903    7.555   26.461   28.236   30.850   30.493   30.953   31.512
   0.062   1.000   0.333    1.37   0.0000    6    1.022   80.855   27.838   26.260   27.943   30.939   30.553   31.009   31.611   28.747   28.596   24.000    1.605    1.620    8.705   25.830   27.678   30.350   30.000   30.409   30.958
   0.062   1.000   0.333    1.37   0.0000    6    2.030   80.402   27.420   25.826   27.526   30.443   30.071   30.480   31.051   28.401   28.394   24.000    2.522    2.945   10.687   25.426   27.274   29.877   29.539   29.906   30.427
   0.062   1.000   0.333    1.37   0.0000    6    3.024   79.822   26.896   25.291   27.003   30.077   29.737   30.141   30.648   28.304   28.198   24.000    1.220    1.028    7.395   24.926   26.767   29.514   29.205   29.568   30.031
   0.062   1.000   0.333    1.37   0.0000    6    4.019   79.395   26.505   24.904   26.612   29.713   29.393   29.776   30.244   28.194   28.096   24.000    1.250    1.073    7.393   24.570   26.390   29.163   28.872   29.217   29.643
   0.062   1.000   0.333    1.37   0.0000    6    5.013   79.001   26.152   24.561   26.258   29.346   29.043   29.404   29.838   27.983   27.906   24.000    1.264    1.094    7.352   24.240   26.043   28.805   28.530   28.854   29.250
   0.062   1.000   0.333    1.37   0.0000    6    6.024   78.762   25.929   24.395   26.031   29.052   28.765   29.103   29.507   27.733   28.395   24.000    1.264    1.091    7.219   24.131   25.844   28.548   28.287   28.591   28.959
   0.062   1.000   0.333    1.37   0.0000    6    7.047   78.532   25.717   24.224   25.816   28.760   28.487   28.803   29.179   27.469   28.191   24.000    1.255    1.084    7.076   23.964   25.633   28.267   28.021   28.305   28.647
   0.062   1.000   0.333    1.37   0.0000    6    8.017   79.537   26.370   24.645   26.485   29.102   28.829   29.183   29.475   27.433   28.000   24.000    1.202    0.961    4.519   24.362   26.286   28.622   28.375   28.694   28.960
   0.062   1.000   0.333    1.37   0.0000    6    9.002   85.461   30.610   27.716   30.803   31.912   31.312   34.569   31.868   28.314   28.002   24.000    1.534    2.538   11.601   27.205   30.474   31.428   30.882   33.826   31.382
   0.062   1.000   0.333    1.37   0.0000    6   10.012   92.179   35.885   32.436   36.115   35.167   34.277   40.144   34.628   29.636   29.118   24.000    5.145    6.046   19.075   31.552   35.615   34.683   33.865   39.189   34.161
   0.062   1.000   0.333    1.37   0.0000    6   11.003   97.388   40.048   36.746   40.268   38.239   37.355   42.467   37.677   31.279   30.602   24.000    7.123    8.323   23.969   35.512   39.632   37.697   36.881   41.528   37.144
   0.062   1.000   0.333    1.37   0.0000    6   12.012  102.010   44.240   41.108   44.448   40.631   39.448   41.240   43.160   32.256   31.405   24.000    8.157    9.502   26.168   39.566   43.680   40.104   39.027   40.600   42.379
   0.062   1.000   0.333    1.37   0.0000    6   13.001  104.322   46.631   44.011   46.805   41.932   40.468   42.461   42.822   32.672   31.800   24.000    9.031   10.472   27.823   42.255   45.953   41.407   40.062   41.840   42.190
   0.062   1.000   0.333    1.37   0.0000    6   14.001  102.765   45.006   44.322   45.052   42.263   41.256   42.488   43.185   33.067   32.101   24.000   11.059   13.260   33.469   42.940   44.447   41.826   40.902   42.011   42.650
   0.062   1.000   0.333    1.37   0.0000    6   15.006  106.992   49.015   46.207   49.203   43.564   42.138   43.107   46.615   33.615   32.701   24.000    6.496    7.281   22.150   44.202   48.233   42.972   41.670   42.491   45.729
   0.062   1.000   0.333    1.37   0.0000    6   16.004  103.790   46.231   45.139   46.304   42.693   41.365   42.039   47.906   33.767   32.898   24.000    9.110   10.638   28.362   43.235   45.447   42.045   40.837   41.382   46.769
   0.062   1.000   0.333    1.37   0.0000    6   17.002   98.326   41.499   41.856   41.476   40.803   40.169   40.569   44.536   33.127   32.498   24.000    9.954   11.842   29.359   40.516   40.926   40.233   39.655   39.988   43.612
   0.062   1.000   0.333    1.37   0.0000    6   18.004   93.312   37.556   37.825   37.538   38.178   37.539   37.985   42.160   31.984   31.596   24.000    9.751   11.599   28.179   36.448   36.960   37.455   36.873   37.262   41.064
   0.062   1.000   0.333    1.37   0.0000    6   19.014   88.131   33.770   34.247   33.739   35.313   34.893   35.358   37.047   30.813   30.594   24.000    8.734   10.473   24.925   33.208   33.302   34.663   34.280   34.693   36.232
   0.062   1.000   0.333    1.37   0.0000    6   20.008   85.401   31.815   31.765   31.818   33.779   33.315   33.898   34.899   30.355   30.198   24.000    4.922    5.757   15.284   30.932   31.442   33.161   32.739   33.259   34.174
   0.062   1.000   0.333    1.37   0.0000    6   21.025   83.989   30.641   30.078   30.679   32.902   32.454   33.030   33.788   29.984   29.883   24.000    4.817    5.657   15.437   29.367   30.333   32.294   31.886   32.402   33.094
   0.062   1.000   0.333    1.37   0.0000    6   22.004   82.947   29.760   28.681   29.832   32.402   31.946   32.530   33.201   29.390   29.199   24.000    1.419    1.774    8.532   28.056   29.501   31.779   31.364   31.887   32.502
   0.062   1.000   0.333    1.37   0.0000    6   23.003   82.141   29.033   27.647   29.125   31.930   31.504   32.047   32.705   29.199   29.000   24.000    1.029    0.779    7.481   27.112   28.820   31.315   30.928   31.414   32.016
   0.062   1.000   0.333    1.37   0.0000    6   24.002   81.520   28.450   26.920   28.552   31.510   31.107   31.615   32.236   29.179   29.000   24.000    1.130    0.895    7.557   26.453   28.272   30.908   30.542   30.997   31.565
   0.062   1.000   0.333    1.37   0.0000    7    1.031   80.879   27.858   26.260   27.965   31.035   30.655   31.129   31.706   28.870   28.691   24.000    1.174    0.956    7.526   25.836   27.701   30.442   30.096   30.521   31.049
   0.062   1.000   0.333    1.37   0.0000    7    2.030   80.514   27.518   25.962   27.622   30.464   30.097   30.545   31.002   28.378   28.397   24.000    3.507    4.267   12.781   25.549   27.366   29.899   29.566   29.969   30.386
   0.062   1.000   0.333    1.37   0.0000    7    3.046   79.948   27.008   25.452   27.112   30.115   29.761   30.188   30.621   28.242   28.305   24.000    1.574    1.558    8.451   25.080   26.874   29.556   29.235   29.619   30.014
   0.062   1.000   0.333    1.37   0.0000    7    4.013   79.512   26.610   25.083   26.712   29.782   29.454   29.847   30.283   28.168   28.396   24.000    1.232    1.053    7.342   24.751   26.494   29.239   28.942   29.295   29.693
   0.062   1.000   0.333    1.37   0.0000    7    5.028   79.236   26.356   24.857   26.456   29.440   29.123   29.497   29.878   27.968   28.111   24.000    1.635    1.633    8.475   24.550   26.251   28.919   28.632   28.969   29.315
   0.062   1.000   0.333    1.37   0.0000    7    6.043   78.966   26.113   24.675   26.209   29.115   28.812   29.165   29.508   27.653   28.491   24.000    1.639    1.650    8.394   24.397   26.020   28.620   28.344   28.663   28.974
   0.062   1.000   0.333    1.37   0.0000    7    7.029   78.718   25.892   24.497   25.985   28.796   28.504   28.839   29.146   27.341   28.294   24.000    1.747    1.819    8.578   24.225   25.801   28.315   28.051   28.352   28.631
   0.062   1.000   0.333    1.37   0.0000    7    8.035   80.310   27.075   25.516   27.179   29.164   28.910   29.294   29.452   28.056   28.107   24.000    5.874    7.442   17.259   25.174   26.960   28.721   28.492   28.837   28.982
   0.062   1.000   0.333    1.37   0.0000    7    9.017   85.208   30.479   28.164   30.633   31.683   31.108   34.212   31.590   28.542   28.313   24.000    4.982    5.743   17.471   27.543   30.280   31.177   30.653   33.459   31.087
   0.062   1.000   0.333    1.37   0.0000    7   10.023   92.586   36.238   32.679   36.476   35.299   34.353   40.290   34.646   29.724   29.121   24.000    4.101    4.879   16.816   31.684   35.923   34.777   33.908   39.297   34.149
   0.062   1.000   0.333    1.37   0.0000    7   11.005   98.924   41.340   37.033   41.628   38.786   37.797   43.246   37.942   30.792   30.005   24.000    4.413    5.113   17.870   35.605   40.869   38.179   37.264   42.222   37.361
   0.062   1.000   0.333    1.37   0.0000    7   12.003  105.091   46.937   41.925   47.271   41.559   40.427   42.448   44.079   31.906   31.002   24.000    4.699    5.335   18.609   40.150   46.328   41.008   39.970   41.742   43.268
   0.062   1.000   0.333    1.37   0.0000    7   13.006  107.093   49.129   44.795   49.418   42.774   41.347   43.628   43.464   32.595   31.603   24.000    6.505    7.370   22.401   42.737   48.368   42.183   40.863   42.900   42.775
   0.062   1.000   0.333    1.37   0.0000    7   14.004  105.768   47.693   44.951   47.875   43.341   42.195   43.654   43.799   33.196   32.102   24.000    7.444    8.588   24.753   42.975   46.929   42.669   41.613   42.924   43.069
   0.062   1.000   0.333    1.37   0.0000    7   15.002  108.611   50.512   46.815   50.759   44.359   42.752   43.883   47.121   33.677   32.600   24.000    5.802    6.511   20.682   44.581   49.655   43.679   42.210   43.174   46.173
   0.062   1.000   0.333    1.37   0.0000    7   16.007  107.470   49.508   46.608   49.701   44.321   42.672   43.537   49.308   33.764   32.799   24.000    5.739    6.384   20.362   44.633   48.739   43.716   42.215   42.914   48.232
   0.062   1.000   0.333    1.37   0.0000    7   17.000  102.865   45.509   43.739   45.627   42.931   41.802   42.585   46.463   33.545   32.700   24.000    4.724    5.190   17.375   42.001   44.812   42.247   41.219   41.877   45.445
   0.062   1.000   0.333    1.37   0.0000    7   18.004   98.103   41.752   40.567   41.831   40.658   39.694   40.479   44.666   33.099   32.495   24.000    4.467    4.893   16.492   39.011   41.111   39.944   39.065   39.744   43.574
   0.062   1.000   0.333    1.37   0.0000    7   19.016   89.818   35.284   35.483   35.271   36.415   35.906   36.457   38.110   31.543   31.293   24.000    9.627   11.534   26.943   34.378   34.791   35.758   35.293   35.779   37.290
   0.062   1.000   0.333    1.37   0.0000    7   20.009   87.242   33.430   33.335   33.437   35.022   34.463   35.141   36.068   31.084   30.898   24.000    4.924    5.634   14.752   32.656   33.125   34.511   34.003   34.605   35.455
   0.062   1.000   0.333    1.37   0.0000    7   21.004   85.212   31.789   30.819   31.854   33.930   33.361   34.063   34.760   30.878   30.697   24.000    2.563    3.023   10.718   30.035   31.455   33.278   32.760   33.386   34.027
   0.062   1.000   0.333    1.37   0.0000    7   22.005   84.368   31.039   29.778   31.124   33.486   32.955   33.615   34.272   30.260   29.998   24.000    0.841    1.583    7.397   29.111   30.764   32.851   32.368   32.957   33.561
   0.062   1.000   0.333    1.37   0.0000    7   23.007   83.260   30.047   28.453   30.153   32.826   32.328   32.944   33.550   29.824   29.599   24.000    0.999    1.188    7.520   27.890   29.825   32.199   31.746   32.295   32.852
   0.062   1.000   0.333    1.37   0.0000    7   24.019   82.491   29.327   27.591   29.442   32.325   31.855   32.430   32.992   29.694   29.501   24.000    1.109    0.810    7.587   27.102   29.142   31.709   31.281   31.795   32.311
   0.062   1.000   0.333    1.37   0.0000    8    1.013   81.737   28.630   26.843   28.749   31.760   31.301   31.813   32.369   29.259   29.096   24.000    1.591    1.596    8.736   26.390   28.463   31.148   30.731   31.188   31.698
   0.062   1.000   0.333    1.37   0.0000    8    2.040   81.155   28.096   26.344   28.213   31.203   30.804   31.220   31.753   28.851   28.796   24.000    2.508    2.957   10.242   25.920   27.943   30.609   30.247   30.619   31.107
   0.062   1.000   0.333    1.37   0.0000    8    3.038   80.537   27.527   25.776   27.644   30.812   30.408   30.860   31.327   28.849   28.692   24.000    1.226    1.011    7.500   25.397   27.395   30.225   29.859   30.264   30.691
   0.062   1.000   0.333    1.37   0.0000    8    4.036   80.026   27.061   25.332   27.176   30.398   30.019   30.447   30.875   28.653   28.489   24.000    1.253    1.058    7.490   24.982   26.941   29.822   29.479   29.862   30.253
   0.062   1.000   0.333    1.37   0.0000    8    5.034   79.545   26.629   24.927   26.742   29.977   29.620   30.021   30.417   28.357   28.230   24.000    1.264    1.078    7.443   24.592   26.515   29.409   29.086   29.445   29.807
   0.062   1.000   0.333    1.37   0.0000    8    6.028   79.315   26.404   24.785   26.512   29.681   29.344   29.719   30.087   28.192   29.094   24.000    1.273    1.088    7.303   24.529   26.325   29.162   28.857   29.194   29.529
   0.062   1.000   0.333    1.37   0.0000    8    7.043   79.075   26.179   24.621   26.283   29.378   29.058   29.410   29.752   27.987   28.891   24.000    1.269    1.092    7.170   24.370   26.100   28.872   28.582   28.898   29.210
   0.062   1.000   0.333    1.37   0.0000    8    8.002   79.981   26.760   25.009   26.877   29.670   29.359   29.696   30.006   27.985   28.699   24.000    1.225    0.992    5.240   24.736   26.681   29.177   28.895   29.198   29.481
   0.062   1.000   0.333    1.37   0.0000    8    9.001   85.916   30.998   28.066   31.193   32.509   31.827   35.101   32.385   28.728   28.401   24.000    1.536    2.528   11.586   27.546   30.859   32.000   31.380   34.339   31.881
   0.062   1.000   0.333    1.37   0.0000    8   10.014   92.484   36.145   32.688   36.375   35.709   34.698   40.564   35.046   29.752   29.220   24.000    5.161    6.059   19.117   31.787   35.867   35.190   34.263   39.586   34.555
   0.062   1.000   0.333    1.37   0.0000    8   11.017   97.626   40.253   36.961   40.472   38.719   37.708   42.830   38.032   31.306   30.613   24.000    7.143    8.341   24.020   35.709   39.829   38.142   37.211   41.868   37.475
   0.062   1.000   0.333    1.37   0.0000    8   12.002  102.145   44.350   41.235   44.557   41.083   39.738   41.547   43.434   32.259   31.401   24.000    8.152    9.494   26.165   39.682   43.784   40.519   39.294   40.884   42.632
   0.062   1.000   0.333    1.37   0.0000    8   13.012  104.389   46.680   44.087   46.853   42.369   40.713   42.712   43.010   32.678   31.804   24.000    9.053   10.499   27.876   42.325   45.999   41.805   40.287   42.070   42.363
   0.062   1.000   0.333    1.37   0.0000    8   14.008  102.904   45.127   44.467   45.171   42.646   41.493   42.746   43.391   33.070   32.105   24.000   11.024   13.209   33.380   43.071   44.562   42.178   41.123   42.249   42.841
   0.062   1.000   0.333    1.37   0.0000    8   15.001  107.124   49.127   46.369   49.311   44.011   42.383   43.363   46.793   33.618   32.700   24.000    6.493    7.272   22.143   44.351   48.338   43.383   41.898   42.728   45.897
   0.062   1.000   0.333    1.37   0.0000    8   16.006  103.873   46.299   45.281   46.367   43.091   41.566   42.255   48.072   33.772   32.898   24.000    9.115   10.641   28.372   43.365   45.507   42.408   41.021   41.581   46.924
   0.062   1.000   0.333    1.37   0.0000    8   17.015   98.351   41.523   41.952   41.495   41.082   40.328   40.735   44.682   33.118   32.486   24.000    9.953   11.835   29.346   40.602   40.944   40.486   39.799   40.138   43.744
   0.062   1.000   0.333    1.37   0.0000    8   18.002   93.376   37.605   37.947   37.582   38.458   37.712   38.161   42.325   32.001   31.597   24.000    9.754   11.600   28.187   36.560   37.003   37.711   37.032   37.423   41.216
   0.062   1.000   0.333    1.37   0.0000    8   19.012   87.880   33.553   34.147   33.514   35.377   34.893   35.355   37.044   30.333   30.095   24.000    8.747   10.465   24.996   33.084   33.072   34.694   34.253   34.663   36.203
   0.062   1.000   0.333    1.37   0.0000    8   20.002   85.122   31.577   31.619   31.574   33.820   33.291   33.882   34.873   29.873   29.699   24.000    4.948    5.752   15.203   30.767   31.193   33.170   32.689   33.216   34.122
   0.062   1.000   0.333    1.37   0.0000    8   21.015   83.692   30.388   29.905   30.420   32.918   32.407   32.995   33.742   29.509   29.397   24.000    4.799    5.668   15.478   29.178   30.071   32.280   31.816   32.341   33.025
   0.062   1.000   0.333    1.37   0.0000    8   22.004   82.837   29.658   28.631   29.727   32.516   32.002   32.594   33.261   29.380   29.200   24.000    1.418    1.729    8.590   28.012   29.400   31.878   31.411   31.940   32.551
   0.062   1.000   0.333    1.37   0.0000    8   23.019   82.094   28.977   27.648   29.066   32.069   31.590   32.139   32.793   29.293   29.098   24.000    1.043    0.801    7.549   27.119   28.767   31.442   31.007   31.498   32.097
   0.062   1.000   0.333    1.37   0.0000    8   24.006   81.463   28.386   26.906   28.485   31.629   31.178   31.691   32.307   29.185   29.002   24.000    1.132    0.912    7.588   26.441   28.208   31.014   30.604   31.063   31.626
   0.062   1.000   0.333    1.37   0.0000    9    1.015   80.853   27.826   26.275   27.929   31.115   30.675   31.130   31.737   28.752   28.597   24.000    1.598    1.612    8.716   25.843   27.665   30.510   30.110   30.518   31.072
   0.062   1.000   0.333    1.37   0.0000    9    2.016   80.418   27.426   25.874   27.530   30.614   30.191   30.599   31.178   28.412   28.397   24.000    2.540    2.962   10.733   25.469   27.278   30.032   29.648   30.014   30.542
   0.062   1.000   0.333    1.37   0.0000    9    3.003   79.856   26.919   25.368   27.022   30.254   29.866   30.271   30.785   28.331   28.200   24.000    1.214    1.029    7.431   24.997   26.786   29.675   29.323   29.687   30.156
   0.062   1.000   0.333    1.37   0.0000    9    4.032   79.432   26.532   24.996   26.634   29.882   29.519   29.903   30.370   28.230   28.090   24.000    1.243    1.075    7.432   24.653   26.412   29.317   28.987   29.333   29.759
   0.062   1.000   0.333    1.37   0.0000    9    5.020   79.010   26.157   24.635   26.258   29.491   29.147   29.509   29.944   27.952   27.794   24.000    1.252    1.090    7.386   24.300   26.040   28.932   28.621   28.946   29.343
   0.062   1.000   0.333    1.37   0.0000    9    6.036   78.634   25.824   24.323   25.924   29.114   28.789   29.128   29.533   27.640   27.493   24.000    1.253    1.094    7.313   24.006   25.716   28.570   28.276   28.580   28.949
   0.062   1.000   0.333    1.37   0.0000    9    7.052   78.355   25.569   24.075   25.668   28.785   28.478   28.795   29.171   27.370   27.305   24.000    1.251    1.092    7.186   23.772   25.466   28.255   27.977   28.262   28.605
   0.062   1.000   0.333    1.37   0.0000    9    8.015   79.350   26.213   24.474   26.328   29.115   28.809   29.161   29.456   27.334   27.409   24.000    1.204    0.972    4.888   24.170   26.120   28.608   28.331   28.647   28.917
   0.062   1.000   0.333    1.37   0.0000    9    9.003   85.382   30.531   27.633   30.724   32.028   31.336   34.586   31.891   28.291   28.003   24.000    1.540    2.529   11.613   27.129   30.399   31.530   30.900   33.837   31.399
   0.062   1.000   0.333    1.37   0.0000    9   10.005   92.115   35.820   32.365   36.050   35.340   34.292   40.143   34.641   29.624   29.108   24.000    5.128    6.028   19.046   31.487   35.552   34.836   33.877   39.185   34.169
   0.062   1.000   0.333    1.37   0.0000    9   11.009   97.329   39.986   36.697   40.206   38.408   37.363   42.447   37.681   31.194   30.508   24.000    7.130    8.331   23.992   35.462   39.570   37.844   36.882   41.504   37.140
   0.062   1.000   0.333    1.37   0.0000    9   12.010  101.993   44.213   41.090   44.421   40.877   39.475   41.251   43.146   32.254   31.404   24.000    8.155    9.501   26.169   39.549   43.654   40.326   39.050   40.609   42.365
   0.062   1.000   0.333    1.37   0.0000    9   13.014  104.290   46.590   44.004   46.763   42.228   40.502   42.464   42.760   32.674   31.804   24.000    9.054   10.503   27.878   42.249   45.912   41.673   40.092   41.840   42.132
   0.062   1.000   0.333    1.37   0.0000    9   14.007  102.833   45.067   44.426   45.109   42.523   41.318   42.541   43.165   33.056   32.104   24.000   11.032   13.221   33.398   43.034   44.503   42.063   40.961   42.061   42.634
   0.062   1.000   0.333    1.37   0.0000    9   15.001  107.079   49.089   46.363   49.271   43.928   42.218   43.164   46.599   33.618   32.700   24.000    6.490    7.267   22.129   44.345   48.299   43.305   41.747   42.545   45.718
   0.062   1.000   0.333    1.37   0.0000    9   16.010  103.817   46.252   45.274   46.317   43.020   41.418   42.076   47.895   33.768   32.896   24.000    9.119   10.645   28.378   43.359   45.460   42.341   40.885   41.416   46.760
   0.062   1.000   0.333    1.37   0.0000    9   17.001   98.396   41.561   42.032   41.530   41.044   40.238   40.619   44.585   33.131   32.499   24.000    9.957   11.842   29.364   40.677   40.978   40.454   39.720   40.036   43.659
   0.062   1.000   0.333    1.37   0.0000    9   18.005   93.370   37.608   37.997   37.582   38.393   37.600   38.027   42.205   31.995   31.593   24.000    9.750   11.593   28.175   36.605   37.002   37.652   36.931   37.301   41.106
   0.062   1.000   0.333    1.37   0.0000    9   19.011   87.880   33.560   34.200   33.518   35.306   34.794   35.236   36.941   30.338   30.096   24.000    8.751   10.470   25.002   33.132   33.076   34.630   34.163   34.555   36.109
   0.062   1.000   0.333    1.37   0.0000    9   20.009   85.099   31.564   31.646   31.558   33.729   33.179   33.749   34.755   29.872   29.697   24.000    4.949    5.751   15.211   30.792   31.177   33.086   32.587   33.094   34.014
   0.062   1.000   0.333    1.37   0.0000    9   21.004   83.650   30.355   29.894   30.386   32.815   32.291   32.855   33.610   29.509   29.400   24.000    4.834    5.715   15.556   29.169   30.037   32.185   31.708   32.214   32.904
   0.062   1.000   0.333    1.37   0.0000    9   22.004   82.829   29.651   28.639   29.718   32.437   31.910   32.479   33.157   29.475   29.300   24.000    1.419    1.663    8.580   28.026   29.395   31.809   31.329   31.839   32.459
   0.062   1.000   0.333    1.37   0.0000    9   23.009   82.141   29.008   27.694   29.096   32.029   31.538   32.066   32.729   29.582   29.399   24.000    1.079    0.861    7.587   27.181   28.805   31.417   30.971   31.443   32.050
   0.062   1.000   0.333    1.37   0.0000    9   24.023   81.532   28.434   26.971   28.532   31.603   31.139   31.633   32.256   29.478   29.300   24.000    1.161    0.964    7.605   26.519   28.262   31.002   30.581   31.023   31.593
   0.062   1.000   0.333    1.37   0.0000   10    1.014   80.886   27.850   26.309   27.953   31.071   30.621   31.059   31.669   28.854   28.696   24.000    1.603    1.615    8.700   25.880   27.691   30.474   30.066   30.458   31.015
   0.062   1.000   0.333    1.37   0.0000   10    2.028   80.411   27.421   25.868   27.524   30.550   30.119   30.511   31.091   28.420   28.403   24.000    2.524    2.945   10.691   25.464   27.273   29.973   29.582   29.934   30.463
   0.062   1.000   0.333    1.37   0.0000   10    3.004   79.879   26.937   25.388   27.040   30.205   29.809   30.198   30.714   28.360   28.499   24.000    1.218    1.031    7.388   25.034   26.812   29.642   29.282   29.631   30.102
   0.062   1.000   0.333    1.37   0.0000   10    4.018   79.460   26.555   25.015   26.657   29.842   29.470   29.839   30.309   28.268   28.295   24.000    1.247    1.077    7.393   24.684   26.439   29.288   28.951   29.282   29.711
   0.062   1.000   0.333    1.37   0.0000   10    5.032   79.054   26.192   24.664   26.294   29.460   29.109   29.456   29.895   28.064   28.013   24.000    1.262    1.101    7.361   24.340   26.080   28.913   28.595   28.906   29.306
   0.062   1.000   0.333    1.37   0.0000   10    6.027   78.793   25.951   24.473   26.050   29.147   28.816   29.141   29.550   27.817   28.395   24.000    1.264    1.101    7.239   24.200   25.862   28.635   28.335   28.627   28.999
   0.062   1.000   0.333    1.37   0.0000   10    7.041   78.550   25.729   24.284   25.826   28.843   28.530   28.834   29.214   27.549   28.192   24.000    1.256    1.095    7.106   24.019   25.642   28.343   28.060   28.333   28.679
   0.062   1.000   0.333    1.37   0.0000   10    8.005   79.481   26.331   24.662   26.442   29.149   28.842   29.147   29.480   27.505   28.000   24.000    1.208    0.984    5.000   24.377   26.245   28.663   28.384   28.659   28.962
   0.062   1.000   0.333    1.37   0.0000   10    9.012   85.539   30.665   27.808   30.855   32.099   31.376   34.642   31.921   28.321   28.013   24.000    1.558    2.570   11.696   27.288   30.525   31.601   30.943   33.895   31.431
   0.062   1.000   0.333    1.37   0.0000   10   10.002   92.143   35.844   32.440   36.071   35.386   34.287   40.133   34.616   29.620   29.103   24.000    5.127    6.022   19.036   31.555   35.573   34.880   33.873   39.178   34.145
   0.062   1.000   0.333    1.37   0.0000   10   11.007   97.398   40.047   36.765   40.266   38.473   37.380   42.448   37.690   31.295   30.605   24.000    7.127    8.327   23.981   35.530   39.630   37.909   36.903   41.511   37.155
   0.062   1.000   0.333    1.37   0.0000   10   12.004  101.977   44.195   41.058   44.404   40.918   39.449   41.206   43.106   32.251   31.402   24.000    8.150    9.495   26.161   39.520   43.638   40.362   39.026   40.567   42.327
   0.062   1.000   0.333    1.37   0.0000   10   13.015  104.261   46.561   43.943   46.736   42.279   40.472   42.409   42.692   32.675   31.805   24.000    9.056   10.507   27.885   42.193   45.887   41.718   40.064   41.789   42.068
   0.062   1.000   0.333    1.37   0.0000   10   14.019  102.860   45.087   44.371   45.135   42.569   41.300   42.501   43.165   33.073   32.112   24.000   10.966   13.130   33.233   42.984   44.527   42.107   40.947   42.026   42.635
   0.062   1.000   0.333    1.37   0.0000   10   15.008  107.025   49.036   46.260   49.221   43.977   42.182   43.096   46.551   33.618   32.702   24.000    6.503    7.288   22.170   44.251   48.252   43.347   41.712   42.481   45.672
   0.062   1.000   0.333    1.37   0.0000   10   16.002  103.853   46.279   45.229   46.349   43.101   41.410   42.041   47.885   33.770   32.899   24.000    9.111   10.636   28.366   43.318   45.490   42.417   40.879   41.386   46.753
   0.062   1.000   0.333    1.37   0.0000   10   17.010   98.320   41.493   41.914   41.465   41.046   40.187   40.543   44.519   33.120   32.491   24.000    9.953   11.838   29.351   40.568   40.916   40.452   39.670   39.962   43.595
   0.062   1.000   0.333    1.37   0.0000   10   18.004   93.326   37.563   37.891   37.541   38.406   37.570   37.973   42.161   31.987   31.596   24.000    9.752   11.599   28.181   36.508   36.963   37.662   36.901   37.250   41.065
   0.062   1.000   0.333    1.37   0.0000   10   19.009   88.157   33.788   34.324   33.752   35.476   34.930   35.357   37.073   30.817   30.596   24.000    8.754   10.498   24.974   33.277   33.316   34.811   34.314   34.692   36.257
   0.062   1.000   0.333    1.37   0.0000   10   20.002   85.434   31.842   31.858   31.841   33.927   33.355   33.903   34.944   30.359   30.199   24.000    4.929    5.757   15.275   31.017   31.463   33.297   32.777   33.264   34.215
   0.062   1.000   0.333    1.37   0.0000   10   21.006   84.040   30.686   30.205   30.718   33.048   32.503   33.046   33.841   29.996   29.896   24.000    4.843    5.730   15.570   29.483   30.370   32.428   31.933   32.418   33.145
   0.062   1.000   0.333    1.37   0.0000   10   22.010   83.015   29.824   28.853   29.888   32.556   32.006   32.557   33.268   29.391   29.199   24.000    1.395    1.799    8.524   28.213   29.555   31.921   31.421   31.914   32.565
   0.062   1.000   0.333    1.37   0.0000   10   23.011   82.227   29.108   27.842   29.192   32.087   31.573   32.085   32.780   29.294   29.099   24.000    1.012    0.781    7.506   27.295   28.888   31.464   30.997   31.454   32.090
   0.062   1.000   0.333    1.37   0.0000   10   24.013   81.573   28.497   27.084   28.591   31.641   31.156   31.634   32.289   29.185   29.002   24.000    1.109    0.888    7.560   26.602   28.310   31.029   30.589   31.016   31.615
