   0.250   1.000   1.000    1.37   0.0000    1    1.006  190.028   15.977   12.056   17.284    9.893   10.199   10.163    9.974   19.772   26.000   24.000    3.109    2.694   10.223   13.153   17.410   10.798   11.078   11.036   10.880
   0.250   1.000   1.000    1.37   0.0000    1    2.007  190.679   16.520   13.671   17.469   10.353   10.590   10.552   10.443   17.919   25.999   24.000    1.642    1.102    7.675   14.587   17.590   11.220   11.440   11.397   11.309
   0.250   1.000   1.000    1.37   0.0000    1    3.011  191.256   17.121   14.969   17.839   10.893   11.106   11.069   10.982   17.326   25.899   24.000    1.488    1.458    8.027   15.716   17.936   11.708   11.907   11.864   11.796
   0.250   1.000   1.000    1.37   0.0000    1    4.009  191.868   17.686   15.987   18.253   11.464   11.640   11.577   11.547   17.239   25.801   24.000    1.101    1.592    7.494   16.623   18.332   12.238   12.403   12.339   12.320
   0.250   1.000   1.000    1.37   0.0000    1    5.021  192.520   18.225   16.875   18.675   12.091   12.275   12.230   12.167   17.428   25.902   24.000    1.344    1.869    8.121   17.436   18.744   12.829   13.001   12.954   12.904
   0.250   1.000   1.000    1.37   0.0000    1    6.008  192.561   18.376   17.042   18.820   12.493   12.673   12.634   12.561   17.729   25.999   24.000    1.361    1.814    7.666   17.336   18.810   13.094   13.263   13.220   13.162
   0.250   1.000   1.000    1.37   0.0000    1    7.002  193.700   19.120   18.165   19.439   13.220   13.373   13.308   13.282   17.845   25.900   24.000    0.829    1.856    7.360   18.593   19.482   13.883   14.028   13.963   13.946
   0.250   1.000   1.000    1.37   0.0000    1    8.025  195.300   19.754   18.499   20.172   14.005   14.149   14.092   14.056   18.669   25.910   24.000    0.992    1.883    8.058   18.683   20.147   14.571   14.708   14.648   14.625
   0.250   1.000   1.000    1.37   0.0000    1    9.037  204.390   23.892   22.571   24.332   17.219   17.284   18.044   17.167   22.244   26.348   24.000    3.121    3.278   13.084   22.455   24.276   17.852   17.925   18.571   17.830
   0.250   1.000   1.000    1.37   0.0000    1   10.008  216.345   29.945   28.223   30.519   21.443   21.407   24.217   21.485   27.967   27.615   24.000    4.217    4.299   15.850   27.639   30.371   22.167   22.158   24.587   22.261
   0.250   1.000   1.000    1.37   0.0000    1   11.016  225.790   35.216   33.637   35.743   25.547   25.436   28.725   25.560   30.104   29.614   24.000    6.577    6.130   19.815   32.638   35.512   26.273   26.193   29.066   26.333
   0.250   1.000   1.000    1.37   0.0000    1   12.019  233.677   40.999   38.997   41.667   28.596   28.359   29.538   31.121   31.252   30.519   24.000    6.131    5.833   19.205   37.520   41.251   29.352   29.169   30.177   31.611
   0.250   1.000   1.000    1.37   0.0000    1   13.007  238.054   45.147   42.893   45.898   30.923   30.574   31.979   32.186   32.302   31.504   24.000    6.920    6.498   20.332   41.141   45.338   31.666   31.382   32.567   32.796
   0.250   1.000   1.000    1.37   0.0000    1   14.008  238.266   44.770   43.954   45.042   32.759   32.485   33.303   33.630   32.807   32.091   24.000    8.991    8.262   23.972   42.594   44.665   33.488   33.266   33.954   34.273
   0.250   1.000   1.000    1.37   0.0000    1   15.002  239.021   45.884   44.933   46.201   33.394   32.969   33.677   36.189   31.734   30.897   24.000    8.392    7.793   22.965   43.343   45.730   34.032   33.675   34.285   36.529
   0.250   1.000   1.000    1.37   0.0000    1   16.008  233.929   42.366   42.799   42.221   32.757   32.282   32.965   37.031   29.631   28.688   24.000    9.436    9.320   25.859   41.193   41.816   33.144   32.742   33.359   36.952
   0.250   1.000   1.000    1.37   0.0000    1   17.015  228.446   39.060   39.536   38.902   31.652   31.360   31.917   34.417   27.944   27.206   24.000    6.252    5.818   18.710   38.024   38.517   31.852   31.598   32.100   34.308
   0.250   1.000   1.000    1.37   0.0000    1   18.010  224.756   37.440   37.514   37.415   30.944   30.565   31.142   32.961   28.453   27.593   24.000    3.381    3.427   11.966   36.145   37.028   31.058   30.727   31.239   32.850
   0.250   1.000   1.000    1.37   0.0000    1   19.000  216.758   33.696   33.505   33.760   28.943   28.671   29.177   30.099   27.457   26.900   24.000    2.935    3.010    9.554   32.424   33.398   28.921   28.681   29.122   29.950
   0.250   1.000   1.000    1.37   0.0000    1   20.012  210.959   30.659   30.290   30.782   27.521   27.304   27.739   28.314   26.770   26.596   24.000    5.063    4.704   13.490   29.556   30.492   27.439   27.245   27.624   28.143
   0.250   1.000   1.000    1.37   0.0000    1   21.014  207.818   28.810   27.667   29.191   26.609   26.413   26.807   27.309   26.433   26.296   24.000    3.244    3.283    9.367   26.804   28.829   26.364   26.186   26.533   26.986
   0.250   1.000   1.000    1.37   0.0000    1   22.021  206.279   27.634   26.206   28.110   26.202   26.022   26.383   26.809   26.071   25.998   24.000    4.113    4.104   11.561   25.462   27.779   25.932   25.769   26.088   26.472
   0.250   1.000   1.000    1.37   0.0000    1   23.007  206.053   27.338   25.636   27.905   26.191   25.999   26.359   26.764   26.048   25.899   24.000    0.725    1.920    5.059   25.298   27.682   26.045   25.872   26.190   26.555
   0.250   1.000   1.000    1.37   0.0000    1   24.025  205.232   26.665   24.594   27.355   25.929   25.742   26.084   26.468   25.976   25.801   24.000    0.981    1.756    5.465   24.328   27.142   25.770   25.600   25.904   26.249
   0.250   1.000   1.000    1.37   0.0000    2    1.019  204.604   26.121   23.904   26.861   25.715   25.540   25.853   26.208   26.023   26.498   24.000    1.419    1.672    6.690   23.566   26.628   25.502   25.343   25.622   25.941
   0.250   1.000   1.000    1.37   0.0000    2    2.020  204.382   25.860   23.784   26.552   25.635   25.471   25.756   26.079   25.928   26.396   24.000    2.150    2.139    8.178   23.454   26.332   25.417   25.268   25.522   25.813
   0.250   1.000   1.000    1.37   0.0000    2    3.002  203.768   25.429   23.241   26.158   25.415   25.247   25.521   25.832   25.637   26.200   24.000    1.122    1.268    5.668   22.948   25.946   25.190   25.038   25.283   25.562
   0.250   1.000   1.000    1.37   0.0000    2    4.039  203.294   25.072   22.860   25.809   25.229   25.062   25.323   25.614   25.291   26.192   24.000    1.131    1.269    5.502   22.604   25.608   25.003   24.851   25.086   25.346
   0.250   1.000   1.000    1.37   0.0000    2    5.022  202.840   24.733   22.513   25.473   25.041   24.875   25.124   25.393   24.993   25.996   24.000    1.138    1.241    5.461   22.270   25.278   24.808   24.658   24.881   25.122
   0.250   1.000   1.000    1.37   0.0000    2    6.004  202.465   24.450   22.242   25.186   24.873   24.710   24.945   25.195   24.722   25.800   24.000    1.139    1.231    5.427   22.022   25.000   24.640   24.492   24.704   24.927
   0.250   1.000   1.000    1.37   0.0000    2    7.041  202.190   24.222   22.037   24.950   24.726   24.566   24.787   25.019   24.472   25.708   24.000    1.136    1.245    5.337   21.833   24.771   24.496   24.350   24.549   24.756
   0.250   1.000   1.000    1.37   0.0000    2    8.007  203.654   24.671   22.484   25.400   25.044   24.885   25.098   25.307   24.599   25.907   24.000    1.138    1.535    4.598   22.279   25.237   24.849   24.706   24.897   25.086
   0.250   1.000   1.000    1.37   0.0000    2    9.001  211.931   28.154   25.824   28.931   27.329   27.016   28.021   27.446   27.139   26.801   24.000    1.470    2.282    9.826   25.419   28.768   27.265   26.989   27.870   27.389
   0.250   1.000   1.000    1.37   0.0000    2   10.000  221.829   33.036   30.893   33.750   30.270   29.812   32.912   30.290   29.027   28.500   24.000    4.356    4.441   15.419   30.113   33.543   30.347   29.943   32.665   30.410
   0.250   1.000   1.000    1.37   0.0000    2   11.006  230.388   37.683   35.851   38.294   33.303   32.848   36.351   33.296   31.154   30.406   24.000    6.080    5.947   19.098   34.685   38.021   33.444   33.043   36.137   33.476
   0.250   1.000   1.000    1.37   0.0000    2   12.000  236.735   42.432   40.733   42.999   35.600   35.084   36.413   38.011   32.224   31.300   24.000    6.987    6.777   21.069   39.217   42.601   35.808   35.362   36.520   37.968
   0.250   1.000   1.000    1.37   0.0000    2   13.004  240.294   46.091   44.143   46.740   37.153   36.517   38.031   38.325   32.748   31.801   24.000    7.716    7.317   22.028   42.376   46.204   37.383   36.822   38.132   38.428
   0.250   1.000   1.000    1.37   0.0000    2   14.003  239.651   45.250   44.877   45.374   38.048   37.557   38.476   38.899   33.106   32.102   24.000    9.427    9.333   25.990   43.446   45.010   38.286   37.860   38.657   39.054
   0.250   1.000   1.000    1.37   0.0000    2   15.004  243.610   48.446   46.752   49.010   39.050   38.311   39.212   41.810   33.816   32.701   24.000    5.776    5.569   18.406   44.702   48.394   39.191   38.549   39.333   41.668
   0.250   1.000   1.000    1.37   0.0000    2   16.003  240.583   46.170   45.900   46.260   38.881   38.192   39.007   43.246   33.876   32.899   24.000    7.823    7.502   22.212   43.933   45.738   38.900   38.300   39.039   42.800
   0.250   1.000   1.000    1.37   0.0000    2   17.003  233.813   41.983   42.637   41.765   37.709   37.224   37.890   40.303   33.217   32.497   24.000    8.449    8.096   22.948   41.227   41.434   37.666   37.238   37.839   39.978
   0.250   1.000   1.000    1.37   0.0000    2   18.004  226.680   38.281   38.475   38.217   35.775   35.295   35.882   37.534   32.082   31.595   24.000    8.170    7.555   21.318   37.041   37.831   35.499   35.070   35.600   37.065
   0.250   1.000   1.000    1.37   0.0000    2   19.003  218.736   34.466   34.534   34.443   33.506   33.140   33.659   34.441   30.392   30.099   24.000    7.338    6.780   18.750   33.436   34.107   33.144   32.814   33.276   33.977
   0.250   1.000   1.000    1.37   0.0000    2   20.006  214.171   32.277   31.770   32.446   32.140   31.779   32.303   32.819   29.908   29.698   24.000    4.220    4.001   11.307   30.904   32.129   31.739   31.411   31.877   32.341
   0.250   1.000   1.000    1.37   0.0000    2   21.000  211.955   30.854   29.859   31.186   31.372   31.025   31.522   31.929   29.532   29.400   24.000    4.026    3.805   11.631   29.136   30.891   30.954   30.637   31.082   31.446
   0.250   1.000   1.000    1.37   0.0000    2   22.009  210.683   29.945   28.437   30.448   30.946   30.613   31.084   31.467   29.398   29.201   24.000    1.243    1.741    7.148   27.835   30.172   30.520   30.217   30.638   30.982
   0.250   1.000   1.000    1.37   0.0000    2   23.016  209.825   29.213   27.375   29.825   30.597   30.283   30.719   31.095   29.488   29.298   24.000    1.071    1.091    6.638   26.886   29.574   30.178   29.892   30.283   30.619
   0.250   1.000   1.000    1.37   0.0000    2   24.005  209.109   28.586   26.568   29.259   30.270   29.969   30.376   30.730   29.379   29.202   24.000    1.161    0.674    6.656   26.148   29.026   29.853   29.579   29.944   30.261
   0.250   1.000   1.000    1.37   0.0000    3    1.003  208.341   27.979   25.877   28.680   29.893   29.599   29.968   30.311   28.848   28.699   24.000    1.475    1.061    7.335   25.490   28.458   29.471   29.203   29.534   29.841
   0.250   1.000   1.000    1.37   0.0000    3    2.028  207.702   27.485   25.407   28.178   29.520   29.231   29.566   29.895   28.398   28.400   24.000    2.183    2.017    8.695   25.047   27.968   29.102   28.838   29.140   29.435
   0.250   1.000   1.000    1.37   0.0000    3    3.009  207.072   27.016   24.900   27.722   29.219   28.947   29.273   29.563   28.120   28.398   24.000    1.213    0.701    6.483   24.587   27.526   28.804   28.556   28.850   29.109
   0.250   1.000   1.000    1.37   0.0000    3    4.023  206.505   26.605   24.494   27.308   28.905   28.645   28.953   29.217   27.731   28.195   24.000    1.218    0.712    6.428   24.206   27.122   28.493   28.256   28.534   28.770
   0.250   1.000   1.000    1.37   0.0000    3    5.011  205.952   26.221   24.128   26.919   28.587   28.336   28.626   28.868   27.269   28.006   24.000    1.211    0.689    6.337   23.856   26.740   28.177   27.948   28.210   28.426
   0.250   1.000   1.000    1.37   0.0000    3    6.032  205.599   25.966   23.949   26.638   28.331   28.090   28.362   28.585   26.898   28.494   24.000    1.200    0.665    6.173   23.734   26.479   27.945   27.725   27.972   28.170
   0.250   1.000   1.000    1.37   0.0000    3    7.010  205.234   25.711   23.751   26.364   28.071   27.838   28.095   28.301   26.610   28.298   24.000    1.191    0.663    6.070   23.544   26.211   27.691   27.478   27.711   27.894
   0.250   1.000   1.000    1.37   0.0000    3    8.030  206.839   26.229   24.245   26.891   28.325   28.092   28.361   28.527   26.659   28.097   24.000    1.170    1.087    5.174   24.009   26.746   27.984   27.773   28.015   28.164
   0.250   1.000   1.000    1.37   0.0000    3    9.013  214.681   29.543   27.381   30.264   30.399   29.995   31.039   30.425   28.453   28.014   24.000    1.503    2.224   10.292   26.902   30.102   30.169   29.809   30.728   30.209
   0.250   1.000   1.000    1.37   0.0000    3   10.005  223.991   34.183   32.198   34.844   33.023   32.480   35.569   32.919   29.773   29.108   24.000    4.427    4.486   15.693   31.336   34.629   32.927   32.445   35.163   32.876
   0.250   1.000   1.000    1.37   0.0000    3   11.000  231.786   38.441   36.771   38.997   35.634   35.091   38.579   35.511   31.433   30.600   24.000    6.111    5.966   19.237   35.535   38.717   35.603   35.121   38.208   35.529
   0.250   1.000   1.000    1.37   0.0000    3   12.000  237.789   42.983   41.410   43.507   37.642   37.043   38.377   39.926   32.393   31.400   24.000    7.009    6.792   21.169   39.842   43.105   37.689   37.167   38.333   39.739
   0.250   1.000   1.000    1.37   0.0000    3   13.002  240.853   46.260   44.632   46.803   38.940   38.217   39.723   39.992   32.796   31.801   24.000    7.728    7.316   22.091   42.824   46.275   39.011   38.371   39.677   39.953
   0.250   1.000   1.000    1.37   0.0000    3   14.004  240.090   45.359   45.236   45.400   39.580   39.002   39.942   40.359   33.148   32.102   24.000    9.429    9.330   26.011   43.773   45.044   39.680   39.170   39.994   40.387
   0.250   1.000   1.000    1.37   0.0000    3   15.000  243.906   48.419   47.067   48.870   40.562   39.716   40.626   43.176   33.854   32.700   24.000    5.784    5.555   18.478   44.991   48.268   40.562   39.824   40.615   42.913
   0.250   1.000   1.000    1.37   0.0000    3   16.003  241.026   46.304   46.155   46.354   40.253   39.475   40.291   44.485   33.920   32.899   24.000    7.831    7.505   22.265   44.167   45.837   40.153   39.473   40.213   43.938
   0.250   1.000   1.000    1.37   0.0000    3   17.002  234.247   42.129   42.870   41.883   38.937   38.394   39.061   41.449   33.260   32.498   24.000    8.455    8.099   22.993   41.440   41.555   38.790   38.309   38.912   41.031
   0.250   1.000   1.000    1.37   0.0000    3   18.001  227.078   38.400   38.704   38.299   36.918   36.383   36.974   38.608   32.121   31.599   24.000    8.178    7.560   21.370   37.250   37.918   36.547   36.067   36.603   38.053
   0.250   1.000   1.000    1.37   0.0000    3   19.005  219.464   34.798   34.941   34.750   34.699   34.291   34.819   35.582   30.913   30.598   24.000    7.331    6.776   18.728   33.839   34.421   34.262   33.894   34.365   35.049
   0.250   1.000   1.000    1.37   0.0000    3   20.008  214.974   32.656   32.243   32.794   33.343   32.939   33.479   33.969   30.454   30.197   24.000    4.212    3.981   11.359   31.366   32.483   32.870   32.502   32.985   33.425
   0.250   1.000   1.000    1.37   0.0000    3   21.000  212.783   31.257   30.372   31.552   32.540   32.153   32.668   33.047   30.079   29.900   24.000    4.025    3.788   11.741   29.635   31.263   32.053   31.699   32.162   32.501
   0.250   1.000   1.000    1.37   0.0000    3   22.006  211.294   30.239   28.875   30.694   32.012   31.644   32.131   32.483   29.491   29.199   24.000    1.230    1.839    7.318   28.232   30.415   31.508   31.171   31.608   31.924
   0.250   1.000   1.000    1.37   0.0000    3   23.011  210.276   29.434   27.743   29.998   31.571   31.231   31.676   32.028   29.387   29.099   24.000    0.999    1.326    6.755   27.206   29.742   31.071   30.761   31.161   31.476
   0.250   1.000   1.000    1.37   0.0000    3   24.013  209.483   28.771   26.888   29.399   31.173   30.852   31.266   31.597   29.256   29.001   24.000    1.105    0.896    6.830   26.424   29.162   30.680   30.385   30.759   31.055
   0.250   1.000   1.000    1.37   0.0000    4    1.003  208.497   28.024   25.957   28.713   30.692   30.385   30.772   31.080   29.023   28.799   24.000    1.189    0.677    6.952   25.473   28.468   30.169   29.888   30.238   30.512
   0.250   1.000   1.000    1.37   0.0000    4    2.021  208.010   27.607   25.597   28.277   30.314   30.003   30.347   30.664   28.532   28.398   24.000    2.148    1.874    8.674   25.220   28.068   29.832   29.547   29.859   30.142
   0.250   1.000   1.000    1.37   0.0000    4    3.005  207.314   27.083   24.997   27.779   29.950   29.664   29.997   30.272   28.491   28.299   24.000    1.236    0.796    6.838   24.611   27.568   29.452   29.190   29.493   29.738
   0.250   1.000   1.000    1.37   0.0000    4    4.004  206.775   26.677   24.585   27.375   29.611   29.340   29.656   29.906   28.279   28.099   24.000    1.256    0.847    6.817   24.225   27.174   29.120   28.872   29.159   29.381
   0.250   1.000   1.000    1.37   0.0000    4    5.028  206.379   26.367   24.307   27.053   29.311   29.053   29.350   29.580   28.075   27.914   24.000    1.260    0.863    6.721   24.012   26.874   28.846   28.609   28.880   29.083
   0.250   1.000   1.000    1.37   0.0000    4    6.023  206.233   26.223   24.256   26.879   29.036   28.780   29.045   29.278   28.050   28.398   24.000    2.191    1.872    8.640   24.005   26.718   28.604   28.369   28.610   28.818
   0.250   1.000   1.000    1.37   0.0000    4    7.012  205.754   25.883   23.914   26.539   28.744   28.504   28.762   28.966   27.890   28.298   24.000    1.290    0.939    6.598   23.631   26.371   28.298   28.079   28.314   28.494
   0.250   1.000   1.000    1.37   0.0000    4    8.010  207.096   26.313   24.309   26.980   28.939   28.708   28.957   29.137   28.074   28.097   24.000    1.262    0.883    5.163   23.986   26.814   28.520   28.310   28.536   28.697
   0.250   1.000   1.000    1.37   0.0000    4    9.004  214.521   29.388   27.137   30.138   30.816   30.425   31.429   30.812   28.313   27.802   24.000    1.519    2.253   10.138   26.568   29.950   30.502   30.151   31.036   30.513
   0.250   1.000   1.000    1.37   0.0000    4   10.008  223.894   34.032   31.829   34.767   33.383   32.805   35.917   33.215   29.151   28.307   24.000    3.407    3.736   14.193   30.846   34.513   33.195   32.680   35.421   33.085
   0.250   1.000   1.000    1.37   0.0000    4   11.002  231.752   38.358   36.388   39.015   35.825   35.334   38.890   35.697   30.201   29.202   24.000    4.784    4.815   17.338   35.052   38.697   35.731   35.288   38.441   35.649
   0.250   1.000   1.000    1.37   0.0000    4   12.001  239.367   43.900   41.580   44.673   38.236   37.626   39.025   40.524   31.687   30.501   24.000    4.363    4.471   16.436   39.803   44.187   38.230   37.694   38.912   40.280
   0.250   1.000   1.000    1.37   0.0000    4   13.004  242.197   47.149   44.860   47.912   39.496   38.767   40.358   40.466   32.593   31.504   24.000    6.353    6.081   19.666   42.867   47.306   39.515   38.865   40.244   40.381
   0.250   1.000   1.000    1.37   0.0000    4   14.001  243.498   47.625   45.728   48.257   40.600   39.841   40.985   41.160   33.687   32.500   24.000    5.148    5.076   17.523   43.522   47.619   40.492   39.823   40.816   41.007
   0.250   1.000   1.000    1.37   0.0000    4   15.003  242.320   47.453   45.910   47.968   40.460   39.647   40.505   42.943   33.833   32.898   24.000    8.328    7.697   22.807   43.615   47.298   40.288   39.572   40.325   42.520
   0.250   1.000   1.000    1.37   0.0000    4   16.000  239.155   45.136   44.833   45.237   39.915   39.114   39.931   44.036   33.368   32.300   24.000    8.683    8.584   24.330   42.829   44.710   39.725   39.021   39.769   43.412
   0.250   1.000   1.000    1.37   0.0000    4   17.003  233.968   41.917   42.238   41.810   38.957   38.403   39.105   41.416   32.633   31.896   24.000    7.573    6.984   21.044   40.796   41.464   38.777   38.284   38.919   40.969
   0.250   1.000   1.000    1.37   0.0000    4   18.002  225.172   37.145   37.468   37.038   36.465   35.854   36.441   38.055   30.877   30.399   24.000   10.545    9.839   25.520   36.122   36.691   36.060   35.512   36.048   37.478
   0.250   1.000   1.000    1.37   0.0000    4   19.001  218.033   33.859   33.794   33.880   34.275   33.888   34.408   35.130   30.018   29.700   24.000    7.337    6.787   18.743   32.640   33.530   33.769   33.418   33.885   34.531
   0.250   1.000   1.000    1.37   0.0000    4   20.005  214.352   32.124   31.768   32.243   33.174   32.775   33.318   33.758   29.658   29.400   24.000    5.066    4.863   13.584   31.102   32.000   32.752   32.390   32.875   33.269
   0.250   1.000   1.000    1.37   0.0000    4   21.009  211.715   30.545   29.362   30.940   32.260   31.878   32.400   32.739   29.538   29.296   24.000    3.065    3.032   10.201   28.586   30.629   31.715   31.365   31.835   32.137
   0.250   1.000   1.000    1.37   0.0000    4   22.001  210.567   29.702   28.232   30.191   31.794   31.415   31.923   32.209   29.051   28.800   24.000    2.106    2.292    8.677   27.530   29.895   31.240   30.893   31.351   31.606
   0.250   1.000   1.000    1.37   0.0000    4   23.006  209.581   28.919   27.189   29.496   31.321   30.956   31.438   31.689   28.907   28.699   24.000    2.133    2.111    8.819   26.621   29.233   30.789   30.455   30.890   31.113
   0.250   1.000   1.000    1.37   0.0000    4   24.004  208.939   28.367   26.438   29.010   31.000   30.672   31.105   31.378   28.873   28.602   24.000    1.113    0.876    6.818   25.990   28.778   30.493   30.192   30.583   30.827
   0.250   1.000   1.000    1.37   0.0000    5    1.007  208.255   27.814   25.813   28.481   30.598   30.280   30.666   30.952   28.517   28.299   24.000    1.452    1.101    7.468   25.406   28.262   30.096   29.804   30.153   30.409
   0.250   1.000   1.000    1.37   0.0000    5    2.010  207.701   27.373   25.405   28.029   30.200   29.884   30.234   30.522   28.247   28.098   24.000    2.190    1.996    8.787   25.026   27.824   29.709   29.419   29.737   29.994
   0.250   1.000   1.000    1.37   0.0000    5    3.007  207.095   26.918   24.908   27.588   29.866   29.579   29.920   30.164   28.113   27.899   24.000    1.205    0.742    6.717   24.562   27.393   29.378   29.115   29.425   29.641
   0.250   1.000   1.000    1.37   0.0000    5    4.020  206.605   26.542   24.537   27.210   29.536   29.266   29.589   29.808   27.991   27.796   24.000    1.231    0.816    6.723   24.219   27.026   29.058   28.811   29.104   29.299
   0.250   1.000   1.000    1.37   0.0000    5    5.023  206.127   26.192   24.198   26.856   29.203   28.947   29.251   29.451   27.790   27.609   24.000    1.245    0.851    6.689   23.893   26.678   28.731   28.496   28.772   28.950
   0.250   1.000   1.000    1.37   0.0000    5    6.002  205.905   25.986   24.042   26.635   28.960   28.716   29.002   29.188   27.940   28.000   24.000    1.278    0.930    6.675   23.785   26.475   28.513   28.289   28.550   28.714
   0.250   1.000   1.000    1.37   0.0000    5    7.022  205.677   25.796   23.893   26.430   28.713   28.480   28.749   28.921   27.882   27.896   24.000    1.286    0.957    6.583   23.646   26.276   28.278   28.065   28.310   28.462
   0.250   1.000   1.000    1.37   0.0000    5    8.009  207.055   26.253   24.329   26.895   28.909   28.683   28.940   29.093   27.910   27.701   24.000    1.244    0.871    4.953   24.057   26.747   28.509   28.304   28.536   28.674
   0.250   1.000   1.000    1.37   0.0000    5    9.008  214.782   29.528   27.468   30.214   30.909   30.476   31.520   30.878   28.293   27.810   24.000    1.476    2.259   10.489   26.968   30.054   30.628   30.242   31.162   30.617
   0.250   1.000   1.000    1.37   0.0000    5   10.005  224.100   34.179   32.299   34.806   33.516   32.912   35.989   33.315   29.702   29.008   24.000    4.444    4.490   15.760   31.421   34.593   33.372   32.835   35.544   33.234
   0.250   1.000   1.000    1.37   0.0000    5   11.001  231.867   38.434   36.851   38.962   36.070   35.460   38.936   35.853   31.354   30.501   24.000    6.120    5.969   19.276   35.601   38.683   35.996   35.453   38.532   35.837
   0.250   1.000   1.000    1.37   0.0000    5   12.001  237.935   43.017   41.517   43.518   38.098   37.406   38.727   40.239   32.411   31.400   24.000    7.013    6.792   21.191   39.939   43.118   38.105   37.499   38.653   40.026
   0.250   1.000   1.000    1.37   0.0000    5   13.004  241.000   46.298   44.735   46.819   39.393   38.528   40.037   40.265   32.813   31.801   24.000    7.734    7.319   22.115   42.918   46.293   39.422   38.647   39.964   40.205
   0.250   1.000   1.000    1.37   0.0000    5   14.003  240.212   45.396   45.334   45.417   39.963   39.288   40.223   40.596   33.160   32.102   24.000    9.434    9.334   26.027   43.863   45.062   40.028   39.430   40.250   40.605
   0.250   1.000   1.000    1.37   0.0000    5   15.001  244.047   48.460   47.172   48.890   40.989   40.005   40.911   43.417   33.869   32.700   24.000    5.794    5.564   18.522   45.087   48.290   40.951   40.087   40.877   43.137
   0.250   1.000   1.000    1.37   0.0000    5   16.003  241.145   46.328   46.256   46.352   40.651   39.745   40.550   44.706   33.934   32.899   24.000    7.834    7.506   22.283   44.259   45.838   40.516   39.720   40.450   44.142
   0.250   1.000   1.000    1.37   0.0000    5   17.001  234.364   42.168   42.971   41.900   39.260   38.639   39.299   41.663   33.273   32.499   24.000    8.458    8.100   23.006   41.532   41.574   39.085   38.533   39.132   41.228
   0.250   1.000   1.000    1.37   0.0000    5   18.004  227.159   38.419   38.787   38.296   37.208   36.596   37.190   38.800   32.130   31.596   24.000    8.178    7.558   21.377   37.326   37.917   36.811   36.260   36.800   38.229
   0.250   1.000   1.000    1.37   0.0000    5   19.004  219.551   34.822   35.025   34.755   34.951   34.497   35.027   35.772   30.927   30.598   24.000    7.334    6.777   18.745   33.915   34.427   34.493   34.082   34.556   35.223
   0.250   1.000   1.000    1.37   0.0000    5   20.009  215.056   32.678   32.324   32.797   33.581   33.141   33.686   34.155   30.473   30.197   24.000    4.219    3.981   11.379   31.439   32.487   33.088   32.687   33.174   33.596
   0.250   1.000   1.000    1.37   0.0000    5   21.002  212.863   31.278   30.450   31.555   32.764   32.345   32.866   33.224   30.097   29.899   24.000    4.022    3.783   11.738   29.705   31.267   32.259   31.875   32.344   32.664
   0.250   1.000   1.000    1.37   0.0000    5   22.006  211.367   30.254   28.944   30.690   32.225   31.831   32.321   32.654   29.516   29.199   24.000    1.224    1.830    7.342   28.295   30.413   31.703   31.342   31.783   32.080
   0.250   1.000   1.000    1.37   0.0000    5   23.007  210.304   29.424   27.782   29.972   31.758   31.396   31.843   32.176   29.324   29.000   24.000    0.981    1.356    6.751   27.235   29.716   31.239   30.907   31.311   31.609
   0.250   1.000   1.000    1.37   0.0000    5   24.001  209.528   28.767   26.927   29.381   31.356   31.015   31.431   31.745   29.279   29.000   24.000    1.102    0.855    6.864   26.459   29.146   30.847   30.534   30.910   31.190
   0.250   1.000   1.000    1.37   0.0000    6    1.003  208.747   28.148   26.214   28.793   30.915   30.582   30.956   31.271   28.836   28.599   24.000    1.442    1.099    7.495   25.788   28.571   30.408   30.102   30.441   30.723
   0.250   1.000   1.000    1.37   0.0000    6    2.013  208.138   27.664   25.742   28.305   30.493   30.162   30.502   30.815   28.554   28.397   24.000    2.185    1.995    8.826   25.350   28.096   29.997   29.695   30.003   30.283
   0.250   1.000   1.000    1.37   0.0000    6    3.003  207.501   27.183   25.206   27.841   30.149   29.848   30.180   30.446   28.422   28.200   24.000    1.206    0.760    6.767   24.850   27.644   29.656   29.381   29.682   29.919
   0.250   1.000   1.000    1.37   0.0000    6    4.014  206.996   26.792   24.812   27.452   29.814   29.531   29.846   30.086   28.300   28.097   24.000    1.235    0.833    6.774   24.487   27.266   29.331   29.072   29.358   29.571
   0.250   1.000   1.000    1.37   0.0000    6    5.027  206.506   26.431   24.459   27.089   29.475   29.206   29.503   29.723   28.100   27.914   24.000    1.249    0.868    6.740   24.148   26.910   28.998   28.752   29.022   29.217
   0.250   1.000   1.000    1.37   0.0000    6    6.013  206.312   26.234   24.312   26.875   29.238   28.982   29.261   29.465   28.344   28.397   24.000    1.290    0.959    6.726   24.056   26.716   28.789   28.555   28.809   28.990
   0.250   1.000   1.000    1.37   0.0000    6    7.015  206.075   26.035   24.150   26.663   28.987   28.743   29.005   29.195   28.334   28.197   24.000    1.303    0.994    6.632   23.897   26.509   28.547   28.324   28.563   28.731
   0.250   1.000   1.000    1.37   0.0000    6    8.012  207.448   26.490   24.586   27.125   29.179   28.943   29.194   29.363   28.219   28.000   24.000    1.249    0.888    5.031   24.309   26.977   28.775   28.560   28.789   28.939
   0.250   1.000   1.000    1.37   0.0000    6    9.012  215.137   29.746   27.704   30.426   31.178   30.721   31.759   31.129   28.505   28.013   24.000    1.481    2.262   10.506   27.194   30.264   30.889   30.481   31.395   30.861
   0.250   1.000   1.000    1.37   0.0000    6   10.006  224.357   34.340   32.473   34.962   33.765   33.120   36.187   33.529   29.813   29.109   24.000    4.452    4.495   15.778   31.586   34.747   33.609   33.035   35.735   33.439
   0.250   1.000   1.000    1.37   0.0000    6   11.002  232.110   38.592   37.001   39.122   36.305   35.655   39.117   36.048   31.464   30.602   24.000    6.124    5.973   19.287   35.745   38.841   36.219   35.641   38.707   36.024
   0.250   1.000   1.000    1.37   0.0000    6   12.004  238.105   43.134   41.618   43.639   38.313   37.568   38.875   40.386   32.423   31.401   24.000    7.019    6.798   21.209   40.032   43.235   38.305   37.653   38.793   40.166
   0.250   1.000   1.000    1.37   0.0000    6   13.001  241.119   46.374   44.810   46.896   39.600   38.669   40.162   40.381   32.817   31.800   24.000    7.733    7.318   22.120   42.987   46.368   39.614   38.780   40.081   40.314
   0.250   1.000   1.000    1.37   0.0000    6   14.001  240.280   45.438   45.384   45.456   40.129   39.405   40.326   40.684   33.165   32.101   24.000    9.444    9.346   26.054   43.908   45.100   40.181   39.539   40.345   40.686
   0.250   1.000   1.000    1.37   0.0000    6   15.002  244.129   48.502   47.213   48.932   41.179   40.124   41.017   43.511   33.875   32.700   24.000    5.798    5.567   18.537   45.125   48.332   41.125   40.198   40.975   43.224
   0.250   1.000   1.000    1.37   0.0000    6   16.003  241.241   46.383   46.288   46.414   40.828   39.855   40.648   44.794   33.939   32.899   24.000    7.835    7.507   22.292   44.289   45.899   40.679   39.824   40.542   44.225
   0.250   1.000   1.000    1.37   0.0000    6   17.002  234.412   42.189   42.990   41.922   39.395   38.731   39.383   41.740   33.275   32.498   24.000    8.458    8.100   23.011   41.549   41.596   39.209   38.619   39.209   41.300
   0.250   1.000   1.000    1.37   0.0000    6   18.001  227.220   38.445   38.810   38.323   37.337   36.685   37.273   38.881   32.140   31.599   24.000    8.180    7.560   21.388   37.347   37.944   36.930   36.343   36.878   38.304
   0.250   1.000   1.000    1.37   0.0000    6   19.001  219.601   34.844   35.045   34.777   35.059   34.579   35.105   35.847   30.932   30.599   24.000    7.343    6.785   18.769   33.934   34.449   34.592   34.158   34.628   35.294
   0.250   1.000   1.000    1.37   0.0000    6   20.009  215.109   32.706   32.353   32.823   33.685   33.222   33.764   34.231   30.478   30.197   24.000    4.222    3.983   11.388   31.466   32.513   33.184   32.762   33.247   33.667
   0.250   1.000   1.000    1.37   0.0000    6   21.006  212.900   31.297   30.471   31.573   32.857   32.418   32.937   33.292   30.099   29.896   24.000    4.013    3.777   11.722   29.724   31.285   32.344   31.942   32.409   32.727
   0.250   1.000   1.000    1.37   0.0000    6   22.006  211.403   30.270   28.963   30.706   32.314   31.901   32.388   32.719   29.523   29.199   24.000    1.224    1.836    7.353   28.312   30.429   31.784   31.406   31.845   32.141
   0.250   1.000   1.000    1.37   0.0000    6   23.010  210.327   29.430   27.785   29.978   31.836   31.458   31.902   32.234   29.328   29.000   24.000    0.981    1.358    6.760   27.237   29.722   31.311   30.965   31.365   31.661
   0.250   1.000   1.000    1.37   0.0000    6   24.001  209.549   28.770   26.924   29.385   31.430   31.075   31.488   31.800   29.284   29.000   24.000    1.103    0.853    6.875   26.457   29.151   30.915   30.589   30.962   31.240
   0.250   1.000   1.000    1.37   0.0000    7    1.012  208.781   28.153   26.193   28.807   31.006   30.670   31.055   31.344   28.970   28.696   24.000    1.156    0.665    6.850   25.775   28.586   30.494   30.186   30.534   30.793
   0.250   1.000   1.000    1.37   0.0000    7    2.017  208.190   27.686   25.804   28.313   30.530   30.189   30.572   30.783   28.509   28.398   24.000    2.951    2.789   10.047   25.406   28.105   30.033   29.720   30.068   30.254
   0.250   1.000   1.000    1.37   0.0000    7    3.007  207.592   27.225   25.283   27.872   30.205   29.885   30.240   30.445   28.487   28.301   24.000    1.488    1.099    7.464   24.927   27.677   29.713   29.420   29.743   29.923
   0.250   1.000   1.000    1.37   0.0000    7    4.001  207.162   26.870   24.919   27.521   29.914   29.618   29.944   30.155   28.593   28.400   24.000    1.253    0.883    6.819   24.604   27.340   29.435   29.164   29.460   29.647
   0.250   1.000   1.000    1.37   0.0000    7    5.012  206.785   26.588   24.681   27.224   29.604   29.318   29.629   29.809   28.270   28.105   24.000    1.521    1.161    7.411   24.391   27.054   29.140   28.877   29.160   29.319
   0.250   1.000   1.000    1.37   0.0000    7    6.023  206.563   26.392   24.536   27.010   29.351   29.079   29.371   29.536   28.449   28.495   24.000    1.557    1.241    7.464   24.273   26.852   28.905   28.656   28.922   29.067
   0.250   1.000   1.000    1.37   0.0000    7    7.013  206.314   26.198   24.383   26.803   29.090   28.831   29.105   29.256   28.380   28.297   24.000    1.606    1.322    7.525   24.122   26.649   28.654   28.417   28.668   28.799
   0.250   1.000   1.000    1.37   0.0000    7    8.009  207.891   26.891   25.256   27.436   29.206   28.964   29.217   29.329   28.134   28.102   24.000    4.885    4.840   12.846   24.940   27.284   28.823   28.603   28.833   28.933
   0.250   1.000   1.000    1.37   0.0000    7    9.013  214.841   29.732   28.004   30.308   31.073   30.602   31.619   30.969   28.647   28.310   24.000    4.137    3.970   13.967   27.397   30.125   30.755   30.336   31.230   30.678
   0.250   1.000   1.000    1.37   0.0000    7   10.007  224.541   34.467   32.597   35.090   33.830   33.139   36.232   33.526   29.914   29.106   24.000    3.659    3.895   14.513   31.610   34.847   33.643   33.028   35.751   33.411
   0.250   1.000   1.000    1.37   0.0000    7   11.001  233.013   39.068   37.112   39.720   36.538   35.833   39.402   36.165   31.065   30.001   24.000    4.043    4.196   15.668   35.677   39.378   36.409   35.782   38.940   36.108
   0.250   1.000   1.000    1.37   0.0000    7   12.001  240.203   44.417   42.196   45.157   38.840   38.059   39.451   40.902   32.218   31.001   24.000    4.378    4.483   16.466   40.399   44.669   38.818   38.129   39.339   40.666
   0.250   1.000   1.000    1.37   0.0000    7   13.005  242.998   47.672   45.357   48.443   40.076   39.127   40.726   40.755   32.806   31.603   24.000    5.793    5.674   18.780   43.253   47.804   40.044   39.189   40.580   40.649
   0.250   1.000   1.000    1.37   0.0000    7   14.000  242.551   47.004   45.728   47.429   40.708   39.899   40.898   41.031   33.376   32.100   24.000    6.571    6.515   20.330   43.688   46.861   40.610   39.889   40.753   40.904
   0.250   1.000   1.000    1.37   0.0000    7   15.003  245.207   49.329   47.628   49.896   41.636   40.487   41.424   43.816   33.943   32.601   24.000    5.314    5.297   17.874   45.329   49.215   41.521   40.509   41.320   43.481
   0.250   1.000   1.000    1.37   0.0000    7   16.001  244.090   48.309   47.479   48.586   41.794   40.614   41.534   45.684   34.047   32.800   24.000    5.252    5.120   17.572   45.431   48.023   41.696   40.662   41.480   45.172
   0.250   1.000   1.000    1.37   0.0000    7   17.005  238.120   44.625   44.491   44.670   40.648   39.839   40.571   42.925   33.839   32.699   24.000    4.439    4.372   15.268   42.688   44.198   40.415   39.696   40.343   42.439
   0.250   1.000   1.000    1.37   0.0000    7   18.005  231.577   41.331   41.234   41.364   38.926   38.220   38.899   40.492   33.339   32.494   24.000    4.145    4.000   14.187   39.620   40.916   38.570   37.933   38.539   39.957
   0.250   1.000   1.000    1.37   0.0000    7   19.004  221.346   36.085   36.163   36.059   35.877   35.374   35.921   36.647   31.638   31.298   24.000    8.061    7.402   20.047   34.997   35.705   35.421   34.965   35.450   36.102
   0.250   1.000   1.000    1.37   0.0000    7   20.005  217.171   34.102   33.877   34.177   34.650   34.152   34.723   35.162   31.191   30.899   24.000    4.252    3.924   11.422   33.147   33.913   34.245   33.792   34.300   34.694
   0.250   1.000   1.000    1.37   0.0000    7   21.007  214.161   32.279   31.232   32.627   33.620   33.145   33.693   34.046   31.012   30.695   24.000    2.169    2.432    8.679   30.410   32.302   33.086   32.652   33.142   33.458
   0.250   1.000   1.000    1.37   0.0000    7   22.008  212.936   31.356   30.063   31.787   33.139   32.707   33.206   33.553   30.402   29.997   24.000    0.749    1.768    6.675   29.370   31.494   32.613   32.217   32.665   32.976
   0.250   1.000   1.000    1.37   0.0000    7   23.001  211.525   30.296   28.635   30.849   32.536   32.133   32.595   32.917   29.962   29.600   24.000    0.943    1.498    6.790   28.054   30.580   32.008   31.640   32.055   32.343
   0.250   1.000   1.000    1.37   0.0000    7   24.010  210.607   29.535   27.670   30.157   32.077   31.697   32.128   32.425   29.812   29.500   24.000    1.073    1.095    6.897   27.174   29.909   31.556   31.208   31.596   31.862
   0.250   1.000   1.000    1.37   0.0000    8    1.006  209.702   28.819   26.848   29.476   31.588   31.217   31.604   31.903   29.357   29.098   24.000    1.433    1.188    7.556   26.394   29.242   31.066   30.726   31.076   31.343
   0.250   1.000   1.000    1.37   0.0000    8    2.020  208.967   28.240   26.280   28.894   31.115   30.748   31.100   31.399   28.977   28.798   24.000    2.174    2.012    8.863   25.862   28.675   30.602   30.267   30.585   30.852
   0.250   1.000   1.000    1.37   0.0000    8    3.014  208.289   27.711   25.690   28.385   30.749   30.416   30.760   31.009   28.936   28.697   24.000    1.209    0.749    6.863   25.320   28.181   30.243   29.937   30.249   30.471
   0.250   1.000   1.000    1.37   0.0000    8    4.024  207.695   27.255   25.225   27.932   30.375   30.061   30.386   30.611   28.721   28.493   24.000    1.235    0.819    6.851   24.886   27.739   29.875   29.588   29.883   30.082
   0.250   1.000   1.000    1.37   0.0000    8    5.026  207.112   26.831   24.804   27.507   29.995   29.698   30.004   30.209   28.422   28.223   24.000    1.247    0.847    6.806   24.480   27.321   29.500   29.228   29.506   29.687
   0.250   1.000   1.000    1.37   0.0000    8    6.002  206.996   26.657   24.696   27.310   29.778   29.496   29.784   29.974   28.909   29.100   24.000    1.308    0.981    6.820   24.450   27.153   29.321   29.063   29.325   29.493
   0.250   1.000   1.000    1.37   0.0000    8    7.030  206.828   26.480   24.565   27.118   29.537   29.268   29.539   29.717   29.043   28.894   24.000    1.329    1.033    6.683   24.319   26.965   29.090   28.845   29.092   29.248
   0.250   1.000   1.000    1.37   0.0000    8    8.020  208.238   26.947   25.028   27.587   29.735   29.473   29.746   29.891   28.926   28.694   24.000    1.274    0.935    5.222   24.754   27.441   29.325   29.086   29.334   29.463
   0.250   1.000   1.000    1.37   0.0000    8    9.011  215.753   30.114   28.058   30.799   31.694   31.189   32.225   31.588   28.921   28.408   24.000    1.484    2.247   10.497   27.540   30.635   31.389   30.938   31.849   31.308
   0.250   1.000   1.000    1.37   0.0000    8   10.006  224.771   34.594   32.720   35.219   34.232   33.508   36.557   33.896   29.932   29.209   24.000    4.466    4.509   15.824   31.816   35.000   34.049   33.405   36.088   33.789
   0.250   1.000   1.000    1.37   0.0000    8   11.001  232.338   38.727   37.146   39.254   36.694   35.962   39.404   36.338   31.476   30.601   24.000    6.130    5.979   19.314   35.877   38.970   36.579   35.928   38.976   36.295
   0.250   1.000   1.000    1.37   0.0000    8   12.002  238.261   43.209   41.701   43.711   38.687   37.830   39.125   40.615   32.431   31.401   24.000    7.021    6.800   21.226   40.108   43.307   38.649   37.895   39.025   40.378
   0.250   1.000   1.000    1.37   0.0000    8   13.001  241.255   46.438   44.856   46.965   39.974   38.912   40.375   40.555   32.825   31.800   24.000    7.734    7.320   22.135   43.030   46.436   39.957   39.007   40.277   40.476
   0.250   1.000   1.000    1.37   0.0000    8   14.002  240.386   45.486   45.407   45.513   40.437   39.613   40.510   40.833   33.175   32.101   24.000    9.438    9.338   26.044   43.929   45.156   40.463   39.731   40.515   40.824
   0.250   1.000   1.000    1.37   0.0000    8   15.003  244.240   48.540   47.219   48.980   41.529   40.332   41.198   43.655   33.883   32.701   24.000    5.800    5.571   18.561   45.131   48.380   41.446   40.392   41.142   43.359
   0.250   1.000   1.000    1.37   0.0000    8   16.003  241.328   46.398   46.293   46.433   41.154   40.040   40.812   44.929   33.945   32.899   24.000    7.835    7.508   22.305   44.293   45.918   40.977   39.994   40.693   44.352
   0.250   1.000   1.000    1.37   0.0000    8   17.002  234.489   42.212   42.987   41.953   39.648   38.893   39.530   41.870   33.282   32.498   24.000    8.458    8.101   23.020   41.547   41.627   39.440   38.769   39.345   41.420
   0.250   1.000   1.000    1.37   0.0000    8   18.002  227.279   38.454   38.804   38.337   37.566   36.833   37.406   38.999   32.141   31.597   24.000    8.180    7.560   21.397   37.341   37.958   37.140   36.480   37.000   38.413
   0.250   1.000   1.000    1.37   0.0000    8   19.001  219.306   34.654   34.855   34.587   35.117   34.581   35.099   35.827   30.456   30.099   24.000    7.353    6.790   18.852   33.728   34.255   34.622   34.137   34.600   35.252
   0.250   1.000   1.000    1.37   0.0000    8   20.004  214.760   32.482   32.112   32.605   33.709   33.193   33.734   34.182   29.997   29.699   24.000    4.252    4.016   11.511   31.215   32.292   33.180   32.711   33.196   33.597
   0.250   1.000   1.000    1.37   0.0000    8   21.010  212.519   31.054   30.202   31.338   32.854   32.365   32.886   33.222   29.616   29.398   24.000    4.019    3.798   11.630   29.447   31.047   32.315   31.869   32.337   32.638
   0.250   1.000   1.000    1.37   0.0000    8   22.003  211.248   30.144   28.795   30.594   32.385   31.931   32.415   32.733   29.508   29.200   24.000    1.243    1.794    7.425   28.160   30.321   31.844   31.429   31.864   32.148
   0.250   1.000   1.000    1.37   0.0000    8   23.009  210.299   29.374   27.695   29.934   31.945   31.530   31.969   32.291   29.424   29.099   24.000    1.012    1.242    6.837   27.163   29.683   31.411   31.031   31.427   31.715
   0.250   1.000   1.000    1.37   0.0000    8   24.012  209.525   28.724   26.858   29.345   31.531   31.141   31.549   31.852   29.294   29.000   24.000    1.113    0.812    6.899   26.397   29.113   31.005   30.648   31.016   31.287
   0.250   1.000   1.000    1.37   0.0000    9    1.003  208.746   28.110   26.158   28.761   31.076   30.698   31.064   31.370   28.841   28.599   24.000    1.448    1.085    7.521   25.737   28.541   30.554   30.208   30.539   30.812
   0.250   1.000   1.000    1.37   0.0000    9    2.004  208.152   27.643   25.708   28.287   30.649   30.276   30.609   30.915   28.564   28.399   24.000    2.196    1.990    8.842   25.320   28.081   30.140   29.798   30.100   30.373
   0.250   1.000   1.000    1.37   0.0000    9    3.018  207.512   27.162   25.178   27.823   30.292   29.953   30.279   30.536   28.430   28.198   24.000    1.209    0.767    6.795   24.825   27.628   29.787   29.476   29.772   30.001
   0.250   1.000   1.000    1.37   0.0000    9    4.021  207.001   26.769   24.785   27.430   29.943   29.624   29.933   30.164   28.307   28.094   24.000    1.238    0.840    6.802   24.462   27.246   29.448   29.156   29.437   29.642
   0.250   1.000   1.000    1.37   0.0000    9    5.004  206.476   26.394   24.413   27.054   29.585   29.283   29.574   29.786   28.006   27.799   24.000    1.246    0.858    6.750   24.100   26.875   29.094   28.818   29.083   29.270
   0.250   1.000   1.000    1.37   0.0000    9    6.020  205.999   26.063   24.100   26.718   29.241   28.955   29.228   29.423   27.692   27.496   24.000    1.246    0.863    6.680   23.805   26.545   28.760   28.498   28.747   28.919
   0.250   1.000   1.000    1.37   0.0000    9    7.017  205.610   25.785   23.842   26.433   28.928   28.656   28.913   29.093   27.486   27.302   24.000    1.251    0.879    6.617   23.561   26.266   28.458   28.208   28.443   28.601
   0.250   1.000   1.000    1.37   0.0000    9    8.014  207.055   26.254   24.283   26.910   29.124   28.859   29.106   29.265   27.631   27.409   24.000    1.218    0.797    4.674   23.997   26.757   28.698   28.457   28.682   28.823
   0.250   1.000   1.000    1.37   0.0000    9    9.010  214.930   29.562   27.496   30.251   31.222   30.696   31.724   31.093   28.487   28.011   24.000    1.494    2.215   10.471   27.006   30.096   30.921   30.450   31.356   30.821
   0.250   1.000   1.000    1.37   0.0000    9   10.005  224.298   34.248   32.343   34.883   33.895   33.133   36.175   33.520   29.808   29.107   24.000    4.437    4.487   15.778   31.467   34.673   33.724   33.046   35.721   33.428
   0.250   1.000   1.000    1.37   0.0000    9   11.004  231.995   38.467   36.896   38.990   36.422   35.655   39.080   36.021   31.369   30.503   24.000    6.125    5.973   19.304   35.643   38.713   36.317   35.636   38.666   35.993
   0.250   1.000   1.000    1.37   0.0000    9   12.002  238.072   43.060   41.564   43.559   38.501   37.592   38.870   40.358   32.421   31.401   24.000    7.016    6.795   21.213   39.982   43.160   38.473   37.673   38.786   40.138
   0.250   1.000   1.000    1.37   0.0000    9   13.005  241.123   46.339   44.784   46.857   39.839   38.715   40.155   40.320   32.821   31.802   24.000    7.738    7.323   22.137   42.963   46.332   39.829   38.825   40.073   40.258
   0.250   1.000   1.000    1.37   0.0000    9   14.002  240.299   45.434   45.387   45.450   40.319   39.447   40.330   40.626   33.166   32.101   24.000    9.439    9.339   26.043   43.911   45.095   40.353   39.580   40.347   40.634
   0.250   1.000   1.000    1.37   0.0000    9   15.003  244.182   48.509   47.228   48.936   41.443   40.179   41.026   43.468   33.876   32.701   24.000    5.797    5.562   18.538   45.139   48.336   41.365   40.253   40.983   43.186
   0.250   1.000   1.000    1.37   0.0000    9   16.000  241.035   46.198   45.949   46.280   40.957   39.775   40.530   44.646   33.934   32.900   24.000    7.823    7.502   22.277   43.978   45.769   40.788   39.746   40.428   44.084
   0.250   1.000   1.000    1.37   0.0000    9   17.004  234.321   42.090   42.786   41.858   39.493   38.696   39.321   41.658   33.273   32.496   24.000    8.452    8.098   23.006   41.364   41.534   39.294   38.586   39.150   41.222
   0.250   1.000   1.000    1.37   0.0000    9   18.003  227.165   38.372   38.683   38.268   37.438   36.667   37.230   38.821   32.136   31.595   24.000    8.176    7.558   21.387   37.231   37.891   37.019   36.326   36.836   38.247
   0.250   1.000   1.000    1.37   0.0000    9   19.003  219.210   34.591   34.778   34.528   34.988   34.429   34.938   35.667   30.450   30.099   24.000    7.346    6.785   18.834   33.657   34.198   34.502   33.997   34.451   35.103
   0.250   1.000   1.000    1.37   0.0000    9   20.003  214.670   32.426   32.057   32.549   33.580   33.048   33.579   34.029   29.991   29.699   24.000    4.246    4.010   11.484   31.164   32.237   33.060   32.576   33.051   33.455
   0.250   1.000   1.000    1.37   0.0000    9   21.006  212.444   31.010   30.167   31.291   32.734   32.231   32.742   33.081   29.612   29.399   24.000    4.028    3.803   11.651   29.416   31.001   32.203   31.745   32.203   32.507
   0.250   1.000   1.000    1.37   0.0000    9   22.010  211.219   30.127   28.791   30.573   32.284   31.817   32.292   32.614   29.595   29.301   24.000    1.241    1.732    7.410   28.163   30.302   31.753   31.327   31.753   32.042
   0.250   1.000   1.000    1.37   0.0000    9   23.008  210.372   29.407   27.752   29.958   31.886   31.457   31.889   32.213   29.701   29.399   24.000    1.046    0.997    6.898   27.234   29.712   31.367   30.975   31.363   31.654
   0.250   1.000   1.000    1.37   0.0000    9   24.013  209.639   28.779   26.952   29.387   31.494   31.091   31.492   31.799   29.581   29.301   24.000    1.137    0.669    6.934   26.503   29.160   30.982   30.614   30.975   31.249
   0.250   1.000   1.000    1.37   0.0000   10    1.008  208.807   28.148   26.235   28.786   31.025   30.635   30.995   31.303   28.939   28.697   24.000    1.454    1.075    7.513   25.814   28.568   30.512   30.155   30.481   30.755
   0.250   1.000   1.000    1.37   0.0000   10    2.008  208.155   27.654   25.752   28.289   30.582   30.200   30.527   30.832   28.565   28.401   24.000    2.190    1.992    8.818   25.359   28.082   30.078   29.729   30.025   30.298
   0.250   1.000   1.000    1.37   0.0000   10    3.013  207.613   27.217   25.271   27.865   30.265   29.916   30.236   30.495   28.708   28.497   24.000    1.229    0.830    6.834   24.929   27.675   29.772   29.453   29.744   29.974
   0.250   1.000   1.000    1.37   0.0000   10    4.016  207.106   26.829   24.880   27.479   29.923   29.595   29.898   30.132   28.502   28.295   24.000    1.248    0.874    6.801   24.562   27.297   29.438   29.138   29.413   29.621
   0.250   1.000   1.000    1.37   0.0000   10    5.018  206.582   26.457   24.511   27.106   29.568   29.258   29.544   29.757   28.198   28.007   24.000    1.255    0.888    6.748   24.202   26.929   29.087   28.804   29.063   29.253
   0.250   1.000   1.000    1.37   0.0000   10    6.027  206.361   26.247   24.343   26.881   29.314   29.020   29.289   29.487   28.451   28.395   24.000    1.296    0.976    6.736   24.083   26.723   28.859   28.591   28.835   29.010
   0.250   1.000   1.000    1.37   0.0000   10    7.019  206.102   26.038   24.165   26.662   29.050   28.771   29.023   29.207   28.368   28.196   24.000    1.304    1.000    6.633   23.911   26.508   28.605   28.351   28.580   28.743
   0.250   1.000   1.000    1.37   0.0000   10    8.010  207.438   26.475   24.580   27.107   29.228   28.958   29.199   29.362   28.223   28.000   24.000    1.250    0.892    5.045   24.304   26.960   28.819   28.574   28.792   28.938
   0.250   1.000   1.000    1.37   0.0000   10    9.009  215.095   29.680   27.681   30.347   31.273   30.728   31.748   31.120   28.504   28.010   24.000    1.477    2.238   10.506   27.173   30.189   30.972   30.485   31.383   30.850
   0.250   1.000   1.000    1.37   0.0000   10   10.001  224.261   34.209   32.437   34.800   33.922   33.130   36.147   33.499   29.802   29.101   24.000    4.440    4.474   15.766   31.552   34.593   33.746   33.043   35.691   33.405
   0.250   1.000   1.000    1.37   0.0000   10   11.002  232.104   38.543   36.974   39.066   36.480   35.677   39.086   36.036   31.462   30.602   24.000    6.122    5.971   19.294   35.720   38.788   36.375   35.663   38.677   36.012
   0.250   1.000   1.000    1.37   0.0000   10   12.005  238.129   43.099   41.602   43.598   38.563   37.603   38.866   40.346   32.425   31.402   24.000    7.019    6.797   21.220   40.017   43.198   38.531   37.687   38.784   40.130
   0.250   1.000   1.000    1.37   0.0000   10   13.000  241.167   46.371   44.805   46.893   39.911   38.723   40.146   40.291   32.820   31.800   24.000    7.731    7.317   22.126   42.983   46.366   39.896   38.835   40.066   40.234
   0.250   1.000   1.000    1.37   0.0000   10   14.001  240.295   45.430   45.373   45.449   40.364   39.446   40.310   40.583   33.169   32.100   24.000    9.445    9.347   26.058   43.898   45.094   40.394   39.579   40.329   40.595
   0.250   1.000   1.000    1.37   0.0000   10   15.000  244.195   48.503   47.200   48.937   41.510   40.180   41.010   43.428   33.878   32.700   24.000    5.795    5.566   18.550   45.113   48.339   41.427   40.257   40.968   43.151
   0.250   1.000   1.000    1.37   0.0000   10   16.001  241.328   46.392   46.281   46.430   41.154   39.909   40.650   44.745   33.943   32.900   24.000    7.834    7.507   22.306   44.282   45.915   40.976   39.879   40.545   44.184
   0.250   1.000   1.000    1.37   0.0000   10   17.000  234.416   42.147   42.976   41.871   39.600   38.750   39.376   41.699   33.278   32.500   24.000    8.458    8.100   23.019   41.538   41.548   39.393   38.633   39.201   41.261
   0.250   1.000   1.000    1.37   0.0000   10   18.004  227.219   38.412   38.786   38.287   37.516   36.702   37.261   38.840   32.135   31.596   24.000    8.178    7.558   21.391   37.325   37.910   37.092   36.359   36.865   38.266
   0.250   1.000   1.000    1.37   0.0000   10   19.001  219.598   34.825   35.024   34.758   35.179   34.593   35.098   35.818   30.934   30.600   24.000    7.343    6.786   18.773   33.915   34.432   34.700   34.171   34.621   35.266
   0.250   1.000   1.000    1.37   0.0000   10   20.004  215.106   32.691   32.333   32.810   33.786   33.236   33.759   34.206   30.483   30.199   24.000    4.220    3.982   11.390   31.448   32.501   33.275   32.775   33.242   33.644
   0.250   1.000   1.000    1.37   0.0000   10   21.001  212.906   31.292   30.462   31.568   32.950   32.434   32.936   33.274   30.104   29.899   24.000    4.025    3.787   11.743   29.716   31.281   32.428   31.957   32.408   32.710
   0.250   1.000   1.000    1.37   0.0000   10   22.003  211.413   30.271   28.963   30.707   32.404   31.919   32.390   32.704   29.525   29.200   24.000    1.228    1.836    7.359   28.313   30.430   31.866   31.423   31.847   32.128
   0.250   1.000   1.000    1.37   0.0000   10   23.006  210.391   29.465   27.829   30.010   31.942   31.497   31.926   32.242   29.423   29.099   24.000    0.990    1.310    6.792   27.284   29.756   31.411   31.004   31.391   31.673
   0.250   1.000   1.000    1.37   0.0000   10   24.008  209.595   28.802   26.975   29.411   31.524   31.105   31.504   31.803   29.293   29.001   24.000    1.098    0.864    6.872   26.503   29.176   31.001   30.618   30.978   31.244
