   0.062   1.000   0.333    1.37   0.0000    1    1.007   69.785   18.406   12.743   18.784   10.959   11.278   11.262   11.020   22.220   26.000   24.000    3.672    4.171   13.323   13.765   18.947   11.960   12.243   12.229   12.014
   0.062   1.000   0.333    1.37   0.0000    1    2.015   69.947   18.523   14.299   18.804   11.373   11.637   11.623   11.438   20.563   25.998   24.000    1.872    1.671    6.893   15.147   18.966   12.327   12.562   12.549   12.385
   0.062   1.000   0.333    1.37   0.0000    1    3.001   70.339   18.910   15.599   19.130   11.932   12.175   12.163   11.994   19.921   25.900   24.000    1.757    1.588    7.815   16.279   19.264   12.826   13.043   13.032   12.881
   0.062   1.000   0.333    1.37   0.0000    1    4.017   70.776   19.334   16.553   19.519   12.482   12.666   12.617   12.538   19.623   25.802   24.000    1.293    0.742    6.801   17.130   19.633   13.333   13.498   13.454   13.383
   0.062   1.000   0.333    1.37   0.0000    1    5.011   71.243   19.774   17.412   19.931   13.113   13.316   13.293   13.161   19.522   25.901   24.000    1.601    1.755    8.217   17.917   20.033   13.927   14.108   14.088   13.970
   0.062   1.000   0.333    1.37   0.0000    1    6.028   71.178   19.778   17.549   19.926   13.457   13.657   13.642   13.497   19.592   25.997   24.000    1.590    1.714    7.571   17.790   19.919   14.102   14.282   14.268   14.138
   0.062   1.000   0.333    1.37   0.0000    1    7.004   72.056   20.519   18.621   20.645   14.222   14.380   14.333   14.255   19.597   25.900   24.000    1.068    1.670    7.079   19.002   20.714   14.954   15.095   15.053   14.983
   0.062   1.000   0.333    1.37   0.0000    1    8.009   72.981   21.155   18.855   21.309   14.930   15.072   15.036   14.951   20.048   25.904   24.000    1.145    1.814    8.105   19.002   21.260   15.516   15.643   15.610   15.535
   0.062   1.000   0.333    1.37   0.0000    1    9.026   79.334   25.784   22.839   25.981   18.419   18.424   20.717   18.261   22.640   26.334   24.000    3.795    4.509   15.572   22.696   25.798   18.965   18.968   21.019   18.817
   0.062   1.000   0.333    1.37   0.0000    1   10.020   87.961   32.637   28.469   32.915   22.915   22.726   27.190   22.571   27.991   27.640   24.000    5.036    6.011   19.125   27.863   32.493   23.423   23.247   27.258   23.076
   0.062   1.000   0.333    1.37   0.0000    1   11.000   93.882   37.390   33.524   37.648   27.148   26.844   30.763   26.686   30.066   29.600   24.000    7.851    9.171   25.220   32.535   37.084   27.529   27.243   30.777   27.067
   0.062   1.000   0.333    1.37   0.0000    1   12.020  100.086   42.953   38.642   43.240   30.166   29.740   31.091   32.367   31.220   30.520   24.000    7.113    8.191   23.795   37.196   42.457   30.535   30.149   31.309   32.494
   0.062   1.000   0.333    1.37   0.0000    1   13.021  103.280   46.097   42.228   46.355   32.353   31.841   33.355   33.303   32.279   31.513   24.000    8.094    9.295   25.787   40.533   45.472   32.690   32.228   33.541   33.517
   0.062   1.000   0.333    1.37   0.0000    1   14.022  102.074   44.706   43.080   44.815   34.098   33.752   34.607   34.828   32.755   32.073   24.000   10.677   12.514   31.309   41.795   44.207   34.444   34.130   34.879   35.085
   0.062   1.000   0.333    1.37   0.0000    1   15.008  102.677   45.540   43.892   45.650   34.411   33.951   34.479   37.046   31.666   30.882   24.000    9.884   11.488   29.525   42.390   44.939   34.683   34.267   34.692   37.042
   0.062   1.000   0.333    1.37   0.0000    1   16.001   98.492   41.968   41.699   41.986   33.594   32.916   33.302   37.410   29.627   28.698   24.000   11.068   13.258   33.317   40.188   41.327   33.645   33.038   33.318   37.080
   0.062   1.000   0.333    1.37   0.0000    1   17.011   94.857   38.852   38.579   38.871   32.373   31.935   32.361   35.280   27.854   27.204   24.000    7.159    8.089   23.101   37.150   38.248   32.278   31.885   32.228   34.899
   0.062   1.000   0.333    1.37   0.0000    1   18.009   93.577   38.050   36.901   38.126   31.751   31.245   31.747   35.290   28.287   27.593   24.000    3.295    3.482   12.573   35.587   37.510   31.655   31.199   31.618   34.843
   0.062   1.000   0.333    1.37   0.0000    1   19.011   87.780   33.790   33.025   33.841   29.491   29.118   29.621   31.119   27.395   26.897   24.000    2.857    3.018    9.914   31.988   33.344   29.339   29.002   29.435   30.804
   0.062   1.000   0.333    1.37   0.0000    1   20.016   83.184   30.152   29.829   30.174   27.829   27.557   27.984   28.805   26.790   26.595   24.000    5.922    6.853   17.767   29.138   29.842   27.674   27.428   27.801   28.552
   0.062   1.000   0.333    1.37   0.0000    1   21.005   81.043   28.436   27.328   28.510   26.833   26.590   26.987   27.643   26.459   26.298   24.000    3.712    4.339   12.485   26.496   28.079   26.500   26.280   26.628   27.230
   0.062   1.000   0.333    1.37   0.0000    1   22.021   79.860   27.356   25.973   27.448   26.392   26.173   26.534   27.066   26.103   25.998   24.000    5.026    5.819   15.408   25.250   27.055   26.042   25.844   26.163   26.650
   0.062   1.000   0.333    1.37   0.0000    1   23.015   79.846   27.314   25.428   27.440   26.448   26.210   26.582   27.094   26.080   25.898   24.000    0.878    1.808    5.883   25.110   27.201   26.269   26.054   26.383   26.851
   0.062   1.000   0.333    1.37   0.0000    1   24.031   79.176   26.700   24.398   26.853   26.148   25.912   26.269   26.753   25.974   25.800   24.000    1.066    1.601    6.094   24.151   26.627   25.956   25.743   26.058   26.501
   0.062   1.000   0.333    1.37   0.0000    2    1.015   78.612   26.164   23.746   26.326   25.888   25.673   25.995   26.443   26.107   26.498   24.000    1.608    1.699    7.877   23.424   26.063   25.629   25.435   25.720   26.129
   0.062   1.000   0.333    1.37   0.0000    2    2.031   78.408   25.936   23.685   26.086   25.806   25.610   25.898   26.298   26.148   26.394   24.000    2.518    3.130   10.192   23.364   25.833   25.542   25.365   25.621   25.986
   0.062   1.000   0.333    1.37   0.0000    2    3.046   77.875   25.469   23.134   25.625   25.541   25.346   25.618   26.008   25.981   26.200   24.000    1.207    0.828    6.470   22.851   25.385   25.275   25.098   25.340   25.696
   0.062   1.000   0.333    1.37   0.0000    2    4.011   77.487   25.114   22.766   25.270   25.333   25.144   25.398   25.766   25.766   26.198   24.000    1.226    0.866    6.479   22.519   25.046   25.070   24.899   25.124   25.460
   0.062   1.000   0.333    1.37   0.0000    2    5.026   77.120   24.781   22.440   24.937   25.119   24.937   25.173   25.519   25.519   25.995   24.000    1.235    0.887    6.458   22.204   24.718   24.851   24.687   24.896   25.211
   0.062   1.000   0.333    1.37   0.0000    2    6.042   76.807   24.495   22.179   24.649   24.922   24.746   24.966   25.290   25.267   25.796   24.000    1.237    0.896    6.382   21.964   24.442   24.657   24.499   24.694   24.989
   0.062   1.000   0.333    1.37   0.0000    2    7.052   76.586   24.282   21.985   24.435   24.758   24.588   24.792   25.097   25.019   25.710   24.000    1.233    0.889    6.220   21.787   24.236   24.498   24.344   24.527   24.803
   0.062   1.000   0.333    1.37   0.0000    2    8.042   77.840   25.110   22.536   25.282   25.219   25.035   25.348   25.513   24.956   25.938   24.000    1.173    1.221    4.908   22.330   25.073   24.984   24.818   25.097   25.250
   0.062   1.000   0.333    1.37   0.0000    2    9.032   83.907   29.467   25.885   29.706   27.742   27.365   29.999   27.775   26.479   26.854   24.000    1.636    2.792   11.633   25.477   29.386   27.565   27.224   29.593   27.586
   0.062   1.000   0.333    1.37   0.0000    2   10.006   90.867   34.937   30.835   35.210   30.817   30.276   34.932   30.550   28.949   28.512   24.000    5.068    6.022   18.837   30.061   34.724   30.685   30.185   34.396   30.407
   0.062   1.000   0.333    1.37   0.0000    2   11.011   96.588   39.531   35.666   39.789   33.975   33.436   37.510   33.651   31.039   30.410   24.000    7.101    8.328   23.881   34.517   39.161   33.809   33.308   37.001   33.469
   0.062   1.000   0.333    1.37   0.0000    2   12.009  101.416   43.908   40.338   44.146   36.320   35.640   37.056   38.538   32.122   31.305   24.000    8.137    9.497   26.083   38.856   43.382   36.187   35.570   36.793   38.172
   0.062   1.000   0.333    1.37   0.0000    2   13.013  103.916   46.458   43.466   46.657   37.718   36.894   38.464   38.702   32.649   31.804   24.000    9.042   10.501   27.818   41.756   45.806   37.587   36.839   38.217   38.450
   0.062   1.000   0.333    1.37   0.0000    2   14.005  102.523   44.971   44.009   45.035   38.497   37.926   38.893   39.390   33.046   32.103   24.000   11.034   13.229   33.413   42.654   44.427   38.420   37.903   38.761   39.215
   0.062   1.000   0.333    1.37   0.0000    2   15.001  106.776   49.026   45.953   49.231   39.468   38.655   39.409   42.168   33.592   32.700   24.000    6.474    7.269   21.992   43.970   48.256   39.265   38.530   39.149   41.695
   0.062   1.000   0.333    1.37   0.0000    2   16.001  103.552   46.211   44.946   46.295   39.025   38.254   38.772   43.392   33.749   32.900   24.000    9.103   10.633   28.311   43.059   45.434   38.721   38.023   38.421   42.666
   0.062   1.000   0.333    1.37   0.0000    2   17.008   98.076   41.444   41.654   41.430   37.713   37.333   37.684   40.771   33.102   32.493   24.000    9.950   11.839   29.328   40.331   40.878   37.433   37.087   37.372   40.192
   0.062   1.000   0.333    1.37   0.0000    2   18.006   93.094   37.509   37.636   37.500   35.539   35.141   35.527   38.761   31.969   31.592   24.000    9.745   11.593   28.150   36.275   36.920   35.059   34.697   35.029   37.971
   0.062   1.000   0.333    1.37   0.0000    2   19.013   87.640   33.463   33.844   33.437   33.096   32.820   33.207   34.506   30.313   30.095   24.000    8.739   10.461   24.950   32.808   32.996   32.621   32.370   32.711   33.894
   0.062   1.000   0.333    1.37   0.0000    2   20.004   84.876   31.468   31.273   31.481   31.746   31.435   31.896   32.674   29.844   29.699   24.000    4.925    5.751   15.174   30.453   31.101   31.284   31.002   31.410   32.122
   0.062   1.000   0.333    1.37   0.0000    2   21.010   83.456   30.278   29.539   30.327   31.005   30.701   31.151   31.744   29.478   29.398   24.000    4.887    5.692   15.457   28.846   29.978   30.540   30.265   30.665   31.207
   0.062   1.000   0.333    1.37   0.0000    2   22.003   82.592   29.539   28.215   29.628   30.622   30.306   30.763   31.300   29.336   29.200   24.000    1.450    1.689    8.281   27.635   29.303   30.155   29.868   30.274   30.766
   0.062   1.000   0.333    1.37   0.0000    2   23.015   81.899   28.892   27.248   29.002   30.282   29.978   30.409   30.932   29.393   29.298   24.000    1.116    0.836    7.157   26.771   28.709   29.824   29.549   29.932   30.411
   0.062   1.000   0.333    1.37   0.0000    2   24.020   81.293   28.317   26.513   28.437   29.943   29.651   30.056   30.549   29.296   29.201   24.000    1.195    0.947    7.146   26.099   28.166   29.489   29.224   29.584   30.036
   0.062   1.000   0.333    1.37   0.0000    3    1.027   80.686   27.755   25.875   27.880   29.538   29.256   29.618   30.089   28.806   28.692   24.000    1.645    1.633    8.449   25.487   27.619   29.080   28.824   29.147   29.578
   0.062   1.000   0.333    1.37   0.0000    3    2.022   80.224   27.331   25.460   27.456   29.146   28.877   29.201   29.640   28.310   28.400   24.000    2.544    2.956   10.542   25.095   27.205   28.697   28.453   28.742   29.143
   0.062   1.000   0.333    1.37   0.0000    3    3.033   79.647   26.814   24.950   26.938   28.832   28.573   28.893   29.294   27.973   28.393   24.000    1.229    0.983    6.967   24.632   26.709   28.387   28.153   28.439   28.804
   0.062   1.000   0.333    1.37   0.0000    3    4.043   79.179   26.392   24.550   26.515   28.505   28.256   28.559   28.930   27.656   28.191   24.000    1.239    1.002    6.943   24.256   26.298   28.066   27.840   28.111   28.449
   0.062   1.000   0.333    1.37   0.0000    3    5.006   78.758   26.016   24.198   26.138   28.188   27.948   28.233   28.578   27.308   28.003   24.000    1.241    1.008    6.900   23.919   25.928   27.751   27.534   27.789   28.104
   0.062   1.000   0.333    1.37   0.0000    3    6.017   78.505   25.783   24.032   25.900   27.948   27.717   27.985   28.306   26.966   28.497   24.000    1.233    0.989    6.766   23.810   25.719   27.543   27.334   27.574   27.866
   0.062   1.000   0.333    1.37   0.0000    3    7.061   78.274   25.566   23.863   25.680   27.702   27.479   27.730   28.028   26.649   28.288   24.000    1.218    0.971    6.599   23.645   25.504   27.305   27.103   27.328   27.599
   0.062   1.000   0.333    1.37   0.0000    3    8.000   79.168   26.138   24.225   26.266   27.933   27.714   27.950   28.227   26.541   28.100   24.000    1.161    0.807    4.421   23.989   26.076   27.555   27.356   27.568   27.820
   0.062   1.000   0.333    1.37   0.0000    3    9.001   85.151   30.437   27.356   30.642   30.297   29.863   32.434   30.310   28.047   28.001   24.000    1.531    2.599   11.474   26.879   30.317   29.958   29.562   31.881   29.962
   0.062   1.000   0.333    1.37   0.0000    3   10.008   91.880   35.738   32.076   35.983   33.072   32.467   37.082   32.752   29.595   29.112   24.000    5.113    6.031   18.928   31.225   35.484   32.780   32.223   36.403   32.455
   0.062   1.000   0.333    1.37   0.0000    3   11.001   97.178   39.984   36.490   40.217   35.820   35.219   39.263   35.465   31.256   30.601   24.000    7.112    8.319   23.902   35.279   39.580   35.505   34.947   38.618   35.138
   0.062   1.000   0.333    1.37   0.0000    3   12.007  101.828   44.211   40.914   44.431   37.932   37.158   38.568   40.085   32.242   31.403   24.000    8.148    9.497   26.112   39.389   43.659   37.661   36.957   38.178   39.591
   0.062   1.000   0.333    1.37   0.0000    3   13.005  104.144   46.606   43.851   46.790   39.119   38.174   39.737   40.035   32.663   31.801   24.000    9.033   10.480   27.800   42.109   45.935   38.861   37.997   39.373   39.665
   0.062   1.000   0.333    1.37   0.0000    3   14.012  102.673   45.052   44.238   45.106   39.652   38.988   39.964   40.560   33.059   32.107   24.000   11.005   13.186   33.333   42.863   44.496   39.468   38.858   39.731   40.277
   0.062   1.000   0.333    1.37   0.0000    3   15.008  106.839   49.027   46.124   49.220   40.645   39.723   40.459   43.292   33.605   32.702   24.000    6.498    7.288   22.066   44.126   48.247   40.331   39.490   40.092   42.717
   0.062   1.000   0.333    1.37   0.0000    3   16.006  103.647   46.246   45.077   46.324   40.060   39.203   39.704   44.373   33.758   32.898   24.000    9.110   10.640   28.332   43.179   45.462   39.660   38.882   39.265   43.560
   0.062   1.000   0.333    1.37   0.0000    3   17.015   98.158   41.474   41.767   41.455   38.609   38.204   38.510   41.668   33.105   32.487   24.000    9.950   11.836   29.326   40.433   40.902   38.245   37.875   38.120   41.007
   0.062   1.000   0.333    1.37   0.0000    3   18.012   93.158   37.527   37.742   37.512   36.358   35.938   36.285   39.572   31.977   31.588   24.000    9.742   11.589   28.143   36.372   36.933   35.802   35.421   35.717   38.709
   0.062   1.000   0.333    1.37   0.0000    3   19.013   88.010   33.736   34.147   33.708   34.019   33.730   34.088   35.440   30.805   30.595   24.000    8.738   10.481   24.918   33.117   33.271   33.488   33.225   33.539   34.772
   0.062   1.000   0.333    1.37   0.0000    3   20.003   85.291   31.776   31.649   31.785   32.703   32.371   32.816   33.635   30.347   30.199   24.000    4.915    5.757   15.255   30.828   31.408   32.184   31.882   32.275   33.025
   0.062   1.000   0.333    1.37   0.0000    3   21.006   83.891   30.606   29.960   30.649   31.940   31.616   32.054   32.680   29.979   29.896   24.000    5.032    5.738   15.538   29.261   30.303   31.420   31.125   31.515   32.088
   0.062   1.000   0.333    1.37   0.0000    3   22.012   82.857   29.733   28.563   29.811   31.472   31.134   31.582   32.145   29.379   29.199   24.000    1.417    1.758    8.365   27.950   29.479   30.934   30.627   31.026   31.542
   0.062   1.000   0.333    1.37   0.0000    3   23.005   82.061   29.007   27.519   29.106   31.052   30.733   31.150   31.701   29.279   29.100   24.000    1.061    0.788    7.325   27.003   28.804   30.521   30.232   30.602   31.107
   0.062   1.000   0.333    1.37   0.0000    3   24.009   81.421   28.406   26.764   28.516   30.666   30.362   30.753   31.273   29.175   29.002   24.000    1.149    0.903    7.368   26.313   28.236   30.141   29.865   30.213   30.690
   0.062   1.000   0.333    1.37   0.0000    4    1.004   80.608   27.673   25.901   27.792   30.156   29.867   30.232   30.719   28.963   28.798   24.000    1.225    1.005    7.467   25.422   27.496   29.593   29.331   29.657   30.102
   0.062   1.000   0.333    1.37   0.0000    4    2.008   80.317   27.386   25.636   27.503   29.779   29.494   29.811   30.284   28.412   28.399   24.000    2.538    2.922   10.612   25.255   27.251   29.273   29.015   29.298   29.730
   0.062   1.000   0.333    1.37   0.0000    4    3.012   79.670   26.812   25.060   26.929   29.403   29.136   29.449   29.878   28.184   28.298   24.000    1.235    1.021    7.274   24.667   26.673   28.874   28.632   28.912   29.304
   0.062   1.000   0.333    1.37   0.0000    4    4.016   79.213   26.400   24.675   26.515   29.056   28.802   29.100   29.493   27.956   28.097   24.000    1.252    1.052    7.259   24.306   26.271   28.535   28.305   28.571   28.930
   0.062   1.000   0.333    1.37   0.0000    4    5.020   78.883   26.095   24.415   26.207   28.755   28.513   28.792   29.160   27.655   27.910   24.000    1.247    1.048    7.146   24.108   25.993   28.266   28.047   28.297   28.632
   0.062   1.000   0.333    1.37   0.0000    4    6.024   78.776   25.992   24.374   26.100   28.439   28.200   28.441   28.803   27.281   28.398   24.000    2.514    2.864   10.348   24.112   25.908   27.994   27.777   27.994   28.323
   0.062   1.000   0.333    1.37   0.0000    4    7.051   78.324   25.590   24.018   25.695   28.132   27.908   28.148   28.472   26.952   28.290   24.000    1.230    1.022    6.864   23.723   25.492   27.666   27.463   27.677   27.972
   0.062   1.000   0.333    1.37   0.0000    4    8.000   79.162   26.122   24.346   26.240   28.336   28.117   28.345   28.644   26.883   28.100   24.000    1.182    0.898    4.464   24.019   26.018   27.880   27.681   27.886   28.158
   0.062   1.000   0.333    1.37   0.0000    4    9.020   85.150   30.407   27.314   30.613   30.645   30.228   32.797   30.646   28.130   27.810   24.000    1.603    2.582   11.201   26.729   30.242   30.218   29.837   32.156   30.210
   0.062   1.000   0.333    1.37   0.0000    4   10.017   92.169   35.955   31.914   36.224   33.425   32.771   37.537   33.019   28.934   28.315   24.000    3.787    4.566   16.119   30.924   35.651   33.037   32.433   36.755   32.630
   0.062   1.000   0.333    1.37   0.0000    4   11.013   97.752   40.467   36.319   40.743   36.064   35.469   39.732   35.622   29.982   29.217   24.000    5.373    6.206   20.200   34.989   40.029   35.686   35.129   39.004   35.233
   0.062   1.000   0.333    1.37   0.0000    4   12.008  104.416   46.486   41.381   46.826   38.642   37.917   39.506   40.830   31.391   30.508   24.000    4.702    5.340   18.485   39.622   45.883   38.330   37.664   39.038   40.286
   0.062   1.000   0.333    1.37   0.0000    4   13.003  106.057   48.331   44.302   48.599   39.733   38.793   40.570   40.521   32.410   31.503   24.000    7.269    8.265   23.978   42.356   47.606   39.424   38.558   40.126   40.105
   0.062   1.000   0.333    1.37   0.0000    4   14.013  106.964   48.876   45.113   49.127   40.907   40.026   41.312   41.413   33.418   32.505   24.000    5.711    6.398   20.529   42.958   48.061   40.443   39.629   40.777   40.884
   0.062   1.000   0.333    1.37   0.0000    4   15.010  104.809   47.291   44.970   47.446   40.416   39.329   40.102   42.777   33.681   32.894   24.000    9.826   11.408   29.291   42.752   46.401   39.866   38.876   39.524   41.996
   0.062   1.000   0.333    1.37   0.0000    4   16.008  102.066   44.916   43.803   44.990   39.615   38.686   39.237   43.777   33.219   32.297   24.000   10.119   12.052   30.918   41.885   44.121   39.121   38.278   38.714   42.887
   0.062   1.000   0.333    1.37   0.0000    4   17.010   98.023   41.369   41.235   41.378   38.717   37.959   38.497   41.569   32.458   31.885   24.000    8.934   10.399   26.975   39.881   40.798   38.302   37.615   38.068   40.879
   0.062   1.000   0.333    1.37   0.0000    4   18.008   91.525   36.116   36.562   36.086   35.974   35.124   35.602   38.851   30.753   30.395   24.000   12.681   15.402   34.397   35.296   35.562   35.382   34.614   35.032   37.985
   0.062   1.000   0.333    1.37   0.0000    4   19.005   86.929   32.816   33.101   32.797   33.660   33.102   33.583   34.893   29.911   29.698   24.000    8.773   10.527   24.967   32.009   32.327   33.040   32.534   32.960   34.154
   0.062   1.000   0.333    1.37   0.0000    4   20.006   84.790   31.294   31.258   31.296   32.561   32.122   32.617   33.388   29.553   29.399   24.000    5.958    7.095   17.552   30.640   31.015   32.115   31.717   32.157   32.861
   0.062   1.000   0.333    1.37   0.0000    4   21.001   83.086   29.935   29.042   29.995   31.651   31.221   31.734   32.310   29.418   29.299   24.000    3.659    4.275   13.007   28.296   29.617   31.061   30.670   31.129   31.656
   0.062   1.000   0.333    1.37   0.0000    4   22.022   82.282   29.221   28.037   29.300   31.228   30.800   31.313   31.793   28.930   28.798   24.000    2.505    2.930   10.611   27.354   28.938   30.630   30.241   30.700   31.140
   0.062   1.000   0.333    1.37   0.0000    4   23.020   81.531   28.532   27.080   28.629   30.754   30.347   30.834   31.256   28.773   28.698   24.000    2.493    3.061   10.646   26.523   28.311   30.189   29.819   30.254   30.641
   0.062   1.000   0.333    1.37   0.0000    4   24.028   80.959   27.990   26.353   28.100   30.453   30.078   30.525   30.964   28.774   28.600   24.000    1.150    0.907    7.355   25.914   27.826   29.916   29.576   29.975   30.377
   0.062   1.000   0.333    1.37   0.0000    5    1.010   80.406   27.474   25.755   27.589   30.039   29.678   30.073   30.516   28.436   28.298   24.000    1.610    1.606    8.539   25.354   27.329   29.508   29.180   29.534   29.939
   0.062   1.000   0.333    1.37   0.0000    5    2.034   79.991   27.091   25.376   27.205   29.610   29.266   29.618   30.043   28.068   28.093   24.000    2.522    2.941   10.578   24.999   26.957   29.096   28.784   29.100   29.488
   0.062   1.000   0.333    1.37   0.0000    5    3.029   79.430   26.585   24.871   26.699   29.275   28.956   29.305   29.682   27.901   27.897   24.000    1.223    1.011    7.187   24.528   26.467   28.762   28.473   28.786   29.130
   0.062   1.000   0.333    1.37   0.0000    5    4.024   79.011   26.204   24.505   26.317   28.940   28.639   28.970   29.318   27.730   27.795   24.000    1.245    1.047    7.172   24.190   26.098   28.439   28.166   28.463   28.780
   0.062   1.000   0.333    1.37   0.0000    5    5.019   78.622   25.855   24.177   25.967   28.602   28.317   28.628   28.951   27.482   27.608   24.000    1.254    1.063    7.128   23.874   25.755   28.107   27.849   28.128   28.423
   0.062   1.000   0.333    1.37   0.0000    5    6.010   78.378   25.630   24.007   25.738   28.333   28.063   28.355   28.656   27.209   27.999   24.000    1.252    1.057    7.005   23.754   25.551   27.869   27.624   27.887   28.161
   0.062   1.000   0.333    1.37   0.0000    5    7.023   78.146   25.419   23.848   25.524   28.067   27.809   28.084   28.364   26.933   27.895   24.000    1.242    1.047    6.883   23.605   25.344   27.616   27.383   27.629   27.885
   0.062   1.000   0.333    1.37   0.0000    5    8.035   79.322   26.195   24.358   26.318   28.386   28.127   28.483   28.645   26.885   27.704   24.000    1.174    0.876    4.652   24.085   26.118   27.957   27.722   28.043   28.192
   0.062   1.000   0.333    1.37   0.0000    5    9.011   85.229   30.459   27.469   30.659   30.710   30.212   32.821   30.661   28.107   27.813   24.000    1.565    2.571   11.529   26.969   30.329   30.327   29.874   32.229   30.275
   0.062   1.000   0.333    1.37   0.0000    5   10.022   91.999   35.806   32.270   36.042   33.497   32.797   37.439   33.078   29.545   29.032   24.000    5.159    6.069   19.053   31.395   35.539   33.165   32.521   36.728   32.750
   0.062   1.000   0.333    1.37   0.0000    5   11.014   97.236   40.019   36.658   40.244   36.170   35.472   39.545   35.720   31.189   30.513   24.000    7.133    8.336   23.953   35.427   39.603   35.820   35.173   38.873   35.367
   0.062   1.000   0.333    1.37   0.0000    5   12.014  101.902   44.263   41.089   44.475   38.299   37.400   38.835   40.307   32.252   31.406   24.000    8.158    9.504   26.132   39.549   43.702   37.996   37.178   38.423   39.794
   0.062   1.000   0.333    1.37   0.0000    5   13.010  104.198   46.640   44.024   46.814   39.491   38.373   39.977   40.225   32.669   31.803   24.000    9.048   10.495   27.831   42.267   45.959   39.198   38.168   39.591   39.839
   0.062   1.000   0.333    1.37   0.0000    5   14.011  102.751   45.114   44.449   45.158   39.967   39.187   40.193   40.734   33.053   32.107   24.000   11.009   13.188   33.339   43.055   44.547   39.755   39.038   39.940   40.437
   0.062   1.000   0.333    1.37   0.0000    5   15.007  106.942   49.110   46.378   49.292   41.022   39.934   40.701   43.479   33.614   32.701   24.000    6.502    7.282   22.064   44.359   48.316   40.676   39.681   40.315   42.890
   0.062   1.000   0.333    1.37   0.0000    5   16.008  103.711   46.294   45.307   46.360   40.398   39.391   39.913   44.542   33.762   32.897   24.000    9.118   10.643   28.343   43.389   45.497   39.968   39.053   39.456   43.715
   0.062   1.000   0.333    1.37   0.0000    5   17.002   98.288   41.578   42.047   41.547   38.906   38.413   38.728   41.870   33.124   32.498   24.000    9.957   11.840   29.347   40.690   40.992   38.518   38.069   38.323   41.195
   0.062   1.000   0.333    1.37   0.0000    5   18.013   93.237   37.591   37.981   37.565   36.609   36.113   36.468   39.743   31.969   31.587   24.000    9.743   11.586   28.146   36.591   36.984   36.033   35.581   35.885   38.867
   0.062   1.000   0.333    1.37   0.0000    5   19.009   88.108   33.816   34.412   33.777   34.245   33.908   34.275   35.621   30.811   30.596   24.000    8.755   10.496   24.964   33.357   33.337   33.696   33.389   33.711   34.939
   0.062   1.000   0.333    1.37   0.0000    5   20.015   85.383   31.855   31.929   31.850   32.920   32.543   33.002   33.815   30.347   30.196   24.000    4.933    5.754   15.242   31.081   31.471   32.383   32.040   32.447   33.191
   0.062   1.000   0.333    1.37   0.0000    5   21.025   83.961   30.666   30.220   30.696   32.138   31.773   32.227   32.839   29.977   29.883   24.000    4.775    5.652   15.401   29.496   30.347   31.601   31.270   31.673   32.234
   0.062   1.000   0.333    1.37   0.0000    5   22.009   82.916   29.780   28.819   29.844   31.661   31.287   31.749   32.293   29.384   29.198   24.000    1.394    1.777    8.394   28.182   29.511   31.107   30.767   31.178   31.677
   0.062   1.000   0.333    1.37   0.0000    5   23.016   82.087   29.027   27.741   29.113   31.215   30.864   31.294   31.826   29.188   29.000   24.000    1.012    0.778    7.330   27.197   28.808   30.666   30.346   30.729   31.217
   0.062   1.000   0.333    1.37   0.0000    5   24.026   81.444   28.420   26.965   28.517   30.823   30.490   30.893   31.395   29.175   29.000   24.000    1.123    0.902    7.399   26.494   28.238   30.284   29.981   30.340   30.800
   0.062   1.000   0.333    1.37   0.0000    6    1.010   80.824   27.846   26.299   27.949   30.366   30.041   30.398   30.890   28.743   28.598   24.000    1.591    1.604    8.568   25.865   27.682   29.831   29.535   29.854   30.305
   0.062   1.000   0.333    1.37   0.0000    6    2.020   80.385   27.438   25.879   27.542   29.927   29.614   29.934   30.402   28.385   28.396   24.000    2.534    2.960   10.637   25.474   27.288   29.409   29.125   29.411   29.838
   0.062   1.000   0.333    1.37   0.0000    6    3.030   79.808   26.918   25.355   27.022   29.589   29.299   29.618   30.035   28.241   28.197   24.000    1.207    1.014    7.239   24.985   26.785   29.072   28.809   29.094   29.475
   0.062   1.000   0.333    1.37   0.0000    6    4.039   79.372   26.519   24.967   26.622   29.247   28.974   29.276   29.662   28.091   28.092   24.000    1.234    1.056    7.228   24.627   26.399   28.740   28.493   28.763   29.115
   0.062   1.000   0.333    1.37   0.0000    6    5.049   78.963   26.149   24.614   26.252   28.896   28.638   28.922   29.279   27.850   27.925   24.000    1.247    1.076    7.181   24.289   26.037   28.397   28.163   28.417   28.744
   0.062   1.000   0.333    1.37   0.0000    6    6.009   78.713   25.916   24.432   26.015   28.627   28.382   28.648   28.981   27.591   28.398   24.000    1.248    1.073    7.055   24.164   25.828   28.161   27.939   28.178   28.481
   0.062   1.000   0.333    1.37   0.0000    6    7.013   78.448   25.678   24.238   25.774   28.346   28.112   28.362   28.673   27.315   28.197   24.000    1.240    1.068    6.955   23.976   25.592   27.889   27.678   27.903   28.185
   0.062   1.000   0.333    1.37   0.0000    6    8.064   79.802   26.577   24.819   26.694   28.735   28.490   28.898   29.012   27.273   28.000   24.000    1.163    0.875    5.046   24.523   26.489   28.302   28.081   28.446   28.553
   0.062   1.000   0.333    1.37   0.0000    6    9.011   85.492   30.684   27.803   30.876   30.980   30.485   33.072   30.938   28.315   28.013   24.000    1.557    2.574   11.539   27.284   30.543   30.588   30.138   32.473   30.542
   0.062   1.000   0.333    1.37   0.0000    6   10.005   92.102   35.900   32.454   36.130   33.701   32.980   37.612   33.266   29.615   29.108   24.000    5.134    6.031   18.973   31.568   35.626   33.357   32.693   36.892   32.928
   0.062   1.000   0.333    1.37   0.0000    6   11.018   97.385   40.147   36.841   40.367   36.385   35.666   39.708   35.917   31.297   30.614   24.000    7.139    8.340   23.963   35.600   39.724   36.024   35.358   39.030   35.554
   0.062   1.000   0.333    1.37   0.0000    6   12.010  101.951   44.301   41.173   44.509   38.477   37.532   38.946   40.441   32.253   31.404   24.000    8.157    9.501   26.131   39.625   43.735   38.158   37.297   38.526   39.918
   0.062   1.000   0.333    1.37   0.0000    6   13.013  104.234   46.667   44.083   46.839   39.666   38.493   40.070   40.330   32.670   31.804   24.000    9.054   10.501   27.845   42.321   45.983   39.358   38.279   39.676   39.935
   0.062   1.000   0.333    1.37   0.0000    6   14.011  102.787   45.144   44.501   45.186   40.110   39.292   40.278   40.824   33.060   32.107   24.000   11.009   13.187   33.339   43.103   44.574   39.886   39.134   40.019   40.520
   0.062   1.000   0.333    1.37   0.0000    6   15.001  106.985   49.144   46.423   49.326   41.188   40.039   40.790   43.554   33.610   32.700   24.000    6.495    7.273   22.053   44.400   48.349   40.828   39.777   40.397   42.959
   0.062   1.000   0.333    1.37   0.0000    6   16.005  103.751   46.324   45.339   46.389   40.546   39.480   39.990   44.618   33.765   32.898   24.000    9.116   10.639   28.341   43.419   45.526   40.103   39.135   39.528   43.785
   0.062   1.000   0.333    1.37   0.0000    6   17.007   98.280   41.569   42.040   41.537   39.001   38.477   38.782   41.921   33.120   32.494   24.000    9.956   11.838   29.342   40.683   40.982   38.604   38.126   38.371   41.240
   0.062   1.000   0.333    1.37   0.0000    6   18.001   93.299   37.634   38.020   37.608   36.728   36.203   36.548   39.841   32.000   31.599   24.000    9.755   11.598   28.179   36.626   37.025   36.143   35.664   35.960   38.958
   0.062   1.000   0.333    1.37   0.0000    6   19.011   88.114   33.817   34.411   33.778   34.319   33.968   34.326   35.671   30.815   30.595   24.000    8.746   10.484   24.946   33.357   33.338   33.763   33.443   33.758   34.985
   0.062   1.000   0.333    1.37   0.0000    6   20.001   85.390   31.856   31.928   31.851   32.993   32.606   33.057   33.863   30.356   30.200   24.000    4.933    5.756   15.244   31.081   31.472   32.450   32.097   32.497   33.235
   0.062   1.000   0.333    1.37   0.0000    6   21.001   83.993   30.690   30.254   30.719   32.219   31.845   32.291   32.906   29.993   29.899   24.000    4.850    5.747   15.571   29.528   30.370   31.676   31.336   31.733   32.297
   0.062   1.000   0.333    1.37   0.0000    6   22.012   82.961   29.819   28.885   29.881   31.750   31.365   31.821   32.372   29.386   29.198   24.000    1.385    1.794    8.396   28.242   29.547   31.190   30.840   31.245   31.751
   0.062   1.000   0.333    1.37   0.0000    6   23.018   82.132   29.068   27.820   29.151   31.300   30.940   31.363   31.903   29.192   29.000   24.000    0.998    0.781    7.340   27.269   28.844   30.744   30.417   30.793   31.289
   0.062   1.000   0.333    1.37   0.0000    6   24.005   81.488   28.459   27.048   28.553   30.905   30.564   30.960   31.470   29.176   29.000   24.000    1.112    0.894    7.410   26.569   28.272   30.360   30.050   30.403   30.870
   0.062   1.000   0.333    1.37   0.0000    7    1.021   80.844   27.862   26.362   27.962   30.471   30.148   30.518   30.993   28.867   28.694   24.000    1.161    0.956    7.380   25.928   27.698   29.930   29.637   29.967   30.401
   0.062   1.000   0.333    1.37   0.0000    7    2.011   80.491   27.528   26.048   27.626   29.968   29.659   30.008   30.384   28.374   28.399   24.000    3.547    4.323   12.831   25.626   27.370   29.450   29.170   29.482   29.826
   0.062   1.000   0.333    1.37   0.0000    7    3.016   79.937   27.030   25.542   27.129   29.651   29.351   29.686   30.042   28.203   28.302   24.000    1.588    1.589    8.397   25.161   26.890   29.136   28.864   29.164   29.490
   0.062   1.000   0.333    1.37   0.0000    7    4.021   79.499   26.629   25.169   26.727   29.344   29.064   29.373   29.734   28.081   28.394   24.000    1.214    1.037    7.188   24.829   26.508   28.843   28.589   28.866   29.196
   0.062   1.000   0.333    1.37   0.0000    7    5.027   79.211   26.364   24.931   26.460   29.027   28.756   29.051   29.366   27.858   28.111   24.000    1.621    1.624    8.355   24.617   26.254   28.545   28.299   28.564   28.851
   0.062   1.000   0.333    1.37   0.0000    7    6.032   78.937   26.116   24.741   26.207   28.730   28.470   28.749   29.032   27.532   28.494   24.000    1.626    1.641    8.278   24.457   26.018   28.270   28.034   28.285   28.543
   0.062   1.000   0.333    1.37   0.0000    7    7.023   78.674   25.881   24.548   25.970   28.430   28.180   28.445   28.700   27.211   28.295   24.000    1.711    1.779    8.418   24.271   25.785   27.982   27.756   27.993   28.225
   0.062   1.000   0.333    1.37   0.0000    7    8.013   80.191   27.016   25.512   27.116   28.715   28.506   28.752   28.943   28.043   28.103   24.000    5.897    7.460   17.454   25.171   26.900   28.311   28.122   28.344   28.518
   0.062   1.000   0.333    1.37   0.0000    7    9.009   85.124   30.460   28.177   30.612   30.788   30.325   32.735   30.719   28.522   28.308   24.000    4.994    5.752   17.432   27.554   30.258   30.365   29.944   32.120   30.297
   0.062   1.000   0.333    1.37   0.0000    7   10.013   92.468   36.220   32.683   36.456   33.807   33.043   37.727   33.284   29.707   29.112   24.000    4.104    4.879   16.705   31.688   35.902   33.426   32.721   36.971   32.914
   0.062   1.000   0.333    1.37   0.0000    7   11.005   98.792   41.330   37.014   41.617   36.749   35.946   40.246   36.062   30.781   30.005   24.000    4.411    5.112   17.740   35.588   40.856   36.334   35.589   39.498   35.657
   0.062   1.000   0.333    1.37   0.0000    7   12.012  105.003   46.983   41.955   47.318   39.212   38.295   39.881   41.165   31.914   31.007   24.000    4.714    5.352   18.510   40.177   46.371   38.886   38.045   39.418   40.629
   0.062   1.000   0.333    1.37   0.0000    7   13.013  106.991   49.160   44.822   49.449   40.329   39.174   40.977   40.831   32.593   31.607   24.000    6.512    7.379   22.339   42.762   48.396   39.971   38.899   40.500   40.393
   0.062   1.000   0.333    1.37   0.0000    7   14.013  105.732   47.790   45.046   47.973   40.888   39.952   41.108   41.244   33.197   32.107   24.000    7.430    8.567   24.655   43.061   47.019   40.451   39.586   40.621   40.758
   0.062   1.000   0.333    1.37   0.0000    7   15.007  108.550   50.595   46.930   50.840   41.810   40.512   41.384   43.971   33.675   32.601   24.000    5.808    6.513   20.579   44.688   49.730   41.374   40.188   40.913   43.319
   0.062   1.000   0.333    1.37   0.0000    7   16.011  107.401   49.585   46.736   49.775   41.884   40.554   41.198   45.796   33.761   32.799   24.000    5.742    6.383   20.252   44.750   48.807   41.514   40.304   40.798   45.047
   0.062   1.000   0.333    1.37   0.0000    7   17.011  102.774   45.557   43.859   45.671   40.743   39.820   40.400   43.531   33.540   32.698   24.000    4.734    5.194   17.242   42.110   44.851   40.265   39.425   39.897   42.784
   0.062   1.000   0.333    1.37   0.0000    7   18.003   98.061   41.822   40.713   41.895   38.865   38.074   38.663   42.030   33.091   32.497   24.000    4.474    4.891   16.365   39.144   41.170   38.321   37.600   38.097   41.182
   0.062   1.000   0.333    1.37   0.0000    7   19.008   89.835   35.364   35.656   35.344   35.330   34.903   35.313   36.677   31.550   31.297   24.000    9.666   11.579   27.037   34.535   34.860   34.777   34.387   34.744   35.993
   0.062   1.000   0.333    1.37   0.0000    7   20.008   87.263   33.507   33.521   33.506   34.161   33.691   34.203   34.991   31.081   30.898   24.000    4.941    5.638   14.718   32.824   33.189   33.734   33.307   33.758   34.482
   0.062   1.000   0.333    1.37   0.0000    7   21.011   85.236   31.867   31.023   31.923   33.139   32.661   33.193   33.802   30.874   30.693   24.000    2.512    3.020   10.587   30.220   31.520   32.564   32.128   32.599   33.161
   0.062   1.000   0.333    1.37   0.0000    7   22.019   84.355   31.080   29.941   31.156   32.728   32.278   32.780   33.353   30.244   29.993   24.000    0.785    1.607    7.243   29.259   30.793   32.165   31.755   32.200   32.729
   0.062   1.000   0.333    1.37   0.0000    7   23.019   83.227   30.064   28.578   30.163   32.110   31.687   32.155   32.684   29.814   29.598   24.000    0.974    1.209    7.371   28.003   29.833   31.549   31.163   31.579   32.066
   0.062   1.000   0.333    1.37   0.0000    7   24.020   82.433   29.315   27.657   29.426   31.643   31.243   31.681   32.171   29.686   29.501   24.000    1.099    0.812    7.435   27.161   29.125   31.089   30.725   31.114   31.565
   0.062   1.000   0.333    1.37   0.0000    8    1.029   81.664   28.600   26.862   28.716   31.117   30.728   31.116   31.598   29.247   29.091   24.000    1.603    1.618    8.654   26.406   28.431   30.563   30.209   30.554   30.997
   0.062   1.000   0.333    1.37   0.0000    8    2.042   81.076   28.056   26.324   28.172   30.609   30.271   30.584   31.042   28.832   28.796   24.000    2.504    2.951   10.158   25.902   27.902   30.069   29.761   30.041   30.460
   0.062   1.000   0.333    1.37   0.0000    8    3.041   80.447   27.478   25.728   27.594   30.240   29.897   30.241   30.645   28.775   28.692   24.000    1.224    1.007    7.337   25.354   27.346   29.704   29.393   29.700   30.070
   0.062   1.000   0.333    1.37   0.0000    8    4.040   79.944   27.014   25.271   27.131   29.861   29.540   29.864   30.236   28.645   28.488   24.000    1.258    1.063    7.337   24.927   26.897   29.334   29.041   29.332   29.672
   0.062   1.000   0.333    1.37   0.0000    8    5.038   79.468   26.585   24.858   26.700   29.474   29.170   29.475   29.820   28.346   28.234   24.000    1.270    1.083    7.290   24.530   26.475   28.951   28.676   28.948   29.264
   0.062   1.000   0.333    1.37   0.0000    8    6.037   79.230   26.355   24.706   26.464   29.202   28.914   29.200   29.520   28.114   29.093   24.000    1.274    1.083    7.140   24.458   26.278   28.726   28.465   28.721   29.013
   0.062   1.000   0.333    1.37   0.0000    8    7.013   78.953   26.101   24.518   26.207   28.906   28.633   28.901   29.199   27.870   28.897   24.000    1.270    1.086    7.038   24.276   26.027   28.440   28.193   28.433   28.705
   0.062   1.000   0.333    1.37   0.0000    8    8.016   79.978   26.770   24.962   26.890   29.169   28.899   29.194   29.428   27.832   28.695   24.000    1.215    0.960    4.534   24.694   26.694   28.724   28.479   28.744   28.958
   0.062   1.000   0.333    1.37   0.0000    8    9.013   85.924   31.048   28.052   31.248   31.522   30.960   33.560   31.417   28.725   28.411   24.000    1.577    2.568   11.538   27.534   30.910   31.110   30.598   32.945   31.006
   0.062   1.000   0.333    1.37   0.0000    8   10.007   92.386   36.140   32.625   36.374   34.184   33.365   37.993   33.651   29.730   29.210   24.000    5.143    6.042   19.011   31.730   35.864   33.809   33.056   37.253   33.291
   0.062   1.000   0.333    1.37   0.0000    8   11.011   97.511   40.251   36.908   40.474   36.765   35.949   39.989   36.205   31.296   30.609   24.000    7.136    8.335   23.963   35.661   39.827   36.373   35.619   39.290   35.820
   0.062   1.000   0.333    1.37   0.0000    8   12.009  102.041   44.373   41.206   44.584   38.846   37.772   39.189   40.666   32.262   31.404   24.000    8.158    9.501   26.139   39.655   43.807   38.496   37.518   38.749   40.125
   0.062   1.000   0.333    1.37   0.0000    8   13.014  104.269   46.686   44.042   46.862   40.007   38.684   40.256   40.482   32.673   31.804   24.000    9.055   10.503   27.855   42.283   46.005   39.668   38.453   39.846   40.074
   0.062   1.000   0.333    1.37   0.0000    8   14.007  102.786   45.133   44.428   45.180   40.370   39.444   40.429   40.930   33.065   32.104   24.000   11.029   13.216   33.393   43.036   44.568   40.121   39.272   40.155   40.615
   0.062   1.000   0.333    1.37   0.0000    8   15.009  106.980   49.124   46.323   49.311   41.492   40.189   40.943   43.679   33.615   32.702   24.000    6.508    7.293   22.100   44.309   48.335   41.102   39.913   40.535   43.072
   0.062   1.000   0.333    1.37   0.0000    8   16.000  103.794   46.347   45.276   46.419   40.841   39.620   40.138   44.746   33.768   32.900   24.000    9.110   10.633   28.336   43.361   45.554   40.372   39.262   39.663   43.904
   0.062   1.000   0.333    1.37   0.0000    8   17.006   98.281   41.556   41.946   41.531   39.209   38.595   38.902   42.015   33.122   32.494   24.000    9.955   11.838   29.345   40.597   40.976   38.792   38.232   38.480   41.326
   0.062   1.000   0.333    1.37   0.0000    8   18.012   93.244   37.581   37.890   37.560   36.889   36.285   36.633   39.885   31.981   31.582   24.000    9.744   11.587   28.152   36.507   36.979   36.287   35.736   36.035   38.996
   0.062   1.000   0.333    1.37   0.0000    8   19.009   87.794   33.535   34.092   33.497   34.298   33.902   34.258   35.588   30.328   30.096   24.000    8.756   10.478   25.006   33.033   33.055   33.715   33.353   33.667   34.880
   0.062   1.000   0.333    1.37   0.0000    8   20.019   85.017   31.532   31.525   31.532   32.937   32.502   32.962   33.746   29.858   29.694   24.000    4.941    5.750   15.173   30.681   31.152   32.367   31.971   32.379   33.097
   0.062   1.000   0.333    1.37   0.0000    8   21.012   83.568   30.318   29.764   30.354   32.121   31.703   32.159   32.739   29.499   29.398   24.000    4.815    5.682   15.464   29.050   30.006   31.554   31.174   31.581   32.112
   0.062   1.000   0.333    1.37   0.0000    8   22.006   82.706   29.577   28.458   29.652   31.742   31.318   31.781   32.298   29.373   29.199   24.000    1.425    1.677    8.449   27.855   29.328   31.172   30.787   31.199   31.674
   0.062   1.000   0.333    1.37   0.0000    8   23.027   81.947   28.878   27.437   28.974   31.325   30.929   31.359   31.866   29.283   29.097   24.000    1.073    0.820    7.404   26.928   28.678   30.763   30.403   30.786   31.251
   0.062   1.000   0.333    1.37   0.0000    8   24.003   81.323   28.291   26.686   28.398   30.929   30.554   30.956   31.434   29.178   29.003   24.000    1.159    0.930    7.435   26.242   28.125   30.375   30.034   30.393   30.831
   0.062   1.000   0.333    1.37   0.0000    9    1.004   80.732   27.746   26.064   27.859   30.471   30.106   30.463   30.934   28.748   28.599   24.000    1.606    1.602    8.583   25.653   27.597   29.922   29.591   29.910   30.341
   0.062   1.000   0.333    1.37   0.0000    9    2.023   80.311   27.359   25.683   27.471   30.022   29.673   29.993   30.441   28.382   28.395   24.000    2.537    2.951   10.646   25.297   27.221   29.492   29.175   29.461   29.871
   0.062   1.000   0.333    1.37   0.0000    9    3.012   79.746   26.849   25.182   26.960   29.681   29.359   29.677   30.076   28.244   28.199   24.000    1.226    1.025    7.266   24.829   26.726   29.153   28.860   29.145   29.510
   0.062   1.000   0.333    1.37   0.0000    9    4.002   79.332   26.472   24.828   26.581   29.347   29.043   29.346   29.714   28.106   28.099   24.000    1.250    1.064    7.258   24.502   26.360   28.830   28.554   28.825   29.162
   0.062   1.000   0.333    1.37   0.0000    9    5.035   78.922   26.106   24.487   26.214   28.989   28.701   28.986   29.329   27.868   27.790   24.000    1.260    1.084    7.223   24.165   25.997   28.475   28.214   28.469   28.782
   0.062   1.000   0.333    1.37   0.0000    9    6.033   78.557   25.781   24.192   25.887   28.646   28.374   28.641   28.960   27.583   27.493   24.000    1.261    1.091    7.160   23.888   25.679   28.144   27.898   28.137   28.428
   0.062   1.000   0.333    1.37   0.0000    9    7.040   78.271   25.521   23.954   25.626   28.339   28.080   28.331   28.627   27.275   27.304   24.000    1.255    1.084    7.043   23.663   25.425   27.849   27.615   27.839   28.110
   0.062   1.000   0.333    1.37   0.0000    9    8.047   79.495   26.328   24.475   26.451   28.672   28.405   28.780   28.915   27.209   27.428   24.000    1.190    0.919    4.094   24.174   26.239   28.215   27.974   28.310   28.435
   0.062   1.000   0.333    1.37   0.0000    9    9.005   85.334   30.539   27.563   30.737   31.018   30.456   33.020   30.896   28.290   28.006   24.000    1.554    2.537   11.486   27.066   30.410   30.617   30.105   32.419   30.498
   0.062   1.000   0.333    1.37   0.0000    9   10.011   92.059   35.847   32.323   36.082   33.831   32.990   37.595   33.262   29.628   29.115   24.000    5.135    6.041   19.002   31.449   35.581   33.473   32.700   36.875   32.922
   0.062   1.000   0.333    1.37   0.0000    9   11.007   97.229   39.999   36.652   40.222   36.457   35.616   39.631   35.855   31.183   30.507   24.000    7.127    8.328   23.945   35.421   39.583   36.079   35.303   38.950   35.487
   0.062   1.000   0.333    1.37   0.0000    9   12.002  101.864   44.209   41.027   44.421   38.618   37.505   38.902   40.380   32.245   31.401   24.000    8.147    9.492   26.117   39.491   43.651   38.282   37.269   38.481   39.858
   0.062   1.000   0.333    1.37   0.0000    9   13.009  104.167   46.595   43.933   46.772   39.837   38.463   40.017   40.222   32.667   31.803   24.000    9.043   10.490   27.827   42.184   45.919   39.511   38.249   39.625   39.835
   0.062   1.000   0.333    1.37   0.0000    9   14.004  102.680   45.038   44.326   45.086   40.213   39.251   40.218   40.685   33.048   32.102   24.000   11.045   13.240   33.433   42.943   44.477   39.975   39.093   39.959   40.390
   0.062   1.000   0.333    1.37   0.0000    9   15.006  106.903   49.056   46.242   49.244   41.365   40.000   40.734   43.453   33.606   32.701   24.000    6.494    7.278   22.069   44.234   48.270   40.984   39.740   40.342   42.864
   0.062   1.000   0.333    1.37   0.0000    9   16.002  103.549   46.138   44.857   46.223   40.592   39.310   39.811   44.410   33.756   32.899   24.000    9.102   10.635   28.320   42.977   45.366   40.137   38.972   39.357   43.589
   0.062   1.000   0.333    1.37   0.0000    9   17.009   98.157   41.450   41.702   41.433   39.031   38.373   38.672   41.788   33.113   32.492   24.000    9.951   11.839   29.336   40.375   40.882   38.626   38.027   38.266   41.116
   0.062   1.000   0.333    1.37   0.0000    9   18.009   93.167   37.512   37.735   37.498   36.747   36.106   36.443   39.707   31.978   31.587   24.000    9.744   11.590   28.153   36.366   36.919   36.155   35.572   35.860   38.832
   0.062   1.000   0.333    1.37   0.0000    9   19.012   87.624   33.395   33.779   33.369   34.077   33.654   34.003   35.343   30.324   30.095   24.000    8.745   10.476   24.959   32.749   32.932   33.508   33.122   33.430   34.652
   0.062   1.000   0.333    1.37   0.0000    9   20.012   84.898   31.429   31.297   31.438   32.746   32.296   32.741   33.537   29.857   29.696   24.000    4.925    5.752   15.198   30.475   31.061   32.189   31.780   32.175   32.904
   0.062   1.000   0.333    1.37   0.0000    9   21.008   83.478   30.239   29.596   30.282   31.949   31.520   31.961   32.559   29.495   29.399   24.000    4.867    5.709   15.495   28.898   29.937   31.395   31.005   31.398   31.945
   0.062   1.000   0.333    1.37   0.0000    9   22.013   82.648   29.524   28.338   29.603   31.591   31.158   31.604   32.142   29.463   29.301   24.000    1.441    1.599    8.435   27.753   29.284   31.036   30.642   31.040   31.533
   0.062   1.000   0.333    1.37   0.0000    9   23.013   81.960   28.879   27.398   28.978   31.222   30.816   31.231   31.758   29.576   29.399   24.000    1.119    0.888    7.414   26.913   28.691   30.680   30.311   30.680   31.164
   0.062   1.000   0.333    1.37   0.0000    9   24.019   81.367   28.317   26.693   28.425   30.844   30.460   30.848   31.345   29.474   29.301   24.000    1.193    0.983    7.419   26.268   28.159   30.309   29.960   30.306   30.762
   0.062   1.000   0.333    1.37   0.0000   10    1.006   80.745   27.753   26.060   27.866   30.373   30.002   30.347   30.832   28.850   28.698   24.000    1.616    1.611    8.561   25.655   27.606   29.837   29.500   29.808   30.251
   0.062   1.000   0.333    1.37   0.0000   10    2.040   80.281   27.336   25.649   27.449   29.907   29.582   29.862   30.321   28.387   28.404   24.000    2.516    2.928   10.114   25.266   27.200   29.387   29.092   29.342   29.761
   0.062   1.000   0.333    1.37   0.0000   10    3.019   79.744   26.846   25.175   26.957   29.581   29.253   29.559   29.969   28.252   28.496   24.000    1.231    1.027    7.204   24.842   26.731   29.071   28.774   29.048   29.422
   0.062   1.000   0.333    1.37   0.0000   10    4.039   79.310   26.451   24.802   26.561   29.234   28.925   29.216   29.594   28.092   28.288   24.000    1.253    1.065    7.194   24.491   26.346   28.732   28.452   28.712   29.057
   0.062   1.000   0.333    1.37   0.0000   10    5.018   78.902   26.086   24.456   26.195   28.883   28.591   28.864   29.215   27.851   28.007   24.000    1.264    1.085    7.158   24.152   25.985   28.385   28.120   28.365   28.685
   0.062   1.000   0.333    1.37   0.0000   10    6.039   78.641   25.846   24.273   25.950   28.598   28.322   28.578   28.905   27.568   28.392   24.000    1.262    1.079    7.036   24.020   25.766   28.132   27.882   28.111   28.409
   0.062   1.000   0.333    1.37   0.0000   10    7.046   78.404   25.627   24.094   25.729   28.319   28.057   28.297   28.601   27.285   28.191   24.000    1.252    1.070    6.897   23.848   25.549   27.864   27.627   27.842   28.118
   0.062   1.000   0.333    1.37   0.0000   10    8.001   79.311   26.215   24.467   26.332   28.536   28.281   28.506   28.788   27.226   28.000   24.000    1.202    0.952    4.556   24.200   26.138   28.101   27.870   28.073   28.329
   0.062   1.000   0.333    1.37   0.0000   10    9.015   85.444   30.632   27.670   30.829   31.019   30.433   33.013   30.868   28.315   28.017   24.000    1.580    2.572   11.559   27.164   30.498   30.622   30.089   32.417   30.477
   0.062   1.000   0.333    1.37   0.0000   10   10.010   92.073   35.859   32.361   36.092   33.828   32.946   37.549   33.206   29.627   29.115   24.000    5.136    6.041   19.003   31.484   35.590   33.471   32.661   36.834   32.868
   0.062   1.000   0.333    1.37   0.0000   10   11.015   97.343   40.100   36.743   40.324   36.504   35.622   39.634   35.857   31.288   30.612   24.000    7.133    8.336   23.958   35.510   39.683   36.130   35.317   38.961   35.498
   0.062   1.000   0.333    1.37   0.0000   10   12.008  101.934   44.275   41.106   44.487   38.673   37.503   38.900   40.359   32.251   31.403   24.000    8.154    9.498   26.131   39.564   43.714   38.335   37.270   38.482   39.841
   0.062   1.000   0.333    1.37   0.0000   10   13.016  104.204   46.631   44.012   46.805   39.906   38.465   40.013   40.192   32.673   31.805   24.000    9.059   10.510   27.863   42.256   45.951   39.574   38.252   39.623   39.808
   0.062   1.000   0.333    1.37   0.0000   10   14.001  102.705   45.066   44.393   45.111   40.258   39.246   40.215   40.638   33.063   32.101   24.000   11.061   13.261   33.473   43.004   44.502   40.016   39.090   39.958   40.349
   0.062   1.000   0.333    1.37   0.0000   10   15.001  106.951   49.100   46.303   49.286   41.433   39.995   40.740   43.407   33.610   32.700   24.000    6.489    7.271   22.056   44.290   48.311   41.047   39.737   40.351   42.824
   0.062   1.000   0.333    1.37   0.0000   10   16.002  103.738   46.297   45.230   46.368   40.788   39.441   39.953   44.510   33.764   32.899   24.000    9.111   10.636   28.340   43.319   45.506   40.321   39.098   39.494   43.686
   0.062   1.000   0.333    1.37   0.0000   10   17.014   98.205   41.495   41.893   41.468   39.118   38.420   38.725   41.815   33.111   32.488   24.000    9.952   11.836   29.334   40.548   40.916   38.706   38.070   38.315   41.141
   0.062   1.000   0.333    1.37   0.0000   10   18.018   93.161   37.513   37.819   37.493   36.795   36.121   36.465   39.688   31.964   31.582   24.000    9.738   11.583   28.133   36.443   36.914   36.198   35.585   35.879   38.814
   0.062   1.000   0.333    1.37   0.0000   10   19.013   88.036   33.741   34.238   33.708   34.360   33.913   34.272   35.587   30.808   30.595   24.000    8.738   10.480   24.925   33.199   33.271   33.797   33.391   33.707   34.905
   0.062   1.000   0.333    1.37   0.0000   10   20.014   85.302   31.772   31.732   31.774   33.014   32.548   32.999   33.777   30.345   30.196   24.000    4.920    5.757   15.252   30.902   31.398   32.465   32.041   32.441   33.153
   0.062   1.000   0.333    1.37   0.0000   10   21.015   83.894   30.595   30.030   30.633   32.224   31.782   32.228   32.813   29.980   29.889   24.000    4.879    5.702   15.472   29.324   30.288   31.677   31.275   31.672   32.208
   0.062   1.000   0.333    1.37   0.0000   10   22.009   82.853   29.713   28.626   29.785   31.750   31.299   31.754   32.274   29.381   29.199   24.000    1.413    1.744    8.397   28.007   29.455   31.185   30.775   31.181   31.658
   0.062   1.000   0.333    1.37   0.0000   10   23.025   82.055   28.985   27.585   29.079   31.316   30.893   31.316   31.827   29.283   29.098   24.000    1.051    0.795    7.361   27.062   28.778   30.759   30.375   30.752   31.221
   0.062   1.000   0.333    1.37   0.0000   10   24.009   81.409   28.379   26.816   28.483   30.913   30.513   30.910   31.392   29.178   29.002   24.000    1.143    0.911    7.406   26.359   28.206   30.364   30.001   30.354   30.796
