   0.444   1.000   2.000    1.37   0.0000    1    1.500   63.180  -68.610    0.000    9.999   14.943    7.631    7.813    7.815    7.675
   0.444   1.000   2.000    1.37   0.0000    1    2.504   55.022    0.015    0.000   13.433   14.352    8.078    8.187    8.198    8.126
   0.444   1.000   2.000    1.37   0.0000    1    3.503   50.827    1.604    0.000   14.529   14.519    8.510    8.583    8.598    8.551
   0.444   1.000   2.000    1.37   0.0000    1    4.523   48.230    2.588    0.000   15.485   14.822    9.030    9.092    9.105    9.065
   0.444   1.000   2.000    1.37   0.0000    1    5.519   45.646    3.278    0.000   16.216   15.152    9.542    9.618    9.629    9.570
   0.444   1.000   2.000    1.37   0.0000    1    6.506   32.535    2.705    0.000   16.358   15.361    9.920    9.968    9.982    9.940
   0.444   1.000   2.000    1.37   0.0000    1    7.524   51.316    4.604    0.000   17.527   15.987   10.663   10.719   10.716   10.675
   0.444   1.000   2.000    1.37   0.0000    1    8.510  103.723    9.792    0.000   19.287   17.431   12.019   11.976   12.386   11.974
   0.444   1.000   2.000    1.37   0.0000    1    9.515  212.198   18.425    0.000   23.522   20.701   14.489   14.299   15.925   14.419
   0.444   1.000   2.000    1.37   0.0000    1   10.509  310.928    7.037    0.000   29.134   25.671   17.923   17.744   20.360   17.987
   0.444   1.000   2.000    1.37   0.0000    1   11.500  483.059   13.775    0.000   36.560   33.475   24.079   23.953   27.243   24.763
   0.444   1.000   2.000    1.37   0.0000    1   12.500  571.004   44.119    0.000   39.959   37.845   27.070   26.930   28.860   29.010
   0.444   1.000   2.000    1.37   0.0000    1   13.503  417.503   40.254    0.000   42.465   39.764   25.953   25.633   26.887   27.228
   0.444   1.000   2.000    1.37   0.0000    1   14.500  435.017   74.178    0.000   44.347   40.646   28.190   27.849   28.936   30.281
   0.444   1.000   2.000    1.37   0.0000    1   15.502  443.490  105.033    0.000   44.129   40.237   29.425   29.001   30.385   32.760
   0.444   1.000   2.000    1.37   0.0000    1   16.503  258.147   86.940    0.000   41.665   37.173   27.791   27.318   28.308   31.036
   0.444   1.000   2.000    1.37   0.0000    1   17.501  128.264   44.169    0.000   38.860   34.737   26.931   26.539   27.374   29.142
   0.444   1.000   2.000    1.37   0.0000    1   18.504   38.984   18.476    0.000   35.661   32.570   25.814   25.510   26.207   27.350
   0.444   1.000   2.000    1.37   0.0000    1   19.505  -21.002    7.894    0.000   31.915   30.284   24.646   24.455   25.027   25.661
   0.444   1.000   2.000    1.37   0.0000    1   20.515  -28.707    1.829    0.000   29.284   28.831   24.119   23.915   24.443   24.904
   0.444   1.000   2.000    1.37   0.0000    1   21.520  -39.460   -3.827    0.000   26.826   27.742   23.685   23.473   23.983   24.325
   0.444   1.000   2.000    1.37   0.0000    1   22.509  -33.845   -3.913    0.000   25.348   27.077   23.467   23.281   23.743   24.076
   0.444   1.000   2.000    1.37   0.0000    1   23.521  -14.171   -1.049    0.000   24.809   26.690   23.460   23.294   23.732   24.023
   0.444   1.000   2.000    1.37   0.0000    2    0.512  -10.058   -0.967    0.000   24.114   26.293   23.408   23.246   23.664   23.932
   0.444   1.000   2.000    1.37   0.0000    2    1.512  -17.951   -1.960    0.000   23.360   25.855   23.287   23.151   23.538   23.772
   0.444   1.000   2.000    1.37   0.0000    2    2.502  -17.075   -1.549    0.000   22.962   25.555   23.250   23.101   23.471   23.695
   0.444   1.000   2.000    1.37   0.0000    2    3.524  -15.883   -1.342    0.000   22.503   25.277   23.174   23.040   23.382   23.591
   0.444   1.000   2.000    1.37   0.0000    2    4.510  -15.218   -1.445    0.000   22.149   25.044   23.119   22.988   23.310   23.505
   0.444   1.000   2.000    1.37   0.0000    2    5.539  -14.768   -1.503    0.000   21.838   24.824   23.064   22.937   23.238   23.420
   0.444   1.000   2.000    1.37   0.0000    2    6.526  -14.121   -1.534    0.000   21.603   24.641   23.018   22.894   23.177   23.346
   0.444   1.000   2.000    1.37   0.0000    2    7.512   -2.472   -0.896    0.000   21.754   24.685   23.145   23.024   23.291   23.447
   0.444   1.000   2.000    1.37   0.0000    2    8.507   60.313    3.184    0.000   23.655   25.836   24.111   23.910   24.542   24.331
   0.444   1.000   2.000    1.37   0.0000    2    9.510  174.811   10.215    0.000   28.075   28.887   26.168   25.819   27.665   26.318
   0.444   1.000   2.000    1.37   0.0000    2   10.513  272.067   20.712    0.000   33.139   32.639   28.625   28.196   31.030   28.805
   0.444   1.000   2.000    1.37   0.0000    2   11.503  386.943   57.892    0.000   38.851   37.309   31.483   30.981   34.578   31.853
   0.444   1.000   2.000    1.37   0.0000    2   12.505  446.072   88.662    0.000   41.847   40.808   33.511   32.996   34.693   35.648
   0.444   1.000   2.000    1.37   0.0000    2   13.502  394.707  107.917    0.000   43.756   42.695   34.250   33.705   35.048   35.555
   0.444   1.000   2.000    1.37   0.0000    2   14.501  434.011  110.905    0.000   46.458   44.037   36.175   35.600   36.923   38.388
   0.444   1.000   2.000    1.37   0.0000    2   15.502  424.685  110.157    0.000   46.222   44.115   37.170   36.581   38.212   40.462
   0.444   1.000   2.000    1.37   0.0000    2   16.500  226.901   90.906    0.000   43.993   41.106   35.072   34.460   35.522   38.272
   0.444   1.000   2.000    1.37   0.0000    2   17.508  124.887   69.902    0.000   40.846   38.198   34.218   33.723   34.575   36.261
   0.444   1.000   2.000    1.37   0.0000    2   18.507   20.863   43.367    0.000   36.423   35.304   32.592   32.178   32.885   33.917
   0.444   1.000   2.000    1.37   0.0000    2   19.505  -37.981   21.334    0.000   33.041   33.094   31.218   30.891   31.525   32.090
   0.444   1.000   2.000    1.37   0.0000    2   20.507  -46.210    8.370    0.000   30.681   31.792   30.423   30.134   30.726   31.150
   0.444   1.000   2.000    1.37   0.0000    2   21.508  -41.380    3.334    0.000   28.983   30.956   29.981   29.711   30.270   30.636
   0.444   1.000   2.000    1.37   0.0000    2   22.520  -36.726    0.455    0.000   27.669   30.361   29.692   29.435   29.967   30.312
   0.444   1.000   2.000    1.37   0.0000    2   23.502  -33.291   -1.158    0.000   26.745   29.888   29.470   29.226   29.730   30.058
   0.444   1.000   2.000    1.37   0.0000    3    0.514  -31.564   -1.592    0.000   25.980   29.426   29.241   29.008   29.480   29.785
   0.444   1.000   2.000    1.37   0.0000    3    1.515  -30.655   -1.842    0.000   25.450   29.007   29.019   28.795   29.228   29.518
   0.444   1.000   2.000    1.37   0.0000    3    2.501  -29.093   -1.981    0.000   24.954   28.623   28.800   28.590   28.996   29.258
   0.444   1.000   2.000    1.37   0.0000    3    3.529  -27.851   -2.361    0.000   24.563   28.314   28.616   28.412   28.799   29.045
   0.444   1.000   2.000    1.37   0.0000    3    4.516  -27.235   -2.528    0.000   24.222   28.018   28.423   28.227   28.592   28.820
   0.444   1.000   2.000    1.37   0.0000    3    5.532  -25.423   -2.707    0.000   24.006   27.772   28.255   28.067   28.412   28.624
   0.444   1.000   2.000    1.37   0.0000    3    6.547  -23.636   -2.858    0.000   23.850   27.543   28.088   27.909   28.231   28.428
   0.444   1.000   2.000    1.37   0.0000    3    7.509  -12.358   -2.229    0.000   24.008   27.546   28.089   27.916   28.220   28.401
   0.444   1.000   2.000    1.37   0.0000    3    8.525   51.482    2.392    0.000   25.873   28.721   28.948   28.687   29.362   29.151
   0.444   1.000   2.000    1.37   0.0000    3    9.540  163.967   18.158    0.000   30.035   31.435   30.680   30.237   32.119   30.763
   0.444   1.000   2.000    1.37   0.0000    3   10.502  262.961   43.096    0.000   34.847   34.655   32.718   32.215   35.033   32.787
   0.444   1.000   2.000    1.37   0.0000    3   11.500  353.661   75.315    0.000   39.487   38.293   34.666   34.089   37.587   34.801
   0.444   1.000   2.000    1.37   0.0000    3   12.501  415.429  107.571    0.000   42.934   41.925   36.247   35.645   37.261   38.244
   0.444   1.000   2.000    1.37   0.0000    3   13.502  385.234  129.583    0.000   44.654   43.681   36.988   36.374   37.721   38.090
   0.444   1.000   2.000    1.37   0.0000    3   14.500  404.523  126.608    0.000   47.102   44.692   38.374   37.682   38.930   40.360
   0.444   1.000   2.000    1.37   0.0000    3   15.502  394.495  123.435    0.000   46.886   44.748   39.308   38.584   40.127   42.457
   0.444   1.000   2.000    1.37   0.0000    3   16.504  218.890  107.839    0.000   44.585   41.818   37.472   36.789   37.846   40.478
   0.444   1.000   2.000    1.37   0.0000    3   17.502  116.074   85.084    0.000   41.288   38.802   36.412   35.840   36.711   38.287
   0.444   1.000   2.000    1.37   0.0000    3   18.502   14.607   54.839    0.000   36.985   35.993   34.730   34.250   34.981   35.923
   0.444   1.000   2.000    1.37   0.0000    3   19.504  -42.275   29.250    0.000   33.831   33.947   33.391   33.002   33.667   34.159
   0.444   1.000   2.000    1.37   0.0000    3   20.501  -51.249   13.538    0.000   31.356   32.583   32.503   32.159   32.779   33.122
   0.444   1.000   2.000    1.37   0.0000    3   21.500  -47.186    8.530    0.000   29.671   31.732   31.997   31.676   32.259   32.549
   0.444   1.000   2.000    1.37   0.0000    3   22.507  -43.269    5.737    0.000   28.251   31.040   31.595   31.301   31.841   32.114
   0.444   1.000   2.000    1.37   0.0000    3   23.504  -39.733    3.740    0.000   27.255   30.517   31.281   31.004   31.511   31.782
   0.444   1.000   2.000    1.37   0.0000    4    0.503  -39.432    2.338    0.000   26.309   29.994   30.939   30.678   31.152   31.404
   0.444   1.000   2.000    1.37   0.0000    4    1.513  -37.065    2.132    0.000   25.671   29.541   30.617   30.386   30.810   31.046
   0.444   1.000   2.000    1.37   0.0000    4    2.502  -34.110    1.913    0.000   25.189   29.139   30.326   30.106   30.499   30.721
   0.444   1.000   2.000    1.37   0.0000    4    3.502  -35.069    0.945    0.000   24.666   28.779   30.057   29.830   30.214   30.423
   0.444   1.000   2.000    1.37   0.0000    4    4.518  -33.992    0.572    0.000   24.241   28.436   29.777   29.563   29.924   30.114
   0.444   1.000   2.000    1.37   0.0000    4    5.507  -29.356   -0.691    0.000   24.138   28.217   29.579   29.388   29.714   29.888
   0.444   1.000   2.000    1.37   0.0000    4    6.505  -27.549   -2.305    0.000   24.026   28.013   29.392   29.209   29.513   29.681
   0.444   1.000   2.000    1.37   0.0000    4    7.502  -21.529   -1.672    0.000   23.949   27.940   29.299   29.114   29.408   29.564
   0.444   1.000   2.000    1.37   0.0000    4    8.506   42.237    4.828    0.000   25.695   29.009   30.053   29.778   30.432   30.201
   0.444   1.000   2.000    1.37   0.0000    4    9.514  154.065   21.734    0.000   29.667   31.583   31.657   31.215   33.040   31.660
   0.444   1.000   2.000    1.37   0.0000    4   10.508  249.927   46.901    0.000   34.316   34.585   33.496   32.964   35.765   33.463
   0.444   1.000   2.000    1.37   0.0000    4   11.501  369.063   76.469    0.000   39.665   38.916   36.038   35.528   39.038   36.267
   0.444   1.000   2.000    1.37   0.0000    4   12.501  434.944  105.268    0.000   43.056   42.780   38.244   37.740   39.439   40.245
   0.444   1.000   2.000    1.37   0.0000    4   13.503  361.931  111.909    0.000   45.448   45.222   38.782   38.160   39.485   39.937
   0.444   1.000   2.000    1.37   0.0000    4   14.502  338.675  118.894    0.000   46.146   45.213   38.947   38.281   39.416   40.836
   0.444   1.000   2.000    1.37   0.0000    4   15.502  337.617  140.438    0.000   45.764   44.402   39.123   38.428   39.673   42.373
   0.444   1.000   2.000    1.37   0.0000    4   16.504  204.372  114.355    0.000   43.556   41.482   38.012   37.384   38.396   40.963
   0.444   1.000   2.000    1.37   0.0000    4   17.501  115.421  100.888    0.000   40.435   38.514   36.846   36.376   37.174   38.748
   0.444   1.000   2.000    1.37   0.0000    4   18.505   11.002   72.152    0.000   35.905   35.419   34.935   34.577   35.225   36.150
   0.444   1.000   2.000    1.37   0.0000    4   19.505  -48.846   35.898    0.000   32.680   33.385   33.552   33.288   33.862   34.334
   0.444   1.000   2.000    1.37   0.0000    4   20.503  -42.411   20.521    0.000   31.101   32.426   32.971   32.670   33.260   33.592
   0.444   1.000   2.000    1.37   0.0000    4   21.506  -52.365   10.718    0.000   28.748   31.436   32.289   32.009   32.560   32.840
   0.444   1.000   2.000    1.37   0.0000    4   22.506  -47.254    8.280    0.000   27.441   30.762   31.863   31.594   32.115   32.361
   0.444   1.000   2.000    1.37   0.0000    4   23.503  -41.375    5.874    0.000   26.548   30.275   31.550   31.297   31.785   32.025
   0.444   1.000   2.000    1.37   0.0000    5    0.500  -37.569    4.893    0.000   25.849   29.828   31.227   31.016   31.446   31.683
   0.444   1.000   2.000    1.37   0.0000    5    1.506  -36.037    4.539    0.000   25.363   29.415   30.922   30.690   31.086   31.348
   0.444   1.000   2.000    1.37   0.0000    5    2.508  -34.517    3.827    0.000   24.894   29.027   30.593   30.406   30.768   30.988
   0.444   1.000   2.000    1.37   0.0000    5    3.514  -33.174    2.874    0.000   24.489   28.695   30.323   30.117   30.481   30.689
   0.444   1.000   2.000    1.37   0.0000    5    4.501  -32.214    2.305    0.000   24.164   28.400   30.056   29.860   30.205   30.395
   0.444   1.000   2.000    1.37   0.0000    5    5.516  -30.445    1.015    0.000   23.931   28.144   29.811   29.627   29.949   30.124
   0.444   1.000   2.000    1.37   0.0000    5    6.510  -28.698   -0.454    0.000   23.794   27.940   29.604   29.430   29.731   29.894
   0.444   1.000   2.000    1.37   0.0000    5    7.515  -18.163    0.213    0.000   23.944   27.933   29.537   29.369   29.653   29.804
   0.444   1.000   2.000    1.37   0.0000    5    8.508   50.478    7.101    0.000   25.949   29.108   30.364   30.086   30.760   30.494
   0.444   1.000   2.000    1.37   0.0000    5    9.507  157.258   22.988    0.000   29.955   31.622   31.951   31.464   33.289   31.933
   0.444   1.000   2.000    1.37   0.0000    5   10.505  257.125   48.711    0.000   34.806   34.802   33.898   33.344   36.101   33.839
   0.444   1.000   2.000    1.37   0.0000    5   11.501  346.299   80.465    0.000   39.455   38.314   35.773   35.129   38.547   35.749
   0.444   1.000   2.000    1.37   0.0000    5   12.500  417.440  113.649    0.000   43.185   42.192   37.252   36.559   38.152   39.002
   0.444   1.000   2.000    1.37   0.0000    5   13.504  382.173  134.161    0.000   44.852   43.807   37.724   36.999   38.329   38.554
   0.444   1.000   2.000    1.37   0.0000    5   14.501  403.975  132.445    0.000   47.287   44.978   39.201   38.403   39.640   40.939
   0.444   1.000   2.000    1.37   0.0000    5   15.500  392.821  133.885    0.000   47.138   45.257   40.781   39.988   41.595   43.626
   0.444   1.000   2.000    1.37   0.0000    5   16.504  204.676  121.459    0.000   44.664   42.210   39.300   38.611   39.795   41.964
   0.444   1.000   2.000    1.37   0.0000    5   17.502  112.633   95.618    0.000   41.558   39.243   37.812   37.203   38.164   39.491
   0.444   1.000   2.000    1.37   0.0000    5   18.501   12.393   63.148    0.000   37.260   36.381   35.934   35.421   36.221   36.971
   0.444   1.000   2.000    1.37   0.0000    5   19.504  -46.227   34.053    0.000   33.929   34.220   34.419   34.012   34.737   35.045
   0.444   1.000   2.000    1.37   0.0000    5   20.501  -54.411   18.169    0.000   31.628   32.946   33.540   33.178   33.858   34.041
   0.444   1.000   2.000    1.37   0.0000    5   21.504  -49.866   12.042    0.000   29.823   32.026   32.950   32.618   33.252   33.390
   0.444   1.000   2.000    1.37   0.0000    5   22.507  -45.901    8.795    0.000   28.372   31.310   32.495   32.194   32.778   32.913
   0.444   1.000   2.000    1.37   0.0000    5   23.502  -42.102    6.350    0.000   27.328   30.760   32.127   31.846   32.391   32.539
   0.444   1.000   2.000    1.37   0.0000    6    0.507  -39.608    5.520    0.000   26.549   30.288   31.779   31.537   32.025   32.161
   0.444   1.000   2.000    1.37   0.0000    6    1.506  -37.738    5.237    0.000   25.913   29.796   31.413   31.154   31.598   31.768
   0.444   1.000   2.000    1.37   0.0000    6    2.502  -35.935    4.296    0.000   25.362   29.379   31.061   30.849   31.256   31.389
   0.444   1.000   2.000    1.37   0.0000    6    3.510  -34.459    3.205    0.000   24.919   29.040   30.786   30.557   30.963   31.091
   0.444   1.000   2.000    1.37   0.0000    6    4.514  -33.282    2.508    0.000   24.530   28.709   30.487   30.271   30.653   30.769
   0.444   1.000   2.000    1.37   0.0000    6    5.514  -31.229    0.945    0.000   24.281   28.448   30.240   30.037   30.394   30.500
   0.444   1.000   2.000    1.37   0.0000    6    6.505  -29.408   -0.607    0.000   24.120   28.231   30.020   29.830   30.163   30.261
   0.444   1.000   2.000    1.37   0.0000    6    7.513  -19.225    0.196    0.000   24.237   28.204   29.934   29.752   30.065   30.157
   0.444   1.000   2.000    1.37   0.0000    6    8.507   49.245    7.257    0.000   26.203   29.352   30.745   30.446   31.141   30.825
   0.444   1.000   2.000    1.37   0.0000    6    9.505  155.558   23.662    0.000   30.177   31.797   32.319   31.796   33.638   32.238
   0.444   1.000   2.000    1.37   0.0000    6   10.502  254.314   49.175    0.000   34.858   34.878   34.193   33.599   36.348   34.062
   0.444   1.000   2.000    1.37   0.0000    6   11.501  338.299   80.147    0.000   39.455   38.147   36.000   35.312   38.712   35.901
   0.444   1.000   2.000    1.37   0.0000    6   12.502  416.427  116.266    0.000   43.172   42.190   37.694   36.971   38.534   39.404
   0.444   1.000   2.000    1.37   0.0000    6   13.501  378.272  138.834    0.000   44.897   43.893   38.271   37.524   38.782   39.035
   0.444   1.000   2.000    1.37   0.0000    6   14.500  406.079  135.883    0.000   47.316   45.108   39.680   38.846   40.055   41.324
   0.444   1.000   2.000    1.37   0.0000    6   15.501  379.419  133.594    0.000   47.160   45.079   40.959   40.096   41.644   43.739
   0.444   1.000   2.000    1.37   0.0000    6   16.500  203.475  123.354    0.000   44.659   42.264   39.622   38.894   40.046   42.201
   0.444   1.000   2.000    1.37   0.0000    6   17.501  111.894   97.510    0.000   41.581   39.304   38.111   37.470   38.413   39.732
   0.444   1.000   2.000    1.37   0.0000    6   18.500   13.244   65.246    0.000   37.342   36.491   36.240   35.698   36.486   37.241
   0.444   1.000   2.000    1.37   0.0000    6   19.505  -46.945   35.281    0.000   33.955   34.290   34.675   34.250   34.965   35.265
   0.444   1.000   2.000    1.37   0.0000    6   20.502  -54.818   18.999    0.000   31.585   32.978   33.760   33.384   34.053   34.227
   0.444   1.000   2.000    1.37   0.0000    6   21.504  -50.440   12.863    0.000   29.827   32.082   33.176   32.831   33.455   33.587
   0.444   1.000   2.000    1.37   0.0000    6   22.504  -46.504    9.553    0.000   28.406   31.378   32.718   32.406   32.981   33.111
   0.444   1.000   2.000    1.37   0.0000    6   23.504  -42.870    7.134    0.000   27.411   30.853   32.358   32.066   32.605   32.750
   0.444   1.000   2.000    1.37   0.0000    7    0.507  -39.950    5.581    0.000   26.547   30.342   31.985   31.711   32.212   32.351
   0.444   1.000   2.000    1.37   0.0000    7    1.509  -38.186    5.536    0.000   25.967   29.880   31.620   31.353   31.829   31.929
   0.444   1.000   2.000    1.37   0.0000    7    2.505  -36.411    4.847    0.000   25.483   29.428   31.241   30.983   31.430   31.504
   0.444   1.000   2.000    1.37   0.0000    7    3.508  -34.502    3.202    0.000   25.045   29.121   30.977   30.739   31.152   31.233
   0.444   1.000   2.000    1.37   0.0000    7    4.508  -32.544    2.259    0.000   24.721   28.824   30.703   30.479   30.864   30.940
   0.444   1.000   2.000    1.37   0.0000    7    5.510  -30.915    1.075    0.000   24.505   28.553   30.432   30.220   30.579   30.643
   0.444   1.000   2.000    1.37   0.0000    7    6.503  -29.618   -0.447    0.000   24.355   28.340   30.207   30.006   30.341   30.399
   0.444   1.000   2.000    1.37   0.0000    7    7.505  -19.163   -0.204    0.000   24.708   28.311   30.067   29.867   30.187   30.222
   0.444   1.000   2.000    1.37   0.0000    7    8.512   43.059    8.297    0.000   26.576   29.261   30.745   30.427   31.100   30.763
   0.444   1.000   2.000    1.37   0.0000    7    9.501  154.365   24.333    0.000   30.460   31.847   32.442   31.908   33.758   32.287
   0.444   1.000   2.000    1.37   0.0000    7   10.501  244.824   42.020    0.000   34.879   34.910   34.297   33.662   36.441   34.094
   0.444   1.000   2.000    1.37   0.0000    7   11.501  356.925   71.882    0.000   40.123   38.979   36.802   36.149   39.616   36.795
   0.444   1.000   2.000    1.37   0.0000    7   12.501  424.013  104.745    0.000   43.727   43.122   39.010   38.357   39.997   40.708
   0.444   1.000   2.000    1.37   0.0000    7   13.501  364.969  121.015    0.000   45.691   45.224   39.369   38.644   39.871   40.204
   0.444   1.000   2.000    1.37   0.0000    7   14.500  356.420  118.854    0.000   46.965   45.475   40.055   39.250   40.361   41.645
   0.444   1.000   2.000    1.37   0.0000    7   15.502  379.893  125.199    0.000   47.786   45.843   41.800   40.921   42.482   44.557
   0.444   1.000   2.000    1.37   0.0000    7   16.503  201.763   94.203    0.000   46.218   43.538   40.445   39.575   40.804   43.091
   0.444   1.000   2.000    1.37   0.0000    7   17.503   88.425   63.266    0.000   43.069   40.665   38.969   38.345   39.265   40.689
   0.444   1.000   2.000    1.37   0.0000    7   18.502    7.725   54.867    0.000   38.934   37.675   37.123   36.601   37.367   38.186
   0.444   1.000   2.000    1.37   0.0000    7   19.501  -49.691   37.593    0.000   34.950   35.106   35.347   34.929   35.624   35.983
   0.444   1.000   2.000    1.37   0.0000    7   20.500  -44.051   18.399    0.000   33.088   33.945   34.612   34.240   34.892   35.124
   0.444   1.000   2.000    1.37   0.0000    7   21.504  -55.271   10.056    0.000   30.677   32.868   33.874   33.541   34.142   34.347
   0.444   1.000   2.000    1.37   0.0000    7   22.506  -48.389    8.985    0.000   29.430   32.147   33.427   33.119   33.680   33.887
   0.444   1.000   2.000    1.37   0.0000    7   23.506  -44.304    7.377    0.000   28.190   31.479   32.975   32.686   33.209   33.403
   0.444   1.000   2.000    1.37   0.0000    8    0.507  -41.428    6.501    0.000   27.265   30.914   32.557   32.315   32.776   32.951
   0.444   1.000   2.000    1.37   0.0000    8    1.501  -39.763    6.198    0.000   26.522   30.358   32.144   31.877   32.299   32.505
   0.444   1.000   2.000    1.37   0.0000    8    2.508  -37.838    5.127    0.000   25.951   29.935   31.786   31.571   31.956   32.124
   0.444   1.000   2.000    1.37   0.0000    8    3.505  -35.994    3.663    0.000   25.409   29.533   31.460   31.225   31.613   31.769
   0.444   1.000   2.000    1.37   0.0000    8    4.506  -34.977    3.272    0.000   24.980   29.179   31.140   30.918   31.285   31.427
   0.444   1.000   2.000    1.37   0.0000    8    5.505  -32.312    1.074    0.000   24.721   28.907   30.884   30.676   31.018   31.149
   0.444   1.000   2.000    1.37   0.0000    8    6.503  -29.857   -1.387    0.000   24.594   28.705   30.679   30.485   30.803   30.925
   0.444   1.000   2.000    1.37   0.0000    8    7.510  -19.640   -0.551    0.000   24.721   28.674   30.585   30.400   30.698   30.811
   0.444   1.000   2.000    1.37   0.0000    8    8.507   46.730    6.842    0.000   26.619   29.749   31.366   31.052   31.723   31.434
   0.444   1.000   2.000    1.37   0.0000    8    9.505  156.260   25.577    0.000   30.635   32.188   32.962   32.384   34.234   32.823
   0.444   1.000   2.000    1.37   0.0000    8   10.500  252.156   52.167    0.000   35.127   35.081   34.745   34.089   36.810   34.536
   0.444   1.000   2.000    1.37   0.0000    8   11.501  340.002   84.357    0.000   39.690   38.407   36.566   35.799   39.169   36.363
   0.444   1.000   2.000    1.37   0.0000    8   12.502  406.879  117.046    0.000   43.392   42.061   37.960   37.107   38.660   39.472
   0.444   1.000   2.000    1.37   0.0000    8   13.501  376.342  137.243    0.000   44.999   43.629   38.420   37.536   38.843   38.995
   0.444   1.000   2.000    1.37   0.0000    8   14.500  396.035  134.921    0.000   47.374   44.705   39.817   38.847   40.051   41.279
   0.444   1.000   2.000    1.37   0.0000    8   15.502  382.937  136.381    0.000   47.228   45.053   41.435   40.472   42.037   44.039
   0.444   1.000   2.000    1.37   0.0000    8   16.503  203.771  126.814    0.000   44.741   42.356   40.106   39.290   40.471   42.548
   0.444   1.000   2.000    1.37   0.0000    8   17.502  110.562   99.673    0.000   41.624   39.318   38.471   37.758   38.718   39.982
   0.444   1.000   2.000    1.37   0.0000    8   18.501    9.756   68.524    0.000   37.219   36.367   36.458   35.860   36.661   37.357
   0.444   1.000   2.000    1.37   0.0000    8   19.506  -47.352   41.833    0.000   33.927   34.229   34.889   34.414   35.149   35.415
   0.444   1.000   2.000    1.37   0.0000    8   20.505  -56.120   22.759    0.000   31.359   32.808   33.873   33.456   34.142   34.275
   0.444   1.000   2.000    1.37   0.0000    8   21.505  -50.882   14.560    0.000   29.626   31.955   33.300   32.921   33.559   33.655
   0.444   1.000   2.000    1.37   0.0000    8   22.503  -46.239    9.533    0.000   28.283   31.335   32.885   32.543   33.128   33.228
   0.444   1.000   2.000    1.37   0.0000    8   23.505  -42.655    7.096    0.000   27.295   30.822   32.518   32.200   32.747   32.865
   0.444   1.000   2.000    1.37   0.0000    9    0.501  -40.293    6.509    0.000   26.516   30.345   32.143   31.870   32.356   32.465
   0.444   1.000   2.000    1.37   0.0000    9    1.504  -38.466    6.242    0.000   25.906   29.867   31.766   31.475   31.918   32.066
   0.444   1.000   2.000    1.37   0.0000    9    2.503  -36.617    5.189    0.000   25.354   29.442   31.384   31.146   31.550   31.660
   0.444   1.000   2.000    1.37   0.0000    9    3.502  -35.184    4.017    0.000   24.934   29.114   31.103   30.847   31.253   31.361
   0.444   1.000   2.000    1.37   0.0000    9    4.502  -34.112    3.445    0.000   24.531   28.768   30.772   30.532   30.914   31.010
   0.444   1.000   2.000    1.37   0.0000    9    5.505  -33.359    3.450    0.000   24.211   28.470   30.474   30.245   30.605   30.695
   0.444   1.000   2.000    1.37   0.0000    9    6.505  -32.315    3.336    0.000   23.922   28.177   30.169   29.951   30.290   30.373
   0.444   1.000   2.000    1.37   0.0000    9    7.502  -20.900    3.444    0.000   23.990   28.114   30.038   29.830   30.148   30.224
   0.444   1.000   2.000    1.37   0.0000    9    8.511   42.943    8.344    0.000   25.839   29.152   30.824   30.493   31.151   30.855
   0.444   1.000   2.000    1.37   0.0000    9    9.506  156.671   24.248    0.000   30.115   31.758   32.581   31.971   33.813   32.388
   0.444   1.000   2.000    1.37   0.0000    9   10.502  252.077   49.706    0.000   34.730   34.722   34.432   33.733   36.441   34.160
   0.444   1.000   2.000    1.37   0.0000    9   11.502  342.327   82.403    0.000   39.472   38.206   36.350   35.534   38.913   36.082
   0.444   1.000   2.000    1.37   0.0000    9   12.501  410.376  116.483    0.000   43.156   41.913   38.019   37.140   38.656   39.504
   0.444   1.000   2.000    1.37   0.0000    9   13.504  376.674  138.653    0.000   44.931   43.679   38.627   37.719   38.957   39.159
   0.444   1.000   2.000    1.37   0.0000    9   14.501  397.181  136.253    0.000   47.266   44.676   39.902   38.907   40.060   41.255
   0.444   1.000   2.000    1.37   0.0000    9   15.501  390.833  131.524    0.000   47.176   44.771   40.926   39.872   41.317   43.524
   0.444   1.000   2.000    1.37   0.0000    9   16.501  207.909  114.537    0.000   44.688   41.727   38.857   37.875   38.864   41.331
   0.444   1.000   2.000    1.37   0.0000    9   17.501  112.253   92.229    0.000   41.548   38.884   37.673   36.868   37.698   39.188
   0.444   1.000   2.000    1.37   0.0000    9   18.501   12.440   63.755    0.000   37.225   36.078   35.863   35.196   35.899   36.772
   0.444   1.000   2.000    1.37   0.0000    9   19.503  -46.349   37.477    0.000   33.829   33.920   34.314   33.791   34.438   34.847
   0.444   1.000   2.000    1.37   0.0000    9   20.506  -55.069   20.398    0.000   31.453   32.632   33.407   32.947   33.558   33.827
   0.444   1.000   2.000    1.37   0.0000    9   21.504  -49.443   12.093    0.000   29.629   31.752   32.834   32.417   32.984   33.201
   0.444   1.000   2.000    1.37   0.0000    9   22.501  -44.466    6.833    0.000   28.322   31.176   32.464   32.088   32.609   32.820
   0.444   1.000   2.000    1.37   0.0000    9   23.500  -40.855    4.347    0.000   27.398   30.716   32.151   31.802   32.288   32.505
   0.444   1.000   2.000    1.37   0.0000   10    0.504  -38.891    4.216    0.000   26.614   30.243   31.794   31.488   31.923   32.123
   0.444   1.000   2.000    1.37   0.0000   10    1.508  -37.569    4.701    0.000   25.974   29.746   31.413   31.097   31.492   31.717
   0.444   1.000   2.000    1.37   0.0000   10    2.502  -35.499    3.466    0.000   25.450   29.349   31.072   30.807   31.168   31.354
   0.444   1.000   2.000    1.37   0.0000   10    3.511  -33.825    2.007    0.000   25.039   29.034   30.814   30.539   30.900   31.076
   0.444   1.000   2.000    1.37   0.0000   10    4.502  -33.021    1.804    0.000   24.649   28.705   30.512   30.253   30.593   30.753
   0.444   1.000   2.000    1.37   0.0000   10    5.505  -31.305    0.706    0.000   24.386   28.440   30.257   30.014   30.333   30.480
   0.444   1.000   2.000    1.37   0.0000   10    6.511  -29.572   -0.653    0.000   24.208   28.218   30.030   29.803   30.099   30.236
   0.444   1.000   2.000    1.37   0.0000   10    7.513  -19.241    0.153    0.000   24.319   28.192   29.942   29.726   30.005   30.132
   0.444   1.000   2.000    1.37   0.0000   10    8.501   46.874    6.945    0.000   26.218   29.254   30.761   30.406   31.052   30.780
   0.444   1.000   2.000    1.37   0.0000   10    9.504  154.211   23.389    0.000   30.188   31.667   32.413   31.778   33.556   32.201
   0.444   1.000   2.000    1.37   0.0000   10   10.504  252.789   48.934    0.000   34.874   34.705   34.336   33.597   36.282   34.032
   0.444   1.000   2.000    1.37   0.0000   10   11.501  346.278   82.377    0.000   39.615   38.289   36.325   35.463   38.834   36.020
   0.444   1.000   2.000    1.37   0.0000   10   12.504  412.818  116.655    0.000   43.206   41.958   38.012   37.083   38.578   39.420
   0.444   1.000   2.000    1.37   0.0000   10   13.500  373.377  139.172    0.000   44.938   43.643   38.612   37.660   38.834   39.040
   0.444   1.000   2.000    1.37   0.0000   10   14.501  402.029  135.627    0.000   47.359   44.781   39.984   38.931   40.063   41.293
   0.444   1.000   2.000    1.37   0.0000   10   15.502  391.382  138.166    0.000   47.208   45.143   41.687   40.654   42.152   44.126
   0.444   1.000   2.000    1.37   0.0000   10   16.500  203.815  127.318    0.000   44.715   42.347   40.229   39.344   40.467   42.577
   0.444   1.000   2.000    1.37   0.0000   10   17.503  110.594   99.819    0.000   41.627   39.314   38.537   37.768   38.681   39.971
   0.444   1.000   2.000    1.37   0.0000   10   18.503   10.532   66.288    0.000   37.311   36.437   36.542   35.902   36.661   37.378
   0.444   1.000   2.000    1.37   0.0000   10   19.500  -46.046   38.152    0.000   34.150   34.406   35.012   34.518   35.214   35.505
   0.444   1.000   2.000    1.37   0.0000   10   20.504  -55.357   19.891    0.000   31.629   33.017   34.009   33.577   34.227   34.382
   0.444   1.000   2.000    1.37   0.0000   10   21.505  -50.948   13.619    0.000   29.870   32.124   33.408   33.013   33.619   33.734
   0.444   1.000   2.000    1.37   0.0000   10   22.503  -46.849    9.946    0.000   28.454   31.430   32.943   32.586   33.142   33.257
   0.444   1.000   2.000    1.37   0.0000   10   23.502  -43.037    7.325    0.000   27.410   30.880   32.554   32.221   32.740   32.872
