   0.444   1.000   2.000    1.37   0.0000    1    1.007   60.931  -14.829   -5.059    0.000   -9.771   64.593   -1.677  -19.264  -70.098    0.357    0.628    0.346    0.000    0.000    0.000  433.202  370.959    0.000    0.000    0.000  366.247   85.756   90.000
   0.444   1.000   2.000    1.37   0.0000    1    2.000   57.483   -1.312   -0.362    0.000   -0.949   64.626   -0.007   -1.715  -41.197    0.129    0.216    0.126    0.000    0.000    0.000  432.970  374.177    0.000    0.000    0.000  365.986   85.756   90.000
   0.444   1.000   2.000    1.37   0.0000    1    3.004   52.625    0.947    0.455    0.000    0.491   61.862   -0.007    0.878  -31.152    0.122    0.211    0.118    0.073    0.000    0.000  431.410  377.484    0.000    0.000    0.000  367.205   85.756   90.000
   0.444   1.000   2.000    1.37   0.0000    1    4.003   49.241    2.129    0.955    0.000    1.174   59.847    0.000    2.113  -24.955    0.061    0.092    0.060    0.099    0.000    0.000  431.260  380.719    0.000    0.000    0.000  369.074   85.756   90.000
   0.444   1.000   2.000    1.37   0.0000    1    5.023   47.249    3.001    1.822    0.000    1.179   58.666   -0.007    2.116  -20.972    0.120    0.210    0.116    0.099    0.000    0.000  432.320  383.772    0.000    0.000    0.000  371.315   85.756   90.000
   0.444   1.000   2.000    1.37   0.0000    1    6.019   33.102    2.032    1.577    0.000    0.455   43.818   -0.007    0.811  -12.101    0.118    0.207    0.115    0.104    0.000    0.000  418.392  384.083    0.000    0.000    0.000  372.401   85.756   90.000
   0.444   1.000   2.000    1.37   0.0000    1    7.006   42.227    4.368    2.251    0.000    2.116   54.539    0.000    3.809  -13.608    0.062    0.092    0.061    0.103    0.176    0.055  432.403  388.984    0.000    0.176    0.014  375.662   85.756   90.000
   0.444   1.000   2.000    1.37   0.0000    1    8.024   51.975    3.857    2.066    0.000    1.791   71.565    0.000    3.223  -15.046    0.057    0.089    0.056    0.125   32.677   10.145  420.604  390.914    0.896   31.781    2.576  378.695   85.951   78.330
   0.444   1.000   2.000    1.37   0.0000    1    9.010  152.227   14.264    5.730    0.000    8.534  212.441   -1.928   13.434  -33.963    0.408    0.660    0.399    0.183  186.954   58.143  426.708  406.610   38.880  148.074   14.920  392.275   85.980   68.500
   0.444   1.000   2.000    1.37   0.0000    1   10.015  269.196   20.035    5.517    0.000   14.518  380.024  -11.470   14.662  -56.997    0.590    0.939    0.578    0.191  378.124  117.189  431.600  430.686  124.323  253.801   29.441  413.485   85.746   53.826
   0.444   1.000   2.000    1.37   0.0000    1   11.009  342.230  -20.962  -48.907    0.000   27.945  490.591 -107.118  -56.817  -56.036    0.860    1.511    0.834    0.000  515.332  158.790  437.144  462.132  146.132  369.200   38.463  442.639   84.948   38.993
   0.444   1.000   2.000    1.37   0.0000    1   12.000  886.995   95.895   23.901    0.000   71.994 1450.814    9.815  139.403   17.019    0.761    1.314    0.739    0.000  667.005  353.538  437.068  520.314  275.006  392.000  316.206  519.247  277.056   25.229
   0.444   1.000   2.000    1.37   0.0000    1   13.000  447.756   35.060   32.594    0.000    2.466  656.307    3.686    8.124  -90.232    0.862    1.514    0.835    0.155  736.947  222.357  441.280  514.547  350.929  386.018   46.508  486.992  283.184   12.838
   0.444   1.000   2.000    1.37   0.0000    1   14.003  396.578   53.033   48.219    0.000    4.814  581.968    9.852   18.517  -46.264    1.220    2.143    1.183    0.177  627.210  190.673  475.629  524.710  204.419  422.790   42.150  495.141  287.070    9.894
   0.444   1.000   2.000    1.37   0.0000    1   15.000  677.252  137.341  105.419    0.000   31.922 1081.841  104.914  162.373    5.088    1.129    1.950    1.097    0.303  687.980  291.930  465.224  547.369  325.988  361.992  195.244  530.143  277.661   22.944
   0.444   1.000   2.000    1.37   0.0000    1   16.002  333.440  108.377  112.435    0.000   -4.058  502.130  105.081   97.777   -8.064    1.572    2.346    1.551    0.356  565.547  173.625  450.991  522.190  252.646  312.901   41.062  496.236  275.205   37.299
   0.444   1.000   2.000    1.37   0.0000    1   17.003  164.685   63.826   69.034    0.000   -5.209  267.484   66.778   57.403   19.159    0.761    1.311    0.739    0.302  327.608  101.355  437.924  504.985   66.929  260.679   25.187  482.749  274.309   52.126
   0.444   1.000   2.000    1.37   0.0000    1   18.001   86.697   26.372   25.470    0.000    0.902  156.935   20.079   21.702   28.271    0.062    0.092    0.061    0.217  206.900   64.214  435.753  494.551   44.972  161.927   16.274  474.501  274.029   66.752
   0.444   1.000   2.000    1.37   0.0000    1   19.004  -11.574   10.938   13.728    0.000   -2.790   14.973    9.988    4.966   45.506    0.062    0.092    0.061    0.134   46.835   14.581  431.104  475.639    0.996   45.838    3.766  460.474  274.143   85.220
   0.444   1.000   2.000    1.37   0.0000    1   20.005  -29.585    4.914    6.258    0.000   -1.344  -19.884   -2.909   -5.327   45.123    0.639    1.101    0.621    0.000    0.000    0.000  434.424  462.839    0.000    0.000    0.000  452.203  274.244   90.000
   0.444   1.000   2.000    1.37   0.0000    1   21.015  -41.550   -2.978   -0.292    0.000   -2.686  -36.884   -4.058   -8.892   36.603    0.391    0.651    0.381    0.000    0.000    0.000  411.226  451.758    0.000    0.000    0.000  446.278  274.244   90.000
   0.444   1.000   2.000    1.37   0.0000    1   22.020  -37.332   -5.304   -4.577    0.000   -0.727  -35.403   -8.958  -10.267   31.205    0.611    0.933    0.601    0.000    0.000    0.000  410.234  446.495    0.000    0.000    0.000  443.709  274.244   90.000
   0.444   1.000   2.000    1.37   0.0000    1   23.009  -15.247   -0.945    0.074    0.000   -1.019  -13.775   -0.001   -1.834   11.970    0.062    0.092    0.061    0.000    0.000    0.000  431.491  445.573    0.000    0.000    0.000  443.168  274.244   90.000
   0.444   1.000   2.000    1.37   0.0000    1   24.021  -13.151   -1.178   -0.254    0.000   -0.924  -13.734   -0.001   -1.664    7.818    0.062    0.092    0.061    0.000    0.000    0.000  429.692  441.679    0.000    0.000    0.000  441.330  274.244   90.000
   0.444   1.000   2.000    1.37   0.0000    2    1.012  -18.218   -1.988   -0.829    0.000   -1.159  -20.262   -0.048   -2.135    8.999    0.124    0.214    0.121    0.000    0.000    0.000  421.454  438.589    0.000    0.000    0.000  439.767   85.371   90.000
   0.444   1.000   2.000    1.37   0.0000    2    2.012  -17.662   -2.126   -1.832    0.000   -0.295  -19.925   -1.046   -1.576    9.084    0.261    0.430    0.255    0.000    0.000    0.000  421.185  437.717    0.000    0.000    0.000  439.076   85.371   90.000
   0.444   1.000   2.000    1.37   0.0000    2    3.002  -16.567   -1.296   -0.828    0.000   -0.469  -19.687    0.000   -0.844    7.800    0.062    0.092    0.061    0.000    0.000    0.000  420.320  435.761    0.000    0.000    0.000  437.979   85.371   90.000
   0.444   1.000   2.000    1.37   0.0000    2    4.024  -15.270   -1.397   -0.985    0.000   -0.412  -18.937    0.000   -0.742    6.035    0.062    0.092    0.061    0.000    0.000    0.000  420.256  434.398    0.000    0.000    0.000  437.163   85.371   90.000
   0.444   1.000   2.000    1.37   0.0000    2    5.010  -15.157   -1.499   -1.107    0.000   -0.392  -19.317    0.000   -0.706    5.268    0.062    0.092    0.061    0.000    0.000    0.000  419.070  433.104    0.000    0.000    0.000  436.366   85.371   90.000
   0.444   1.000   2.000    1.37   0.0000    2    6.039  -14.417   -1.517   -1.185    0.000   -0.332  -18.900    0.000   -0.599    4.320    0.062    0.092    0.061    0.000    0.000    0.000  418.826  432.122    0.000    0.000    0.000  435.708   85.371   90.000
   0.444   1.000   2.000    1.37   0.0000    2    7.026  -13.367   -1.514   -1.247    0.000   -0.267  -17.897    0.000   -0.481    3.438    0.062    0.092    0.061    0.000    0.743    0.230  418.579  431.354    0.000    0.743    0.058  435.173   85.371   90.000
   0.444   1.000   2.000    1.37   0.0000    2    8.012    8.468   -0.386   -1.030    0.000    0.645   11.970    0.000    1.160   -3.967    0.061    0.092    0.060    0.077   30.845    9.567  421.145  433.707    0.449   30.396    2.416  437.158   85.519   81.972
   0.444   1.000   2.000    1.37   0.0000    2    9.007  111.592    5.979    0.067    0.000    5.912  156.688   -0.049   10.594  -33.366    0.132    0.220    0.129    0.168  186.266   57.986  428.541  448.951   38.570  147.696   14.967  449.852   85.566   68.599
   0.444   1.000   2.000    1.37   0.0000    2   10.010  229.360   11.158    1.600    0.000    9.558  326.029   -3.846   13.358  -62.887    0.589    0.936    0.578    0.183  377.380  117.005  435.070  473.778  124.210  253.170   29.467  470.801   85.270   53.890
   0.444   1.000   2.000    1.37   0.0000    2   11.013  309.850   30.743   26.000    0.000    4.743  446.371   24.990   33.527  -81.012    0.866    1.377    0.849    0.248  516.047  159.049  439.370  497.710  146.739  369.308   38.585  490.607   84.325   38.905
   0.444   1.000   2.000    1.37   0.0000    2   12.003  401.962   65.807   70.232    0.000   -4.425  583.393   82.398   74.433 -104.085    1.004    1.596    0.984    0.377  667.180  203.704  444.795  521.836  275.196  391.985   46.420  510.110  277.974   25.201
   0.444   1.000   2.000    1.37   0.0000    2   13.005  426.879  102.278  100.798    0.000    1.480  622.121  115.761  118.426  -77.922    1.061    1.771    1.035    0.380  736.441  222.200  447.747  542.037  350.253  386.188   46.469  528.069  284.977   12.831
   0.444   1.000   2.000    1.37   0.0000    2   14.002  376.049  120.665  115.703    0.000    4.962  549.607  124.154  133.085  -34.239    1.572    2.345    1.551    0.388  627.108  190.601  476.279  545.905  204.215  422.892   42.069  528.215  289.551    9.832
   0.444   1.000   2.000    1.37   0.0000    2   15.001  375.112   86.036  120.300    0.000  -34.263  562.406  160.380   98.706 -118.310    0.639    1.103    0.620    0.366  687.897  208.818  443.065  555.068  325.938  361.959   45.682  537.338  278.654   22.955
   0.444   1.000   2.000    1.37   0.0000    2   16.002  297.579  103.298  112.122    0.000   -8.824  457.252  130.413  114.530  -22.868    1.143    1.817    1.121    0.377  565.555  173.698  443.966  551.527  252.652  312.903   41.190  534.991  275.842   37.299
   0.444   1.000   2.000    1.37   0.0000    2   17.000  160.677   81.596   87.595    0.000   -5.998  255.776   97.308   86.511   16.123    1.282    2.038    1.257    0.336  327.958  101.529  463.887  535.449   66.992  260.966   25.332  521.193  274.800   52.077
   0.444   1.000   2.000    1.37   0.0000    2   18.008   67.463   53.575   65.379    0.000  -11.804  125.451   78.708   57.460   21.746    1.128    1.948    1.096    0.305  205.725   63.874  436.961  514.374   44.649  161.075   16.225  506.455  274.449   66.767
   0.444   1.000   2.000    1.37   0.0000    2   19.007  -26.172   33.336   40.988    0.000   -7.652  -10.592   51.668   37.894   44.854    1.003    1.732    0.974    0.260   46.670   14.533  435.993  495.071    0.993   45.677    3.757  490.881  274.531   85.220
   0.444   1.000   2.000    1.37   0.0000    2   20.005  -49.127   10.951   14.701    0.000   -3.750  -49.207   21.085   14.334   37.848    0.542    0.906    0.529    0.189    0.000    0.000  434.699  482.720    0.000    0.000    0.000  481.915  274.629   90.000
   0.444   1.000   2.000    1.37   0.0000    2   21.007  -43.539    5.537    7.344    0.000   -1.807  -46.476   12.806    9.553   29.055    0.513    0.885    0.498    0.165    0.000    0.000  432.546  474.981    0.000    0.000    0.000  477.036  274.629   90.000
   0.444   1.000   2.000    1.37   0.0000    2   22.008  -39.017    1.572    1.871    0.000   -0.298  -44.355    4.543    4.005   24.162    0.119    0.209    0.115    0.124    0.000    0.000  431.781  469.689    0.000    0.000    0.000  474.141  274.629   90.000
   0.444   1.000   2.000    1.37   0.0000    2   23.020  -34.580   -0.629   -0.628    0.000   -0.001  -41.611    0.916    0.914   18.585    0.062    0.092    0.061    0.076    0.000    0.000  432.464  465.928    0.000    0.000    0.000  472.067  274.629   90.000
   0.444   1.000   2.000    1.37   0.0000    2   24.002  -32.044   -1.643   -1.271    0.000   -0.373  -40.236    0.514   -0.157   13.971    0.062    0.092    0.061    0.000    0.000    0.000  431.994  462.923    0.000    0.000    0.000  470.224  274.629   90.000
   0.444   1.000   2.000    1.37   0.0000    3    1.014  -31.191   -1.584   -0.041    0.000   -1.543  -40.197    3.674    0.897    9.421    0.125    0.215    0.121    0.073    0.000    0.000  429.904  459.986    0.000    0.000    0.000  468.105   84.986   90.000
   0.444   1.000   2.000    1.37   0.0000    3    2.015  -30.050   -2.164   -1.345    0.000   -0.819  -39.344    3.125    1.651    7.727    0.262    0.429    0.256    0.091    0.000    0.000  428.842  457.787    0.000    0.000    0.000  466.197   84.986   90.000
   0.444   1.000   2.000    1.37   0.0000    3    3.001  -28.294   -2.150   -2.069    0.000   -0.081  -38.067    0.031   -0.115    8.962    0.062    0.092    0.061    0.000    0.000    0.000  428.683  455.870    0.000    0.000    0.000  464.757   84.986   90.000
   0.444   1.000   2.000    1.37   0.0000    3    4.029  -27.442   -2.457   -1.854    0.000   -0.603  -37.466    0.672   -0.413    6.835    0.062    0.092    0.061    0.000    0.000    0.000  427.819  454.155    0.000    0.000    0.000  463.295   84.986   90.000
   0.444   1.000   2.000    1.37   0.0000    3    5.016  -27.003   -2.590   -2.204    0.000   -0.386  -37.192    0.203   -0.492    6.547    0.062    0.092    0.061    0.000    0.000    0.000  426.639  452.540    0.000    0.000    0.000  461.848   84.986   90.000
   0.444   1.000   2.000    1.37   0.0000    3    6.032  -23.856   -2.812   -2.414    0.000   -0.399  -33.814   -0.001   -0.719    4.065    0.062    0.092    0.061    0.000    0.000    0.000  429.017  451.760    0.000    0.000    0.000  460.829   84.986   90.000
   0.444   1.000   2.000    1.37   0.0000    3    7.047  -22.600   -2.822   -2.401    0.000   -0.421  -32.107   -0.001   -0.759    3.497    0.062    0.092    0.061    0.000    1.366    0.423  428.338  450.799    0.000    1.366    0.106  459.756   84.986   90.000
   0.444   1.000   2.000    1.37   0.0000    3    8.009   -2.463   -1.773   -2.082    0.000    0.308   -4.075   -0.001    0.554   -2.831    0.061    0.092    0.060    0.058   30.432    9.441  429.363  452.591    0.349   30.084    2.387  461.075   85.115   83.197
   0.444   1.000   2.000    1.37   0.0000    3    9.025  100.333    7.271    5.654    0.000    1.617  141.150   11.140   14.051  -37.502    0.140    0.233    0.136    0.181  189.722   59.055  433.170  467.307   40.126  149.596   15.232  473.354   85.148   68.109
   0.444   1.000   2.000    1.37   0.0000    3   10.040  219.047   29.536   25.147    0.000    4.389  312.413   35.905   43.806  -64.612    0.601    0.951    0.590    0.271  381.556  118.306  437.542  489.929  124.845  256.710   29.804  491.614   84.779   53.530
   0.444   1.000   2.000    1.37   0.0000    3   11.002  296.719   53.739   57.476    0.000   -3.737  428.877   77.943   71.217  -86.430    0.865    1.374    0.848    0.320  514.295  158.591  440.163  511.173  145.251  369.044   38.601  508.623   83.736   39.122
   0.444   1.000   2.000    1.37   0.0000    3   12.000  390.348   90.586  108.136    0.000  -17.550  568.299  146.213  114.623 -117.485    1.004    1.595    0.984    0.397  667.013  203.739  445.227  534.569  275.014  391.999   46.563  526.925  278.875   25.228
   0.444   1.000   2.000    1.37   0.0000    3   13.001  427.137  124.617  140.294    0.000  -15.678  627.576  182.500  154.280  -99.460    1.059    1.769    1.034    0.412  736.937  222.845  447.763  552.782  350.916  386.021   47.392  542.248  286.761   12.838
   0.444   1.000   2.000    1.37   0.0000    3   14.002  367.212  143.252  157.515    0.000  -14.263  537.940  195.604  169.931  -60.793    1.571    2.345    1.550    0.422  627.114  190.643  476.278  555.144  204.228  422.886   42.143  540.602  291.941    9.836
   0.444   1.000   2.000    1.37   0.0000    3   15.000  367.003  102.532  145.767    0.000  -43.235  551.621  203.510  125.688 -127.937    0.638    1.102    0.620    0.395  687.958  208.920  443.064  564.050  325.975  361.983   45.836  549.678  279.652   22.947
   0.444   1.000   2.000    1.37   0.0000    3   16.002  290.557  120.778  145.609    0.000  -24.831  447.963  188.274  143.579  -45.913    1.143    1.817    1.121    0.406  565.465  173.769  443.964  559.759  252.582  312.883   41.362  546.485  276.478   37.301
   0.444   1.000   2.000    1.37   0.0000    3   17.004  153.274   98.320  119.077    0.000  -20.756  245.422  151.876  114.514   -5.370    1.282    2.038    1.257    0.370  327.492  101.412  463.857  542.734   66.908  260.584   25.346  531.508  275.285   52.142
   0.444   1.000   2.000    1.37   0.0000    3   18.002   61.572   68.497   93.984    0.000  -25.487  117.098  128.224   82.348    1.339    1.129    1.950    1.096    0.342  206.752   64.217  436.971  521.169   44.932  161.820   16.350  516.098  274.867   66.754
   0.444   1.000   2.000    1.37   0.0000    3   19.002  -31.177   41.875   62.350    0.000  -20.475  -18.017   90.135   53.281   23.343    1.005    1.736    0.976    0.291   46.892   14.604  438.133  502.402    0.998   45.894    3.779  500.710  274.916   85.220
   0.444   1.000   2.000    1.37   0.0000    3   20.004  -54.379   16.482   33.059    0.000  -16.577  -56.871   54.234   24.394   16.443    0.542    0.906    0.529    0.225    0.000    0.000  436.812  490.095    0.000    0.000    0.000  491.712  275.014   90.000
   0.444   1.000   2.000    1.37   0.0000    3   21.001  -48.686   10.647   24.750    0.000  -14.104  -53.902   44.187   18.801    8.709    0.515    0.889    0.500    0.206    0.000    0.000  434.617  482.209    0.000    0.000    0.000  486.551  275.014   90.000
   0.444   1.000   2.000    1.37   0.0000    3   22.000  -45.468    6.920   20.622    0.000  -13.701  -53.136   38.036   13.373    3.127    0.120    0.210    0.116    0.184    0.000    0.000  431.775  476.153    0.000    0.000    0.000  482.949  275.014   90.000
   0.444   1.000   2.000    1.37   0.0000    3   23.007  -41.208    4.428   15.561    0.000  -11.134  -50.587   29.806    9.766    1.752    0.062    0.092    0.061    0.165    0.000    0.000  431.654  471.766    0.000    0.000    0.000  480.268  275.014   90.000
   0.444   1.000   2.000    1.37   0.0000    3   24.004  -38.182    2.958   12.633    0.000   -9.675  -48.724   25.391    7.975   -0.064    0.062    0.092    0.061    0.155    0.000    0.000  431.173  468.259    0.000    0.000    0.000  477.924  275.014   90.000
   0.444   1.000   2.000    1.37   0.0000    4    1.003  -40.630    1.744   10.290    0.000   -8.546  -52.496   22.043    6.659    1.733    0.061    0.092    0.060    0.146    0.000    0.000  424.536  464.095    0.000    0.000    0.000  475.104   84.603   90.000
   0.444   1.000   2.000    1.37   0.0000    4    2.013  -34.433    2.279    9.997    0.000   -7.718  -46.147   23.549    9.657   -3.614    0.239    0.416    0.232    0.165    0.000    0.000  428.870  462.214    0.000    0.000    0.000  473.057   84.603   90.000
   0.444   1.000   2.000    1.37   0.0000    4    3.002  -35.666    1.196    6.577    0.000   -5.381  -48.077   15.919    6.233    2.355    0.062    0.092    0.061    0.144    0.000    0.000  424.835  459.432    0.000    0.000    0.000  470.988   84.603   90.000
   0.444   1.000   2.000    1.37   0.0000    4    4.002  -34.400    0.753    6.153    0.000   -5.400  -47.039   15.417    5.696    0.819    0.062    0.092    0.061    0.138    0.000    0.000  424.082  457.405    0.000    0.000    0.000  469.182   84.603   90.000
   0.444   1.000   2.000    1.37   0.0000    4    5.018  -30.847    0.647    4.899    0.000   -4.251  -43.396   13.217    5.564    0.077    0.058    0.090    0.057    0.135    0.000    0.000  426.255  455.998    0.000    0.000    0.000  467.664   84.603   90.000
   0.444   1.000   2.000    1.37   0.0000    4    6.007  -27.884   -2.717    0.071    0.000   -2.788  -39.909    7.732    2.713   -2.339    0.238    0.418    0.231    0.109    0.000    0.000  428.642  455.427    0.000    0.000    0.000  466.572   84.603   90.000
   0.444   1.000   2.000    1.37   0.0000    4    7.005  -29.858   -2.331    1.113    0.000   -3.444  -42.107    7.152    0.953    0.288    0.062    0.092    0.061    0.082    0.139    0.043  424.818  453.704    0.000    0.139    0.011  465.132   84.603   90.000
   0.444   1.000   2.000    1.37   0.0000    4    8.002  -10.498   -0.766    2.905    0.000   -3.671  -14.833    9.700    3.092   -7.015    0.062    0.092    0.061    0.108   29.335    9.101  424.617  455.175    0.082   29.253    2.301  466.170   84.650   87.895
   0.444   1.000   2.000    1.37   0.0000    4    9.006   89.435   10.414   15.999    0.000   -5.585  126.054   30.235   20.182  -46.418    0.156    0.232    0.154    0.209  186.189   57.946  426.227  468.174   38.535  147.653   14.932  477.080   84.742   68.610
   0.444   1.000   2.000    1.37   0.0000    4   10.014  206.870   32.601   39.881    0.000   -7.279  296.426   64.577   51.474  -81.833    0.404    0.603    0.398    0.287  377.886  117.192  427.619  489.729  124.287  253.599   29.560  494.433   84.318   53.846
   0.444   1.000   2.000    1.37   0.0000    4   11.008  284.997   60.368   70.923    0.000  -10.556  412.372  104.566   85.566  -96.527    0.583    0.928    0.571    0.338  515.189  158.740  431.237  511.066  146.010  369.179   38.442  510.691   83.114   39.011
   0.444   1.000   2.000    1.37   0.0000    4   12.001  375.424   77.767  113.109    0.000  -35.342  552.098  169.940  106.325 -153.624    0.359    0.631    0.348    0.429  667.083  203.829  431.778  536.864  275.090  391.993   46.693  531.131  279.786   25.217
   0.444   1.000   2.000    1.37   0.0000    4   13.001  410.905  126.216  148.583    0.000  -22.367  608.385  207.578  167.318 -111.634    0.761    1.314    0.739    0.426  736.905  222.929  435.939  558.519  350.873  386.032   47.558  552.018  288.563   12.837
   0.444   1.000   2.000    1.37   0.0000    4   14.003  312.922   96.771  122.452    0.000  -25.682  478.957  171.926  125.699  -82.042    0.518    0.894    0.503    0.389  627.191  190.708  425.728  559.601  204.382  422.809   42.222  550.301  294.250    9.882
   0.444   1.000   2.000    1.37   0.0000    4   15.002  389.534  145.260  170.759    0.000  -25.498  603.093  230.347  184.450  -66.946    1.100    1.933    1.067    0.427  687.707  222.473  420.369  564.080  325.825  361.882   70.351  557.050  280.632   22.981
   0.444   1.000   2.000    1.37   0.0000    4   16.002  279.309  138.196  169.809    0.000  -31.613  427.833  228.856  171.952  -55.028    1.418    2.117    1.399    0.430  565.544  173.586  434.944  555.645  252.644  312.900   40.993  546.156  277.112   37.300
   0.444   1.000   2.000    1.37   0.0000    4   17.004  148.994   97.818  124.854    0.000  -27.036  238.471  168.594  119.928  -22.239    1.008    1.742    0.979    0.377  327.512  101.442  459.083  542.457   66.911  260.601   25.390  534.069  275.770   52.139
   0.444   1.000   2.000    1.37   0.0000    4   18.001   65.305   99.006  130.707    0.000  -31.701  118.520  182.063  125.001   -2.881    1.521    2.627    1.477    0.391  206.799   64.262  436.935  517.732   44.945  161.855   16.407  515.224  275.284   66.753
   0.444   1.000   2.000    1.37   0.0000    4   19.005  -37.780   49.204   72.858    0.000  -23.654  -27.459  110.229   67.652   18.883    1.005    1.736    0.976    0.315   46.786   14.574  428.007  498.870    0.995   45.790    3.776  500.043  275.300   85.220
   0.444   1.000   2.000    1.37   0.0000    4   20.005  -43.901   27.020   45.855    0.000  -18.835  -47.383   74.900   40.997    5.377    0.723    1.150    0.709    0.258    0.000    0.000  447.463  490.234    0.000    0.000    0.000  492.811  275.397   90.000
   0.444   1.000   2.000    1.37   0.0000    4   21.003  -54.222   12.029   30.656    0.000  -18.628  -62.205   56.080   22.551    0.966    0.387    0.646    0.378    0.218    0.000    0.000  426.306  479.472    0.000    0.000    0.000  486.610  275.397   90.000
   0.444   1.000   2.000    1.37   0.0000    4   22.006  -50.230    9.412   26.598    0.000  -17.186  -60.448   50.252   19.317   -3.345    0.245    0.424    0.238    0.207    0.000    0.000  424.350  473.525    0.000    0.000    0.000  482.900  275.397   90.000
   0.444   1.000   2.000    1.37   0.0000    4   23.006  -44.135    7.005   21.873    0.000  -14.868  -55.579   43.283   16.522   -6.811    0.257    0.429    0.251    0.197    0.000    0.000  426.561  469.625    0.000    0.000    0.000  480.214  275.397   90.000
   0.444   1.000   2.000    1.37   0.0000    4   24.003  -38.443    4.769   17.728    0.000  -12.958  -50.777   35.036   11.711   -8.032    0.062    0.092    0.061    0.176    0.000    0.000  429.542  466.897    0.000    0.000    0.000  478.362  275.397   90.000
   0.444   1.000   2.000    1.37   0.0000    5    1.000  -36.800    4.750   17.548    0.000  -12.798  -49.632   35.642   12.606  -10.484    0.123    0.212    0.119    0.180    0.000    0.000  428.329  464.042    0.000    0.000    0.000  476.006   84.222   90.000
   0.444   1.000   2.000    1.37   0.0000    5    2.006  -35.199    4.182   14.341    0.000  -10.159  -48.020   31.677   13.390   -8.812    0.260    0.431    0.253    0.183    0.000    0.000  427.655  461.768    0.000    0.000    0.000  473.721   84.222   90.000
   0.444   1.000   2.000    1.37   0.0000    5    3.008  -33.888    3.341   11.603    0.000   -8.262  -47.078   24.910   10.039   -4.976    0.062    0.092    0.061    0.167    0.000    0.000  426.719  459.522    0.000    0.000    0.000  471.844   84.222   90.000
   0.444   1.000   2.000    1.37   0.0000    5    4.014  -32.488    2.475   10.434    0.000   -7.958  -45.757   23.092    8.767   -5.915    0.062    0.092    0.061    0.160    0.000    0.000  426.278  457.681    0.000    0.000    0.000  470.080   84.222   90.000
   0.444   1.000   2.000    1.37   0.0000    5    5.001  -31.906    2.140    9.361    0.000   -7.221  -45.199   21.293    8.295   -5.210    0.062    0.092    0.061    0.157    0.000    0.000  425.052  455.876    0.000    0.000    0.000  468.303   84.222   90.000
   0.444   1.000   2.000    1.37   0.0000    5    6.016  -29.081   -0.154    5.161    0.000   -5.315  -42.105   14.247    4.680   -4.284    0.062    0.092    0.061    0.130    0.000    0.000  427.067  455.057    0.000    0.000    0.000  467.208   84.222   90.000
   0.444   1.000   2.000    1.37   0.0000    5    7.010  -28.170   -0.590    5.381    0.000   -5.970  -40.903   14.671    3.924   -5.929    0.062    0.092    0.061    0.122    0.279    0.086  426.733  454.010    0.000    0.279    0.022  465.939   84.222   90.000
   0.444   1.000   2.000    1.37   0.0000    5    8.015   -6.554    1.175    7.028    0.000   -5.853  -10.740   16.817    6.282  -13.646    0.061    0.092    0.060    0.141   31.390    9.736  427.843  455.828    0.582   30.808    2.458  467.114   84.371   80.636
   0.444   1.000   2.000    1.37   0.0000    5    9.008   94.145   12.034   18.940    0.000   -6.905  131.216   35.229   22.800  -51.812    0.132    0.221    0.129    0.218  186.476   58.054  432.324  469.869   38.665  147.811   14.989  478.478   84.332   68.569
   0.444   1.000   2.000    1.37   0.0000    5   10.007  213.871   34.270   42.939    0.000   -8.670  304.495   68.624   53.019  -87.412    0.588    0.934    0.577    0.292  377.019  117.042  437.052  492.349  124.155  252.864   29.707  496.414   83.850   53.920
   0.444   1.000   2.000    1.37   0.0000    5   11.005  290.524   60.160   73.542    0.000  -13.382  418.468  106.526   82.437 -102.714    0.865    1.375    0.848    0.336  514.739  158.649  439.751  513.998  145.628  369.111   38.493  513.155   82.514   39.067
   0.444   1.000   2.000    1.37   0.0000    5   12.001  469.655  115.113  123.570    0.000   -8.457  712.020  173.661  158.438  -99.817    1.004    1.595    0.984    0.386  667.066  230.147  445.229  542.839  275.072  391.994   94.073  540.827  280.690   25.219
   0.444   1.000   2.000    1.37   0.0000    5   13.000  426.338  127.431  151.965    0.000  -24.534  627.194  202.749  158.588 -113.588    1.059    1.769    1.033    0.419  736.945  222.894  447.763  554.616  350.927  386.018   47.475  544.491  290.374   12.838
   0.444   1.000   2.000    1.37   0.0000    5   14.004  370.852  149.931  171.385    0.000  -21.455  545.603  219.751  181.133  -71.807    1.569    2.342    1.546    0.432  627.247  190.955  476.276  557.946  204.493  422.753   42.640  544.495  296.604    9.916
   0.444   1.000   2.000    1.37   0.0000    5   15.001  366.428  108.365  160.954    0.000  -52.589  551.770  229.904  135.244 -142.647    0.639    1.103    0.620    0.461  687.875  209.250  443.065  566.766  325.925  361.950   46.469  553.407  281.633   22.958
   0.444   1.000   2.000    1.37   0.0000    5   16.000  278.325  138.459  171.826    0.000  -33.368  427.172  234.946  174.885  -59.534    1.143    1.817    1.121    0.434  565.990  173.783  443.973  566.294  252.992  312.998   41.134  556.848  277.745   37.289
   0.444   1.000   2.000    1.37   0.0000    5   17.004  149.259  110.120  138.961    0.000  -28.842  239.425  186.986  135.071  -18.012    1.282    2.038    1.257    0.391  327.531  101.476  463.860  547.259   66.915  260.617   25.441  538.409  276.253   52.136
   0.444   1.000   2.000    1.37   0.0000    5   18.002   57.167   77.199  110.405    0.000  -33.206  110.294  157.099   97.327  -10.747    1.129    1.950    1.096    0.361  206.650   64.188  436.972  524.766   44.904  161.746   16.347  521.480  275.699   66.755
   0.444   1.000   2.000    1.37   0.0000    5   19.001  -34.285   48.856   76.701    0.000  -27.845  -22.630  115.414   65.293   11.608    1.006    1.737    0.977    0.312   46.936   14.623  438.134  505.591    0.999   45.938    3.792  505.455  275.683   85.220
   0.444   1.000   2.000    1.37   0.0000    5   20.004  -57.389   21.106   44.618    0.000  -23.512  -61.354   74.803   32.481    5.134    0.542    0.906    0.529    0.247    0.000    0.000  436.812  493.114    0.000    0.000    0.000  496.210  275.778   90.000
   0.444   1.000   2.000    1.37   0.0000    5   21.001  -51.460   14.747   35.493    0.000  -20.746  -58.091   63.383   26.041   -2.302    0.515    0.890    0.500    0.230    0.000    0.000  434.618  484.995    0.000    0.000    0.000  490.759  275.778   90.000
   0.444   1.000   2.000    1.37   0.0000    5   22.004  -48.100   10.048   29.993    0.000  -19.945  -57.157   54.897   18.996   -7.388    0.119    0.209    0.115    0.206    0.000    0.000  431.773  478.792    0.000    0.000    0.000  486.985  275.778   90.000
   0.444   1.000   2.000    1.37   0.0000    5   23.007  -43.941    7.449   24.742    0.000  -17.293  -54.715   46.326   15.199   -8.538    0.062    0.092    0.061    0.192    0.000    0.000  431.250  474.106    0.000    0.000    0.000  484.012  275.778   90.000
   0.444   1.000   2.000    1.37   0.0000    5   24.002  -40.448    5.289   20.473    0.000  -15.184  -52.341   39.617   12.286   -9.631    0.062    0.092    0.061    0.178    0.000    0.000  431.169  470.528    0.000    0.000    0.000  481.549  275.778   90.000
   0.444   1.000   2.000    1.37   0.0000    6    1.007  -38.694    5.520   20.752    0.000  -15.232  -51.263   41.057   13.640  -12.734    0.124    0.213    0.120    0.185    0.000    0.000  429.515  467.123    0.000    0.000    0.000  478.823   83.842   90.000
   0.444   1.000   2.000    1.37   0.0000    6    2.006  -36.748    4.805   17.101    0.000  -12.296  -49.455   36.340   14.207  -11.000    0.260    0.430    0.254    0.187    0.000    0.000  428.838  464.500    0.000    0.000    0.000  476.338   83.842   90.000
   0.444   1.000   2.000    1.37   0.0000    6    3.002  -35.222    3.719   13.904    0.000  -10.185  -48.401   28.924   10.591   -7.232    0.062    0.092    0.061    0.170    0.000    0.000  427.895  462.030    0.000    0.000    0.000  474.340   83.842   90.000
   0.444   1.000   2.000    1.37   0.0000    6    4.010  -33.643    2.730   12.724    0.000   -9.995  -46.976   27.153    9.163   -8.660    0.062    0.092    0.061    0.162    0.000    0.000  427.452  460.008    0.000    0.000    0.000  472.472   83.842   90.000
   0.444   1.000   2.000    1.37   0.0000    6    5.014  -32.883    2.311   11.132    0.000   -8.821  -46.287   24.465    8.588   -7.403    0.062    0.092    0.061    0.158    0.000    0.000  426.245  458.044    0.000    0.000    0.000  470.582   83.842   90.000
   0.444   1.000   2.000    1.37   0.0000    6    6.014  -29.668   -0.446    6.610    0.000   -7.056  -42.817   16.963    4.263   -7.180    0.062    0.092    0.061    0.126    0.000    0.000  428.634  457.208    0.000    0.000    0.000  469.482   83.842   90.000
   0.444   1.000   2.000    1.37   0.0000    6    7.005  -29.070   -0.602    7.485    0.000   -8.087  -42.002   18.514    3.957   -9.275    0.062    0.092    0.061    0.122    0.144    0.045  427.901  455.980    0.000    0.144    0.011  468.074   83.842   90.000
   0.444   1.000   2.000    1.37   0.0000    6    8.013   -7.523    1.139    8.900    0.000   -7.761  -11.976   20.266    6.296  -16.650    0.061    0.092    0.060    0.141   30.993    9.615  428.991  457.681    0.485   30.507    2.430  469.149   83.979   81.581
   0.444   1.000   2.000    1.37   0.0000    6    9.007   93.261   12.454   21.530    0.000   -9.076  130.211   39.884   23.547  -55.126    0.132    0.220    0.129    0.221  186.327   58.032  433.094  471.582   38.597  147.729   15.020  480.407   83.925   68.590
   0.444   1.000   2.000    1.37   0.0000    6   10.005  213.131   35.501   45.784    0.000  -10.283  303.858   73.550   55.040  -89.425    0.587    0.933    0.576    0.294  376.634  116.979  437.451  493.805  124.097  252.538   29.778  498.143   83.381   53.953
   0.444   1.000   2.000    1.37   0.0000    6   11.002  290.169   61.238   76.111    0.000  -14.873  418.382  111.026   84.255 -104.719    0.865    1.374    0.848    0.339  514.319  158.582  440.164  515.252  145.271  369.048   38.574  514.661   81.917   39.119
   0.444   1.000   2.000    1.37   0.0000    6   12.001  381.755   98.355  125.359    0.000  -27.004  554.240  176.385  127.778 -132.264    1.004    1.596    0.984    0.406  667.085  203.701  445.230  538.293  275.092  391.993   46.461  532.194  281.595   25.216
   0.444   1.000   2.000    1.37   0.0000    6   13.002  425.072  132.243  158.912    0.000  -26.670  625.304  215.127  167.122 -116.917    1.060    1.770    1.034    0.426  736.770  222.905  447.758  556.354  350.693  386.077   47.579  547.292  292.202   12.835
   0.444   1.000   2.000    1.37   0.0000    6   14.001  369.662  153.556  176.931    0.000  -23.375  543.712  229.586  187.511  -74.864    1.573    2.347    1.552    0.437  627.048  190.912  476.280  559.058  204.095  422.952   42.659  546.305  299.469    9.796
   0.444   1.000   2.000    1.37   0.0000    6   15.000  366.184  110.453  166.257    0.000  -55.804  551.477  239.490  139.043 -148.330    0.638    1.102    0.620    0.464  687.965  209.350  443.064  567.809  325.979  361.986   46.607  555.109  282.629   22.946
   0.444   1.000   2.000    1.37   0.0000    6   16.001  278.110  140.615  175.750    0.000  -35.135  426.959  242.052  178.808  -62.585    1.143    1.817    1.121    0.437  565.757  173.792  443.969  567.138  252.810  312.947   41.262  558.271  278.374   37.294
   0.444   1.000   2.000    1.37   0.0000    6   17.000  148.918  112.234  142.385    0.000  -30.151  238.814  193.117  138.845  -20.334    1.282    2.038    1.257    0.395  327.954  101.625  463.887  548.067   66.992  260.962   25.507  539.705  276.739   52.078
   0.444   1.000   2.000    1.37   0.0000    6   18.001   56.821   79.042  113.718    0.000  -34.676  109.729  163.041  100.623  -13.314    1.129    1.950    1.096    0.364  206.880   64.286  436.970  525.499   44.967  161.913   16.412  522.669  276.112   66.752
   0.444   1.000   2.000    1.37   0.0000    6   19.000  -34.891   50.422   79.731    0.000  -29.309  -23.615  120.839   68.083    9.111    1.006    1.738    0.977    0.316   46.992   14.643  438.136  506.262    1.000   45.993    3.801  506.535  276.064   85.220
   0.444   1.000   2.000    1.37   0.0000    6   20.005  -58.065   22.244   47.041    0.000  -24.797  -62.407   79.132   34.498    3.016    0.542    0.906    0.529    0.252    0.000    0.000  436.810  493.792    0.000    0.000    0.000  497.268  276.158   90.000
   0.444   1.000   2.000    1.37   0.0000    6   21.002  -52.130   15.803   37.786    0.000  -21.983  -59.104   67.463   27.893   -4.287    0.515    0.889    0.500    0.235    0.000    0.000  434.614  485.663    0.000    0.000    0.000  491.773  276.158   90.000
   0.444   1.000   2.000    1.37   0.0000    6   22.004  -48.735   10.873   31.980    0.000  -21.107  -58.120   58.463   20.470   -9.289    0.119    0.209    0.115    0.211    0.000    0.000  431.773  479.430    0.000    0.000    0.000  487.953  276.158   90.000
   0.444   1.000   2.000    1.37   0.0000    6   23.004  -44.553    8.160   26.543    0.000  -18.383  -55.640   49.569   16.480  -10.325    0.062    0.092    0.061    0.197    0.000    0.000  431.250  474.720    0.000    0.000    0.000  484.940  276.158   90.000
   0.444   1.000   2.000    1.37   0.0000    6   24.004  -41.024    5.923   22.165    0.000  -16.242  -53.218   42.671   13.435  -11.384    0.062    0.092    0.061    0.184    0.000    0.000  431.169  471.106    0.000    0.000    0.000  482.431  276.158   90.000
   0.444   1.000   2.000    1.37   0.0000    7    1.007  -38.965    5.290   20.599    0.000  -15.309  -51.913   40.392   12.836  -12.646    0.062    0.092    0.061    0.181    0.000    0.000  429.911  467.790    0.000    0.000    0.000  479.869   83.465   90.000
   0.444   1.000   2.000    1.37   0.0000    7    2.009  -37.393    5.720   19.572    0.000  -13.852  -50.136   42.223   17.289  -14.755    0.357    0.627    0.346    0.200    0.000    0.000  428.839  465.149    0.000    0.000    0.000  477.025   83.465   90.000
   0.444   1.000   2.000    1.37   0.0000    7    3.005  -35.530    4.128   15.718    0.000  -11.590  -48.727   32.774   11.911  -10.117    0.122    0.211    0.119    0.177    0.000    0.000  428.291  462.735    0.000    0.000    0.000  475.063   83.465   90.000
   0.444   1.000   2.000    1.37   0.0000    7    4.008  -33.388    2.070   12.426    0.000  -10.356  -46.764   26.804    8.163   -9.744    0.061    0.092    0.061    0.156    0.000    0.000  428.646  460.944    0.000    0.000    0.000  473.449   83.465   90.000
   0.444   1.000   2.000    1.37   0.0000    7    5.008  -31.638    2.400   12.646    0.000  -10.246  -44.836   27.787    9.345  -11.353    0.120    0.210    0.116    0.163    0.000    0.000  428.771  459.317    0.000    0.000    0.000  471.641   83.465   90.000
   0.444   1.000   2.000    1.37   0.0000    7    6.010  -29.881   -0.250    7.763    0.000   -8.013  -42.844   19.646    5.223   -9.154    0.129    0.216    0.126    0.134    0.000    0.000  429.511  458.294    0.000    0.000    0.000  470.378   83.465   90.000
   0.444   1.000   2.000    1.37   0.0000    7    7.003  -29.287   -0.504    8.426    0.000   -8.931  -42.020   20.871    4.796  -11.083    0.141    0.224    0.138    0.130    0.086    0.027  428.773  457.026    0.000    0.086    0.007  468.906   83.465   90.000
   0.444   1.000   2.000    1.37   0.0000    7    8.005   -8.563    0.850    9.608    0.000   -8.758  -11.804   29.059   13.295  -23.920    0.671    1.120    0.655    0.182   29.727    9.227  430.595  459.490    0.177   29.550    2.340  469.485   83.546   85.907
   0.444   1.000   2.000    1.37   0.0000    7    9.012   88.413   14.592   23.770    0.000   -9.179  125.694   45.315   28.793  -52.499    0.541    0.903    0.528    0.236  187.266   58.295  428.905  471.996   39.020  148.246   15.043  479.992   83.516   68.455
   0.444   1.000   2.000    1.37   0.0000    7   10.001  203.957   31.498   42.583    0.000  -11.085  292.022   69.222   49.268  -87.627    0.463    0.691    0.457    0.283  376.107  116.680  431.846  493.641  124.016  252.091   29.493  497.824   82.917   53.998
   0.444   1.000   2.000    1.37   0.0000    7   11.001  279.180   51.661   68.117    0.000  -16.456  407.042  103.654   74.032 -106.146    0.418    0.665    0.410    0.324  514.185  158.579  428.874  515.136  145.157  369.028   38.633  515.089   81.318   39.136
   0.444   1.000   2.000    1.37   0.0000    7   12.001  368.612   77.348  117.814    0.000  -40.466  541.145  178.377  105.538 -161.508    0.368    0.636    0.358    0.423  667.068  203.746  433.925  540.380  275.073  391.994   46.551  534.439  282.495   25.219
   0.444   1.000   2.000    1.37   0.0000    7   13.001  404.575  121.755  149.971    0.000  -28.216  602.950  214.285  163.496 -120.411    0.672    1.122    0.655    0.423  736.888  223.091  430.817  560.971  350.850  386.038   47.858  554.574  294.038   12.837
   0.444   1.000   2.000    1.37   0.0000    7   14.001  329.502  121.723  151.002    0.000  -29.280  500.378  209.254  156.551  -82.879    0.956    1.426    0.943    0.417  627.091  190.872  437.639  560.795  204.182  422.909   42.566  551.376  301.943    9.822
   0.444   1.000   2.000    1.37   0.0000    7   15.000  343.276  110.108  163.432    0.000  -53.324  521.454  237.872  141.890 -136.122    0.585    0.931    0.574    0.450  687.978  209.093  430.007  569.626  325.987  361.991   46.139  557.612  283.619   22.944
   0.444   1.000   2.000    1.37   0.0000    7   16.002  276.453  113.988  150.286    0.000  -36.298  426.931  215.801  150.465  -81.308    0.542    0.905    0.529    0.412  565.629  173.826  447.621  573.126  252.710  312.919   41.385  563.214  279.000   37.297
   0.444   1.000   2.000    1.37   0.0000    7   17.003  124.024   73.968  109.493    0.000  -35.526  212.867  160.093   96.147  -37.327    0.419    0.665    0.410    0.357  327.642  101.487  447.295  554.611   66.935  260.707   25.408  545.995  277.215   52.121
   0.444   1.000   2.000    1.37   0.0000    7   18.003   49.230   51.914   85.922    0.000  -34.008  104.593  129.404   68.190  -19.979    0.371    0.640    0.360    0.316  206.559   64.209  441.038  537.020   44.879  161.680   16.428  531.728  276.523   66.756
   0.444   1.000   2.000    1.37   0.0000    7   19.002  -37.515   55.563   88.510    0.000  -32.947  -25.462  132.340   73.036    9.738    1.099    1.932    1.066    0.323   46.910   14.620  441.183  511.886    0.998   45.912    3.799  511.374  276.443   85.220
   0.444   1.000   2.000    1.37   0.0000    7   20.001  -46.861   24.314   49.942    0.000  -25.628  -49.177   81.780   35.650   -2.842    0.502    0.882    0.487    0.249    0.000    0.000  456.121  501.831    0.000    0.000    0.000  503.226  276.535   90.000
   0.444   1.000   2.000    1.37   0.0000    7   21.000  -56.589   11.010   35.715    0.000  -24.705  -63.703   64.327   19.857   -6.353    0.239    0.420    0.232    0.217    0.000    0.000  434.367  489.916    0.000    0.000    0.000  496.199  276.535   90.000
   0.444   1.000   2.000    1.37   0.0000    7   22.004  -50.595    9.614   32.656    0.000  -23.041  -59.275   59.287   17.813  -10.185    0.062    0.092    0.061    0.200    0.000    0.000  435.575  485.066    0.000    0.000    0.000  492.862  276.535   90.000
   0.444   1.000   2.000    1.37   0.0000    7   23.006  -46.083    8.274   29.677    0.000  -21.403  -56.770   54.980   16.455  -13.906    0.062    0.092    0.061    0.197    0.000    0.000  434.239  479.233    0.000    0.000    0.000  489.048  276.535   90.000
   0.444   1.000   2.000    1.37   0.0000    7   24.006  -42.467    6.309   24.850    0.000  -18.541  -54.392   47.263   13.889  -13.859    0.062    0.092    0.061    0.186    0.000    0.000  433.731  475.106    0.000    0.000    0.000  486.158  276.535   90.000
   0.444   1.000   2.000    1.37   0.0000    8    1.007  -40.786    6.358   24.722    0.000  -18.364  -53.528   48.057   15.001  -16.725    0.124    0.214    0.120    0.191    0.000    0.000  431.525  471.227    0.000    0.000    0.000  483.100   83.089   90.000
   0.444   1.000   2.000    1.37   0.0000    8    2.001  -38.844    5.954   21.546    0.000  -15.592  -51.818   44.140   16.074  -15.320    0.259    0.431    0.252    0.195    0.000    0.000  430.442  468.200    0.000    0.000    0.000  480.305   83.089   90.000
   0.444   1.000   2.000    1.37   0.0000    8    3.008  -36.770    4.112   16.829    0.000  -12.717  -50.269   34.219   11.330  -10.900    0.062    0.092    0.061    0.174    0.000    0.000  429.872  465.554    0.000    0.000    0.000  478.183   83.089   90.000
   0.444   1.000   2.000    1.37   0.0000    8    4.005  -35.293    3.359   16.311    0.000  -12.952  -49.010   33.614   10.301  -13.051    0.062    0.092    0.061    0.168    0.000    0.000  429.033  463.238    0.000    0.000    0.000  476.086   83.089   90.000
   0.444   1.000   2.000    1.37   0.0000    8    5.006  -34.629    3.207   14.941    0.000  -11.735  -48.473   31.293   10.171  -11.661    0.062    0.092    0.061    0.168    0.000    0.000  427.410  460.956    0.000    0.000    0.000  473.933   83.089   90.000
   0.444   1.000   2.000    1.37   0.0000    8    6.005  -30.073   -1.139    7.252    0.000   -8.392  -43.579   18.450    3.346   -9.948    0.062    0.092    0.061    0.117    0.000    0.000  431.447  460.420    0.000    0.000    0.000  473.047   83.089   90.000
   0.444   1.000   2.000    1.37   0.0000    8    7.003  -29.581   -1.376    9.262    0.000  -10.637  -42.855   22.041    2.893  -14.127    0.062    0.092    0.061    0.110    0.083    0.026  430.686  459.227    0.000    0.083    0.006  471.644   83.089   90.000
   0.444   1.000   2.000    1.37   0.0000    8    8.010   -8.322    0.374   10.792    0.000  -10.419  -13.168   24.000    5.246  -21.515    0.061    0.092    0.060    0.133   30.492    9.463  431.734  460.891    0.364   30.129    2.396  472.648   83.206   83.006
   0.444   1.000   2.000    1.37   0.0000    8    9.007   91.249   12.775   25.262    0.000  -12.487  127.338   46.638   24.162  -60.553    0.132    0.221    0.129    0.223  186.409   58.055  434.657  474.462   38.634  147.775   15.022  483.565   83.115   68.578
   0.444   1.000   2.000    1.37   0.0000    8   10.005  208.753   37.600   51.498    0.000  -13.898  297.122   83.277   58.261  -94.230    0.588    0.933    0.576    0.301  376.730  116.965  437.857  495.954  124.111  252.619   29.707  500.511   82.447   53.945
   0.444   1.000   2.000    1.37   0.0000    8   11.000  288.593   64.630   81.975    0.000  -17.344  416.659  120.803   89.583 -107.278    0.864    1.374    0.847    0.346  514.030  158.568  440.155  517.079  145.026  369.005   38.689  516.937   80.723   39.155
   0.444   1.000   2.000    1.37   0.0000    8   12.001  452.584  117.530  131.168    0.000  -13.638  682.516  186.275  161.726 -106.855    1.004    1.596    0.984    0.393  667.096  227.021  445.231  544.386  275.104  391.992   88.431  542.374  283.396   25.215
   0.444   1.000   2.000    1.37   0.0000    8   13.002  416.832  130.535  158.897    0.000  -28.362  611.019  214.457  163.405 -118.772    1.060    1.770    1.034    0.423  736.771  222.692  447.758  556.123  350.694  386.077   47.195  546.327  295.895   12.835
   0.444   1.000   2.000    1.37   0.0000    8   14.001  364.443  153.143  177.769    0.000  -24.627  534.728  230.571  186.243  -76.183    1.572    2.346    1.551    0.436  627.082  190.790  476.279  559.195  204.165  422.918   42.422  546.130  304.582    9.817
   0.444   1.000   2.000    1.37   0.0000    8   15.000  367.241  111.621  169.411    0.000  -57.790  553.735  244.866  140.844 -151.246    0.638    1.102    0.620    0.475  687.988  209.459  443.064  568.312  325.993  361.995   46.792  555.652  284.608   22.943
   0.444   1.000   2.000    1.37   0.0000    8   16.002  277.600  144.423  181.443    0.000  -37.020  426.457  252.161  185.525  -65.422    1.143    1.817    1.121    0.443  565.411  173.818  443.964  568.523  252.539  312.871   41.475  560.461  279.624   37.303
   0.444   1.000   2.000    1.37   0.0000    8   17.003  146.492  114.557  146.253    0.000  -31.695  234.806  199.909  142.857  -22.585    1.282    2.038    1.257    0.399  327.683  101.524  463.869  548.938   66.942  260.740   25.455  541.013  277.693   52.115
   0.444   1.000   2.000    1.37   0.0000    8   18.002   56.178   80.972  117.173    0.000  -36.201  108.870  169.113  103.952  -15.614    1.129    1.950    1.096    0.368  206.644   64.257  436.967  526.270   44.902  161.742   16.474  523.836  276.932   66.755
   0.444   1.000   2.000    1.37   0.0000    8   19.001  -36.611   56.386   87.969    0.000  -31.583  -25.825  133.936   77.086    7.633    1.006    1.737    0.977    0.329   46.964   14.639  436.001  505.871    0.999   45.965    3.807  506.664  276.820   85.220
   0.444   1.000   2.000    1.37   0.0000    8   20.006  -59.494   26.270   51.930    0.000  -25.660  -64.387   87.064   40.876    2.924    0.542    0.906    0.529    0.267    0.000    0.000  434.698  493.119    0.000    0.000    0.000  497.154  276.911   90.000
   0.444   1.000   2.000    1.37   0.0000    8   21.005  -53.322   19.342   42.140    0.000  -22.798  -60.880   74.660   33.624   -4.746    0.514    0.887    0.499    0.250    0.000    0.000  432.547  484.798    0.000    0.000    0.000  491.500  276.911   90.000
   0.444   1.000   2.000    1.37   0.0000    8   22.005  -48.506   11.118   31.925    0.000  -20.807  -58.409   58.554   21.101   -9.640    0.119    0.209    0.115    0.214    0.000    0.000  431.775  479.203    0.000    0.000    0.000  488.245  276.911   90.000
   0.444   1.000   2.000    1.37   0.0000    8   23.003  -44.243    7.971   27.067    0.000  -19.096  -55.796   50.752   16.379  -12.564    0.062    0.092    0.061    0.196    0.000    0.000  431.656  474.815    0.000    0.000    0.000  485.502  276.911   90.000
   0.444   1.000   2.000    1.37   0.0000    8   24.005  -41.128    6.218   23.644    0.000  -17.425  -53.749   45.472   14.106  -13.997    0.062    0.092    0.061    0.187    0.000    0.000  431.169  471.211    0.000    0.000    0.000  482.963  276.911   90.000
   0.444   1.000   2.000    1.37   0.0000    9    1.001  -39.387    6.497   23.856    0.000  -17.358  -52.614   46.764   15.519  -16.786    0.123    0.212    0.119    0.193    0.000    0.000  429.519  467.824    0.000    0.000    0.000  480.185   82.714   90.000
   0.444   1.000   2.000    1.37   0.0000    9    2.004  -37.451    5.795   19.937    0.000  -14.142  -50.747   41.558   16.103  -14.462    0.259    0.431    0.253    0.195    0.000    0.000  428.840  465.208    0.000    0.000    0.000  477.638   82.714   90.000
   0.444   1.000   2.000    1.37   0.0000    9    3.003  -35.928    4.554   16.336    0.000  -11.781  -49.649   33.385   12.179  -10.165    0.062    0.092    0.061    0.178    0.000    0.000  427.894  462.739    0.000    0.000    0.000  475.592   82.714   90.000
   0.444   1.000   2.000    1.37   0.0000    9    4.002  -34.345    3.503   15.116    0.000  -11.613  -48.177   31.530   10.627  -11.581    0.062    0.092    0.061    0.170    0.000    0.000  427.460  460.721    0.000    0.000    0.000  473.685   82.714   90.000
   0.444   1.000   2.000    1.37   0.0000    9    5.002  -33.900    3.432   14.495    0.000  -11.063  -47.790   30.495   10.582  -11.087    0.062    0.092    0.061    0.170    0.000    0.000  425.821  458.641    0.000    0.000    0.000  471.666   82.714   90.000
   0.444   1.000   2.000    1.37   0.0000    9    6.005  -32.754    3.487   13.649    0.000  -10.162  -46.562   28.966   10.674  -10.294    0.062    0.092    0.061    0.170    0.000    0.000  425.138  456.813    0.000    0.000    0.000  469.758   82.714   90.000
   0.444   1.000   2.000    1.37   0.0000    9    7.005  -31.728    3.188   12.374    0.000   -9.186  -45.375   26.716   10.182   -9.241    0.062    0.092    0.061    0.168    0.143    0.044  424.428  455.179    0.000    0.143    0.011  467.999   82.714   90.000
   0.444   1.000   2.000    1.37   0.0000    9    8.002  -10.099    3.683   11.761    0.000   -8.078  -15.629   25.174   10.633  -15.997    0.062    0.092    0.061    0.170   29.369    9.109  426.638  456.801    0.090   29.279    2.300  468.986   82.764   87.704
   0.444   1.000   2.000    1.37   0.0000    9    9.011   93.223   12.848   21.598    0.000   -8.750  129.324   40.181   24.431  -55.531    0.134    0.223    0.131    0.223  187.126   58.290  433.112  471.514   38.957  148.169   15.102  480.832   82.710   68.476
   0.444   1.000   2.000    1.37   0.0000    9   10.006  210.888   35.613   47.678    0.000  -12.066  299.438   77.289   55.571  -93.348    0.588    0.934    0.576    0.297  376.816  117.029  437.452  493.791  124.124  252.692   29.779  498.442   81.983   53.938
   0.444   1.000   2.000    1.37   0.0000    9   11.002  290.484   62.934   79.258    0.000  -16.324  418.978  116.601   87.218 -107.212    0.865    1.374    0.848    0.343  514.369  158.707  439.738  515.406  145.314  369.055   38.775  515.235   80.119   39.113
   0.444   1.000   2.000    1.37   0.0000    9   12.002  382.757   99.352  129.224    0.000  -29.872  556.019  183.508  129.738 -137.619    1.004    1.596    0.984    0.412  667.129  203.887  445.232  538.738  275.140  391.989   46.774  533.006  284.296   25.209
   0.444   1.000   2.000    1.37   0.0000    9   13.001  416.926  132.822  161.015    0.000  -28.193  610.706  218.896  168.149 -119.577    1.060    1.769    1.034    0.427  736.870  222.768  447.761  556.593  350.826  386.044   47.285  547.621  297.764   12.837
   0.444   1.000   2.000    1.37   0.0000    9   14.004  364.810  153.550  177.925    0.000  -24.375  535.097  231.316  187.441  -76.488    1.569    2.343    1.547    0.437  627.218  190.858  476.276  559.235  204.436  422.782   42.479  546.453  306.917    9.899
   0.444   1.000   2.000    1.37   0.0000    9   15.001  367.279  110.187  168.947    0.000  -58.760  553.739  244.555  138.787 -153.580    0.638    1.103    0.620    0.408  687.934  209.329  443.064  568.350  325.960  361.973   46.583  555.802  285.589   22.950
   0.444   1.000   2.000    1.37   0.0000    9   16.001  283.290  128.518  162.872    0.000  -34.353  436.330  218.317  156.481  -60.576    1.143    1.817    1.121    0.418  565.688  173.956  443.968  563.310  252.756  312.932   41.590  551.355  280.247   37.296
   0.444   1.000   2.000    1.37   0.0000    9   17.001  149.513  105.937  135.408    0.000  -29.471  239.957  180.208  127.160  -18.687    1.282    2.038    1.257    0.383  327.836  101.583  463.879  546.063   66.970  260.866   25.489  536.069  278.169   52.094
   0.444   1.000   2.000    1.37   0.0000    9   18.001   57.364   75.177  109.169    0.000  -33.992  110.772  154.572   93.387  -11.737    1.129    1.950    1.096    0.356  206.888   64.303  436.969  524.180   44.969  161.919   16.439  520.229  277.339   66.752
   0.444   1.000   2.000    1.37   0.0000    9   19.001  -34.943   52.092   81.538    0.000  -29.446  -22.944  122.235   69.232   11.485    1.006    1.737    0.977    0.318   46.960   14.640  436.001  504.211    0.999   45.961    3.811  503.798  277.196   85.220
   0.444   1.000   2.000    1.37   0.0000    9   20.003  -58.013   23.359   47.046    0.000  -23.687  -61.809   78.164   35.527    6.497    0.542    0.906    0.529    0.254    0.000    0.000  434.702  491.635    0.000    0.000    0.000  494.568  277.286   90.000
   0.444   1.000   2.000    1.37   0.0000    9   21.006  -51.956   16.760   37.625    0.000  -20.864  -58.511   66.439   28.883   -1.261    0.513    0.886    0.498    0.238    0.000    0.000  432.549  483.428    0.000    0.000    0.000  489.122  277.286   90.000
   0.444   1.000   2.000    1.37   0.0000    9   22.004  -46.952    8.675   27.409    0.000  -18.734  -55.874   50.443   16.722   -6.189    0.119    0.209    0.115    0.198    0.000    0.000  432.186  478.053    0.000    0.000    0.000  486.108  277.286   90.000
   0.444   1.000   2.000    1.37   0.0000    9   23.001  -42.266    5.079   22.048    0.000  -16.969  -52.828   41.840   11.296   -9.447    0.062    0.092    0.061    0.174    0.000    0.000  432.884  474.057    0.000    0.000    0.000  483.744  277.286   90.000
   0.444   1.000   2.000    1.37   0.0000    9   24.000  -39.378    3.585   19.486    0.000  -15.901  -51.015   38.074    9.451  -11.754    0.062    0.092    0.061    0.163    0.000    0.000  432.394  470.679    0.000    0.000    0.000  481.440  277.286   90.000
   0.444   1.000   2.000    1.37   0.0000   10    1.004  -38.379    4.726   20.997    0.000  -16.271  -50.689   41.529   12.241  -14.628    0.123    0.213    0.120    0.178    0.000    0.000  429.915  467.205    0.000    0.000    0.000  478.644   82.342   90.000
   0.444   1.000   2.000    1.37   0.0000   10    2.008  -36.729    4.536   17.294    0.000  -12.759  -49.183   36.584   13.619  -11.491    0.260    0.430    0.254    0.184    0.000    0.000  428.846  464.488    0.000    0.000    0.000  476.073   82.342   90.000
   0.444   1.000   2.000    1.37   0.0000   10    3.002  -34.384    2.343   12.271    0.000   -9.929  -47.243   26.144    8.272   -7.279    0.062    0.092    0.061    0.157    0.000    0.000  429.079  462.373    0.000    0.000    0.000  474.359   82.342   90.000
   0.444   1.000   2.000    1.37   0.0000   10    4.011  -33.221    1.802   12.510    0.000  -10.708  -46.241   26.824    7.550  -10.023    0.062    0.092    0.061    0.152    0.000    0.000  428.232  460.363    0.000    0.000    0.000  472.512   82.342   90.000
   0.444   1.000   2.000    1.37   0.0000   10    5.002  -32.818    1.825   11.688    0.000   -9.863  -45.934   25.427    7.674   -9.003    0.062    0.092    0.061    0.153    0.000    0.000  426.605  458.338    0.000    0.000    0.000  470.586   82.342   90.000
   0.444   1.000   2.000    1.37   0.0000   10    6.005  -29.847   -0.492    6.966    0.000   -7.458  -42.740   17.475    4.049   -7.376    0.062    0.092    0.061    0.124    0.000    0.000  428.641  457.394    0.000    0.000    0.000  469.412   82.342   90.000
   0.444   1.000   2.000    1.37   0.0000   10    7.011  -29.109   -0.638    7.825    0.000   -8.463  -41.762   19.002    3.768   -9.517    0.062    0.092    0.061    0.120    0.313    0.097  427.907  456.146    0.000    0.313    0.024  468.002   82.342   90.000
   0.444   1.000   2.000    1.37   0.0000   10    8.013   -7.594    1.085    9.215    0.000   -8.131  -11.813   20.731    6.096  -16.922    0.061    0.092    0.060    0.140   31.099    9.649  428.994  457.818    0.511   30.588    2.440  469.070   82.464   81.314
   0.444   1.000   2.000    1.37   0.0000   10    9.001   92.177   12.250   22.051    0.000   -9.800  128.781   40.769   23.128  -55.856    0.130    0.217    0.127    0.220  185.275   57.753  433.070  471.552   38.124  147.151   15.024  480.188   82.318   68.743
   0.444   1.000   2.000    1.37   0.0000   10   10.004  211.321   35.186   46.440    0.000  -11.254  300.819   74.603   54.347  -90.829    0.587    0.933    0.575    0.294  376.563  116.998  437.449  493.731  124.086  252.477   29.847  497.816   81.524   53.960
   0.444   1.000   2.000    1.37   0.0000   10   11.004  292.543   61.731   77.138    0.000  -15.407  422.773  112.710   84.977 -105.400    0.865    1.375    0.848    0.340  514.584  158.875  440.173  515.510  145.496  369.088   38.974  514.919   79.519   39.086
   0.444   1.000   2.000    1.37   0.0000   10   12.001  383.897   98.870  129.100    0.000  -30.230  558.305  183.041  128.627 -137.783    1.004    1.595    0.984    0.413  667.058  203.943  445.229  538.638  275.063  391.995   46.910  532.615  285.186   25.221
   0.444   1.000   2.000    1.37   0.0000   10   13.004  417.186  132.705  160.495    0.000  -27.790  611.385  217.770  167.748 -118.451    1.061    1.770    1.035    0.426  736.580  222.725  447.752  556.542  350.439  386.141   47.347  547.419  299.667   12.833
   0.444   1.000   2.000    1.37   0.0000   10   14.000  364.705  153.269  177.227    0.000  -23.958  535.012  229.803  186.679  -75.376    1.574    2.348    1.553    0.436  627.002  190.789  476.281  559.051  204.003  422.998   42.459  546.084  310.280    9.768
   0.444   1.000   2.000    1.37   0.0000   10   15.001  368.755  111.336  170.925    0.000  -59.589  556.346  247.737  140.477 -154.745    0.638    1.103    0.620    0.480  687.931  209.581  443.064  568.142  325.959  361.972   47.038  555.480  286.574   22.951
   0.444   1.000   2.000    1.37   0.0000   10   16.002  280.365  145.740  182.431    0.000  -36.691  431.362  254.060  188.016  -65.023    1.143    1.817    1.121    0.445  565.419  174.043  443.964  568.835  252.546  312.873   41.876  561.093  280.865   37.303
   0.444   1.000   2.000    1.37   0.0000   10   17.000  146.955  114.908  146.158    0.000  -31.249  235.529  199.753  143.504  -21.908    1.282    2.038    1.257    0.400  327.963  101.645  463.888  548.993   66.993  260.969   25.539  541.120  278.644   52.077
   0.444   1.000   2.000    1.37   0.0000   10   18.003   55.326   80.801  116.526    0.000  -35.725  107.333  167.959  103.654  -14.769    1.129    1.949    1.096    0.368  206.559   64.222  436.973  526.144   44.879  161.681   16.451  523.634  277.744   66.756
   0.444   1.000   2.000    1.37   0.0000   10   19.003  -35.576   51.702   81.658    0.000  -29.956  -24.661  124.254   70.334    8.187    1.005    1.735    0.976    0.320   46.842   14.598  438.131  506.791    0.997   45.845    3.792  507.352  277.569   85.220
   0.444   1.000   2.000    1.37   0.0000   10   20.000  -58.535   23.094   48.812    0.000  -25.717  -63.160   82.316   36.024    1.458    0.542    0.906    0.529    0.256    0.000    0.000  436.818  494.273    0.000    0.000    0.000  498.033  277.658   90.000
   0.444   1.000   2.000    1.37   0.0000   10   21.004  -52.613   16.606   39.508    0.000  -22.902  -59.847   70.537   29.313   -5.790    0.514    0.888    0.499    0.239    0.000    0.000  434.610  486.144    0.000    0.000    0.000  492.514  277.658   90.000
   0.444   1.000   2.000    1.37   0.0000   10   22.005  -49.195   11.514   33.436    0.000  -21.922  -58.827   61.079   21.620  -10.629    0.119    0.209    0.115    0.215    0.000    0.000  431.775  479.894    0.000    0.000    0.000  488.665  277.658   90.000
   0.444   1.000   2.000    1.37   0.0000   10   23.003  -44.735    8.272   27.253    0.000  -18.981  -56.039   50.921   16.756  -11.547    0.062    0.092    0.061    0.198    0.000    0.000  431.656  475.308    0.000    0.000    0.000  485.746  277.658   90.000
   0.444   1.000   2.000    1.37   0.0000   10   24.002  -41.526    6.448   23.763    0.000  -17.315  -53.929   45.538   14.370  -13.114    0.062    0.092    0.061    0.188    0.000    0.000  431.170  471.611    0.000    0.000    0.000  483.145  277.658   90.000
