   0.444   1.000   2.000    1.37   0.0000    1    1.007   64.844   13.083   11.183   14.603    7.724    7.890    7.896    7.770   12.178   26.000   24.000    2.789    2.470    3.453   12.376   14.557    8.305    8.440    8.455    8.338
   0.444   1.000   2.000    1.37   0.0000    1    2.000   65.061   13.637   12.787   14.317    7.882    7.999    8.009    7.931   10.889   26.000   24.000    1.162    2.356    2.718   13.799   14.281    8.437    8.532    8.549    8.474
   0.444   1.000   2.000    1.37   0.0000    1    3.004   65.528   14.245   14.051   14.401    8.277    8.378    8.390    8.323   10.883   25.900   24.000    1.612    2.389    2.656   14.897   14.363    8.799    8.881    8.899    8.834
   0.444   1.000   2.000    1.37   0.0000    1    4.003   66.081   14.840   15.071   14.655    8.754    8.840    8.837    8.794   11.166   25.800   24.000    1.723    2.362    2.478   15.804   14.616    9.253    9.320    9.326    9.282
   0.444   1.000   2.000    1.37   0.0000    1    5.023   66.661   15.379   15.878   14.979    9.279    9.359    9.368    9.311   11.545   25.902   24.000    2.121    2.387    2.595   16.545   14.940    9.759    9.823    9.838    9.782
   0.444   1.000   2.000    1.37   0.0000    1    6.019   66.977   15.559   16.027   15.184    9.657    9.731    9.743    9.682   11.942   25.998   24.000    2.055    2.346    2.585   16.426   15.104   10.048   10.106   10.124   10.065
   0.444   1.000   2.000    1.37   0.0000    1    7.006   67.747   16.317   17.145   15.654   10.286   10.346   10.346   10.303   12.263   25.900   24.000    2.108    2.347    2.361   17.679   15.610   10.724   10.770   10.777   10.734
   0.444   1.000   2.000    1.37   0.0000    1    8.024   68.484   16.786   17.491   16.222   10.927   10.974   10.993   10.932   12.980   25.909   24.000    2.075    2.330    2.423   17.778   16.137   11.288   11.323   11.346   11.286
   0.444   1.000   2.000    1.37   0.0000    1    9.010   71.698   19.659   20.967   18.613   13.066   12.991   13.721   12.979   14.726   26.313   24.000    3.563    2.961    3.408   21.008   18.511   13.422   13.349   14.003   13.347
   0.444   1.000   2.000    1.37   0.0000    1   10.015   76.488   24.235   26.064   22.772   15.906   15.699   18.068   15.893   18.646   27.631   24.000    4.461    3.394    4.140   25.687   22.602   16.276   16.085   18.197   16.292
   0.444   1.000   2.000    1.37   0.0000    1   11.009   82.908   30.093   32.055   28.523   19.961   19.820   22.491   20.111   27.977   29.608   24.000    6.077    3.849    5.224   31.201   28.267   20.340   20.200   22.579   20.504
   0.444   1.000   2.000    1.37   0.0000    1   12.000   98.038   38.001   37.941   38.049   33.275   33.524   36.892   34.945   30.623   30.500   24.000    5.637    4.049    5.084   36.555   37.885   33.334   33.525   36.587   34.890
   0.444   1.000   2.000    1.37   0.0000    1   13.000   92.024   40.737   42.232   39.541   25.203   24.853   26.357   26.672   31.533   31.500   24.000    6.419    4.416    5.312   40.536   39.000   25.617   25.291   26.658   26.914
   0.444   1.000   2.000    1.37   0.0000    1   14.003   93.428   41.572   43.666   39.896   27.176   26.890   27.803   28.167   32.159   32.096   24.000    8.346    5.392    6.302   42.332   39.451   27.620   27.352   28.188   28.486
   0.444   1.000   2.000    1.37   0.0000    1   15.000  100.008   43.709   44.933   42.730   33.622   33.518   35.692   35.976   31.505   30.900   24.000    7.830    5.395    6.154   43.343   42.379   33.824   33.712   35.707   35.939
   0.444   1.000   2.000    1.37   0.0000    1   16.002   93.501   40.423   42.959   38.394   28.165   27.637   28.729   32.033   29.307   28.697   24.000    8.840    6.712    7.153   41.339   37.968   28.408   27.930   28.999   31.835
   0.444   1.000   2.000    1.37   0.0000    1   17.003   90.750   37.342   39.723   35.437   27.276   26.877   27.752   29.659   27.713   27.201   24.000    5.944    4.240    4.718   38.195   35.049   27.394   27.034   27.863   29.508
   0.444   1.000   2.000    1.37   0.0000    1   18.001   89.001   35.517   37.631   33.826   26.523   26.154   26.907   28.390   28.076   27.600   24.000    3.340    2.844    2.584   36.253   33.464   26.605   26.274   26.981   28.264
   0.444   1.000   2.000    1.37   0.0000    1   19.004   85.956   32.254   33.543   31.223   25.056   24.817   25.451   26.202   27.211   26.899   24.000    2.885    2.468    2.335   32.459   30.899   25.096   24.883   25.470   26.118
   0.444   1.000   2.000    1.37   0.0000    1   20.005   83.931   29.765   30.301   29.336   24.283   24.136   24.647   25.161   26.555   26.598   24.000    4.745    3.230    3.839   29.567   29.067   24.312   24.182   24.654   25.098
   0.444   1.000   2.000    1.37   0.0000    1   21.015   82.533   27.905   27.599   28.149   23.752   23.545   24.087   24.447   26.116   26.295   24.000    3.067    2.446    3.067   26.742   27.851   23.664   23.482   23.980   24.292
   0.444   1.000   2.000    1.37   0.0000    1   22.020   81.843   26.771   26.050   27.348   23.624   23.408   23.884   24.208   25.767   25.998   24.000    3.797    2.979    3.541   25.321   27.075   23.515   23.325   23.762   24.043
   0.444   1.000   2.000    1.37   0.0000    1   23.009   81.536   26.264   25.404   26.953   23.541   23.367   23.819   24.121   25.070   25.899   24.000    0.949    1.883    1.810   25.089   26.749   23.521   23.369   23.785   24.047
   0.444   1.000   2.000    1.37   0.0000    1   24.021   81.032   25.462   24.240   26.440   23.384   23.225   23.649   23.929   24.758   25.800   24.000    0.799    1.816    1.766   24.008   26.249   23.351   23.212   23.603   23.846
   0.444   1.000   2.000    1.37   0.0000    2    1.012   80.676   24.875   23.459   26.008   23.287   23.143   23.544   23.792   24.547   26.499   24.000    1.267    1.794    1.950   23.165   25.811   23.212   23.086   23.455   23.671
   0.444   1.000   2.000    1.37   0.0000    2    2.012   80.544   24.617   23.258   25.704   23.291   23.162   23.535   23.755   24.314   26.398   24.000    1.984    1.995    2.293   22.978   25.519   23.206   23.094   23.438   23.630
   0.444   1.000   2.000    1.37   0.0000    2    3.002   80.269   24.205   22.703   25.406   23.203   23.068   23.420   23.636   24.150   26.200   24.000    1.019    1.657    1.578   22.463   25.230   23.111   22.993   23.319   23.507
   0.444   1.000   2.000    1.37   0.0000    2    4.024   80.071   23.894   22.316   25.156   23.147   23.014   23.346   23.548   24.005   26.195   24.000    1.058    1.612    1.538   22.113   24.988   23.051   22.935   23.242   23.418
   0.444   1.000   2.000    1.37   0.0000    2    5.010   79.888   23.615   21.974   24.927   23.090   22.960   23.272   23.460   23.875   25.998   24.000    1.086    1.566    1.509   21.784   24.764   22.985   22.873   23.161   23.325
   0.444   1.000   2.000    1.37   0.0000    2    6.039   79.740   23.390   21.714   24.731   23.041   22.916   23.208   23.383   23.755   25.796   24.000    1.102    1.529    1.470   21.546   24.575   22.933   22.824   23.095   23.247
   0.444   1.000   2.000    1.37   0.0000    2    7.026   79.624   23.212   21.516   24.568   23.004   22.882   23.156   23.319   23.654   25.705   24.000    1.115    1.498    1.428   21.363   24.417   22.893   22.787   23.041   23.182
   0.444   1.000   2.000    1.37   0.0000    2    8.012   80.082   23.567   22.004   24.817   23.295   23.172   23.443   23.582   23.730   25.911   24.000    1.095    1.626    1.397   21.847   24.674   23.193   23.085   23.336   23.456
   0.444   1.000   2.000    1.37   0.0000    2    9.007   82.871   26.194   25.319   26.893   24.938   24.666   25.631   25.092   24.934   26.811   24.000    1.379    2.116    2.220   24.963   26.741   24.860   24.620   25.488   25.013
   0.444   1.000   2.000    1.37   0.0000    2   10.010   87.287   30.639   30.528   30.727   27.333   26.901   29.462   27.484   28.621   28.519   24.000    4.059    3.101    3.732   29.784   30.517   27.295   26.911   29.204   27.468
   0.444   1.000   2.000    1.37   0.0000    2   11.013   91.482   34.815   35.423   34.329   29.757   29.327   32.287   29.967   30.735   30.412   24.000    5.659    4.142    4.754   34.296   34.066   29.738   29.352   31.998   29.974
   0.444   1.000   2.000    1.37   0.0000    2   12.003   95.529   39.303   40.206   38.580   31.790   31.215   32.754   34.346   31.900   31.301   24.000    6.547    4.886    5.548   38.736   38.236   31.822   31.303   32.747   34.102
   0.444   1.000   2.000    1.37   0.0000    2   13.005   98.827   43.336   43.761   42.997   34.061   33.473   35.079   35.613   32.522   31.802   24.000    7.224    5.255    5.811   42.026   42.529   34.083   33.554   35.021   35.474
   0.444   1.000   2.000    1.37   0.0000    2   14.002   98.832   43.246   44.630   42.140   34.708   34.214   35.238   35.708   32.837   32.101   24.000    8.808    6.736    7.174   43.220   41.767   34.769   34.325   35.263   35.661
   0.444   1.000   2.000    1.37   0.0000    2   15.001  100.717   45.231   46.526   44.196   35.338   34.632   35.831   38.298   33.880   32.700   24.000    5.470    4.239    4.571   44.494   43.708   35.314   34.686   35.825   37.942
   0.444   1.000   2.000    1.37   0.0000    2   16.002  100.116   44.060   45.755   42.704   35.503   34.796   36.008   39.387   33.736   32.899   24.000    7.336    5.405    5.867   43.800   42.268   35.433   34.804   35.975   38.892
   0.444   1.000   2.000    1.37   0.0000    2   17.000   97.334   40.762   42.547   39.335   34.766   34.260   35.170   37.029   33.095   32.500   24.000    7.893    5.649    6.312   41.146   39.032   34.687   34.240   35.096   36.708
   0.444   1.000   2.000    1.37   0.0000    2   18.008   94.371   37.438   38.369   36.693   33.420   32.943   33.699   35.061   32.025   31.588   24.000    7.608    5.027    5.788   36.944   36.383   33.205   32.786   33.489   34.677
   0.444   1.000   2.000    1.37   0.0000    2   19.007   91.184   34.130   34.427   33.892   31.751   31.402   32.054   32.723   30.419   30.097   24.000    6.826    4.521    5.257   33.338   33.633   31.518   31.213   31.813   32.397
   0.444   1.000   2.000    1.37   0.0000    2   20.005   89.203   31.991   31.618   32.289   30.690   30.389   31.002   31.468   29.953   29.698   24.000    3.952    2.989    3.453   30.766   32.056   30.451   30.190   30.750   31.158
   0.444   1.000   2.000    1.37   0.0000    2   21.007   88.070   30.562   29.679   31.269   30.141   29.865   30.435   30.816   29.564   29.399   24.000    3.743    2.765    3.253   28.974   31.056   29.891   29.653   30.173   30.508
   0.444   1.000   2.000    1.37   0.0000    2   22.008   87.343   29.552   28.220   30.618   29.812   29.550   30.095   30.449   29.394   29.201   24.000    1.285    1.751    1.858   27.640   30.422   29.559   29.331   29.831   30.141
   0.444   1.000   2.000    1.37   0.0000    2   23.020   86.825   28.796   27.152   30.111   29.576   29.326   29.844   30.182   29.470   29.298   24.000    1.118    1.286    1.428   26.684   29.933   29.325   29.109   29.584   29.881
   0.444   1.000   2.000    1.37   0.0000    2   24.002   86.397   28.195   26.351   29.670   29.367   29.128   29.619   29.936   29.367   29.203   24.000    1.172    0.988    1.358   25.952   29.505   29.114   28.908   29.358   29.637
   0.444   1.000   2.000    1.37   0.0000    3    1.014   85.948   27.630   25.664   29.202   29.126   28.898   29.349   29.647   28.864   28.696   24.000    1.472    1.173    1.757   25.298   29.044   28.865   28.668   29.082   29.344
   0.444   1.000   2.000    1.37   0.0000    3    2.015   85.569   27.198   25.212   28.787   28.897   28.678   29.090   29.371   28.513   28.400   24.000    2.107    1.536    2.290   24.872   28.638   28.632   28.444   28.822   29.069
   0.444   1.000   2.000    1.37   0.0000    3    3.001   85.259   26.817   24.750   28.470   28.715   28.505   28.904   29.160   28.520   28.400   24.000    1.252    0.678    1.398   24.452   28.330   28.451   28.270   28.636   28.862
   0.444   1.000   2.000    1.37   0.0000    3    4.029   84.967   26.488   24.389   28.168   28.524   28.323   28.701   28.937   28.356   28.194   24.000    1.271    0.616    1.387   24.112   28.033   28.259   28.087   28.433   28.641
   0.444   1.000   2.000    1.37   0.0000    3    5.016   84.684   26.188   24.071   27.881   28.330   28.138   28.493   28.713   28.160   28.008   24.000    1.282    0.577    1.390   23.805   27.751   28.063   27.898   28.224   28.417
   0.444   1.000   2.000    1.37   0.0000    3    6.032   84.490   26.005   23.937   27.659   28.177   27.993   28.327   28.531   28.043   28.494   24.000    1.294    0.620    1.367   23.724   27.541   27.923   27.765   28.071   28.251
   0.444   1.000   2.000    1.37   0.0000    3    7.047   84.299   25.829   23.796   27.455   28.020   27.845   28.158   28.348   27.895   28.291   24.000    1.293    0.646    1.350   23.585   27.340   27.767   27.616   27.903   28.071
   0.444   1.000   2.000    1.37   0.0000    3    8.009   84.622   26.125   24.222   27.647   28.168   27.992   28.297   28.461   27.893   28.099   24.000    1.264    0.619    1.331   23.987   27.534   27.921   27.770   28.049   28.194
   0.444   1.000   2.000    1.37   0.0000    3    9.025   87.249   28.671   27.409   29.681   29.645   29.304   30.298   29.766   28.354   28.027   24.000    1.391    1.903    2.569   26.928   29.547   29.412   29.115   30.006   29.538
   0.444   1.000   2.000    1.37   0.0000    3   10.040   91.029   32.653   32.276   32.955   31.600   31.105   33.598   31.639   29.681   29.160   24.000    4.222    3.378    3.976   31.408   32.764   31.402   30.965   33.194   31.475
   0.444   1.000   2.000    1.37   0.0000    3   11.002   94.591   36.319   36.697   36.017   33.551   33.044   35.945   33.637   31.259   30.602   24.000    5.725    4.294    4.924   35.468   35.776   33.372   32.921   35.513   33.498
   0.444   1.000   2.000    1.37   0.0000    3   12.000   98.350   40.661   41.407   40.064   35.281   34.679   36.189   37.702   32.391   31.400   24.000    6.589    4.968    5.697   39.839   39.740   35.161   34.622   36.035   37.327
   0.444   1.000   2.000    1.37   0.0000    3   13.001  101.100   44.586   44.749   44.455   36.877   36.217   37.870   38.230   32.873   31.800   24.000    7.256    5.347    5.980   42.931   43.986   36.772   36.181   37.692   37.998
   0.444   1.000   2.000    1.37   0.0000    3   14.002  100.841   44.112   45.436   43.053   37.365   36.806   37.833   38.204   33.201   32.101   24.000    8.831    6.779    7.261   43.956   42.701   37.299   36.800   37.734   38.050
   0.444   1.000   2.000    1.37   0.0000    3   15.000  102.690   46.020   47.241   45.044   38.030   37.209   38.428   40.751   34.124   32.700   24.000    5.513    4.324    4.847   45.151   44.580   37.876   37.150   38.298   40.294
   0.444   1.000   2.000    1.37   0.0000    3   16.002  101.951   44.779   46.380   43.498   38.001   37.213   38.415   41.662   34.048   32.899   24.000    7.362    5.460    6.018   44.374   43.084   37.811   37.114   38.269   41.077
   0.444   1.000   2.000    1.37   0.0000    3   17.004   99.007   41.390   43.090   40.029   37.048   36.462   37.394   39.151   33.382   32.496   24.000    7.913    5.694    6.420   41.641   39.749   36.859   36.344   37.214   38.742
   0.444   1.000   2.000    1.37   0.0000    3   18.002   95.970   38.034   38.892   37.349   35.586   35.036   35.813   37.086   32.296   31.598   24.000    7.633    5.085    5.924   37.421   37.061   35.270   34.788   35.506   36.619
   0.444   1.000   2.000    1.37   0.0000    3   19.002   92.868   34.860   35.097   34.670   33.892   33.482   34.162   34.752   31.153   30.599   24.000    6.849    4.560    5.385   33.981   34.435   33.573   33.217   33.836   34.354
   0.444   1.000   2.000    1.37   0.0000    3   20.004   90.914   32.761   32.332   33.104   32.818   32.459   33.101   33.487   30.760   30.199   24.000    3.965    3.029    3.702   31.447   32.894   32.495   32.185   32.767   33.108
   0.444   1.000   2.000    1.37   0.0000    3   21.001   89.754   31.341   30.411   32.085   32.203   31.872   32.471   32.774   30.367   29.899   24.000    3.781    2.818    3.498   29.670   31.895   31.874   31.588   32.132   32.399
   0.444   1.000   2.000    1.37   0.0000    3   22.000   88.910   30.233   28.851   31.339   31.770   31.464   32.025   32.303   29.805   29.200   24.000    1.335    1.958    2.398   28.211   31.161   31.431   31.168   31.677   31.923
   0.444   1.000   2.000    1.37   0.0000    3   23.007   88.280   29.393   27.687   30.758   31.429   31.145   31.668   31.946   29.694   29.099   24.000    1.180    1.701    2.129   27.155   30.595   31.093   30.848   31.325   31.571
   0.444   1.000   2.000    1.37   0.0000    3   24.004   87.757   28.724   26.799   30.264   31.125   30.857   31.347   31.608   29.543   29.001   24.000    1.252    1.507    2.099   26.344   30.114   30.791   30.560   31.006   31.238
   0.444   1.000   2.000    1.37   0.0000    4    1.003   87.173   28.015   25.854   29.743   30.766   30.512   30.970   31.214   29.293   28.799   24.000    1.313    1.303    2.079   25.380   29.590   30.409   30.191   30.609   30.825
   0.444   1.000   2.000    1.37   0.0000    4    2.013   86.764   27.606   25.467   29.317   30.466   30.217   30.623   30.875   28.793   28.399   24.000    2.126    1.699    2.582   25.102   29.185   30.133   29.918   30.289   30.513
   0.444   1.000   2.000    1.37   0.0000    4    3.002   86.345   27.126   24.863   28.937   30.182   29.950   30.344   30.562   28.717   28.300   24.000    1.351    1.127    2.058   24.490   28.804   29.837   29.638   29.998   30.191
   0.444   1.000   2.000    1.37   0.0000    4    4.002   85.988   26.757   24.450   28.603   29.918   29.698   30.070   30.269   28.504   28.100   24.000    1.362    1.001    2.033   24.104   28.476   29.575   29.387   29.726   29.903
   0.444   1.000   2.000    1.37   0.0000    4    5.018   85.689   26.475   24.174   28.315   29.678   29.468   29.818   30.001   28.277   27.909   24.000    1.362    0.935    2.009   23.891   28.200   29.350   29.170   29.489   29.652
   0.444   1.000   2.000    1.37   0.0000    4    6.007   85.511   26.351   24.144   28.117   29.487   29.285   29.598   29.784   28.605   28.399   24.000    2.151    1.311    2.402   23.904   28.013   29.175   29.003   29.287   29.453
   0.444   1.000   2.000    1.37   0.0000    4    7.005   85.245   26.077   23.828   27.877   29.275   29.087   29.388   29.553   28.576   28.299   24.000    1.370    0.822    1.735   23.554   27.768   28.953   28.792   29.066   29.213
   0.444   1.000   2.000    1.37   0.0000    4    8.002   85.516   26.340   24.207   28.047   29.365   29.180   29.469   29.614   28.422   28.099   24.000    1.345    0.793    1.704   23.893   27.937   29.047   28.888   29.152   29.281
   0.444   1.000   2.000    1.37   0.0000    4    9.006   87.851   28.594   27.045   29.834   30.662   30.324   31.268   30.722   28.383   27.803   24.000    1.460    2.011    2.761   26.486   29.701   30.350   30.055   30.902   30.422
   0.444   1.000   2.000    1.37   0.0000    4   10.014   91.439   32.442   31.762   32.985   32.476   31.951   34.431   32.427   29.149   28.312   24.000    3.248    3.028    3.682   30.786   32.788   32.189   31.726   33.943   32.185
   0.444   1.000   2.000    1.37   0.0000    4   11.008   94.897   36.100   36.378   35.878   34.251   33.783   36.701   34.312   30.195   29.210   24.000    4.535    3.694    4.546   35.043   35.637   33.995   33.576   36.188   34.102
   0.444   1.000   2.000    1.37   0.0000    4   12.001   99.092   40.998   41.604   40.513   36.144   35.503   37.048   38.522   31.932   30.501   24.000    4.248    3.720    4.321   39.825   40.163   35.939   35.365   36.808   38.066
   0.444   1.000   2.000    1.37   0.0000    4   13.001  102.757   45.289   45.035   45.491   38.682   38.100   39.645   40.158   32.855   31.501   24.000    6.029    4.737    5.375   43.028   45.007   38.473   37.950   39.370   39.807
   0.444   1.000   2.000    1.37   0.0000    4   14.003  102.609   45.432   45.883   45.071   38.879   38.223   39.350   39.736   33.861   32.501   24.000    4.946    4.149    4.623   43.665   44.569   38.591   38.007   39.033   39.364
   0.444   1.000   2.000    1.37   0.0000    4   15.002  103.849   45.830   46.211   45.525   39.733   39.103   40.377   42.341   34.082   32.899   24.000    7.806    5.441    6.269   43.893   45.043   39.425   38.862   40.062   41.754
   0.444   1.000   2.000    1.37   0.0000    4   16.002  101.768   43.903   45.181   42.880   38.546   37.768   38.917   42.138   33.638   32.299   24.000    8.145    6.299    6.847   43.148   42.480   38.268   37.579   38.693   41.481
   0.444   1.000   2.000    1.37   0.0000    4   17.004   99.334   41.222   42.570   40.143   37.680   37.197   38.071   39.820   32.871   31.894   24.000    7.113    4.910    5.781   41.099   39.863   37.444   37.016   37.838   39.361
   0.444   1.000   2.000    1.37   0.0000    4   18.001   95.652   37.207   37.816   36.720   35.838   35.381   36.073   37.344   31.157   30.399   24.000    9.812    6.391    7.195   36.439   36.461   35.491   35.090   35.734   36.847
   0.444   1.000   2.000    1.37   0.0000    4   19.005   92.628   34.151   34.071   34.215   34.103   33.832   34.433   35.017   30.364   29.699   24.000    6.848    4.606    5.484   32.892   33.978   33.722   33.486   34.038   34.552
   0.444   1.000   2.000    1.37   0.0000    4   20.005   90.986   32.441   31.966   32.822   33.226   32.915   33.524   33.891   30.081   29.400   24.000    4.766    3.631    4.422   31.281   32.659   32.918   32.651   33.205   33.529
   0.444   1.000   2.000    1.37   0.0000    4   21.003   89.641   30.752   29.460   31.786   32.508   32.225   32.787   33.086   29.962   29.299   24.000    2.881    2.544    3.256   28.675   31.594   32.121   31.877   32.389   32.654
   0.444   1.000   2.000    1.37   0.0000    4   22.006   88.790   29.661   27.938   31.040   32.041   31.766   32.302   32.562   29.467   28.799   24.000    2.092    2.179    2.863   27.263   30.862   31.649   31.414   31.901   32.133
   0.444   1.000   2.000    1.37   0.0000    4   23.006   88.179   28.893   26.921   30.471   31.677   31.413   31.919   32.149   29.314   28.699   24.000    2.135    2.055    2.794   26.379   30.314   31.300   31.073   31.533   31.738
   0.444   1.000   2.000    1.37   0.0000    4   24.003   87.744   28.330   26.171   30.057   31.407   31.164   31.634   31.880   29.257   28.601   24.000    1.317    1.599    2.219   25.749   29.919   31.047   30.839   31.267   31.485
   0.444   1.000   2.000    1.37   0.0000    5    1.000   87.269   27.808   25.556   29.611   31.078   30.845   31.259   31.520   28.884   28.300   24.000    1.567    1.627    2.423   25.173   29.481   30.719   30.519   30.897   31.129
   0.444   1.000   2.000    1.37   0.0000    5    2.006   86.840   27.398   25.152   29.195   30.746   30.515   30.891   31.153   28.598   28.099   24.000    2.179    1.822    2.725   24.797   29.073   30.390   30.193   30.536   30.769
   0.444   1.000   2.000    1.37   0.0000    5    3.008   86.459   26.992   24.668   28.851   30.462   30.249   30.623   30.841   28.436   27.899   24.000    1.371    1.346    2.154   24.345   28.734   30.109   29.927   30.268   30.463
   0.444   1.000   2.000    1.37   0.0000    5    4.014   86.118   26.663   24.316   28.541   30.188   29.987   30.342   30.539   28.308   27.797   24.000    1.382    1.180    2.122   24.019   28.430   29.840   29.669   29.992   30.168
   0.444   1.000   2.000    1.37   0.0000    5    5.001   85.782   26.356   23.996   28.244   29.910   29.720   30.054   30.235   28.087   27.600   24.000    1.387    1.101    2.098   23.710   28.135   29.564   29.402   29.706   29.869
   0.444   1.000   2.000    1.37   0.0000    5    6.016   85.584   26.191   23.870   28.048   29.718   29.539   29.851   30.020   28.397   27.998   24.000    1.393    0.857    2.013   23.630   27.948   29.387   29.234   29.518   29.669
   0.444   1.000   2.000    1.37   0.0000    5    7.010   85.361   26.017   23.732   27.846   29.504   29.335   29.627   29.783   28.294   27.898   24.000    1.388    0.854    1.961   23.500   27.749   29.178   29.034   29.300   29.440
   0.444   1.000   2.000    1.37   0.0000    5    8.015   85.668   26.338   24.201   28.047   29.593   29.422   29.710   29.841   28.129   27.702   24.000    1.353    0.880    2.020   23.942   27.952   29.278   29.131   29.394   29.511
   0.444   1.000   2.000    1.37   0.0000    5    9.008   88.108   28.750   27.309   29.903   30.952   30.591   31.549   30.998   28.408   27.809   24.000    1.433    2.015    2.933   26.824   29.790   30.652   30.337   31.196   30.712
   0.444   1.000   2.000    1.37   0.0000    5   10.007   91.807   32.721   32.189   33.146   32.837   32.296   34.742   32.754   29.726   29.011   24.000    4.169    3.379    4.108   31.321   32.975   32.574   32.098   34.282   32.539
   0.444   1.000   2.000    1.37   0.0000    5   11.005   95.354   36.426   36.818   36.113   34.743   34.178   37.037   34.704   31.341   30.504   24.000    5.738    4.312    5.036   35.571   35.895   34.499   33.998   36.551   34.515
   0.444   1.000   2.000    1.37   0.0000    5   12.001  100.752   41.219   41.601   40.914   38.135   37.653   39.380   40.241   32.564   31.400   24.000    6.587    4.999    5.911   40.016   40.645   37.908   37.473   39.072   39.804
   0.444   1.000   2.000    1.37   0.0000    5   13.000  101.444   44.709   44.951   44.516   37.555   36.763   38.414   38.601   32.970   31.800   24.000    7.263    5.352    6.008   43.116   44.054   37.406   36.701   38.201   38.358
   0.444   1.000   2.000    1.37   0.0000    5   14.004  101.452   44.475   45.654   43.533   38.149   37.495   38.535   38.797   33.320   32.102   24.000    8.829    6.784    7.280   44.154   43.176   38.044   37.462   38.410   38.632
   0.444   1.000   2.000    1.37   0.0000    5   15.001  103.298   46.268   47.457   45.316   38.906   37.957   39.164   41.375   34.266   32.700   24.000    5.561    4.426    4.998   45.349   44.859   38.706   37.869   39.002   40.902
   0.444   1.000   2.000    1.37   0.0000    5   16.000  103.713   45.213   46.643   44.069   40.230   39.431   40.813   43.532   34.286   32.900   24.000    7.375    5.504    6.183   44.614   43.696   39.945   39.237   40.550   42.903
   0.444   1.000   2.000    1.37   0.0000    5   17.004  100.155   41.767   43.331   40.515   38.562   37.941   38.977   40.439   33.558   32.497   24.000    7.924    5.727    6.512   41.861   40.253   38.304   37.759   38.719   39.992
   0.444   1.000   2.000    1.37   0.0000    5   18.002   96.880   38.326   39.112   37.697   36.837   36.248   37.097   38.150   32.438   31.598   24.000    7.643    5.115    6.009   37.622   37.425   36.462   35.947   36.726   37.649
   0.444   1.000   2.000    1.37   0.0000    5   19.001   93.680   35.139   35.305   35.006   34.991   34.558   35.302   35.709   31.293   30.599   24.000    6.862    4.595    5.476   34.170   34.784   34.621   34.246   34.920   35.280
   0.444   1.000   2.000    1.37   0.0000    5   20.004   91.692   33.033   32.533   33.433   33.857   33.481   34.183   34.400   30.926   30.199   24.000    3.985    3.084    3.858   31.630   33.236   33.488   33.163   33.797   33.991
   0.444   1.000   2.000    1.37   0.0000    5   21.001   90.485   31.590   30.587   32.393   33.180   32.834   33.488   33.635   30.524   29.899   24.000    3.789    2.876    3.673   29.829   32.213   32.806   32.509   33.099   33.231
   0.444   1.000   2.000    1.37   0.0000    5   22.004   89.613   30.467   29.010   31.633   32.705   32.390   32.997   33.131   29.966   29.199   24.000    1.367    2.042    2.658   28.354   31.466   32.324   32.054   32.602   32.724
   0.444   1.000   2.000    1.37   0.0000    5   23.007   88.932   29.589   27.799   31.020   32.306   32.016   32.580   32.731   29.778   29.000   24.000    1.218    1.828    2.351   27.250   30.868   31.929   31.680   32.191   32.327
   0.444   1.000   2.000    1.37   0.0000    5   24.002   88.388   28.915   26.903   30.525   31.966   31.694   32.220   32.366   29.709   29.000   24.000    1.292    1.613    2.246   26.438   30.386   31.595   31.361   31.839   31.970
   0.444   1.000   2.000    1.37   0.0000    6    1.007   87.833   28.302   26.159   30.016   31.588   31.327   31.792   31.958   29.237   28.599   24.000    1.555    1.664    2.463   25.738   29.885   31.217   30.993   31.415   31.564
   0.444   1.000   2.000    1.37   0.0000    6    2.006   87.356   27.829   25.659   29.565   31.227   30.971   31.393   31.567   28.948   28.399   24.000    2.174    1.838    2.751   25.275   29.442   30.860   30.640   31.024   31.179
   0.444   1.000   2.000    1.37   0.0000    6    3.002   86.944   27.382   25.113   29.197   30.926   30.689   31.106   31.242   28.787   28.200   24.000    1.366    1.349    2.186   24.766   29.080   30.562   30.359   30.738   30.860
   0.444   1.000   2.000    1.37   0.0000    6    4.010   86.579   27.021   24.711   28.868   30.636   30.413   30.808   30.928   28.661   28.098   24.000    1.380    1.164    2.160   24.396   28.757   30.277   30.087   30.445   30.554
   0.444   1.000   2.000    1.37   0.0000    6    5.014   86.218   26.685   24.352   28.551   30.340   30.130   30.500   30.611   28.438   27.907   24.000    1.388    1.075    2.136   24.052   28.443   29.984   29.804   30.140   30.240
   0.444   1.000   2.000    1.37   0.0000    6    6.014   86.017   26.511   24.213   28.349   30.144   29.948   30.293   30.396   28.835   28.397   24.000    1.396    0.874    2.021   23.967   28.251   29.805   29.637   29.950   30.043
   0.444   1.000   2.000    1.37   0.0000    6    7.005   85.768   26.310   24.040   28.126   29.910   29.725   30.047   30.142   28.650   28.199   24.000    1.391    0.875    1.986   23.798   28.031   29.575   29.416   29.708   29.795
   0.444   1.000   2.000    1.37   0.0000    6    8.013   86.053   26.609   24.482   28.310   29.982   29.797   30.111   30.187   28.476   28.000   24.000    1.359    0.869    2.006   24.215   28.216   29.658   29.499   29.784   29.853
   0.444   1.000   2.000    1.37   0.0000    6    9.007   88.465   28.991   27.555   30.140   31.332   30.945   31.922   31.322   28.653   28.008   24.000    1.436    2.016    2.959   27.059   30.028   31.021   30.683   31.558   31.031
   0.444   1.000   2.000    1.37   0.0000    6   10.005   92.115   32.912   32.374   33.342   33.199   32.617   35.071   33.041   29.859   29.107   24.000    4.173    3.388    4.133   31.495   33.173   32.922   32.411   34.600   32.819
   0.444   1.000   2.000    1.37   0.0000    6   11.002   95.614   36.567   36.965   36.248   35.073   34.467   37.333   34.966   31.467   30.602   24.000    5.739    4.315    5.052   35.712   36.032   34.814   34.278   36.837   34.772
   0.444   1.000   2.000    1.37   0.0000    6   12.001   99.244   40.806   41.689   40.100   36.719   35.991   37.474   38.881   32.561   31.400   24.000    6.600    4.968    5.784   40.096   39.808   36.516   35.866   37.255   38.456
   0.444   1.000   2.000    1.37   0.0000    6   13.002  101.918   44.816   45.013   44.659   38.196   37.383   38.966   39.204   33.031   31.801   24.000    7.269    5.365    6.055   43.173   44.208   38.017   37.295   38.734   38.934
   0.444   1.000   2.000    1.37   0.0000    6   14.001  101.743   44.545   45.690   43.629   38.591   37.909   38.911   39.167   33.361   32.100   24.000    8.844    6.807    7.314   44.187   43.278   38.463   37.858   38.770   38.987
   0.444   1.000   2.000    1.37   0.0000    6   15.000  103.566   46.341   47.489   45.423   39.327   38.323   39.499   41.694   34.320   32.700   24.000    5.561    4.433    5.029   45.379   44.970   39.105   38.220   39.322   41.209
   0.444   1.000   2.000    1.37   0.0000    6   16.001  103.929   45.266   46.661   44.150   40.586   39.738   41.083   43.794   34.321   32.900   24.000    7.377    5.510    6.202   44.631   43.781   40.281   39.530   40.809   43.155
   0.444   1.000   2.000    1.37   0.0000    6   17.000  100.359   41.824   43.361   40.594   38.875   38.220   39.237   40.692   33.592   32.500   24.000    7.926    5.735    6.529   41.889   40.336   38.602   38.026   38.967   40.235
   0.444   1.000   2.000    1.37   0.0000    6   18.001   97.071   38.378   39.138   37.771   37.130   36.510   37.342   38.389   32.469   31.599   24.000    7.645    5.121    6.027   37.646   37.503   36.740   36.198   36.961   37.879
   0.444   1.000   2.000    1.37   0.0000    6   19.000   93.857   35.190   35.332   35.077   35.254   34.802   35.534   35.935   31.321   30.600   24.000    6.867    4.604    5.497   34.194   34.858   34.872   34.480   35.142   35.496
   0.444   1.000   2.000    1.37   0.0000    6   20.005   91.869   33.091   32.568   33.509   34.111   33.719   34.411   34.622   30.957   30.199   24.000    3.988    3.097    3.892   31.661   33.314   33.730   33.391   34.016   34.204
   0.444   1.000   2.000    1.37   0.0000    6   21.002   90.657   31.650   30.629   32.468   33.421   33.061   33.708   33.848   30.555   29.898   24.000    3.787    2.889    3.709   29.867   32.291   33.037   32.726   33.309   33.436
   0.444   1.000   2.000    1.37   0.0000    6   22.004   89.779   30.525   29.049   31.705   32.935   32.609   33.207   33.335   29.998   29.199   24.000    1.375    2.063    2.715   28.390   31.540   32.544   32.264   32.803   32.920
   0.444   1.000   2.000    1.37   0.0000    6   23.004   89.093   29.645   27.839   31.090   32.526   32.225   32.781   32.928   29.812   29.000   24.000    1.226    1.851    2.412   27.286   30.940   32.139   31.880   32.384   32.517
   0.444   1.000   2.000    1.37   0.0000    6   24.004   88.541   28.969   26.939   30.592   32.174   31.892   32.411   32.554   29.742   29.000   24.000    1.300    1.641    2.286   26.470   30.455   31.794   31.552   32.022   32.151
   0.444   1.000   2.000    1.37   0.0000    7    1.007   88.010   28.367   26.187   30.110   31.809   31.543   32.028   32.162   29.410   28.698   24.000    1.338    1.557    2.268   25.770   29.982   31.431   31.202   31.642   31.763
   0.444   1.000   2.000    1.37   0.0000    7    2.009   87.493   27.905   25.769   29.614   31.397   31.128   31.593   31.669   28.919   28.399   24.000    2.851    2.127    3.093   25.375   29.493   31.022   30.791   31.211   31.282
   0.444   1.000   2.000    1.37   0.0000    7    3.005   87.087   27.468   25.232   29.258   31.100   30.852   31.281   31.355   28.862   28.300   24.000    1.584    1.422    2.412   24.880   29.143   30.729   30.517   30.905   30.973
   0.444   1.000   2.000    1.37   0.0000    7    4.008   86.765   27.138   24.853   28.965   30.838   30.610   31.007   31.099   28.958   28.398   24.000    1.386    1.006    2.172   24.544   28.858   30.477   30.281   30.640   30.725
   0.444   1.000   2.000    1.37   0.0000    7    5.008   86.431   26.855   24.591   28.666   30.548   30.328   30.701   30.768   28.604   28.103   24.000    1.598    1.148    2.345   24.310   28.564   30.194   30.007   30.343   30.406
   0.444   1.000   2.000    1.37   0.0000    7    6.010   86.208   26.671   24.443   28.453   30.330   30.124   30.471   30.532   28.921   28.498   24.000    1.611    1.028    2.260   24.189   28.358   29.987   29.811   30.124   30.181
   0.444   1.000   2.000    1.37   0.0000    7    7.003   85.947   26.467   24.269   28.226   30.082   29.887   30.211   30.265   28.741   28.299   24.000    1.622    1.059    2.249   24.019   28.133   29.744   29.577   29.869   29.920
   0.444   1.000   2.000    1.37   0.0000    7    8.005   86.220   26.935   25.129   28.380   30.054   29.851   30.168   30.184   28.396   28.101   24.000    4.571    3.264    3.963   24.825   28.288   29.733   29.558   29.844   29.861
   0.444   1.000   2.000    1.37   0.0000    7    9.012   88.488   29.094   27.891   30.057   31.363   30.944   31.920   31.281   28.805   28.309   24.000    3.834    2.847    3.911   27.295   29.938   31.027   30.663   31.535   30.975
   0.444   1.000   2.000    1.37   0.0000    7   10.001   92.126   32.869   32.475   33.183   33.282   32.656   35.133   33.066   29.951   29.101   24.000    3.455    3.052    3.788   31.500   33.008   32.971   32.421   34.634   32.820
   0.444   1.000   2.000    1.37   0.0000    7   11.001   95.744   36.653   37.020   36.360   35.200   34.556   37.460   35.015   31.080   30.001   24.000    3.863    3.300    3.969   35.593   36.116   34.893   34.323   36.914   34.780
   0.444   1.000   2.000    1.37   0.0000    7   12.001   99.730   41.299   42.162   40.609   36.996   36.205   37.736   39.130   32.500   31.001   24.000    4.250    3.669    4.339   40.367   40.280   36.751   36.046   37.476   38.665
   0.444   1.000   2.000    1.37   0.0000    7   13.001  103.244   45.604   45.465   45.716   39.367   38.622   40.113   40.501   33.123   31.601   24.000    5.520    4.563    5.162   43.352   45.224   39.101   38.436   39.797   40.128
   0.444   1.000   2.000    1.37   0.0000    7   14.001  102.726   45.334   45.906   44.877   39.362   38.664   39.641   39.908   33.630   32.101   24.000    6.226    5.106    5.565   43.851   44.414   39.081   38.460   39.347   39.575
   0.444   1.000   2.000    1.37   0.0000    7   15.000  104.086   46.624   47.825   45.663   39.930   38.881   40.049   42.261   34.416   32.600   24.000    5.130    4.335    4.907   45.510   45.189   39.629   38.704   39.805   41.709
   0.444   1.000   2.000    1.37   0.0000    7   16.002  104.804   46.248   47.694   45.091   41.186   40.196   41.589   44.431   34.447   32.800   24.000    5.055    4.156    4.891   45.629   44.707   40.886   40.012   41.333   43.793
   0.444   1.000   2.000    1.37   0.0000    7   17.003  101.618   43.108   44.669   41.859   39.688   39.019   40.000   41.559   34.180   32.699   24.000    4.302    3.631    4.159   42.852   41.537   39.347   38.758   39.667   41.026
   0.444   1.000   2.000    1.37   0.0000    7   18.003   98.852   40.289   41.396   39.403   38.218   37.642   38.469   39.613   33.702   32.497   24.000    3.998    3.274    3.968   39.768   39.111   37.839   37.333   38.095   39.096
   0.444   1.000   2.000    1.37   0.0000    7   19.002   94.803   36.124   36.378   35.922   35.934   35.496   36.203   36.666   32.010   31.299   24.000    7.526    4.904    5.798   35.192   35.695   35.553   35.172   35.814   36.222
   0.444   1.000   2.000    1.37   0.0000    7   20.001   93.000   34.258   34.050   34.424   34.921   34.531   35.206   35.466   31.657   30.900   24.000    4.029    3.023    3.819   33.304   34.260   34.600   34.264   34.873   35.105
   0.444   1.000   2.000    1.37   0.0000    7   21.000   91.494   32.393   31.336   33.239   34.097   33.749   34.374   34.581   31.489   30.700   24.000    2.094    2.227    2.857   30.505   33.048   33.698   33.397   33.962   34.147
   0.444   1.000   2.000    1.37   0.0000    7   22.004   90.754   31.457   30.138   32.512   33.672   33.354   33.933   34.146   30.908   29.999   24.000    1.046    1.967    2.450   29.437   32.343   33.281   33.007   33.532   33.723
   0.444   1.000   2.000    1.37   0.0000    7   23.006   89.899   30.393   28.683   31.761   33.169   32.872   33.412   33.613   30.464   29.599   24.000    1.200    1.854    2.396   28.099   31.608   32.780   32.524   33.014   33.194
   0.444   1.000   2.000    1.37   0.0000    7   24.006   89.269   29.628   27.677   31.189   32.775   32.495   33.000   33.186   30.291   29.500   24.000    1.282    1.665    2.305   27.179   31.049   32.389   32.149   32.607   32.774
   0.444   1.000   2.000    1.37   0.0000    8    1.007   88.647   28.937   26.830   30.623   32.354   32.086   32.529   32.732   29.804   29.098   24.000    1.554    1.692    2.515   26.378   30.491   31.967   31.737   32.139   32.321
   0.444   1.000   2.000    1.37   0.0000    8    2.001   88.107   28.397   26.246   30.118   31.952   31.687   32.089   32.297   29.424   28.800   24.000    2.179    1.881    2.807   25.832   29.994   31.568   31.341   31.705   31.892
   0.444   1.000   2.000    1.37   0.0000    8    3.008   87.667   27.915   25.652   29.725   31.630   31.387   31.785   31.951   29.349   28.698   24.000    1.373    1.332    2.241   25.286   29.609   31.251   31.043   31.405   31.554
   0.444   1.000   2.000    1.37   0.0000    8    4.005   87.256   27.506   25.191   29.358   31.307   31.078   31.456   31.604   29.139   28.499   24.000    1.388    1.195    2.219   24.856   29.247   30.933   30.737   31.080   31.214
   0.444   1.000   2.000    1.37   0.0000    8    5.006   86.844   27.119   24.769   28.998   30.973   30.756   31.112   31.248   28.819   28.206   24.000    1.396    1.159    2.195   24.448   28.891   30.600   30.415   30.738   30.860
   0.444   1.000   2.000    1.37   0.0000    8    6.005   86.684   26.978   24.676   28.819   30.800   30.600   30.930   31.056   29.562   29.099   24.000    1.407    0.909    2.016   24.431   28.726   30.451   30.280   30.579   30.694
   0.444   1.000   2.000    1.37   0.0000    8    7.003   86.442   26.784   24.518   28.598   30.564   30.376   30.683   30.801   29.399   28.899   24.000    1.401    0.908    1.968   24.275   28.507   30.219   30.059   30.337   30.444
   0.444   1.000   2.000    1.37   0.0000    8    8.010   86.712   27.077   24.960   28.771   30.625   30.436   30.736   30.833   29.223   28.697   24.000    1.372    0.889    1.897   24.692   28.681   30.291   30.130   30.401   30.489
   0.444   1.000   2.000    1.37   0.0000    8    9.007   89.062   29.384   27.982   30.506   31.957   31.540   32.500   31.918   29.115   28.406   24.000    1.443    1.989    2.987   27.471   30.399   31.628   31.265   32.124   31.613
   0.444   1.000   2.000    1.37   0.0000    8   10.005   92.563   33.130   32.689   33.483   33.773   33.130   35.558   33.546   30.030   29.207   24.000    4.194    3.396    4.186   31.787   33.322   33.467   32.904   35.071   33.306
   0.444   1.000   2.000    1.37   0.0000    8   11.000   96.008   36.772   37.173   36.452   35.597   34.928   37.750   35.404   31.525   30.600   24.000    5.750    4.334    5.094   35.901   36.239   35.313   34.722   37.239   35.192
   0.444   1.000   2.000    1.37   0.0000    8   12.001  101.018   41.266   41.843   40.804   38.712   38.093   39.747   40.629   32.632   31.401   24.000    6.598    4.994    5.936   40.237   40.549   38.442   37.887   39.422   40.173
   0.444   1.000   2.000    1.37   0.0000    8   13.002  101.766   44.634   45.117   44.248   38.310   37.343   38.951   39.068   33.027   31.801   24.000    7.271    5.337    6.044   43.268   43.811   38.103   37.246   38.709   38.804
   0.444   1.000   2.000    1.37   0.0000    8   14.001  101.722   44.414   45.769   43.329   38.790   37.997   39.008   39.188   33.367   32.101   24.000    8.843    6.799    7.312   44.260   42.993   38.637   37.934   38.856   39.006
   0.444   1.000   2.000    1.37   0.0000    8   15.000  103.673   46.319   47.557   45.328   39.608   38.455   39.667   41.802   34.345   32.700   24.000    5.571    4.430    5.058   45.441   44.886   39.356   38.338   39.487   41.323
   0.444   1.000   2.000    1.37   0.0000    8   16.002  104.293   45.336   46.718   44.231   41.134   40.187   41.561   44.158   34.370   32.899   24.000    7.381    5.519    6.236   44.683   43.873   40.799   39.961   41.266   43.514
   0.444   1.000   2.000    1.37   0.0000    8   17.003  100.580   41.842   43.411   40.586   39.260   38.530   39.569   40.961   33.623   32.498   24.000    7.928    5.736    6.548   41.934   40.337   38.961   38.321   39.283   40.496
   0.444   1.000   2.000    1.37   0.0000    8   18.002   97.265   38.411   39.182   37.795   37.465   36.775   37.619   38.618   32.495   31.597   24.000    7.646    5.125    6.046   37.687   37.533   37.055   36.452   37.225   38.101
   0.444   1.000   2.000    1.37   0.0000    8   19.001   93.859   35.061   35.194   34.954   35.433   34.931   35.679   36.037   30.887   30.100   24.000    6.881    4.638    5.555   34.036   34.738   35.026   34.590   35.268   35.584
   0.444   1.000   2.000    1.37   0.0000    8   20.006   91.819   32.915   32.368   33.352   34.243   33.808   34.518   34.686   30.514   29.698   24.000    4.026    3.161    3.991   31.447   33.160   33.839   33.462   34.103   34.254
   0.444   1.000   2.000    1.37   0.0000    8   21.005   90.574   31.443   30.384   32.290   33.519   33.120   33.784   33.883   30.109   29.399   24.000    3.794    2.955    3.815   29.612   32.116   33.113   32.769   33.367   33.459
   0.444   1.000   2.000    1.37   0.0000    8   22.005   89.797   30.413   28.894   31.629   33.087   32.730   33.340   33.435   30.001   29.199   24.000    1.397    2.040    2.735   28.250   31.470   32.685   32.376   32.927   33.015
   0.444   1.000   2.000    1.37   0.0000    8   23.003   89.166   29.592   27.744   31.071   32.703   32.374   32.940   33.059   29.924   29.100   24.000    1.250    1.795    2.402   27.206   30.927   32.307   32.024   32.536   32.644
   0.444   1.000   2.000    1.37   0.0000    8   24.005   88.616   28.927   26.861   30.581   32.341   32.033   32.561   32.678   29.771   29.000   24.000    1.315    1.622    2.314   26.400   30.448   31.950   31.686   32.163   32.270
   0.444   1.000   2.000    1.37   0.0000    9    1.001   88.056   28.326   26.136   30.078   31.944   31.651   32.114   32.256   29.293   28.600   24.000    1.569    1.679    2.548   25.717   29.953   31.555   31.303   31.722   31.851
   0.444   1.000   2.000    1.37   0.0000    9    2.004   87.572   27.863   25.653   29.631   31.564   31.277   31.697   31.851   28.999   28.399   24.000    2.185    1.856    2.820   25.270   29.513   31.180   30.934   31.314   31.452
   0.444   1.000   2.000    1.37   0.0000    9    3.003   87.155   27.423   25.118   29.266   31.246   30.982   31.399   31.513   28.840   28.200   24.000    1.381    1.381    2.248   24.771   29.154   30.866   30.640   31.017   31.121
   0.444   1.000   2.000    1.37   0.0000    9    4.002   86.785   27.069   24.728   28.941   30.942   30.694   31.089   31.190   28.715   28.099   24.000    1.394    1.208    2.204   24.411   28.834   30.568   30.356   30.713   30.805
   0.444   1.000   2.000    1.37   0.0000    9    5.002   86.403   26.723   24.358   28.615   30.622   30.387   30.758   30.851   28.402   27.799   24.000    1.399    1.192    2.189   24.049   28.509   30.250   30.049   30.385   30.470
   0.444   1.000   2.000    1.37   0.0000    9    6.005   86.043   26.415   24.048   28.309   30.309   30.086   30.435   30.521   28.082   27.499   24.000    1.399    1.204    2.188   23.759   28.207   29.943   29.752   30.068   30.147
   0.444   1.000   2.000    1.37   0.0000    9    7.005   85.716   26.146   23.786   28.034   30.016   29.804   30.131   30.211   27.856   27.300   24.000    1.399    1.154    2.165   23.510   27.934   29.655   29.474   29.770   29.843
   0.444   1.000   2.000    1.37   0.0000    9    8.002   85.975   26.419   24.196   28.197   30.069   29.861   30.173   30.242   27.943   27.401   24.000    1.373    1.230    2.306   23.917   28.102   29.725   29.546   29.829   29.892
   0.444   1.000   2.000    1.37   0.0000    9    9.011   88.520   28.893   27.431   30.063   31.543   31.095   32.069   31.453   28.666   28.012   24.000    1.462    1.998    2.996   26.947   29.959   31.216   30.826   31.695   31.156
   0.444   1.000   2.000    1.37   0.0000    9   10.006   92.173   32.781   32.304   33.163   33.464   32.778   35.211   33.173   29.886   29.108   24.000    4.166    3.367    4.156   31.432   33.006   33.164   32.562   34.732   32.945
   0.444   1.000   2.000    1.37   0.0000    9   11.002   95.705   36.524   36.911   36.214   35.341   34.628   37.452   35.083   31.401   30.502   24.000    5.742    4.322    5.078   35.657   36.004   35.061   34.432   36.949   34.881
   0.444   1.000   2.000    1.37   0.0000    9   12.002   99.376   40.810   41.687   40.108   37.050   36.176   37.607   38.982   32.599   31.401   24.000    6.602    4.974    5.801   40.094   39.820   36.823   36.049   37.382   38.556
   0.444   1.000   2.000    1.37   0.0000    9   13.001  101.996   44.638   45.032   44.323   38.611   37.626   39.146   39.340   33.049   31.800   24.000    7.268    5.344    6.069   43.190   43.894   38.393   37.520   38.902   39.065
   0.444   1.000   2.000    1.37   0.0000    9   14.004  101.782   44.405   45.722   43.352   38.901   38.079   39.042   39.248   33.374   32.102   24.000    8.833    6.786    7.306   44.217   43.017   38.742   38.014   38.890   39.064
   0.444   1.000   2.000    1.37   0.0000    9   15.001  103.687   46.335   47.541   45.369   39.689   38.481   39.650   41.803   34.344   32.700   24.000    5.528    4.341    4.968   45.427   44.925   39.429   38.366   39.473   41.324
   0.444   1.000   2.000    1.37   0.0000    9   16.001  102.783   44.888   46.666   43.466   39.551   38.387   39.514   42.624   34.202   32.899   24.000    7.372    5.461    6.096   44.635   43.084   39.260   38.233   39.318   42.008
   0.444   1.000   2.000    1.37   0.0000    9   17.001   99.780   41.564   43.367   40.122   38.356   37.522   38.413   40.071   33.528   32.499   24.000    7.923    5.706    6.482   41.894   39.865   38.087   37.356   38.186   39.629
   0.444   1.000   2.000    1.37   0.0000    9   18.001   96.689   38.184   39.151   37.411   36.803   36.033   36.771   37.959   32.427   31.599   24.000    7.643    5.095    5.992   37.658   37.147   36.414   35.741   36.419   37.459
   0.444   1.000   2.000    1.37   0.0000    9   19.001   93.391   34.893   35.168   34.672   34.869   34.312   34.971   35.482   30.827   30.100   24.000    6.877    4.611    5.503   34.013   34.452   34.482   33.998   34.596   35.045
   0.444   1.000   2.000    1.37   0.0000    9   20.003   91.391   32.769   32.350   33.104   33.721   33.241   33.870   34.176   30.451   29.699   24.000    4.023    3.116    3.909   31.431   32.908   33.335   32.920   33.488   33.759
   0.444   1.000   2.000    1.37   0.0000    9   21.006   90.176   31.310   30.365   32.066   33.032   32.594   33.183   33.409   30.048   29.399   24.000    3.786    2.909    3.728   29.595   31.889   32.644   32.266   32.797   32.998
   0.444   1.000   2.000    1.37   0.0000    9   22.004   89.441   30.311   28.902   31.439   32.637   32.243   32.785   32.997   30.031   29.300   24.000    1.374    1.937    2.554   28.263   31.277   32.253   31.913   32.403   32.592
   0.444   1.000   2.000    1.37   0.0000    9   23.001   88.877   29.549   27.810   30.939   32.309   31.948   32.450   32.673   30.133   29.400   24.000    1.230    1.580    2.240   27.286   30.793   31.934   31.622   32.077   32.275
   0.444   1.000   2.000    1.37   0.0000    9   24.000   88.372   28.919   26.967   30.481   31.985   31.649   32.118   32.330   29.993   29.301   24.000    1.292    1.361    2.212   26.516   30.346   31.615   31.325   31.750   31.938
   0.444   1.000   2.000    1.37   0.0000   10    1.004   87.810   28.306   26.226   29.971   31.596   31.276   31.690   31.913   29.340   28.699   24.000    1.549    1.562    2.417   25.805   29.841   31.222   30.946   31.322   31.521
   0.444   1.000   2.000    1.37   0.0000   10    2.008   87.317   27.824   25.715   29.511   31.220   30.909   31.285   31.511   28.953   28.401   24.000    2.168    1.807    2.736   25.326   29.389   30.850   30.582   30.922   31.124
   0.444   1.000   2.000    1.37   0.0000   10    3.002   86.959   27.428   25.229   29.188   30.952   30.668   31.038   31.223   29.056   28.500   24.000    1.362    1.104    2.165   24.891   29.073   30.590   30.345   30.681   30.847
   0.444   1.000   2.000    1.37   0.0000   10    4.011   86.601   27.075   24.836   28.866   30.664   30.398   30.749   30.915   28.855   28.297   24.000    1.373    0.997    2.137   24.522   28.756   30.306   30.077   30.395   30.544
   0.444   1.000   2.000    1.37   0.0000   10    5.002   86.235   26.734   24.467   28.547   30.363   30.112   30.442   30.595   28.541   28.001   24.000    1.379    0.988    2.121   24.162   28.440   30.006   29.790   30.089   30.226
   0.444   1.000   2.000    1.37   0.0000   10    6.005   86.018   26.546   24.308   28.336   30.156   29.921   30.229   30.371   28.844   28.399   24.000    1.386    0.873    2.008   24.052   28.239   29.814   29.613   29.891   30.019
   0.444   1.000   2.000    1.37   0.0000   10    7.011   85.767   26.342   24.126   28.115   29.919   29.698   29.986   30.118   28.655   28.198   24.000    1.382    0.873    1.975   23.876   28.019   29.581   29.392   29.652   29.771
   0.444   1.000   2.000    1.37   0.0000   10    8.013   86.049   26.635   24.558   28.296   29.990   29.771   30.053   30.163   28.482   28.000   24.000    1.350    0.865    1.991   24.283   28.202   29.664   29.475   29.731   29.829
   0.444   1.000   2.000    1.37   0.0000   10    9.001   88.443   28.955   27.593   30.045   31.390   30.923   31.854   31.290   28.655   28.002   24.000    1.419    1.983    2.950   27.093   29.937   31.070   30.663   31.494   30.999
   0.444   1.000   2.000    1.37   0.0000   10   10.004   92.092   32.819   32.415   33.142   33.338   32.612   35.010   33.014   29.865   29.106   24.000    4.176    3.362    4.135   31.533   32.982   33.042   32.406   34.543   32.792
   0.444   1.000   2.000    1.37   0.0000   10   11.004   95.675   36.577   37.008   36.233   35.250   34.499   37.371   34.968   31.479   30.603   24.000    5.743    4.314    5.060   35.751   36.021   34.976   34.315   36.873   34.777
   0.444   1.000   2.000    1.37   0.0000   10   12.001   99.322   40.834   41.728   40.119   36.978   36.051   37.471   38.852   32.596   31.400   24.000    6.604    4.976    5.795   40.132   39.828   36.754   35.933   37.254   38.433
   0.444   1.000   2.000    1.37   0.0000   10   13.004  101.972   44.653   45.053   44.333   38.606   37.565   39.043   39.246   33.044   31.801   24.000    7.273    5.346    6.068   43.210   43.902   38.387   37.465   38.806   38.976
   0.444   1.000   2.000    1.37   0.0000   10   14.000  101.726   44.401   45.729   43.338   38.869   38.003   38.928   39.122   33.362   32.100   24.000    8.847    6.804    7.318   44.223   43.002   38.710   37.943   38.782   38.945
   0.444   1.000   2.000    1.37   0.0000   10   15.001  103.653   46.307   47.532   45.328   39.684   38.417   39.547   41.693   34.361   32.700   24.000    5.572    4.436    5.062   45.418   44.885   39.423   38.307   39.376   41.221
   0.444   1.000   2.000    1.37   0.0000   10   16.002  104.413   45.368   46.705   44.299   41.325   40.296   41.607   44.279   34.379   32.899   24.000    7.381    5.524    6.248   44.671   43.943   40.979   40.071   41.316   43.630
   0.444   1.000   2.000    1.37   0.0000   10   17.000  100.611   41.854   43.410   40.610   39.340   38.553   39.541   40.961   33.624   32.500   24.000    7.929    5.738    6.552   41.933   40.361   39.035   38.346   39.260   40.497
   0.444   1.000   2.000    1.37   0.0000   10   18.003   97.249   38.381   39.177   37.745   37.510   36.765   37.566   38.584   32.491   31.597   24.000    7.646    5.122    6.046   37.682   37.485   37.093   36.443   37.175   38.068
   0.444   1.000   2.000    1.37   0.0000   10   19.003   94.001   35.211   35.360   35.092   35.533   35.011   35.720   36.097   31.341   30.599   24.000    6.860    4.602    5.510   34.220   34.878   35.133   34.679   35.320   35.654
   0.444   1.000   2.000    1.37   0.0000   10   20.000   92.002   33.114   32.589   33.534   34.362   33.911   34.583   34.773   30.982   30.200   24.000    3.991    3.102    3.920   31.681   33.343   33.965   33.575   34.180   34.350
   0.444   1.000   2.000    1.37   0.0000   10   21.004   90.787   31.681   30.656   32.501   33.655   33.243   33.871   33.993   30.577   29.897   24.000    3.786    2.895    3.737   29.892   32.328   33.257   32.900   33.465   33.577
   0.444   1.000   2.000    1.37   0.0000   10   22.005   89.904   30.556   29.077   31.740   33.156   32.782   33.362   33.473   30.021   29.200   24.000    1.380    2.072    2.758   28.415   31.578   32.752   32.430   32.952   33.054
   0.444   1.000   2.000    1.37   0.0000   10   23.003   89.235   29.699   27.888   31.147   32.749   32.405   32.943   33.077   29.925   29.100   24.000    1.236    1.829    2.423   27.337   31.001   32.352   32.056   32.541   32.662
   0.444   1.000   2.000    1.37   0.0000   10   24.002   88.670   29.015   26.983   30.642   32.379   32.057   32.559   32.690   29.772   29.000   24.000    1.304    1.656    2.321   26.510   30.507   31.987   31.710   32.164   32.282
