   0.444   1.000   2.000    1.37   0.0000    1    1.007   64.844   13.083   11.183   14.603    7.724    7.890    7.896    7.770   12.178   26.000   24.000    2.789    2.470    3.453   12.376   14.557    8.305    8.440    8.455    8.338
   0.444   1.000   2.000    1.37   0.0000    1    2.000   65.061   13.637   12.787   14.317    7.882    7.999    8.009    7.931   10.889   26.000   24.000    1.162    2.356    2.718   13.799   14.281    8.437    8.532    8.549    8.474
   0.444   1.000   2.000    1.37   0.0000    1    3.004   65.528   14.245   14.051   14.401    8.277    8.378    8.390    8.323   10.883   25.900   24.000    1.612    2.389    2.656   14.897   14.363    8.799    8.881    8.899    8.834
   0.444   1.000   2.000    1.37   0.0000    1    4.003   66.081   14.840   15.071   14.655    8.754    8.840    8.837    8.794   11.166   25.800   24.000    1.723    2.362    2.478   15.804   14.616    9.253    9.320    9.326    9.282
   0.444   1.000   2.000    1.37   0.0000    1    5.023   66.661   15.379   15.878   14.979    9.279    9.359    9.368    9.311   11.545   25.902   24.000    2.121    2.387    2.595   16.545   14.940    9.759    9.823    9.838    9.782
   0.444   1.000   2.000    1.37   0.0000    1    6.019   66.977   15.559   16.027   15.184    9.657    9.731    9.743    9.682   11.942   25.998   24.000    2.055    2.346    2.585   16.426   15.104   10.048   10.106   10.124   10.065
   0.444   1.000   2.000    1.37   0.0000    1    7.006   67.747   16.317   17.145   15.654   10.286   10.346   10.346   10.303   12.263   25.900   24.000    2.108    2.347    2.361   17.679   15.609   10.724   10.771   10.777   10.734
   0.444   1.000   2.000    1.37   0.0000    1    8.024   68.484   16.773   17.491   16.199   10.968   11.012   11.039   10.969   12.978   25.909   24.000    2.076    2.325    2.404   17.778   16.116   11.324   11.357   11.387   11.320
   0.444   1.000   2.000    1.37   0.0000    1    9.010   71.708   19.587   20.965   18.485   13.293   13.160   14.109   13.123   14.713   26.313   24.000    3.565    2.942    3.369   21.007   18.387   13.625   13.503   14.349   13.483
   0.444   1.000   2.000    1.37   0.0000    1   10.015   76.519   24.086   26.062   22.505   16.335   16.008   19.080   16.101   18.642   27.631   24.000    4.462    3.358    4.106   25.685   22.344   16.659   16.366   19.101   16.502
   0.444   1.000   2.000    1.37   0.0000    1   11.009   82.963   29.887   32.065   28.144   20.564   20.304   23.813   20.485   28.035   29.608   24.000    6.075    3.821    5.127   31.210   27.900   20.880   20.640   23.762   20.868
   0.444   1.000   2.000    1.37   0.0000    1   12.011   88.480   35.658   37.918   33.850   23.654   23.228   24.710   26.901   30.219   30.511   24.000    5.662    3.749    4.905   36.535   33.484   23.983   23.595   25.000   26.860
   0.444   1.000   2.000    1.37   0.0000    1   13.013   92.077   40.418   42.195   38.997   25.984   25.433   27.342   27.713   31.559   31.508   24.000    6.441    4.390    5.234   40.503   38.476   26.315   25.819   27.553   27.857
   0.444   1.000   2.000    1.37   0.0000    1   14.010   93.530   41.272   43.608   39.404   27.982   27.539   28.704   29.196   32.194   32.088   24.000    8.341    5.389    6.248   42.278   38.979   28.346   27.944   29.010   29.420
   0.444   1.000   2.000    1.37   0.0000    1   15.014   94.936   42.256   44.761   40.252   28.883   28.232   29.356   32.630   31.251   30.870   24.000    7.849    5.306    6.014   43.183   39.807   29.193   28.611   29.703   32.505
   0.444   1.000   2.000    1.37   0.0000    1   16.019   93.559   40.035   42.780   37.838   28.851   28.124   29.238   33.748   29.263   28.671   24.000    8.780    6.633    7.074   41.176   37.436   29.024   28.378   29.495   33.379
   0.444   1.000   2.000    1.37   0.0000    1   17.025   90.821   36.976   39.530   34.933   27.904   27.378   28.326   30.922   27.694   27.210   24.000    5.875    4.200    4.714   38.017   34.567   27.963   27.493   28.407   30.652
   0.444   1.000   2.000    1.37   0.0000    1   18.025   89.063   35.157   37.370   33.387   27.085   26.580   27.440   29.408   28.080   27.582   24.000    3.311    2.771    2.586   36.014   33.045   27.114   26.667   27.482   29.189
   0.444   1.000   2.000    1.37   0.0000    1   19.023   86.042   31.989   33.318   30.926   25.458   25.129   25.900   26.890   27.188   26.893   24.000    2.856    2.412    2.242   32.256   30.619   25.465   25.173   25.892   26.749
   0.444   1.000   2.000    1.37   0.0000    1   20.020   84.038   29.586   30.127   29.154   24.577   24.361   25.004   25.661   26.564   26.594   24.000    4.715    3.204    3.801   29.408   28.897   24.584   24.393   24.990   25.559
   0.444   1.000   2.000    1.37   0.0000    1   21.007   82.679   27.809   27.507   28.050   24.018   23.755   24.418   24.908   26.148   26.298   24.000    3.033    2.403    3.017   26.659   27.761   23.913   23.683   24.295   24.720
   0.444   1.000   2.000    1.37   0.0000    1   22.036   82.027   26.776   26.088   27.326   23.873   23.606   24.202   24.640   25.812   25.996   24.000    3.717    2.877    3.423   25.355   27.059   23.750   23.516   24.066   24.446
   0.444   1.000   2.000    1.37   0.0000    1   23.020   81.761   26.337   25.537   26.978   23.799   23.577   24.146   24.556   25.208   25.898   24.000    0.972    1.839    1.755   25.208   26.778   23.766   23.572   24.098   24.454
   0.444   1.000   2.000    1.37   0.0000    1   24.004   81.309   25.632   24.512   26.528   23.650   23.443   23.982   24.364   24.941   25.804   24.000    0.767    1.776    1.722   24.255   26.339   23.605   23.424   23.923   24.255
   0.444   1.000   2.000    1.37   0.0000    2    1.029   80.970   25.090   23.805   26.119   23.549   23.360   23.868   24.212   24.739   26.497   24.000    1.255    1.761    1.933   23.476   25.923   23.462   23.297   23.768   24.067
   0.444   1.000   2.000    1.37   0.0000    2    2.012   80.847   24.862   23.644   25.837   23.546   23.376   23.849   24.159   24.533   26.398   24.000    1.972    1.965    2.292   23.327   25.652   23.452   23.303   23.741   24.012
   0.444   1.000   2.000    1.37   0.0000    2    3.041   80.566   24.452   23.095   25.538   23.449   23.275   23.724   24.023   24.360   26.200   24.000    0.984    1.619    1.558   22.817   25.361   23.347   23.195   23.612   23.872
   0.444   1.000   2.000    1.37   0.0000    2    4.025   80.357   24.134   22.697   25.283   23.384   23.215   23.638   23.917   24.210   26.195   24.000    1.027    1.573    1.521   22.457   25.115   23.278   23.131   23.524   23.767
   0.444   1.000   2.000    1.37   0.0000    2    5.040   80.161   23.841   22.333   25.048   23.317   23.154   23.552   23.811   24.068   25.992   24.000    1.058    1.527    1.487   22.107   24.886   23.203   23.061   23.431   23.657
   0.444   1.000   2.000    1.37   0.0000    2    6.028   80.003   23.606   22.050   24.852   23.261   23.104   23.478   23.720   23.945   25.797   24.000    1.079    1.491    1.450   21.848   24.696   23.144   23.007   23.355   23.565
   0.444   1.000   2.000    1.37   0.0000    2    7.016   79.874   23.418   21.829   24.688   23.214   23.063   23.416   23.641   23.838   25.703   24.000    1.094    1.461    1.410   21.645   24.537   23.095   22.963   23.291   23.487
   0.444   1.000   2.000    1.37   0.0000    2    8.005   80.311   23.742   22.284   24.909   23.528   23.375   23.723   23.919   23.909   25.904   24.000    1.075    1.584    1.345   22.099   24.766   23.414   23.281   23.604   23.774
   0.444   1.000   2.000    1.37   0.0000    2    9.051   83.292   26.503   25.836   27.036   25.476   25.105   26.396   25.620   25.205   26.887   24.000    1.665    2.097    2.315   25.435   26.886   25.367   25.042   26.201   25.520
   0.444   1.000   2.000    1.37   0.0000    2   10.014   87.597   30.730   30.864   30.623   27.998   27.418   30.716   28.000   28.636   28.527   24.000    4.091    3.112    3.706   30.088   30.421   27.908   27.398   30.348   27.971
   0.444   1.000   2.000    1.37   0.0000    2   11.013   91.840   34.882   35.817   34.133   30.616   30.036   33.858   30.647   30.715   30.412   24.000    5.685    4.144    4.750   34.655   33.882   30.529   30.015   33.431   30.633
   0.444   1.000   2.000    1.37   0.0000    2   12.019   95.973   39.438   40.764   38.377   32.793   32.035   33.839   35.972   31.900   31.310   24.000    6.562    4.834    5.522   39.246   38.046   32.746   32.072   33.767   35.595
   0.444   1.000   2.000    1.37   0.0000    2   13.023   98.447   43.147   44.176   42.323   34.253   33.386   35.521   35.911   32.493   31.807   24.000    7.261    5.228    5.796   42.406   41.860   34.218   33.449   35.390   35.719
   0.444   1.000   2.000    1.37   0.0000    2   14.027   98.911   43.213   45.030   41.759   35.290   34.589   35.952   36.515   32.887   32.116   24.000    8.716    6.621    7.065   43.584   41.396   35.290   34.668   35.915   36.394
   0.444   1.000   2.000    1.37   0.0000    2   15.009  100.765   45.000   46.785   43.572   36.032   35.055   36.446   39.720   33.612   32.702   24.000    5.508    4.210    4.637   44.733   43.106   35.933   35.072   36.402   39.220
   0.444   1.000   2.000    1.37   0.0000    2   16.001  100.256   43.894   46.007   42.204   36.198   35.230   36.527   41.078   33.733   32.900   24.000    7.345    5.383    5.879   44.031   41.787   36.059   35.206   36.482   40.420
   0.444   1.000   2.000    1.37   0.0000    2   17.006   97.481   40.620   42.723   38.938   35.368   34.683   35.729   38.179   33.104   32.494   24.000    7.898    5.634    6.316   41.305   38.653   35.234   34.632   35.626   37.754
   0.444   1.000   2.000    1.37   0.0000    2   18.002   94.556   37.367   38.559   36.413   33.950   33.304   34.207   35.980   32.037   31.597   24.000    7.617    5.014    5.795   37.118   36.117   33.690   33.125   33.971   35.518
   0.444   1.000   2.000    1.37   0.0000    2   19.001   91.373   34.131   34.622   33.739   32.115   31.651   32.467   33.302   30.444   30.100   24.000    6.852    4.524    5.280   33.516   33.491   31.855   31.450   32.203   32.932
   0.444   1.000   2.000    1.37   0.0000    2   20.001   89.395   32.038   31.830   32.205   30.965   30.568   31.346   31.907   29.976   29.700   24.000    3.978    2.978    3.494   30.958   31.981   30.707   30.363   31.077   31.567
   0.444   1.000   2.000    1.37   0.0000    2   21.006   88.272   30.647   29.919   31.230   30.387   30.026   30.754   31.206   29.591   29.399   24.000    3.746    2.760    3.298   29.191   31.023   30.122   29.808   30.477   30.872
   0.444   1.000   2.000    1.37   0.0000    2   22.015   87.555   29.665   28.493   30.603   30.049   29.707   30.404   30.819   29.431   29.201   24.000    1.260    1.732    1.956   27.886   30.412   29.782   29.485   30.125   30.489
   0.444   1.000   2.000    1.37   0.0000    2   23.017   87.029   28.909   27.420   30.101   29.800   29.476   30.137   30.532   29.480   29.298   24.000    1.103    1.302    1.597   26.926   29.927   29.536   29.255   29.862   30.209
   0.444   1.000   2.000    1.37   0.0000    2   24.007   86.598   28.313   26.617   29.670   29.583   29.274   29.899   30.268   29.374   29.202   24.000    1.167    1.047    1.503   26.193   29.508   29.318   29.050   29.625   29.949
   0.444   1.000   2.000    1.37   0.0000    3    1.017   86.137   27.741   25.909   29.206   29.328   29.036   29.609   29.958   28.878   28.695   24.000    1.467    1.202    1.879   25.519   29.052   29.056   28.802   29.330   29.636
   0.444   1.000   2.000    1.37   0.0000    3    2.007   85.748   27.302   25.432   28.798   29.088   28.809   29.334   29.663   28.535   28.400   24.000    2.110    1.543    2.354   25.071   28.653   28.812   28.571   29.054   29.344
   0.444   1.000   2.000    1.37   0.0000    3    3.011   85.434   26.917   24.955   28.486   28.900   28.634   29.142   29.440   28.566   28.398   24.000    1.253    0.734    1.520   24.637   28.349   28.627   28.397   28.864   29.126
   0.444   1.000   2.000    1.37   0.0000    3    4.014   85.134   26.583   24.577   28.187   28.703   28.450   28.930   29.205   28.365   28.197   24.000    1.266    0.667    1.505   24.281   28.056   28.429   28.210   28.651   28.894
   0.444   1.000   2.000    1.37   0.0000    3    5.018   84.844   26.276   24.242   27.904   28.502   28.260   28.712   28.967   28.170   28.009   24.000    1.276    0.611    1.496   23.959   27.776   28.226   28.017   28.433   28.657
   0.444   1.000   2.000    1.37   0.0000    3    6.045   84.645   26.088   24.091   27.686   28.343   28.113   28.539   28.775   28.130   28.491   24.000    1.287    0.645    1.395   23.862   27.570   28.080   27.882   28.273   28.482
   0.444   1.000   2.000    1.37   0.0000    3    7.037   84.448   25.904   23.930   27.483   28.182   27.962   28.363   28.583   28.011   28.293   24.000    1.289    0.680    1.364   23.705   27.371   27.920   27.731   28.099   28.293
   0.444   1.000   2.000    1.37   0.0000    3    8.028   84.818   26.233   24.406   27.694   28.395   28.174   28.583   28.751   28.023   28.097   24.000    1.258    0.656    1.436   24.154   27.584   28.137   27.946   28.321   28.469
   0.444   1.000   2.000    1.37   0.0000    3    9.020   87.362   28.638   27.491   29.556   30.006   29.567   30.843   30.097   28.364   28.022   24.000    1.379    1.852    2.623   27.002   29.429   29.744   29.360   30.505   29.852
   0.444   1.000   2.000    1.37   0.0000    3   10.011   91.058   32.436   32.213   32.615   32.096   31.442   34.654   31.962   29.621   29.117   24.000    4.177    3.304    3.969   31.350   32.437   31.848   31.275   34.147   31.791
   0.444   1.000   2.000    1.37   0.0000    3   11.010   94.702   36.104   36.686   35.637   34.245   33.581   37.293   34.135   31.269   30.608   24.000    5.730    4.269    4.951   35.459   35.412   34.003   33.418   36.733   33.981
   0.444   1.000   2.000    1.37   0.0000    3   12.000   98.467   40.381   41.376   39.585   36.074   35.276   37.000   39.102   32.345   31.400   24.000    6.580    4.920    5.702   39.810   39.283   35.880   35.174   36.794   38.600
   0.444   1.000   2.000    1.37   0.0000    3   13.007  100.849   44.190   44.690   43.790   37.324   36.394   38.482   38.840   32.845   31.802   24.000    7.263    5.317    5.972   42.877   43.336   37.152   36.330   38.233   38.539
   0.444   1.000   2.000    1.37   0.0000    3   14.000  100.878   43.872   45.395   42.653   38.038   37.278   38.589   39.019   33.199   32.100   24.000    8.836    6.775    7.264   43.918   42.314   37.905   37.233   38.427   38.795
   0.444   1.000   2.000    1.37   0.0000    3   15.003  102.748   45.681   47.170   44.491   38.802   37.705   39.078   42.232   33.963   32.701   24.000    5.520    4.291    4.892   45.085   44.048   38.571   37.607   38.913   41.634
   0.444   1.000   2.000    1.37   0.0000    3   16.000  102.080   44.502   46.349   43.025   38.755   37.697   38.954   43.399   34.053   32.900   24.000    7.360    5.438    6.031   44.345   42.631   38.495   37.565   38.799   42.651
   0.444   1.000   2.000    1.37   0.0000    3   17.002   99.161   41.174   43.058   39.666   37.707   36.937   37.978   40.356   33.399   32.499   24.000    7.914    5.684    6.432   41.612   39.404   37.461   36.788   37.772   39.841
   0.444   1.000   2.000    1.37   0.0000    3   18.005   96.117   37.852   38.844   37.058   36.144   35.424   36.320   38.027   32.309   31.595   24.000    7.631    5.072    5.935   37.378   36.786   35.781   35.153   35.989   37.481
   0.444   1.000   2.000    1.37   0.0000    3   19.004   93.008   34.737   35.046   34.489   34.276   33.753   34.568   35.347   31.172   30.598   24.000    6.843    4.549    5.397   33.934   34.266   33.928   33.474   34.221   34.904
   0.444   1.000   2.000    1.37   0.0000    3   20.004   91.049   32.665   32.267   32.983   33.109   32.658   33.436   33.937   30.787   30.199   24.000    3.957    3.011    3.736   31.388   32.783   32.766   32.376   33.086   33.527
   0.444   1.000   2.000    1.37   0.0000    3   21.000   89.879   31.254   30.331   31.992   32.454   32.043   32.772   33.161   30.393   29.900   24.000    3.858    2.802    3.535   29.597   31.810   32.108   31.752   32.417   32.760
   0.444   1.000   2.000    1.37   0.0000    3   22.007   89.027   30.148   28.755   31.263   32.002   31.623   32.307   32.659   29.830   29.199   24.000    1.354    1.931    2.457   28.124   31.092   31.648   31.321   31.945   32.256
   0.444   1.000   2.000    1.37   0.0000    3   23.003   88.388   29.306   27.571   30.693   31.645   31.293   31.932   32.279   29.722   29.100   24.000    1.207    1.668    2.186   27.050   30.538   31.295   30.991   31.576   31.882
   0.444   1.000   2.000    1.37   0.0000    3   24.009   87.860   28.643   26.682   30.212   31.327   30.997   31.595   31.920   29.570   29.000   24.000    1.276    1.469    2.159   26.238   30.068   30.981   30.696   31.243   31.530
   0.444   1.000   2.000    1.37   0.0000    4    1.007   87.270   27.939   25.736   29.701   30.955   30.645   31.204   31.505   29.319   28.797   24.000    1.334    1.264    2.138   25.274   29.553   30.587   30.319   30.831   31.098
   0.444   1.000   2.000    1.37   0.0000    4    2.013   86.856   27.539   25.356   29.286   30.643   30.340   30.838   31.146   28.817   28.399   24.000    2.138    1.680    2.622   25.002   29.158   30.299   30.038   30.494   30.766
   0.444   1.000   2.000    1.37   0.0000    4    3.009   86.433   27.065   24.756   28.912   30.350   30.068   30.550   30.817   28.743   28.298   24.000    1.369    1.099    2.111   24.392   28.784   29.995   29.752   30.193   30.430
   0.444   1.000   2.000    1.37   0.0000    4    4.018   86.068   26.697   24.344   28.580   30.071   29.806   30.260   30.504   28.525   28.096   24.000    1.380    0.983    2.085   24.007   28.457   29.719   29.491   29.907   30.123
   0.444   1.000   2.000    1.37   0.0000    4    5.000   85.770   26.423   24.076   28.301   29.826   29.574   30.001   30.226   28.304   27.900   24.000    1.380    0.934    2.062   23.802   28.189   29.489   29.273   29.663   29.863
   0.444   1.000   2.000    1.37   0.0000    4    6.003   85.596   26.315   24.066   28.114   29.631   29.390   29.773   30.000   28.629   28.400   24.000    2.166    1.331    2.451   23.834   28.013   29.311   29.104   29.455   29.656
   0.444   1.000   2.000    1.37   0.0000    4    7.019   85.334   26.053   23.765   27.884   29.417   29.193   29.562   29.762   28.598   28.296   24.000    1.385    0.849    1.819   23.497   27.778   29.087   28.894   29.232   29.410
   0.444   1.000   2.000    1.37   0.0000    4    8.006   85.605   26.315   24.162   28.038   29.537   29.315   29.677   29.846   28.442   28.098   24.000    1.358    0.823    1.813   23.853   27.930   29.208   29.018   29.348   29.498
   0.444   1.000   2.000    1.37   0.0000    4    9.015   87.960   28.534   27.040   29.730   31.030   30.593   31.811   31.048   28.396   27.808   24.000    1.478    1.979    2.811   26.481   29.603   30.689   30.309   31.400   30.732
   0.444   1.000   2.000    1.37   0.0000    4   10.006   91.523   32.262   31.705   32.708   33.021   32.330   35.518   32.783   29.147   28.306   24.000    3.234    2.984    3.714   30.733   32.523   32.684   32.079   34.928   32.534
   0.444   1.000   2.000    1.37   0.0000    4   11.003   94.999   35.859   36.317   35.492   34.955   34.332   38.062   34.812   30.193   29.204   24.000    4.536    3.658    4.582   34.987   35.267   34.636   34.084   37.421   34.587
   0.444   1.000   2.000    1.37   0.0000    4   12.002   99.180   40.678   41.529   39.998   36.974   36.115   37.882   39.950   31.742   30.502   24.000    4.208    3.592    4.288   39.757   39.669   36.690   35.930   37.587   39.365
   0.444   1.000   2.000    1.37   0.0000    4   13.003  101.587   44.608   44.932   44.350   38.177   37.199   39.342   39.580   32.720   31.503   24.000    6.017    4.646    5.256   42.933   43.867   37.928   37.063   39.013   39.213
   0.444   1.000   2.000    1.37   0.0000    4   14.000  102.167   45.036   45.788   44.435   39.039   38.100   39.610   39.907   33.781   32.500   24.000    4.932    4.089    4.576   43.577   43.939   38.698   37.870   39.245   39.498
   0.444   1.000   2.000    1.37   0.0000    4   15.001  102.751   45.193   46.116   44.455   39.251   38.206   39.518   42.529   34.006   32.899   24.000    7.804    5.384    6.179   43.804   43.973   38.905   37.983   39.235   41.835
   0.444   1.000   2.000    1.37   0.0000    4   16.003  101.616   43.498   45.090   42.225   38.974   37.886   39.122   43.451   33.607   32.299   24.000    8.141    6.271    6.831   43.064   41.845   38.638   37.681   38.899   42.652
   0.444   1.000   2.000    1.37   0.0000    4   17.004   99.242   40.891   42.491   39.610   38.061   37.366   38.375   40.690   32.854   31.895   24.000    7.110    4.876    5.773   41.027   39.347   37.779   37.168   38.124   40.141
   0.444   1.000   2.000    1.37   0.0000    4   18.001   95.605   36.963   37.752   36.331   36.144   35.494   36.322   37.977   31.149   30.399   24.000    9.813    6.385    7.187   36.381   36.086   35.760   35.192   35.968   37.416
   0.444   1.000   2.000    1.37   0.0000    4   19.001   92.593   33.980   34.024   33.945   34.256   33.854   34.608   35.340   30.361   29.700   24.000    6.853    4.591    5.481   32.849   33.719   33.856   33.506   34.201   34.843
   0.444   1.000   2.000    1.37   0.0000    4   20.001   90.962   32.320   31.934   32.630   33.296   32.878   33.638   34.084   30.079   29.400   24.000    4.769    3.612    4.423   31.253   32.474   32.977   32.617   33.310   33.702
   0.444   1.000   2.000    1.37   0.0000    4   21.005   89.626   30.659   29.444   31.630   32.556   32.176   32.885   33.239   29.962   29.298   24.000    2.884    2.515    3.264   28.660   31.444   32.161   31.833   32.479   32.792
   0.444   1.000   2.000    1.37   0.0000    4   22.004   88.912   29.769   28.250   30.983   32.144   31.780   32.455   32.758   29.475   28.800   24.000    2.079    2.163    2.894   27.546   30.809   31.745   31.430   32.046   32.315
   0.444   1.000   2.000    1.37   0.0000    4   23.006   88.257   28.959   27.149   30.407   31.749   31.404   32.040   32.306   29.320   28.699   24.000    2.125    2.032    2.807   26.585   30.253   31.365   31.067   31.647   31.884
   0.444   1.000   2.000    1.37   0.0000    4   24.005   87.801   28.373   26.346   29.994   31.465   31.147   31.738   32.019   29.262   28.600   24.000    1.302    1.562    2.237   25.908   29.859   31.099   30.825   31.365   31.614
   0.444   1.000   2.000    1.37   0.0000    5    1.002   87.313   27.834   25.686   29.552   31.127   30.825   31.351   31.646   28.886   28.300   24.000    1.559    1.594    2.435   25.291   29.424   30.763   30.502   30.984   31.245
   0.444   1.000   2.000    1.37   0.0000    5    2.003   86.877   27.414   25.249   29.146   30.791   30.496   30.976   31.269   28.602   28.099   24.000    2.177    1.797    2.732   24.885   29.025   30.430   30.177   30.616   30.875
   0.444   1.000   2.000    1.37   0.0000    5    3.005   86.494   27.003   24.747   28.809   30.505   30.234   30.705   30.951   28.440   27.899   24.000    1.366    1.312    2.169   24.416   28.693   30.148   29.914   30.346   30.564
   0.444   1.000   2.000    1.37   0.0000    5    4.006   86.152   26.674   24.381   28.508   30.231   29.976   30.422   30.645   28.314   27.799   24.000    1.378    1.148    2.142   24.078   28.398   29.879   29.660   30.068   30.266
   0.444   1.000   2.000    1.37   0.0000    5    5.004   85.813   26.363   24.049   28.215   29.950   29.708   30.129   30.334   28.092   27.602   24.000    1.384    1.075    2.118   23.758   28.107   29.600   29.393   29.777   29.960
   0.444   1.000   2.000    1.37   0.0000    5    6.016   85.610   26.193   23.910   28.020   29.753   29.528   29.920   30.110   28.400   27.998   24.000    1.391    0.866    2.035   23.667   27.922   29.419   29.225   29.584   29.753
   0.444   1.000   2.000    1.37   0.0000    5    7.015   85.387   26.019   23.766   27.822   29.538   29.325   29.692   29.869   28.297   27.897   24.000    1.386    0.865    1.983   23.531   27.726   29.209   29.026   29.362   29.519
   0.444   1.000   2.000    1.37   0.0000    5    8.017   85.692   26.328   24.233   28.004   29.665   29.450   29.813   29.956   28.132   27.702   24.000    1.352    0.871    2.017   23.971   27.910   29.343   29.158   29.489   29.617
   0.444   1.000   2.000    1.37   0.0000    5    9.004   88.117   28.656   27.307   29.736   31.206   30.737   31.966   31.199   28.403   27.804   24.000    1.427    1.958    2.944   26.822   29.628   30.880   30.473   31.573   30.901
   0.444   1.000   2.000    1.37   0.0000    5   10.007   91.837   32.553   32.188   32.845   33.302   32.579   35.732   33.010   29.722   29.010   24.000    4.170    3.339    4.122   31.320   32.685   32.992   32.359   35.174   32.792
   0.444   1.000   2.000    1.37   0.0000    5   11.005   95.418   36.205   36.810   35.721   35.386   34.638   38.311   35.118   31.337   30.505   24.000    5.739    4.284    5.052   35.564   35.518   35.081   34.422   37.702   34.918
   0.444   1.000   2.000    1.37   0.0000    5   12.004   99.216   40.612   41.591   39.828   37.204   36.296   37.979   40.000   32.495   31.402   24.000    6.591    4.939    5.773   40.007   39.540   36.951   36.150   37.727   39.463
   0.444   1.000   2.000    1.37   0.0000    5   13.002  101.568   44.441   44.934   44.046   38.424   37.354   39.386   39.663   32.971   31.800   24.000    7.265    5.329    6.028   43.101   43.604   38.194   37.249   39.096   39.330
   0.444   1.000   2.000    1.37   0.0000    5   14.001  101.600   44.226   45.635   43.099   39.024   38.154   39.433   39.787   33.329   32.100   24.000    8.843    6.792    7.302   44.137   42.762   38.842   38.074   39.239   39.541
   0.444   1.000   2.000    1.37   0.0000    5   15.001  103.429   45.962   47.421   44.795   39.832   38.570   39.902   42.961   34.088   32.700   24.000    5.533    4.324    4.977   45.316   44.361   39.546   38.439   39.701   42.341
   0.444   1.000   2.000    1.37   0.0000    5   16.003  102.598   44.562   46.575   42.951   39.688   38.466   39.691   44.057   34.158   32.899   24.000    7.370    5.436    6.080   44.552   42.581   39.369   38.295   39.498   43.283
   0.444   1.000   2.000    1.37   0.0000    5   17.002   99.697   41.347   43.290   39.792   38.530   37.652   38.673   41.000   33.501   32.498   24.000    7.922    5.693    6.472   41.824   39.542   38.239   37.471   38.434   40.460
   0.444   1.000   2.000    1.37   0.0000    5   18.002   96.629   38.015   39.078   37.165   36.920   36.104   36.983   38.649   32.409   31.598   24.000    7.641    5.083    5.981   37.592   36.906   36.515   35.804   36.620   38.079
   0.444   1.000   2.000    1.37   0.0000    5   19.001   93.504   34.921   35.275   34.639   34.982   34.399   35.200   35.944   31.271   30.599   24.000    6.860    4.567    5.453   34.142   34.426   34.598   34.091   34.825   35.477
   0.444   1.000   2.000    1.37   0.0000    5   20.001   91.551   32.869   32.513   33.154   33.793   33.294   34.062   34.528   30.907   30.200   24.000    3.982    3.036    3.830   31.611   32.963   33.417   32.985   33.684   34.095
   0.444   1.000   2.000    1.37   0.0000    5   21.001   90.369   31.463   30.582   32.169   33.108   32.655   33.374   33.731   30.508   29.900   24.000    3.787    2.831    3.644   29.825   31.995   32.731   32.339   32.993   33.308
   0.444   1.000   2.000    1.37   0.0000    5   22.005   89.511   30.362   29.014   31.441   32.633   32.219   32.891   33.214   29.950   29.199   24.000    1.359    1.975    2.620   28.359   31.278   32.249   31.892   32.503   32.790
   0.444   1.000   2.000    1.37   0.0000    5   23.006   88.840   29.501   27.812   30.853   32.236   31.854   32.481   32.805   29.763   29.000   24.000    1.209    1.757    2.312   27.261   30.704   31.857   31.527   32.099   32.386
   0.444   1.000   2.000    1.37   0.0000    5   24.006   88.301   28.837   26.913   30.375   31.896   31.540   32.126   32.430   29.695   29.000   24.000    1.284    1.526    2.247   26.447   30.238   31.523   31.216   31.751   32.020
   0.444   1.000   2.000    1.37   0.0000    6    1.008   87.753   28.231   26.166   29.883   31.520   31.183   31.704   32.013   29.223   28.598   24.000    1.551    1.593    2.445   25.745   29.754   31.148   30.856   31.333   31.607
   0.444   1.000   2.000    1.37   0.0000    6    2.004   87.283   27.768   25.665   29.450   31.163   30.837   31.312   31.616   28.936   28.399   24.000    2.173    1.782    2.736   25.281   29.328   30.795   30.514   30.948   31.218
   0.444   1.000   2.000    1.37   0.0000    6    3.009   86.875   27.325   25.117   29.091   30.863   30.562   31.028   31.285   28.776   28.199   24.000    1.361    1.267    2.187   24.770   28.975   30.498   30.239   30.665   30.893
   0.444   1.000   2.000    1.37   0.0000    6    4.004   86.515   26.970   24.716   28.773   30.577   30.295   30.736   30.968   28.650   28.099   24.000    1.376    1.088    2.165   24.400   28.663   30.218   29.975   30.378   30.585
   0.444   1.000   2.000    1.37   0.0000    6    5.012   86.159   26.639   24.355   28.465   30.284   30.018   30.433   30.646   28.426   27.906   24.000    1.384    1.011    2.141   24.055   28.358   29.927   29.699   30.078   30.268
   0.444   1.000   2.000    1.37   0.0000    6    6.005   85.963   26.469   24.216   28.271   30.091   29.844   30.230   30.428   28.822   28.399   24.000    1.392    0.882    2.016   23.969   28.174   29.751   29.539   29.892   30.068
   0.444   1.000   2.000    1.37   0.0000    6    7.001   85.718   26.273   24.043   28.057   29.861   29.628   29.990   30.173   28.640   28.200   24.000    1.387    0.881    1.982   23.800   27.962   29.525   29.325   29.655   29.819
   0.444   1.000   2.000    1.37   0.0000    6    8.001   85.978   26.539   24.453   28.207   29.957   29.728   30.073   30.237   28.467   28.000   24.000    1.359    0.870    1.940   24.188   28.114   29.629   29.432   29.747   29.893
   0.444   1.000   2.000    1.37   0.0000    6    9.001   88.414   28.870   27.534   29.939   31.520   31.017   32.236   31.478   28.637   28.002   24.000    1.425    1.946    2.953   27.040   29.833   31.185   30.748   31.838   31.175
   0.444   1.000   2.000    1.37   0.0000    6   10.003   92.101   32.733   32.365   33.027   33.613   32.835   35.972   33.259   29.845   29.105   24.000    4.172    3.346    4.138   31.487   32.867   33.291   32.610   35.410   33.035
   0.444   1.000   2.000    1.37   0.0000    6   11.002   95.636   36.333   36.955   35.835   35.670   34.867   38.525   35.344   31.456   30.601   24.000    5.739    4.284    5.063   35.703   35.634   35.352   34.645   37.911   35.139
   0.444   1.000   2.000    1.37   0.0000    6   12.001   99.286   40.518   41.670   39.597   37.443   36.458   38.147   40.160   32.509   31.401   24.000    6.593    4.922    5.783   40.079   39.323   37.167   36.297   37.885   39.614
   0.444   1.000   2.000    1.37   0.0000    6   13.000  101.685   44.454   44.992   44.023   38.683   37.530   39.536   39.800   32.992   31.800   24.000    7.265    5.327    6.037   43.154   43.586   38.434   37.418   39.238   39.463
   0.444   1.000   2.000    1.37   0.0000    6   14.002  101.712   44.250   45.671   43.113   39.249   38.313   39.569   39.912   33.349   32.101   24.000    8.839    6.790    7.306   44.170   42.779   39.051   38.227   39.368   39.661
   0.444   1.000   2.000    1.37   0.0000    6   15.000  103.548   45.988   47.447   44.821   40.085   38.732   40.034   43.076   34.109   32.700   24.000    5.533    4.326    4.991   45.340   44.390   39.783   38.596   39.828   42.453
   0.444   1.000   2.000    1.37   0.0000    6   16.001  102.716   44.590   46.596   42.984   39.930   38.617   39.818   44.174   34.178   32.899   24.000    7.370    5.438    6.090   44.572   42.616   39.595   38.441   39.621   43.397
   0.444   1.000   2.000    1.37   0.0000    6   17.002   99.797   41.367   43.305   39.817   38.724   37.786   38.789   41.112   33.519   32.498   24.000    7.922    5.695    6.480   41.837   39.569   38.420   37.600   38.546   40.568
   0.444   1.000   2.000    1.37   0.0000    6   18.000   96.729   38.041   39.098   37.194   37.104   36.234   37.096   38.762   32.425   31.600   24.000    7.643    5.086    5.991   37.610   36.938   36.688   35.929   36.730   38.188
   0.444   1.000   2.000    1.37   0.0000    6   19.004   93.590   34.943   35.291   34.665   35.134   34.515   35.304   36.047   31.284   30.598   24.000    6.854    4.567    5.459   34.157   34.454   34.741   34.203   34.924   35.576
   0.444   1.000   2.000    1.37   0.0000    6   20.002   91.634   32.891   32.528   33.181   33.935   33.407   34.163   34.630   30.925   30.199   24.000    3.983    3.040    3.846   31.625   32.992   33.551   33.093   33.781   34.192
   0.444   1.000   2.000    1.37   0.0000    6   21.005   90.444   31.478   30.586   32.192   33.239   32.760   33.469   33.825   30.524   29.897   24.000    3.779    2.831    3.657   29.829   32.020   32.854   32.439   33.084   33.398
   0.444   1.000   2.000    1.37   0.0000    6   22.006   89.578   30.368   29.005   31.459   32.755   32.318   32.979   33.301   29.969   29.199   24.000    1.365    1.979    2.646   28.350   31.298   32.365   31.987   32.588   32.874
   0.444   1.000   2.000    1.37   0.0000    6   23.003   88.902   29.501   27.790   30.870   32.351   31.948   32.565   32.888   29.782   29.000   24.000    1.217    1.759    2.337   27.242   30.723   31.965   31.618   32.179   32.466
   0.444   1.000   2.000    1.37   0.0000    6   24.007   88.360   28.836   26.890   30.393   32.005   31.630   32.206   32.510   29.713   29.000   24.000    1.292    1.530    2.262   26.426   30.258   31.626   31.303   31.828   32.097
   0.444   1.000   2.000    1.37   0.0000    7    1.004   87.841   28.246   26.139   29.932   31.649   31.297   31.836   32.117   29.384   28.699   24.000    1.332    1.444    2.241   25.726   29.804   31.272   30.969   31.460   31.710
   0.444   1.000   2.000    1.37   0.0000    7    2.001   87.345   27.806   25.734   29.464   31.249   30.904   31.418   31.628   28.900   28.400   24.000    2.858    2.077    3.053   25.343   29.344   30.876   30.579   31.046   31.233
   0.444   1.000   2.000    1.37   0.0000    7    3.002   86.951   27.380   25.203   29.122   30.960   30.642   31.118   31.316   28.839   28.300   24.000    1.581    1.334    2.395   24.854   29.008   30.592   30.318   30.751   30.927
   0.444   1.000   2.000    1.37   0.0000    7    4.007   86.641   27.061   24.834   28.842   30.708   30.413   30.856   31.063   28.935   28.398   24.000    1.379    0.949    2.155   24.527   28.736   30.349   30.095   30.498   30.682
   0.444   1.000   2.000    1.37   0.0000    7    5.002   86.318   26.789   24.579   28.557   30.426   30.146   30.561   30.734   28.586   28.101   24.000    1.592    1.093    2.333   24.299   28.456   30.075   29.834   30.212   30.366
   0.444   1.000   2.000    1.37   0.0000    7    6.010   86.103   26.612   24.435   28.354   30.214   29.951   30.339   30.498   28.900   28.498   24.000    1.605    1.026    2.234   24.182   28.259   29.873   29.647   30.000   30.142
   0.444   1.000   2.000    1.37   0.0000    7    7.008   85.852   26.418   24.269   28.137   29.973   29.725   30.088   30.232   28.719   28.298   24.000    1.627    1.064    2.231   24.019   28.044   29.637   29.424   29.753   29.882
   0.444   1.000   2.000    1.37   0.0000    7    8.005   86.133   26.882   25.126   28.288   29.987   29.736   30.090   30.182   28.380   28.101   24.000    4.570    3.294    3.933   24.823   28.196   29.665   29.449   29.770   29.852
   0.444   1.000   2.000    1.37   0.0000    7    9.001   88.379   28.947   27.839   29.833   31.484   30.945   32.152   31.363   28.781   28.301   24.000    3.842    2.811    3.898   27.247   29.718   31.127   30.660   31.738   31.047
   0.444   1.000   2.000    1.37   0.0000    7   10.001   92.071   32.672   32.454   32.847   33.656   32.819   35.981   33.231   29.930   29.101   24.000    3.455    2.997    3.790   31.480   32.682   33.301   32.569   35.394   32.985
   0.444   1.000   2.000    1.37   0.0000    7   11.003   95.727   36.396   37.001   35.912   35.776   34.915   38.624   35.353   31.059   30.003   24.000    3.863    3.239    3.990   35.576   35.683   35.408   34.651   37.961   35.108
   0.444   1.000   2.000    1.37   0.0000    7   12.005   99.716   40.977   42.134   40.052   37.715   36.637   38.387   40.396   32.303   31.003   24.000    4.220    3.539    4.297   40.341   39.742   37.394   36.443   38.082   39.807
   0.444   1.000   2.000    1.37   0.0000    7   13.002  102.088   44.949   45.407   44.582   38.909   37.677   39.760   39.919   32.977   31.601   24.000    5.514    4.470    5.040   43.298   44.092   38.597   37.512   39.397   39.529
   0.444   1.000   2.000    1.37   0.0000    7   14.003  102.202   44.847   45.858   44.038   39.502   38.460   39.790   40.012   33.544   32.102   24.000    6.221    5.050    5.521   43.807   43.589   39.166   38.248   39.449   39.637
   0.444   1.000   2.000    1.37   0.0000    7   15.000  103.722   46.140   47.767   44.838   40.290   38.826   40.180   43.158   34.163   32.600   24.000    5.104    4.217    4.839   45.456   44.383   39.923   38.637   39.919   42.489
   0.444   1.000   2.000    1.37   0.0000    7   16.000  103.491   45.508   47.634   43.806   40.429   38.912   40.238   44.641   34.279   32.800   24.000    5.048    4.027    4.735   45.574   43.426   40.100   38.768   40.058   43.873
   0.444   1.000   2.000    1.37   0.0000    7   17.004  100.864   42.554   44.612   40.908   39.358   38.335   39.375   41.760   34.067   32.699   24.000    4.296    3.517    4.053   42.799   40.597   38.990   38.093   39.070   41.148
   0.444   1.000   2.000    1.37   0.0000    7   18.000   98.322   39.861   41.359   38.663   38.011   37.120   38.038   39.767   33.623   32.499   24.000    3.987    3.164    3.876   39.734   38.383   37.609   36.829   37.682   39.195
   0.444   1.000   2.000    1.37   0.0000    7   19.000   94.382   35.831   36.347   35.418   35.643   35.001   35.808   36.567   31.960   31.300   24.000    7.528    4.873    5.752   35.165   35.197   35.256   34.697   35.435   36.100
   0.444   1.000   2.000    1.37   0.0000    7   20.002   92.628   34.020   34.026   34.016   34.573   34.017   34.795   35.265   31.602   30.900   24.000    4.025    2.946    3.741   33.282   33.856   34.257   33.774   34.481   34.895
   0.444   1.000   2.000    1.37   0.0000    7   21.004   91.137   32.179   31.308   32.875   33.743   33.245   33.972   34.355   31.434   30.697   24.000    2.094    2.095    2.738   30.479   32.687   33.349   32.917   33.578   33.916
   0.444   1.000   2.000    1.37   0.0000    7   22.006   90.253   31.037   29.714   32.096   33.247   32.794   33.470   33.836   30.843   29.998   24.000    1.082    1.804    2.292   29.053   31.931   32.864   32.471   33.087   33.410
   0.444   1.000   2.000    1.37   0.0000    7   23.002   89.475   30.056   28.362   31.412   32.790   32.368   33.000   33.337   30.408   29.600   24.000    1.212    1.699    2.285   27.808   31.261   32.407   32.043   32.619   32.917
   0.444   1.000   2.000    1.37   0.0000    7   24.005   88.892   29.345   27.425   30.881   32.422   32.028   32.619   32.929   30.236   29.500   24.000    1.284    1.487    2.260   26.952   30.743   32.044   31.704   32.242   32.517
   0.444   1.000   2.000    1.37   0.0000    8    1.001   88.312   28.703   26.637   30.355   32.027   31.654   32.181   32.494   29.760   29.100   24.000    1.549    1.539    2.447   26.204   30.223   31.647   31.326   31.806   32.083
   0.444   1.000   2.000    1.37   0.0000    8    2.004   87.805   28.201   26.101   29.881   31.644   31.285   31.764   32.072   29.377   28.800   24.000    2.173    1.777    2.748   25.701   29.757   31.268   30.958   31.395   31.668
   0.444   1.000   2.000    1.37   0.0000    8    3.005   87.387   27.742   25.537   29.506   31.337   31.008   31.477   31.736   29.302   28.699   24.000    1.365    1.172    2.211   25.182   29.390   30.966   30.682   31.110   31.340
   0.444   1.000   2.000    1.37   0.0000    8    4.002   86.997   27.355   25.101   29.158   31.030   30.722   31.165   31.400   29.093   28.499   24.000    1.378    1.049    2.187   24.775   29.047   30.663   30.397   30.802   31.011
   0.444   1.000   2.000    1.37   0.0000    8    5.007   86.606   26.988   24.702   28.817   30.713   30.422   30.839   31.055   28.776   28.206   24.000    1.386    1.026    2.169   24.387   28.709   30.347   30.097   30.477   30.669
   0.444   1.000   2.000    1.37   0.0000    8    6.011   86.459   26.858   24.622   28.647   30.549   30.280   30.668   30.869   29.521   29.098   24.000    1.393    0.896    1.931   24.382   28.554   30.207   29.976   30.329   30.508
   0.444   1.000   2.000    1.37   0.0000    8    7.008   86.230   26.675   24.473   28.437   30.323   30.072   30.434   30.620   29.356   28.898   24.000    1.385    0.893    1.882   24.235   28.346   29.986   29.769   30.099   30.265
   0.444   1.000   2.000    1.37   0.0000    8    8.011   86.509   26.964   24.922   28.597   30.433   30.183   30.537   30.693   29.183   28.697   24.000    1.361    0.890    1.894   24.658   28.507   30.102   29.887   30.210   30.349
   0.444   1.000   2.000    1.37   0.0000    8    9.007   88.884   29.220   27.946   30.239   31.989   31.432   32.651   31.891   29.077   28.406   24.000    1.435    1.895    2.946   27.439   30.136   31.642   31.158   32.248   31.582
   0.444   1.000   2.000    1.37   0.0000    8   10.005   92.424   32.902   32.654   33.101   34.047   33.173   36.300   33.591   29.997   29.207   24.000    4.192    3.345    4.170   31.756   32.949   33.701   32.938   35.728   33.357
   0.444   1.000   2.000    1.37   0.0000    8   11.002   95.921   36.500   37.144   35.985   36.071   35.171   38.796   35.626   31.501   30.601   24.000    5.750    4.298    5.092   35.875   35.786   35.731   34.940   38.174   35.410
   0.444   1.000   2.000    1.37   0.0000    8   12.004   99.533   40.646   41.805   39.718   37.855   36.740   38.396   40.385   32.548   31.402   24.000    6.601    4.932    5.804   40.202   39.447   37.555   36.572   38.124   39.833
   0.444   1.000   2.000    1.37   0.0000    8   13.005  101.766   44.327   45.085   43.720   39.070   37.747   39.734   39.949   33.012   31.801   24.000    7.275    5.312    6.054   43.239   43.302   38.783   37.618   39.424   39.605
   0.444   1.000   2.000    1.37   0.0000    8   14.001  101.779   44.151   45.754   42.869   39.568   38.497   39.749   40.031   33.363   32.101   24.000    8.844    6.789    7.314   44.246   42.551   39.339   38.397   39.536   39.776
   0.444   1.000   2.000    1.37   0.0000    8   15.002  103.708   45.996   47.526   44.772   40.456   38.910   40.249   43.243   34.132   32.700   24.000    5.535    4.304    5.003   45.412   44.350   40.117   38.760   40.039   42.623
   0.444   1.000   2.000    1.37   0.0000    8   16.002  102.881   44.617   46.667   42.978   40.305   38.809   40.009   44.328   34.202   32.899   24.000    7.373    5.440    6.106   44.636   42.616   39.940   38.627   39.805   43.549
   0.444   1.000   2.000    1.37   0.0000    8   17.000   99.921   41.366   43.371   39.761   39.013   37.956   38.962   41.262   33.538   32.500   24.000    7.925    5.695    6.492   41.898   39.522   38.687   37.762   38.710   40.714
   0.444   1.000   2.000    1.37   0.0000    8   18.000   96.856   38.061   39.154   37.186   37.375   36.397   37.257   38.905   32.446   31.600   24.000    7.645    5.088    6.004   37.661   36.935   36.939   36.086   36.884   38.327
   0.444   1.000   2.000    1.37   0.0000    8   19.000   93.544   34.810   35.168   34.523   35.259   34.565   35.357   36.081   30.846   30.100   24.000    6.880    4.605    5.519   34.013   34.313   34.843   34.239   34.963   35.598
   0.444   1.000   2.000    1.37   0.0000    8   20.003   91.545   32.720   32.354   33.013   34.017   33.426   34.188   34.634   30.473   29.699   24.000    4.025    3.104    3.940   31.434   32.825   33.612   33.099   33.791   34.184
   0.444   1.000   2.000    1.37   0.0000    8   21.005   90.328   31.282   30.376   32.007   33.292   32.756   33.471   33.807   30.072   29.399   24.000    3.790    2.901    3.763   29.605   31.837   32.887   32.423   33.072   33.369
   0.444   1.000   2.000    1.37   0.0000    8   22.005   89.566   30.270   28.889   31.375   32.863   32.379   33.042   33.350   29.965   29.200   24.000    1.381    1.951    2.651   28.245   31.219   32.463   32.043   32.645   32.919
   0.444   1.000   2.000    1.37   0.0000    8   23.007   88.944   29.459   27.734   30.840   32.484   32.039   32.656   32.968   29.886   29.099   24.000    1.234    1.690    2.321   27.197   30.698   32.091   31.706   32.267   32.543
   0.444   1.000   2.000    1.37   0.0000    8   24.003   88.408   28.808   26.853   30.372   32.132   31.718   32.294   32.588   29.735   29.000   24.000    1.301    1.501    2.277   26.393   30.240   31.744   31.386   31.911   32.171
   0.444   1.000   2.000    1.37   0.0000    9    1.002   87.863   28.220   26.128   29.893   31.747   31.355   31.866   32.167   29.261   28.600   24.000    1.559    1.580    2.479   25.710   29.768   31.360   31.022   31.488   31.755
   0.444   1.000   2.000    1.37   0.0000    9    2.002   87.394   27.768   25.645   29.466   31.377   31.001   31.466   31.764   28.969   28.400   24.000    2.180    1.781    2.764   25.263   29.348   30.996   30.672   31.095   31.359
   0.444   1.000   2.000    1.37   0.0000    9    3.004   86.985   27.333   25.109   29.113   31.066   30.721   31.178   31.427   28.808   28.200   24.000    1.370    1.272    2.212   24.762   29.000   30.690   30.391   30.808   31.030
   0.444   1.000   2.000    1.37   0.0000    9    4.007   86.624   26.985   24.718   28.799   30.770   30.447   30.880   31.105   28.684   28.098   24.000    1.384    1.102    2.191   24.402   28.692   30.400   30.121   30.516   30.716
   0.444   1.000   2.000    1.37   0.0000    9    5.007   86.248   26.642   24.343   28.481   30.455   30.151   30.558   30.765   28.369   27.798   24.000    1.389    1.091    2.163   24.037   28.375   30.087   29.825   30.196   30.380
   0.444   1.000   2.000    1.37   0.0000    9    6.016   85.894   26.337   24.030   28.183   30.148   29.862   30.244   30.435   28.050   27.497   24.000    1.390    1.108    2.148   23.742   28.081   29.786   29.539   29.887   30.057
   0.444   1.000   2.000    1.37   0.0000    9    7.001   85.574   26.071   23.764   27.917   29.863   29.592   29.951   30.127   27.828   27.300   24.000    1.391    1.065    2.125   23.490   27.817   29.506   29.273   29.599   29.757
   0.444   1.000   2.000    1.37   0.0000    9    8.002   85.842   26.339   24.175   28.070   29.960   29.696   30.039   30.196   27.915   27.401   24.000    1.366    1.126    2.249   23.898   27.975   29.616   29.388   29.701   29.840
   0.444   1.000   2.000    1.37   0.0000    9    9.004   88.382   28.732   27.375   29.817   31.645   31.058   32.266   31.502   28.630   28.005   24.000    1.448    1.912    2.967   26.896   29.717   31.297   30.786   31.865   31.196
   0.444   1.000   2.000    1.37   0.0000    9   10.003   92.071   32.554   32.261   32.789   33.812   32.886   36.002   33.290   29.857   29.104   24.000    4.159    3.314    4.145   31.393   32.642   33.466   32.658   35.436   33.062
   0.444   1.000   2.000    1.37   0.0000    9   11.004   95.659   36.259   36.875   35.766   35.888   34.934   38.545   35.372   31.382   30.504   24.000    5.742    4.288    5.082   35.624   35.570   35.548   34.711   37.929   35.163
   0.444   1.000   2.000    1.37   0.0000    9   12.002   99.349   40.488   41.641   39.567   37.741   36.551   38.189   40.169   32.524   31.401   24.000    6.592    4.921    5.791   40.052   39.298   37.440   36.393   37.925   39.626
   0.444   1.000   2.000    1.37   0.0000    9   13.000  101.618   44.217   44.975   43.610   38.994   37.581   39.545   39.732   32.993   31.800   24.000    7.264    5.301    6.039   43.138   43.193   38.705   37.462   39.242   39.398
   0.444   1.000   2.000    1.37   0.0000    9   14.002  101.648   44.061   45.666   42.777   39.488   38.350   39.578   39.836   33.345   32.101   24.000    8.837    6.776    7.300   44.166   42.460   39.259   38.258   39.371   39.591
   0.444   1.000   2.000    1.37   0.0000    9   15.002  103.585   45.911   47.450   44.679   40.406   38.772   40.081   43.058   34.115   32.700   24.000    5.535    4.305    5.002   45.343   44.258   40.064   38.632   39.878   42.447
   0.444   1.000   2.000    1.37   0.0000    9   16.001  102.777   44.543   46.610   42.890   40.270   38.685   39.859   44.168   34.189   32.899   24.000    7.371    5.434    6.099   44.584   42.530   39.901   38.511   39.661   43.397
   0.444   1.000   2.000    1.37   0.0000    9   17.004   99.818   41.297   43.314   39.685   38.951   37.836   38.820   41.118   33.524   32.497   24.000    7.922    5.689    6.484   41.845   39.445   38.623   37.649   38.574   40.576
   0.444   1.000   2.000    1.37   0.0000    9   18.003   96.739   37.966   39.099   37.060   37.305   36.278   37.120   38.765   32.429   31.595   24.000    7.641    5.078    5.995   37.611   36.811   36.868   35.971   36.752   38.192
   0.444   1.000   2.000    1.37   0.0000    9   19.003   93.438   34.737   35.111   34.439   35.178   34.451   35.227   35.951   30.830   30.099   24.000    6.869    4.593    5.505   33.961   34.230   34.762   34.130   34.838   35.473
   0.444   1.000   2.000    1.37   0.0000    9   20.000   91.443   32.652   32.293   32.939   33.933   33.317   34.063   34.509   30.460   29.700   24.000    4.018    3.091    3.924   31.379   32.752   33.529   32.994   33.671   34.065
   0.444   1.000   2.000    1.37   0.0000    9   21.001   90.239   31.229   30.330   31.948   33.214   32.656   33.357   33.694   30.060   29.400   24.000    3.796    2.893    3.750   29.563   31.778   32.811   32.328   32.963   33.262
   0.444   1.000   2.000    1.37   0.0000    9   22.001   89.512   30.255   28.886   31.349   32.808   32.303   32.952   33.264   30.043   29.300   24.000    1.384    1.904    2.587   28.249   31.193   32.410   31.973   32.562   32.838
   0.444   1.000   2.000    1.37   0.0000    9   23.001   88.953   29.511   27.812   30.870   32.469   32.006   32.609   32.924   30.146   29.400   24.000    1.237    1.534    2.280   27.289   30.728   32.082   31.681   32.230   32.508
   0.444   1.000   2.000    1.37   0.0000    9   24.003   88.450   28.895   26.982   30.426   32.137   31.706   32.269   32.566   30.006   29.300   24.000    1.297    1.328    2.252   26.530   30.295   31.755   31.382   31.895   32.157
   0.444   1.000   2.000    1.37   0.0000   10    1.009   87.884   28.290   26.245   29.926   31.735   31.328   31.828   32.131   29.348   28.697   24.000    1.554    1.537    2.449   25.822   29.800   31.351   30.999   31.455   31.723
   0.444   1.000   2.000    1.37   0.0000   10    2.010   87.387   27.811   25.732   29.475   31.348   30.958   31.413   31.711   28.964   28.401   24.000    2.168    1.792    2.761   25.341   29.356   30.968   30.631   31.045   31.310
   0.444   1.000   2.000    1.37   0.0000   10    3.007   87.025   27.416   25.242   29.155   31.072   30.714   31.160   31.411   29.068   28.499   24.000    1.366    1.084    2.198   24.902   29.044   30.700   30.391   30.797   31.020
   0.444   1.000   2.000    1.37   0.0000   10    4.005   86.664   27.065   24.847   28.839   30.777   30.442   30.864   31.091   28.867   28.299   24.000    1.377    0.994    2.170   24.532   28.733   30.410   30.122   30.505   30.707
   0.444   1.000   2.000    1.37   0.0000   10    5.008   86.294   26.726   24.476   28.525   30.468   30.154   30.550   30.759   28.551   28.003   24.000    1.383    0.986    2.152   24.170   28.420   30.103   29.832   30.193   30.378
   0.444   1.000   2.000    1.37   0.0000   10    6.009   86.076   26.539   24.314   28.320   30.255   29.962   30.332   30.525   28.856   28.398   24.000    1.391    0.891    2.045   24.057   28.224   29.906   29.654   29.990   30.162
   0.444   1.000   2.000    1.37   0.0000   10    7.005   85.820   26.335   24.128   28.100   30.012   29.737   30.082   30.262   28.666   28.199   24.000    1.387    0.890    2.012   23.877   28.007   29.667   29.431   29.745   29.905
   0.444   1.000   2.000    1.37   0.0000   10    8.011   86.092   26.612   24.553   28.260   30.112   29.841   30.180   30.330   28.491   28.000   24.000    1.356    0.881    1.996   24.279   28.168   29.776   29.542   29.850   29.984
   0.444   1.000   2.000    1.37   0.0000   10    9.003   88.500   28.881   27.601   29.906   31.729   31.118   32.312   31.552   28.658   28.003   24.000    1.425    1.936    2.978   27.100   29.804   31.378   30.847   31.911   31.246
   0.444   1.000   2.000    1.37   0.0000   10   10.005   92.165   32.670   32.423   32.867   33.906   32.935   36.031   33.323   29.867   29.108   24.000    4.180    3.328    4.157   31.540   32.718   33.555   32.708   35.466   33.096
   0.444   1.000   2.000    1.37   0.0000   10   11.001   95.764   36.355   36.999   35.839   35.986   34.987   38.683   35.420   31.474   30.601   24.000    5.742    4.285    5.080   35.743   35.643   35.643   34.768   38.060   35.215
   0.444   1.000   2.000    1.37   0.0000   10   12.001   99.417   40.553   41.708   39.629   37.847   36.592   38.241   40.183   32.531   31.400   24.000    6.595    4.925    5.796   40.113   39.359   37.539   36.436   37.975   39.643
   0.444   1.000   2.000    1.37   0.0000   10   13.003  101.661   44.250   45.010   43.642   39.113   37.620   39.566   39.714   32.999   31.801   24.000    7.270    5.306    6.045   43.170   43.225   38.815   37.503   39.261   39.384
   0.444   1.000   2.000    1.37   0.0000   10   14.002  101.674   44.083   45.686   42.801   39.581   38.380   39.592   39.804   33.348   32.101   24.000    8.840    6.785    7.307   44.184   42.483   39.345   38.289   39.383   39.563
   0.444   1.000   2.000    1.37   0.0000   10   15.002  103.625   45.934   47.468   44.707   40.531   38.810   40.098   43.039   34.120   32.700   24.000    5.537    4.308    5.007   45.359   44.286   40.179   38.671   39.894   42.432
   0.444   1.000   2.000    1.37   0.0000   10   16.002  102.851   44.578   46.623   42.941   40.397   38.729   39.892   44.302   34.197   32.899   24.000    7.372    5.438    6.105   44.596   42.582   40.019   38.559   39.697   43.521
   0.444   1.000   2.000    1.37   0.0000   10   17.004   99.860   41.317   43.325   39.711   39.039   37.870   38.844   41.161   33.528   32.496   24.000    7.922    5.691    6.487   41.856   39.472   38.705   37.684   38.599   40.617
   0.444   1.000   2.000    1.37   0.0000   10   18.004   96.772   37.979   39.108   37.076   37.385   36.307   37.140   38.790   32.431   31.596   24.000    7.641    5.079    5.998   37.619   36.828   36.941   36.002   36.772   38.216
   0.444   1.000   2.000    1.37   0.0000   10   19.001   93.638   34.923   35.306   34.617   35.331   34.585   35.351   36.083   31.296   30.599   24.000    6.862    4.568    5.469   34.170   34.411   34.920   34.272   34.970   35.612
   0.444   1.000   2.000    1.37   0.0000   10   20.001   91.680   32.880   32.541   33.152   34.109   33.474   34.210   34.665   30.937   30.200   24.000    3.985    3.034    3.857   31.637   32.966   33.709   33.159   33.826   34.227
   0.444   1.000   2.000    1.37   0.0000   10   21.006   90.488   31.472   30.597   32.172   33.397   32.823   33.513   33.859   30.534   29.896   24.000    3.775    2.825    3.667   29.838   32.002   32.998   32.501   33.126   33.432
   0.444   1.000   2.000    1.37   0.0000   10   22.004   89.621   30.364   29.012   31.444   32.902   32.380   33.022   33.334   29.980   29.200   24.000    1.369    1.970    2.663   28.357   31.286   32.500   32.048   32.629   32.906
   0.444   1.000   2.000    1.37   0.0000   10   23.002   88.968   29.523   27.825   30.882   32.505   32.024   32.622   32.936   29.883   29.100   24.000    1.223    1.712    2.321   27.280   30.738   32.110   31.694   32.236   32.515
   0.444   1.000   2.000    1.37   0.0000   10   24.002   88.419   28.856   26.924   30.402   32.146   31.698   32.257   32.552   29.732   29.000   24.000    1.293    1.522    2.270   26.457   30.269   31.756   31.369   31.877   32.139
