   0.250   1.000   1.000    1.37   0.0000    1    1.006  190.028   15.977   12.056   17.284    9.893   10.199   10.163    9.974   19.772   26.000   24.000    3.109    2.694   10.223   13.153   17.410   10.798   11.078   11.036   10.880
   0.250   1.000   1.000    1.37   0.0000    1    2.007  190.679   16.520   13.671   17.469   10.353   10.590   10.552   10.443   17.919   25.999   24.000    1.642    1.102    7.675   14.587   17.590   11.220   11.440   11.397   11.309
   0.250   1.000   1.000    1.37   0.0000    1    3.011  191.256   17.121   14.969   17.839   10.893   11.106   11.069   10.982   17.326   25.899   24.000    1.488    1.458    8.027   15.716   17.936   11.708   11.907   11.864   11.796
   0.250   1.000   1.000    1.37   0.0000    1    4.009  191.868   17.686   15.987   18.253   11.464   11.640   11.577   11.547   17.239   25.801   24.000    1.101    1.592    7.494   16.623   18.332   12.238   12.403   12.339   12.320
   0.250   1.000   1.000    1.37   0.0000    1    5.021  192.520   18.225   16.875   18.675   12.091   12.275   12.230   12.167   17.428   25.902   24.000    1.344    1.869    8.121   17.436   18.744   12.829   13.001   12.954   12.904
   0.250   1.000   1.000    1.37   0.0000    1    6.008  192.561   18.376   17.042   18.820   12.493   12.673   12.634   12.561   17.729   25.999   24.000    1.361    1.814    7.666   17.336   18.810   13.094   13.263   13.220   13.162
   0.250   1.000   1.000    1.37   0.0000    1    7.002  193.700   19.120   18.165   19.439   13.220   13.373   13.308   13.282   17.845   25.900   24.000    0.829    1.856    7.360   18.593   19.482   13.884   14.028   13.963   13.946
   0.250   1.000   1.000    1.37   0.0000    1    8.025  195.296   19.748   18.499   20.164   14.088   14.230   14.180   14.138   18.669   25.910   24.000    0.992    1.880    8.028   18.683   20.139   14.645   14.780   14.727   14.697
   0.250   1.000   1.000    1.37   0.0000    1    9.037  204.376   23.858   22.570   24.287   17.669   17.688   18.695   17.574   22.236   26.348   24.000    3.121    3.273   13.000   22.454   24.233   18.254   18.285   19.153   18.194
   0.250   1.000   1.000    1.37   0.0000    1   10.008  216.341   29.878   28.223   30.430   22.286   22.159   25.892   22.229   27.966   27.615   24.000    4.216    4.291   15.731   27.638   30.286   22.919   22.828   26.088   22.929
   0.250   1.000   1.000    1.37   0.0000    1   11.016  225.814   35.130   33.636   35.627   26.767   26.563   30.888   26.679   30.103   29.614   24.000    6.577    6.127   19.731   32.637   35.403   27.364   27.198   31.005   27.336
   0.250   1.000   1.000    1.37   0.0000    1   12.019  233.731   40.900   38.997   41.534   30.108   29.731   31.301   33.284   31.252   30.519   24.000    6.131    5.827   19.136   37.520   41.127   30.704   30.393   31.760   33.549
   0.250   1.000   1.000    1.37   0.0000    1   13.007  238.138   45.051   42.893   45.771   32.576   32.064   33.936   34.141   32.302   31.504   24.000    6.920    6.494   20.299   41.141   45.219   33.146   32.713   34.324   34.547
   0.250   1.000   1.000    1.37   0.0000    1   14.008  238.368   44.683   43.954   44.926   34.422   34.044   35.129   35.523   32.810   32.091   24.000    8.991    8.260   23.915   42.594   44.559   34.979   34.661   35.593   35.969
   0.250   1.000   1.000    1.37   0.0000    1   15.002  239.137   45.795   44.934   46.082   35.070   34.503   35.407   38.633   31.738   30.897   24.000    8.392    7.791   22.957   43.344   45.620   35.537   35.048   35.843   38.723
   0.250   1.000   1.000    1.37   0.0000    1   16.008  234.055   42.285   42.800   42.113   34.308   33.672   34.507   39.768   29.637   28.688   24.000    9.437    9.320   25.851   41.194   41.717   34.539   33.990   34.754   39.418
   0.250   1.000   1.000    1.37   0.0000    1   17.004  228.629   39.015   39.559   38.833   33.088   32.707   33.398   36.617   27.956   27.202   24.000    6.286    5.833   18.804   38.045   38.457   33.150   32.814   33.443   36.297
   0.250   1.000   1.000    1.37   0.0000    1   18.003  224.968   37.420   37.552   37.377   32.247   31.752   32.487   34.813   28.463   27.598   24.000    3.385    3.423   12.157   36.181   36.997   32.238   31.801   32.461   34.528
   0.250   1.000   1.000    1.37   0.0000    1   19.012  216.863   33.644   33.477   33.699   29.867   29.513   30.175   31.322   27.456   26.896   24.000    2.932    3.003    9.735   32.400   33.345   29.757   29.443   30.028   31.056
   0.250   1.000   1.000    1.37   0.0000    1   20.010  211.075   30.620   30.242   30.745   28.188   27.902   28.485   29.183   26.777   26.597   24.000    5.063    4.704   13.541   29.514   30.461   28.044   27.788   28.303   28.932
   0.250   1.000   1.000    1.37   0.0000    1   21.005  207.957   28.781   27.612   29.171   27.194   26.958   27.470   28.090   26.446   26.298   24.000    3.227    3.273    9.383   26.754   28.814   26.898   26.684   27.138   27.697
   0.250   1.000   1.000    1.37   0.0000    1   22.006  206.429   27.617   26.170   28.099   26.725   26.514   26.989   27.509   26.085   25.999   24.000    4.217    4.213   11.782   25.429   27.772   26.410   26.218   26.642   27.110
   0.250   1.000   1.000    1.37   0.0000    1   23.025  206.210   27.329   25.588   27.909   26.716   26.483   26.956   27.444   26.074   25.898   24.000    0.766    1.921    5.361   25.254   27.690   26.525   26.314   26.736   27.175
   0.250   1.000   1.000    1.37   0.0000    1   24.000  205.376   26.645   24.531   27.350   26.437   26.204   26.657   27.113   25.981   25.803   24.000    1.003    1.761    5.684   24.272   27.142   26.234   26.023   26.428   26.837
   0.250   1.000   1.000    1.37   0.0000    2    1.005  204.758   26.117   23.850   26.873   26.202   25.975   26.394   26.825   26.078   26.499   24.000    1.425    1.654    6.685   23.518   26.644   25.948   25.742   26.117   26.505
   0.250   1.000   1.000    1.37   0.0000    2    2.040  204.521   25.861   23.736   26.569   26.087   25.870   26.253   26.652   26.018   26.392   24.000    2.141    2.125    7.740   23.410   26.351   25.830   25.633   25.977   26.336
   0.250   1.000   1.000    1.37   0.0000    2    3.016  203.905   25.427   23.197   26.171   25.853   25.638   26.008   26.379   25.730   26.200   24.000    1.138    1.204    5.707   22.909   25.962   25.591   25.396   25.729   26.062
   0.250   1.000   1.000    1.37   0.0000    2    4.036  203.412   25.063   22.808   25.814   25.642   25.432   25.782   26.125   25.383   26.193   24.000    1.147    1.200    5.697   22.556   25.616   25.381   25.190   25.506   25.813
   0.250   1.000   1.000    1.37   0.0000    2    5.011  202.949   24.722   22.456   25.478   25.430   25.225   25.554   25.872   25.079   25.998   24.000    1.154    1.173    5.704   22.219   25.286   25.164   24.978   25.275   25.560
   0.250   1.000   1.000    1.37   0.0000    2    6.045  202.551   24.428   22.173   25.180   25.229   25.031   25.339   25.633   24.789   25.796   24.000    1.155    1.165    5.672   21.959   24.997   24.966   24.786   25.064   25.327
   0.250   1.000   1.000    1.37   0.0000    2    7.025  202.246   24.190   21.954   24.935   25.056   24.863   25.152   25.425   24.545   25.705   24.000    1.154    1.167    5.589   21.758   24.759   24.795   24.620   24.882   25.126
   0.250   1.000   1.000    1.37   0.0000    2    8.005  203.712   24.643   22.408   25.388   25.431   25.240   25.518   25.765   24.662   25.904   24.000    1.155    1.491    4.618   22.210   25.228   25.201   25.029   25.280   25.502
   0.250   1.000   1.000    1.37   0.0000    2    9.013  212.213   28.208   25.841   28.997   28.139   27.746   29.059   28.262   27.123   26.822   24.000    1.519    2.238    9.970   25.435   28.838   28.007   27.657   28.818   28.137
   0.250   1.000   1.000    1.37   0.0000    2   10.012  222.222   33.136   31.033   33.837   31.505   30.934   34.931   31.456   29.085   28.524   24.000    4.388    4.466   15.569   30.241   33.633   31.475   30.968   34.503   31.478
   0.250   1.000   1.000    1.37   0.0000    2   11.005  230.585   37.682   35.938   38.263   34.815   34.246   38.753   34.732   31.163   30.404   24.000    6.083    5.946   19.145   34.764   37.997   34.811   34.305   38.311   34.778
   0.250   1.000   1.000    1.37   0.0000    2   12.001  236.896   42.391   40.792   42.924   37.288   36.640   38.325   40.348   32.231   31.300   24.000    6.990    6.775   21.103   39.271   42.535   37.331   36.764   38.250   40.078
   0.250   1.000   1.000    1.37   0.0000    2   13.006  240.456   46.037   44.188   46.653   38.941   38.146   40.079   40.428   32.756   31.802   24.000    7.721    7.318   22.063   42.417   46.126   38.996   38.289   39.984   40.326
   0.250   1.000   1.000    1.37   0.0000    2   14.004  239.829   45.207   44.919   45.303   39.824   39.211   40.389   40.920   33.113   32.103   24.000    9.420    9.324   25.976   43.484   44.947   39.890   39.351   40.386   40.877
   0.250   1.000   1.000    1.37   0.0000    2   15.003  243.786   48.381   46.791   48.911   40.960   40.026   41.149   44.475   33.819   32.701   24.000    5.777    5.564   18.479   44.738   48.305   40.916   40.095   41.088   44.075
   0.250   1.000   1.000    1.37   0.0000    2   16.002  240.500   45.922   45.565   46.041   40.505   39.636   40.616   46.091   33.879   32.899   24.000    7.812    7.496   22.216   43.626   45.532   40.360   39.595   40.493   45.367
   0.250   1.000   1.000    1.37   0.0000    2   17.007  233.866   41.836   42.443   41.634   39.145   38.543   39.357   42.475   33.223   32.494   24.000    8.443    8.090   22.948   41.051   41.314   38.963   38.427   39.169   41.942
   0.250   1.000   1.000    1.37   0.0000    2   18.005  226.787   38.193   38.366   38.135   36.993   36.397   37.124   39.258   32.090   31.592   24.000    8.167    7.554   21.328   36.942   37.758   36.603   36.069   36.730   38.630
   0.250   1.000   1.000    1.37   0.0000    2   19.001  218.884   34.428   34.482   34.410   34.389   33.942   34.599   35.603   30.404   30.100   24.000    7.345    6.789   18.788   33.388   34.080   33.947   33.544   34.133   35.034
   0.250   1.000   1.000    1.37   0.0000    2   20.004  214.351   32.276   31.762   32.447   32.856   32.420   33.087   33.746   29.927   29.699   24.000    4.219    4.003   11.383   30.897   32.135   32.394   31.997   32.595   33.188
   0.250   1.000   1.000    1.37   0.0000    2   21.011  212.137   30.872   29.881   31.202   32.011   31.593   32.228   32.747   29.550   29.398   24.000    4.000    3.785   11.627   29.156   30.911   31.538   31.157   31.728   32.194
   0.250   1.000   1.000    1.37   0.0000    2   22.011  210.853   29.957   28.456   30.458   31.545   31.150   31.748   32.234   29.421   29.201   24.000    1.259    1.752    7.319   27.853   30.185   31.069   30.708   31.247   31.683
   0.250   1.000   1.000    1.37   0.0000    2   23.000  209.998   29.234   27.404   29.844   31.167   30.797   31.351   31.825   29.511   29.300   24.000    1.070    1.088    6.801   26.912   29.596   30.700   30.363   30.862   31.287
   0.250   1.000   1.000    1.37   0.0000    2   24.003  209.291   28.627   26.626   29.294   30.814   30.461   30.978   31.425   29.396   29.202   24.000    1.156    0.684    6.832   26.201   29.064   30.352   30.030   30.497   30.896
   0.250   1.000   1.000    1.37   0.0000    3    1.003  208.520   28.027   25.948   28.720   30.402   30.057   30.526   30.960   28.868   28.699   24.000    1.470    1.068    7.459   25.555   28.500   29.938   29.623   30.047   30.435
   0.250   1.000   1.000    1.37   0.0000    3    2.028  207.884   27.540   25.487   28.224   29.995   29.656   30.082   30.500   28.457   28.400   24.000    2.182    2.010    8.784   25.120   28.016   29.538   29.228   29.614   29.988
   0.250   1.000   1.000    1.37   0.0000    3    3.009  207.296   27.088   24.996   27.786   29.687   29.371   29.785   30.153   28.384   28.398   24.000    1.227    0.766    6.687   24.674   27.592   29.236   28.948   29.322   29.651
   0.250   1.000   1.000    1.37   0.0000    3    4.023  206.775   26.697   24.606   27.394   29.368   29.067   29.458   29.794   28.155   28.195   24.000    1.244    0.813    6.663   24.308   27.209   28.922   28.647   29.002   29.302
   0.250   1.000   1.000    1.37   0.0000    3    5.011  206.261   26.331   24.254   27.024   29.043   28.754   29.122   29.431   27.799   28.006   24.000    1.246    0.818    6.596   23.970   26.845   28.601   28.337   28.671   28.947
   0.250   1.000   1.000    1.37   0.0000    3    6.032  205.923   26.084   24.081   26.752   28.774   28.497   28.842   29.127   27.420   28.494   24.000    1.235    0.789    6.432   23.853   26.594   28.357   28.104   28.418   28.672
   0.250   1.000   1.000    1.37   0.0000    3    7.010  205.548   25.829   23.881   26.478   28.494   28.228   28.551   28.815   27.048   28.298   24.000    1.220    0.761    6.295   23.661   26.325   28.085   27.842   28.136   28.371
   0.250   1.000   1.000    1.37   0.0000    3    8.030  207.138   26.346   24.374   27.003   28.821   28.555   28.893   29.104   27.165   28.097   24.000    1.193    0.695    4.302   24.125   26.858   28.443   28.202   28.507   28.697
   0.250   1.000   1.000    1.37   0.0000    3    9.016  214.877   29.602   27.494   30.305   31.206   30.719   32.058   31.246   28.467   28.017   24.000    1.503    2.239   10.443   27.004   30.145   30.906   30.469   31.657   30.958
   0.250   1.000   1.000    1.37   0.0000    3   10.010  224.171   34.203   32.306   34.835   34.192   33.529   37.495   34.027   29.791   29.115   24.000    4.444    4.492   15.777   31.434   34.625   33.989   33.396   36.911   33.884
   0.250   1.000   1.000    1.37   0.0000    3   11.000  231.928   38.409   36.843   38.931   37.117   36.453   40.923   36.924   31.437   30.600   24.000    6.115    5.964   19.280   35.601   38.657   36.945   36.351   40.332   36.810
   0.250   1.000   1.000    1.37   0.0000    3   12.003  237.949   42.944   41.485   43.431   39.330   38.586   40.265   42.252   32.401   31.401   24.000    7.014    6.791   21.206   39.910   43.036   39.216   38.559   40.045   41.841
   0.250   1.000   1.000    1.37   0.0000    3   13.000  241.028   46.221   44.702   46.728   40.735   39.835   41.755   42.089   32.802   31.800   24.000    7.728    7.312   22.115   42.888   46.208   40.633   39.831   41.518   41.849
   0.250   1.000   1.000    1.37   0.0000    3   14.003  240.255   45.310   45.287   45.317   41.357   40.643   41.838   42.361   33.156   32.102   24.000    9.434    9.335   26.026   43.820   44.969   41.285   40.650   41.710   42.194
   0.250   1.000   1.000    1.37   0.0000    3   15.002  244.083   48.353   47.114   48.766   42.474   41.417   42.545   45.830   33.864   32.700   24.000    5.790    5.553   18.553   45.034   48.174   42.291   41.359   42.357   45.313
   0.250   1.000   1.000    1.37   0.0000    3   16.004  241.202   46.238   46.194   46.253   42.015   41.041   42.019   47.439   33.929   32.898   24.000    7.833    7.505   22.296   44.202   45.746   41.748   40.887   41.785   46.615
   0.250   1.000   1.000    1.37   0.0000    3   17.005  234.415   42.079   42.896   41.806   40.444   39.773   40.587   43.674   33.268   32.496   24.000    8.455    8.098   23.007   41.464   41.487   40.156   39.557   40.300   43.047
   0.250   1.000   1.000    1.37   0.0000    3   18.005  227.221   38.354   38.713   38.234   38.176   37.516   38.247   40.356   32.128   31.595   24.000    8.176    7.558   21.380   37.258   37.861   37.689   37.096   37.762   39.640
   0.250   1.000   1.000    1.37   0.0000    3   19.004  219.625   34.777   34.947   34.720   35.608   35.114   35.779   36.759   30.927   30.598   24.000    7.332    6.778   18.755   33.844   34.397   35.090   34.644   35.241   36.120
   0.250   1.000   1.000    1.37   0.0000    3   20.004  215.145   32.649   32.245   32.784   34.076   33.593   34.275   34.903   30.477   30.199   24.000    4.212    3.982   11.430   31.368   32.478   33.540   33.100   33.713   34.277
   0.250   1.000   1.000    1.37   0.0000    3   21.010  212.934   31.247   30.357   31.544   33.186   32.725   33.376   33.860   30.095   29.893   24.000    4.000    3.766   11.744   29.621   31.259   32.643   32.222   32.810   33.243
   0.250   1.000   1.000    1.37   0.0000    3   22.005  211.425   30.212   28.823   30.675   32.610   32.178   32.789   33.237   29.516   29.199   24.000    1.250    1.830    7.438   28.185   30.401   32.054   31.659   32.211   32.612
   0.250   1.000   1.000    1.37   0.0000    3   23.016  210.389   29.396   27.662   29.974   32.125   31.729   32.288   32.731   29.412   29.098   24.000    1.016    1.286    6.869   27.132   29.723   31.578   31.215   31.721   32.117
   0.250   1.000   1.000    1.37   0.0000    3   24.003  209.589   28.732   26.795   29.378   31.693   31.319   31.840   32.255   29.283   29.002   24.000    1.120    0.856    6.947   26.340   29.146   31.155   30.813   31.284   31.655
   0.250   1.000   1.000    1.37   0.0000    4    1.016  208.591   27.983   25.856   28.692   31.175   30.820   31.305   31.691   29.045   28.794   24.000    1.201    0.682    7.064   25.383   28.451   30.611   30.286   30.726   31.070
   0.250   1.000   1.000    1.37   0.0000    4    2.015  208.090   27.563   25.486   28.256   30.754   30.394   30.827   31.221   28.556   28.399   24.000    2.165    1.886    8.769   25.119   28.051   30.234   29.904   30.297   30.650
   0.250   1.000   1.000    1.37   0.0000    4    3.009  207.381   27.035   24.877   27.755   30.361   30.031   30.449   30.791   28.509   28.298   24.000    1.249    0.807    6.952   24.502   27.548   29.828   29.526   29.906   30.211
   0.250   1.000   1.000    1.37   0.0000    4    4.004  206.835   26.629   24.462   27.351   29.993   29.681   30.076   30.387   28.297   28.099   24.000    1.269    0.856    6.930   24.115   27.154   29.469   29.184   29.543   29.820
   0.250   1.000   1.000    1.37   0.0000    4    5.008  206.437   26.323   24.188   27.034   29.671   29.374   29.745   30.031   28.088   27.904   24.000    1.274    0.876    6.842   23.904   26.858   29.174   28.902   29.240   29.495
   0.250   1.000   1.000    1.37   0.0000    4    6.017  206.339   26.210   24.166   26.892   29.386   29.093   29.425   29.714   28.219   28.398   24.000    2.210    1.883    8.756   23.924   26.733   28.926   28.657   28.959   29.217
   0.250   1.000   1.000    1.37   0.0000    4    7.003  205.887   25.887   23.842   26.568   29.090   28.816   29.138   29.393   28.169   28.299   24.000    1.319    0.982    6.770   23.567   26.402   28.617   28.366   28.660   28.887
   0.250   1.000   1.000    1.37   0.0000    4    8.011  207.239   26.324   24.257   27.014   29.351   29.086   29.398   29.622   28.300   28.097   24.000    1.288    0.926    5.471   23.938   26.849   28.899   28.658   28.941   29.142
   0.250   1.000   1.000    1.37   0.0000    4    9.004  214.603   29.358   27.082   30.116   31.554   31.085   32.369   31.553   28.323   27.802   24.000    1.527    2.246   10.241   26.519   29.932   31.172   30.750   31.890   31.187
   0.250   1.000   1.000    1.37   0.0000    4   10.003  223.919   33.944   31.760   34.672   34.493   33.786   37.779   34.248   29.151   28.302   24.000    3.392    3.722   14.251   30.783   34.425   34.198   33.565   37.107   34.022
   0.250   1.000   1.000    1.37   0.0000    4   11.002  231.814   38.256   36.335   38.896   37.276   36.680   41.222   37.078   30.204   29.202   24.000    4.780    4.806   17.394   35.004   38.587   37.042   36.502   40.552   36.900
   0.250   1.000   1.000    1.37   0.0000    4   12.002  239.462   43.790   41.540   44.540   39.973   39.213   40.964   42.896   31.692   30.502   24.000    4.362    4.463   16.528   39.767   44.064   39.799   39.123   40.668   42.423
   0.250   1.000   1.000    1.37   0.0000    4   13.001  242.308   47.043   44.819   47.784   41.316   40.407   42.423   42.567   32.595   31.501   24.000    6.354    6.077   19.718   42.831   47.188   41.158   40.344   42.113   42.279
   0.250   1.000   1.000    1.37   0.0000    4   14.004  243.621   47.512   45.683   48.121   42.541   41.603   43.045   43.287   33.695   32.502   24.000    5.153    5.076   17.621   43.481   47.494   42.247   41.415   42.683   42.928
   0.250   1.000   1.000    1.37   0.0000    4   15.003  242.459   47.354   45.879   47.845   42.321   41.304   42.357   45.512   33.840   32.898   24.000    8.327    7.695   22.833   43.587   47.185   41.973   41.070   42.007   44.845
   0.250   1.000   1.000    1.37   0.0000    4   16.001  239.299   45.043   44.805   45.122   41.633   40.628   41.594   46.919   33.378   32.299   24.000    8.681    8.579   24.336   42.804   44.606   41.280   40.389   41.283   46.026
   0.250   1.000   1.000    1.37   0.0000    4   17.001  234.137   41.855   42.227   41.730   40.481   39.794   40.640   43.647   32.644   31.898   24.000    7.568    6.979   21.068   40.786   41.393   40.158   39.544   40.316   42.992
   0.250   1.000   1.000    1.37   0.0000    4   18.005  225.309   37.095   37.447   36.978   37.680   36.929   37.643   39.738   30.880   30.396   24.000   10.535    9.831   25.503   36.102   36.638   37.164   36.487   37.144   39.006
   0.250   1.000   1.000    1.37   0.0000    4   19.001  218.187   33.835   33.779   33.854   35.161   34.692   35.338   36.277   30.031   29.700   24.000    7.337    6.789   18.769   32.626   33.509   34.577   34.150   34.734   35.575
   0.250   1.000   1.000    1.37   0.0000    4   20.007  214.505   32.111   31.748   32.232   33.874   33.398   34.072   34.648   29.675   29.399   24.000    5.060    4.859   13.630   31.084   31.994   33.391   32.958   33.565   34.081
   0.250   1.000   1.000    1.37   0.0000    4   21.006  211.864   30.533   29.332   30.933   32.896   32.443   33.092   33.536   29.560   29.297   24.000    3.061    3.034   10.275   28.559   30.627   32.297   31.882   32.468   32.865
   0.250   1.000   1.000    1.37   0.0000    4   22.010  210.705   29.687   28.191   30.185   32.380   31.935   32.563   32.941   29.072   28.799   24.000    2.113    2.291    8.758   27.493   29.893   31.776   31.369   31.937   32.274
   0.250   1.000   1.000    1.37   0.0000    4   23.007  209.700   28.894   27.126   29.484   31.860   31.432   32.027   32.358   28.929   28.699   24.000    2.139    2.103    8.896   26.564   29.225   31.282   30.891   31.430   31.724
   0.250   1.000   1.000    1.37   0.0000    4   24.014  209.035   28.325   26.346   28.985   31.499   31.117   31.651   32.004   28.896   28.600   24.000    1.127    0.837    6.924   25.908   28.758   30.949   30.599   31.083   31.398
   0.250   1.000   1.000    1.37   0.0000    5    1.000  208.338   27.768   25.705   28.456   31.062   30.692   31.170   31.533   28.542   28.300   24.000    1.460    1.081    7.547   25.308   28.242   30.520   30.180   30.614   30.939
   0.250   1.000   1.000    1.37   0.0000    5    2.010  207.773   27.328   25.291   28.007   30.625   30.258   30.691   31.056   28.264   28.098   24.000    2.196    1.991    8.850   24.923   27.805   30.097   29.761   30.155   30.481
   0.250   1.000   1.000    1.37   0.0000    5    3.019  207.161   26.872   24.790   27.567   30.265   29.933   30.355   30.663   28.130   27.898   24.000    1.219    0.754    6.814   24.455   27.375   29.743   29.439   29.822   30.097
   0.250   1.000   1.000    1.37   0.0000    5    4.015  206.672   26.503   24.426   27.196   29.913   29.601   29.999   30.279   28.009   27.797   24.000    1.244    0.824    6.822   24.119   27.015   29.402   29.117   29.479   29.728
   0.250   1.000   1.000    1.37   0.0000    5    5.029  206.195   26.161   24.098   26.849   29.558   29.262   29.636   29.892   27.803   27.611   24.000    1.256    0.856    6.786   23.803   26.674   29.055   28.784   29.125   29.353
   0.250   1.000   1.000    1.37   0.0000    5    6.013  206.008   25.975   23.960   26.647   29.306   29.025   29.377   29.615   28.104   27.999   24.000    1.299    0.956    6.824   23.712   26.489   28.831   28.574   28.895   29.105
   0.250   1.000   1.000    1.37   0.0000    5    7.021  205.797   25.798   23.827   26.455   29.049   28.781   29.112   29.332   28.067   27.896   24.000    1.308    0.985    6.735   23.586   26.302   28.587   28.342   28.643   28.839
   0.250   1.000   1.000    1.37   0.0000    5    8.029  207.308   26.311   24.330   26.972   29.341   29.076   29.417   29.589   27.928   27.703   24.000    1.244    0.855    4.753   24.059   26.826   28.910   28.670   28.979   29.133
   0.250   1.000   1.000    1.37   0.0000    5    9.004  214.804   29.470   27.391   30.163   31.626   31.105   32.429   31.593   28.299   27.804   24.000    1.475    2.239   10.549   26.897   30.007   31.278   30.810   31.986   31.264
   0.250   1.000   1.000    1.37   0.0000    5   10.007  224.153   34.108   32.252   34.727   34.623   33.880   37.825   34.334   29.710   29.010   24.000    4.442    4.486   15.813   31.378   34.521   34.374   33.709   37.207   34.158
   0.250   1.000   1.000    1.37   0.0000    5   11.004  231.958   38.358   36.828   38.868   37.520   36.770   41.220   37.205   31.363   30.504   24.000    6.122    5.969   19.318   35.581   38.598   37.307   36.635   40.599   37.062
   0.250   1.000   1.000    1.37   0.0000    5   12.005  238.056   42.946   41.521   43.421   39.773   38.906   40.565   42.508   32.419   31.402   24.000    7.016    6.792   21.226   39.943   43.030   39.618   38.852   40.319   42.076
   0.250   1.000   1.000    1.37   0.0000    5   13.002  241.147   46.237   44.758   46.730   41.188   40.107   42.026   42.308   32.818   31.801   24.000    7.732    7.315   22.138   42.939   46.212   41.045   40.072   41.765   42.051
   0.250   1.000   1.000    1.37   0.0000    5   14.000  240.346   45.326   45.352   45.317   41.733   40.895   42.081   42.539   33.166   32.100   24.000    9.446    9.350   26.062   43.879   44.971   41.628   40.879   41.931   42.358
   0.250   1.000   1.000    1.37   0.0000    5   15.003  244.206   48.382   47.193   48.778   42.908   41.674   42.797   46.025   33.878   32.701   24.000    5.800    5.562   18.595   45.107   48.188   42.686   41.594   42.588   45.494
   0.250   1.000   1.000    1.37   0.0000    5   16.002  241.325   46.264   46.286   46.257   42.429   41.287   42.253   47.628   33.943   32.899   24.000    7.834    7.503   22.310   44.287   45.752   42.126   41.114   42.000   46.790
   0.250   1.000   1.000    1.37   0.0000    5   17.002  234.527   42.111   42.983   41.821   40.768   39.995   40.801   43.850   33.283   32.498   24.000    8.458    8.100   23.024   41.544   41.503   40.452   39.761   40.498   43.211
   0.250   1.000   1.000    1.37   0.0000    5   18.001  227.344   38.390   38.808   38.251   38.479   37.720   38.454   40.533   32.145   31.599   24.000    8.181    7.561   21.402   37.345   37.879   37.968   37.282   37.953   39.805
   0.250   1.000   1.000    1.37   0.0000    5   19.004  219.725   34.815   35.043   34.739   35.857   35.303   35.971   36.922   30.940   30.599   24.000    7.336    6.780   18.776   33.931   34.417   35.319   34.817   35.419   36.272
   0.250   1.000   1.000    1.37   0.0000    5   20.006  215.241   32.689   32.347   32.803   34.309   33.778   34.465   35.063   30.494   30.198   24.000    4.222    3.983   11.448   31.461   32.497   33.753   33.269   33.888   34.425
   0.250   1.000   1.000    1.37   0.0000    5   21.008  213.027   31.285   30.460   31.560   33.402   32.900   33.557   34.012   30.114   29.895   24.000    4.008    3.773   11.760   29.714   31.276   32.842   32.383   32.977   33.384
   0.250   1.000   1.000    1.37   0.0000    5   22.010  211.518   30.251   28.933   30.690   32.819   32.350   32.966   33.387   29.537   29.198   24.000    1.235    1.829    7.447   28.285   30.418   32.246   31.817   32.374   32.750
   0.250   1.000   1.000    1.37   0.0000    5   23.008  210.442   29.416   27.753   29.970   32.310   31.882   32.444   32.862   29.348   29.000   24.000    0.990    1.338    6.850   27.209   29.719   31.744   31.353   31.862   32.235
   0.250   1.000   1.000    1.37   0.0000    5   24.001  209.654   28.755   26.885   29.379   31.872   31.470   31.993   32.385   29.303   29.000   24.000    1.110    0.834    6.970   26.422   29.147   31.319   30.951   31.424   31.775
   0.250   1.000   1.000    1.37   0.0000    6    1.006  208.862   28.135   26.166   28.792   31.393   31.001   31.472   31.863   28.856   28.599   24.000    1.450    1.093    7.583   25.745   28.573   30.846   30.487   30.914   31.263
   0.250   1.000   1.000    1.37   0.0000    6    2.006  208.247   27.655   25.694   28.308   30.937   30.549   30.978   31.364   28.573   28.399   24.000    2.195    1.990    8.886   25.307   28.103   30.404   30.049   30.438   30.784
   0.250   1.000   1.000    1.37   0.0000    6    3.013  207.603   27.172   25.155   27.845   30.565   30.214   30.631   30.960   28.441   28.199   24.000    1.213    0.764    6.865   24.804   27.651   30.038   29.716   30.095   30.388
   0.250   1.000   1.000    1.37   0.0000    6    4.020  207.088   26.780   24.759   27.453   30.201   29.871   30.265   30.562   28.318   28.096   24.000    1.242    0.837    6.874   24.439   27.270   29.685   29.383   29.742   30.007
   0.250   1.000   1.000    1.37   0.0000    6    5.021  206.592   26.419   24.405   27.091   29.837   29.525   29.895   30.168   28.111   27.911   24.000    1.256    0.871    6.840   24.100   26.914   29.330   29.043   29.381   29.624
   0.250   1.000   1.000    1.37   0.0000    6    6.009  206.430   26.239   24.271   26.894   29.592   29.295   29.644   29.897   28.501   28.398   24.000    1.306    0.982    6.877   24.019   26.737   29.114   28.843   29.161   29.386
   0.250   1.000   1.000    1.37   0.0000    6    7.010  206.173   26.039   24.112   26.681   29.320   29.038   29.366   29.601   28.374   28.198   24.000    1.310    0.998    6.782   23.863   26.529   28.853   28.595   28.894   29.103
   0.250   1.000   1.000    1.37   0.0000    6    8.012  207.534   26.490   24.555   27.135   29.569   29.294   29.609   29.817   28.234   28.000   24.000    1.253    0.889    5.185   24.281   26.989   29.131   28.882   29.168   29.354
   0.250   1.000   1.000    1.37   0.0000    6    9.004  215.134   29.681   27.636   30.363   31.898   31.346   32.664   31.841   28.508   28.004   24.000    1.472    2.236   10.547   27.132   30.205   31.540   31.045   32.214   31.505
   0.250   1.000   1.000    1.37   0.0000    6   10.001  224.383   34.264   32.420   34.878   34.872   34.078   38.012   34.535   29.809   29.101   24.000    4.439    4.482   15.806   31.537   34.670   34.610   33.900   37.387   34.350
   0.250   1.000   1.000    1.37   0.0000    6   11.005  232.187   38.507   36.976   39.017   37.763   36.960   41.393   37.397   31.470   30.604   24.000    6.124    5.971   19.326   35.723   38.744   37.537   36.819   40.767   37.246
   0.250   1.000   1.000    1.37   0.0000    6   12.000  238.193   43.031   41.590   43.511   39.989   39.055   40.696   42.646   32.424   31.400   24.000    7.016    6.793   21.236   40.006   43.117   39.818   38.991   40.442   42.206
   0.250   1.000   1.000    1.37   0.0000    6   13.004  241.223   46.273   44.785   46.769   41.398   40.233   42.126   42.403   32.823   31.801   24.000    7.737    7.320   22.154   42.964   46.251   41.237   40.190   41.858   42.139
   0.250   1.000   1.000    1.37   0.0000    6   14.004  240.430   45.372   45.381   45.369   41.913   41.010   42.178   42.638   33.176   32.102   24.000    9.431    9.330   26.028   43.906   45.022   41.793   40.986   42.022   42.451
   0.250   1.000   1.000    1.37   0.0000    6   15.002  244.276   48.413   47.211   48.814   43.112   41.787   42.887   46.101   33.882   32.700   24.000    5.798    5.562   18.602   45.123   48.224   42.873   41.699   42.672   45.566
   0.250   1.000   1.000    1.37   0.0000    6   16.003  241.403   46.305   46.294   46.308   42.619   41.390   42.335   47.703   33.948   32.899   24.000    7.835    7.506   22.320   44.295   45.802   42.300   41.211   42.077   46.861
   0.250   1.000   1.000    1.37   0.0000    6   17.003  234.571   42.130   42.993   41.842   40.913   40.083   40.875   43.926   33.285   32.497   24.000    8.458    8.100   23.027   41.552   41.525   40.584   39.843   40.566   43.281
   0.250   1.000   1.000    1.37   0.0000    6   18.002  227.381   38.405   38.815   38.268   38.610   37.799   38.520   40.603   32.147   31.598   24.000    8.180    7.561   21.406   37.351   37.896   38.088   37.355   38.015   39.870
   0.250   1.000   1.000    1.37   0.0000    6   19.005  219.752   34.824   35.045   34.750   35.963   35.375   36.033   36.989   30.941   30.598   24.000    7.333    6.777   18.774   33.933   34.428   35.416   34.884   35.476   36.333
   0.250   1.000   1.000    1.37   0.0000    6   20.005  215.276   32.702   32.356   32.818   34.411   33.851   34.530   35.133   30.498   30.199   24.000    4.223    3.985   11.456   31.469   32.513   33.847   33.337   33.948   34.490
   0.250   1.000   1.000    1.37   0.0000    6   21.008  213.069   31.306   30.481   31.581   33.502   32.974   33.623   34.085   30.117   29.895   24.000    4.009    3.775   11.759   29.733   31.297   32.934   32.452   33.038   33.451
   0.250   1.000   1.000    1.37   0.0000    6   22.006  211.569   30.281   28.972   30.718   32.919   32.426   33.035   33.462   29.545   29.199   24.000    1.235    1.840    7.458   28.320   30.444   32.339   31.888   32.438   32.821
   0.250   1.000   1.000    1.37   0.0000    6   23.004  210.494   29.448   27.799   29.998   32.406   31.956   32.511   32.935   29.354   29.000   24.000    0.988    1.359    6.868   27.249   29.745   31.833   31.421   31.924   32.303
   0.250   1.000   1.000    1.37   0.0000    6   24.012  209.701   28.785   26.933   29.402   31.960   31.538   32.054   32.453   29.309   29.000   24.000    1.105    0.846    6.977   26.465   29.171   31.400   31.014   31.481   31.838
   0.250   1.000   1.000    1.37   0.0000    7    1.015  208.919   28.162   26.191   28.820   31.497   31.100   31.580   31.949   28.991   28.696   24.000    1.158    0.667    6.948   25.774   28.602   30.944   30.580   31.016   31.345
   0.250   1.000   1.000    1.37   0.0000    7    2.004  208.325   27.702   25.807   28.334   30.984   30.581   31.056   31.331   28.534   28.400   24.000    2.973    2.809   10.131   25.409   28.128   30.449   30.080   30.512   30.756
   0.250   1.000   1.000    1.37   0.0000    7    3.010  207.716   27.239   25.281   27.891   30.633   30.257   30.698   30.963   28.501   28.301   24.000    1.487    1.097    7.543   24.925   27.698   30.105   29.761   30.162   30.397
   0.250   1.000   1.000    1.37   0.0000    7    4.008  207.275   26.879   24.911   27.535   30.314   29.967   30.370   30.642   28.609   28.398   24.000    1.255    0.883    6.929   24.597   27.356   29.801   29.483   29.851   30.092
   0.250   1.000   1.000    1.37   0.0000    7    5.011  206.884   26.591   24.665   27.233   29.973   29.638   30.022   30.254   28.283   28.104   24.000    1.523    1.161    7.495   24.377   27.065   29.477   29.170   29.521   29.726
   0.250   1.000   1.000    1.37   0.0000    7    6.012  206.681   26.404   24.525   27.031   29.707   29.388   29.750   29.962   28.566   28.498   24.000    1.566    1.252    7.584   24.262   26.874   29.232   28.940   29.270   29.457
   0.250   1.000   1.000    1.37   0.0000    7    7.013  206.423   26.211   24.371   26.824   29.426   29.122   29.462   29.655   28.436   28.297   24.000    1.611    1.327    7.634   24.111   26.672   28.962   28.685   28.995   29.165
   0.250   1.000   1.000    1.37   0.0000    7    8.014  208.007   26.907   25.258   27.456   29.578   29.290   29.608   29.749   28.147   28.103   24.000    4.880    4.837   12.828   24.941   27.306   29.164   28.902   29.191   29.316
   0.250   1.000   1.000    1.37   0.0000    7    9.004  214.826   29.667   27.953   30.239   31.757   31.182   32.473   31.630   28.644   28.303   24.000    4.143    3.970   13.990   27.351   30.060   31.373   30.858   32.003   31.274
   0.250   1.000   1.000    1.37   0.0000    7   10.001  224.533   34.367   32.545   34.975   34.938   34.081   38.050   34.517   29.908   29.100   24.000    3.653    3.884   14.569   31.563   34.739   34.643   33.877   37.396   34.309
   0.250   1.000   1.000    1.37   0.0000    7   11.002  233.064   38.959   37.072   39.588   38.046   37.178   41.734   37.541   31.067   30.002   24.000    4.039    4.185   15.749   35.640   39.256   37.772   36.993   41.050   37.353
   0.250   1.000   1.000    1.37   0.0000    7   12.005  240.290   44.305   42.171   45.016   40.618   39.634   41.377   43.251   32.224   31.003   24.000    4.379    4.475   16.560   40.375   44.538   40.422   39.548   41.083   42.786
   0.250   1.000   1.000    1.37   0.0000    7   13.004  243.121   47.575   45.344   48.319   41.972   40.783   42.807   42.853   32.810   31.602   24.000    5.791    5.667   18.839   43.241   47.690   41.758   40.683   42.464   42.544
   0.250   1.000   1.000    1.37   0.0000    7   14.000  242.688   46.912   45.718   47.310   42.641   41.634   42.900   43.072   33.383   32.100   24.000    6.571    6.511   20.376   43.679   46.752   42.358   41.456   42.567   42.748
   0.250   1.000   1.000    1.37   0.0000    7   15.002  245.358   49.232   47.622   49.769   43.648   42.207   43.363   46.448   33.950   32.600   24.000    5.314    5.291   17.949   45.323   49.099   43.340   42.062   43.080   45.862
   0.250   1.000   1.000    1.37   0.0000    7   16.003  244.241   48.206   47.468   48.452   43.726   42.246   43.347   48.712   34.056   32.800   24.000    5.250    5.111   17.645   45.421   47.900   43.443   42.134   43.128   47.914
   0.250   1.000   1.000    1.37   0.0000    7   17.002  238.314   44.561   44.499   44.582   42.363   41.357   42.250   45.298   33.851   32.700   24.000    4.439    4.365   15.366   42.696   44.120   41.970   41.072   41.871   44.592
   0.250   1.000   1.000    1.37   0.0000    7   18.004  231.771   41.289   41.243   41.304   40.368   39.491   40.326   42.390   33.353   32.495   24.000    4.144    3.993   14.277   39.629   40.864   39.881   39.087   39.840   41.683
   0.250   1.000   1.000    1.37   0.0000    7   19.001  221.540   36.080   36.180   36.046   36.855   36.239   36.923   37.860   31.655   31.300   24.000    8.073    7.415   20.092   35.013   35.697   36.313   35.754   36.367   37.208
   0.250   1.000   1.000    1.37   0.0000    7   20.000  217.375   34.117   33.903   34.188   35.438   34.836   35.551   36.120   31.211   30.900   24.000    4.263    3.933   11.537   33.172   33.928   34.965   34.417   35.058   35.569
   0.250   1.000   1.000    1.37   0.0000    7   21.002  214.374   32.312   31.275   32.658   34.341   33.771   34.458   34.915   31.037   30.699   24.000    2.173    2.423    8.731   30.449   32.335   33.747   33.226   33.844   34.254
   0.250   1.000   1.000    1.37   0.0000    7   22.003  213.156   31.404   30.128   31.830   33.810   33.292   33.919   34.366   30.432   29.999   24.000    0.756    1.785    6.801   29.428   31.539   33.228   32.755   33.320   33.720
   0.250   1.000   1.000    1.37   0.0000    7   23.009  211.729   30.341   28.700   30.888   33.156   32.673   33.254   33.667   29.987   29.599   24.000    0.963    1.533    6.954   28.113   30.621   32.577   32.135   32.660   33.030
   0.250   1.000   1.000    1.37   0.0000    7   24.010  210.791   29.572   27.719   30.190   32.654   32.201   32.741   33.122   29.838   29.501   24.000    1.070    1.103    6.998   27.218   29.945   32.085   31.671   32.159   32.500
   0.250   1.000   1.000    1.37   0.0000    8    1.010  209.869   28.851   26.887   29.505   32.121   31.681   32.167   32.547   29.377   29.097   24.000    1.434    1.197    7.643   26.429   29.273   31.555   31.153   31.593   31.932
   0.250   1.000   1.000    1.37   0.0000    8    2.005  209.130   28.276   26.318   28.929   31.614   31.180   31.622   32.000   29.001   28.800   24.000    2.187    2.009    8.920   25.897   28.711   31.061   30.664   31.065   31.402
   0.250   1.000   1.000    1.37   0.0000    8    3.012  208.443   27.746   25.723   28.420   31.220   30.827   31.257   31.574   28.959   28.698   24.000    1.207    0.745    6.963   25.350   28.218   30.675   30.315   30.705   30.988
   0.250   1.000   1.000    1.37   0.0000    8    4.010  207.844   27.291   25.257   27.968   30.818   30.449   30.855   31.141   28.748   28.497   24.000    1.234    0.815    6.952   24.915   27.777   30.283   29.945   30.314   30.569
   0.250   1.000   1.000    1.37   0.0000    8    5.013  207.253   26.865   24.832   27.543   30.411   30.063   30.444   30.705   28.440   28.212   24.000    1.246    0.844    6.905   24.505   27.358   29.882   29.563   29.910   30.142
   0.250   1.000   1.000    1.37   0.0000    8    6.001  207.176   26.709   24.738   27.366   30.188   29.857   30.216   30.460   29.107   29.100   24.000    1.320    1.003    6.989   24.487   27.209   29.698   29.396   29.723   29.939
   0.250   1.000   1.000    1.37   0.0000    8    7.024  206.968   26.519   24.597   27.160   29.917   29.604   29.941   30.167   29.077   28.895   24.000    1.329    1.033    6.871   24.348   27.008   29.440   29.154   29.461   29.662
   0.250   1.000   1.000    1.37   0.0000    8    8.007  208.260   26.938   25.021   27.577   30.138   29.836   30.157   30.359   28.944   28.698   24.000    1.277    0.942    5.532   24.747   27.432   29.691   29.415   29.707   29.887
   0.250   1.000   1.000    1.37   0.0000    8    9.001  215.758   30.066   28.034   30.743   32.456   31.842   33.155   32.332   28.926   28.400   24.000    1.467    2.219   10.529   27.517   30.582   32.077   31.527   32.691   31.981
   0.250   1.000   1.000    1.37   0.0000    8   10.002  224.815   34.530   32.713   35.135   35.393   34.494   38.411   34.937   29.930   29.203   24.000    4.458    4.496   15.854   31.809   34.922   35.099   34.295   37.767   34.732
   0.250   1.000   1.000    1.37   0.0000    8   11.004  232.440   38.662   37.160   39.163   38.204   37.295   41.704   37.717   31.482   30.603   24.000    6.133    5.977   19.355   35.889   38.886   37.945   37.132   41.059   37.544
   0.250   1.000   1.000    1.37   0.0000    8   12.003  238.387   43.139   41.725   43.610   40.430   39.349   40.979   42.898   32.436   31.401   24.000    7.023    6.798   21.260   40.129   43.215   40.224   39.265   40.705   42.442
   0.250   1.000   1.000    1.37   0.0000    8   13.004  241.399   46.371   44.889   46.865   41.847   40.511   42.373   42.599   32.832   31.801   24.000    7.740    7.323   22.172   43.059   46.345   41.649   40.450   42.087   42.323
   0.250   1.000   1.000    1.37   0.0000    8   14.004  240.563   45.446   45.459   45.442   42.283   41.248   42.394   42.801   33.184   32.102   24.000    9.432    9.330   26.036   43.976   45.093   42.132   41.208   42.220   42.603
   0.250   1.000   1.000    1.37   0.0000    8   15.000  244.433   48.489   47.281   48.892   43.538   42.028   43.103   46.259   33.891   32.700   24.000    5.795    5.557   18.606   45.187   48.301   43.263   41.925   42.871   45.715
   0.250   1.000   1.000    1.37   0.0000    8   16.001  241.524   46.347   46.352   46.345   43.014   41.602   42.529   47.857   33.955   32.899   24.000    7.836    7.506   22.334   44.348   45.840   42.661   41.408   42.256   47.006
   0.250   1.000   1.000    1.37   0.0000    8   17.000  234.688   42.181   43.043   41.894   41.221   40.274   41.052   44.077   33.293   32.500   24.000    8.460    8.102   23.043   41.599   41.576   40.867   40.021   40.731   43.422
   0.250   1.000   1.000    1.37   0.0000    8   18.003  227.459   38.432   38.848   38.293   38.884   37.968   38.677   40.735   32.153   31.595   24.000    8.180    7.560   21.416   37.381   37.921   38.338   37.511   38.159   39.992
   0.250   1.000   1.000    1.37   0.0000    8   19.000  219.490   34.654   34.894   34.574   36.061   35.401   36.053   36.988   30.468   30.100   24.000    7.357    6.795   18.887   33.764   34.248   35.483   34.885   35.472   36.310
   0.250   1.000   1.000    1.37   0.0000    8   20.008  214.947   32.495   32.150   32.610   34.466   33.841   34.521   35.098   30.014   29.698   24.000    4.256    4.017   11.586   31.249   32.301   33.873   33.304   33.916   34.433
   0.250   1.000   1.000    1.37   0.0000    8   21.005  212.695   31.068   30.232   31.346   33.522   32.934   33.587   34.021   29.636   29.399   24.000    4.035    3.812   11.701   29.474   31.059   32.927   32.390   32.980   33.368
   0.250   1.000   1.000    1.37   0.0000    8   22.003  211.429   30.167   28.830   30.612   33.017   32.473   33.081   33.488   29.531   29.200   24.000    1.252    1.801    7.534   28.192   30.342   32.423   31.926   32.475   32.839
   0.250   1.000   1.000    1.37   0.0000    8   23.011  210.470   29.394   27.722   29.952   32.535   32.039   32.592   32.999   29.450   29.099   24.000    1.011    1.236    6.935   27.187   29.704   31.952   31.499   31.998   32.362
   0.250   1.000   1.000    1.37   0.0000    8   24.003  209.692   28.747   26.883   29.369   32.086   31.622   32.135   32.518   29.321   29.001   24.000    1.113    0.806    7.000   26.420   29.139   31.514   31.090   31.554   31.896
   0.250   1.000   1.000    1.37   0.0000    9    1.009  208.903   28.136   26.185   28.786   31.593   31.143   31.604   31.988   28.862   28.598   24.000    1.451    1.092    7.608   25.761   28.569   31.028   30.616   31.035   31.378
   0.250   1.000   1.000    1.37   0.0000    9    2.009  208.290   27.661   25.725   28.307   31.123   30.681   31.100   31.481   28.582   28.398   24.000    2.191    1.989    8.902   25.334   28.103   30.574   30.170   30.551   30.891
   0.250   1.000   1.000    1.37   0.0000    9    3.004  207.647   27.181   25.192   27.844   30.741   30.340   30.748   31.071   28.452   28.200   24.000    1.210    0.767    6.890   24.837   27.651   30.198   29.832   30.203   30.490
   0.250   1.000   1.000    1.37   0.0000    9    4.016  207.135   26.793   24.801   27.457   30.369   29.993   30.379   30.671   28.329   28.095   24.000    1.238    0.838    6.900   24.477   27.275   29.839   29.495   29.847   30.106
   0.250   1.000   1.000    1.37   0.0000    9    5.009  206.599   26.416   24.426   27.080   29.982   29.627   29.990   30.257   28.023   27.797   24.000    1.246    0.856    6.845   24.111   26.902   29.458   29.134   29.465   29.702
   0.250   1.000   1.000    1.37   0.0000    9    6.002  206.125   26.091   24.118   26.749   29.619   29.283   29.624   29.870   27.716   27.500   24.000    1.246    0.861    6.771   23.821   26.578   29.107   28.800   29.112   29.329
   0.250   1.000   1.000    1.37   0.0000    9    7.020  205.731   25.813   23.861   26.464   29.284   28.965   29.286   29.512   27.501   27.302   24.000    1.250    0.876    6.702   23.578   26.299   28.784   28.493   28.786   28.986
   0.250   1.000   1.000    1.37   0.0000    9    8.010  207.126   26.259   24.286   26.916   29.522   29.213   29.520   29.721   27.645   27.406   24.000    1.219    0.799    4.877   23.999   26.765   29.061   28.780   29.059   29.238
   0.250   1.000   1.000    1.37   0.0000    9    9.002  214.944   29.516   27.473   30.197   31.975   31.334   32.640   31.818   28.489   28.003   24.000    1.481    2.192   10.518   26.985   30.045   31.602   31.026   32.185   31.476
   0.250   1.000   1.000    1.37   0.0000    9   10.006  224.370   34.197   32.351   34.812   35.066   34.118   38.024   34.555   29.814   29.109   24.000    4.440    4.483   15.832   31.474   34.608   34.783   33.936   37.397   34.367
   0.250   1.000   1.000    1.37   0.0000    9   11.000  232.063   38.378   36.887   38.875   37.921   36.968   41.355   37.377   31.368   30.500   24.000    6.122    5.966   19.335   35.634   38.606   37.672   36.820   40.725   37.219
   0.250   1.000   1.000    1.37   0.0000    9   12.002  238.166   42.964   41.554   43.434   40.236   39.088   40.697   42.616   32.425   31.401   24.000    7.016    6.791   21.242   39.973   43.045   40.039   39.022   40.441   42.177
   0.250   1.000   1.000    1.37   0.0000    9   13.002  241.243   46.250   44.771   46.743   41.704   40.287   42.124   42.331   32.824   31.801   24.000    7.733    7.316   22.154   42.952   46.227   41.514   40.243   41.854   42.075
   0.250   1.000   1.000    1.37   0.0000    9   14.001  240.412   45.338   45.361   45.330   42.142   41.049   42.170   42.541   33.175   32.100   24.000    9.444    9.347   26.063   43.887   44.985   41.999   41.023   42.011   42.362
   0.250   1.000   1.000    1.37   0.0000    9   15.003  244.314   48.396   47.194   48.797   43.435   41.842   42.892   46.039   33.885   32.701   24.000    5.799    5.562   18.618   45.108   48.209   43.166   41.754   42.675   45.510
   0.250   1.000   1.000    1.37   0.0000    9   16.004  241.420   46.267   46.274   46.265   42.929   41.435   42.340   47.654   33.950   32.898   24.000    7.836    7.506   22.331   44.275   45.763   42.580   41.254   42.080   46.817
   0.250   1.000   1.000    1.37   0.0000    9   17.000  234.615   42.131   42.992   41.843   41.127   40.127   40.889   43.914   33.290   32.500   24.000    8.459    8.102   23.038   41.552   41.527   40.779   39.886   40.580   43.271
   0.250   1.000   1.000    1.37   0.0000    9   18.001  227.413   38.399   38.816   38.260   38.803   37.838   38.532   40.594   32.153   31.598   24.000    8.181    7.561   21.415   37.352   37.890   38.263   37.393   38.026   39.862
   0.250   1.000   1.000    1.37   0.0000    9   19.004  219.419   34.617   34.858   34.536   35.959   35.269   35.909   36.846   30.460   30.098   24.000    7.345    6.784   18.858   33.731   34.210   35.388   34.764   35.339   36.178
   0.250   1.000   1.000    1.37   0.0000    9   20.005  214.882   32.460   32.117   32.574   34.362   33.714   34.381   34.962   30.011   29.699   24.000    4.252    4.014   11.567   31.219   32.266   33.776   33.187   33.787   34.308
   0.250   1.000   1.000    1.37   0.0000    9   21.002  212.646   31.044   30.212   31.321   33.427   32.819   33.460   33.898   29.632   29.400   24.000    4.042    3.816   11.713   29.457   31.034   32.838   32.284   32.862   33.255
   0.250   1.000   1.000    1.37   0.0000    9   22.009  211.424   30.168   28.836   30.612   32.942   32.379   32.975   33.388   29.620   29.301   24.000    1.251    1.752    7.531   28.204   30.344   32.356   31.843   32.381   32.750
   0.250   1.000   1.000    1.37   0.0000    9   23.008  210.561   29.441   27.780   29.995   32.500   31.986   32.528   32.941   29.729   29.399   24.000    1.045    1.008    7.010   27.259   29.751   31.930   31.461   31.951   32.320
   0.250   1.000   1.000    1.37   0.0000    9   24.011  209.814   28.807   26.967   29.421   32.068   31.586   32.090   32.478   29.607   29.300   24.000    1.138    0.673    7.049   26.516   29.196   31.509   31.069   31.524   31.871
   0.250   1.000   1.000    1.37   0.0000   10    1.014  208.964   28.171   26.240   28.815   31.555   31.090   31.542   31.929   28.960   28.696   24.000    1.458    1.079    7.605   25.818   28.599   30.998   30.573   30.983   31.328
   0.250   1.000   1.000    1.37   0.0000   10    2.014  208.290   27.667   25.742   28.309   31.066   30.611   31.022   31.404   28.582   28.401   24.000    2.186    1.992    8.881   25.350   28.105   30.522   30.107   30.480   30.821
   0.250   1.000   1.000    1.37   0.0000   10    3.013  207.737   27.223   25.249   27.882   30.720   30.306   30.707   31.031   28.728   28.497   24.000    1.233    0.831    6.944   24.908   27.693   30.189   29.811   30.175   30.465
   0.250   1.000   1.000    1.37   0.0000   10    4.003  207.229   26.840   24.858   27.500   30.354   29.967   30.345   30.639   28.527   28.299   24.000    1.253    0.874    6.913   24.542   27.321   29.834   29.480   29.824   30.085
   0.250   1.000   1.000    1.37   0.0000   10    5.000  206.705   26.473   24.493   27.133   29.978   29.612   29.969   30.238   28.218   28.000   24.000    1.259    0.887    6.857   24.184   26.958   29.463   29.129   29.454   29.693
   0.250   1.000   1.000    1.37   0.0000   10    6.002  206.515   26.285   24.346   26.931   29.722   29.375   29.710   29.961   28.564   28.400   24.000    1.305    0.986    6.894   24.086   26.774   29.235   28.917   29.223   29.446
   0.250   1.000   1.000    1.37   0.0000   10    7.010  206.230   26.073   24.172   26.707   29.434   29.104   29.420   29.652   28.378   28.198   24.000    1.305    0.995    6.795   23.917   26.553   28.958   28.657   28.945   29.151
   0.250   1.000   1.000    1.37   0.0000   10    8.002  207.504   26.488   24.577   27.125   29.651   29.334   29.626   29.843   28.239   28.000   24.000    1.252    0.893    5.304   24.300   26.979   29.204   28.917   29.182   29.375
   0.250   1.000   1.000    1.37   0.0000   10    9.008  215.191   29.682   27.701   30.342   32.082   31.410   32.715   31.891   28.514   28.008   24.000    1.475    2.234   10.593   27.191   30.187   31.707   31.105   32.261   31.551
   0.250   1.000   1.000    1.37   0.0000   10   10.002  224.366   34.181   32.467   34.752   35.134   34.143   38.023   34.563   29.811   29.103   24.000    4.445    4.473   15.824   31.579   34.551   34.843   33.960   37.393   34.371
   0.250   1.000   1.000    1.37   0.0000   10   11.000  232.205   38.479   36.992   38.974   38.020   37.018   41.388   37.420   31.466   30.600   24.000    6.122    5.966   19.331   35.736   38.704   37.768   36.873   40.762   37.265
   0.250   1.000   1.000    1.37   0.0000   10   12.001  238.235   43.011   41.604   43.480   40.334   39.119   40.712   42.624   32.427   31.401   24.000    7.017    6.793   21.248   40.019   43.089   40.130   39.053   40.456   42.187
   0.250   1.000   1.000    1.37   0.0000   10   13.003  241.283   46.276   44.796   46.770   41.813   40.313   42.126   42.311   32.826   31.801   24.000    7.735    7.318   22.161   42.974   46.253   41.613   40.269   41.857   42.058
   0.250   1.000   1.000    1.37   0.0000   10   14.001  240.434   45.354   45.370   45.349   42.224   41.068   42.171   42.514   33.173   32.100   24.000    9.444    9.347   26.064   43.896   45.003   42.074   41.043   42.012   42.338
   0.250   1.000   1.000    1.37   0.0000   10   15.002  244.346   48.415   47.200   48.820   43.547   41.865   42.894   46.019   33.884   32.700   24.000    5.795    5.557   18.607   45.113   48.231   43.268   41.777   42.677   45.493
   0.250   1.000   1.000    1.37   0.0000   10   16.001  241.224   46.124   45.914   46.194   42.914   41.332   42.218   47.529   33.945   32.900   24.000    7.822    7.501   22.311   43.946   45.693   42.560   41.156   41.964   46.698
   0.250   1.000   1.000    1.37   0.0000   10   17.002  234.462   41.989   42.763   41.732   41.119   40.049   40.810   43.828   33.284   32.498   24.000    8.453    8.099   23.028   41.343   41.419   40.766   39.807   40.502   43.187
   0.250   1.000   1.000    1.37   0.0000   10   18.001  227.341   38.323   38.668   38.209   38.815   37.794   38.480   40.540   32.149   31.599   24.000    8.178    7.561   21.413   37.217   37.840   38.272   37.350   37.976   39.810
   0.250   1.000   1.000    1.37   0.0000   10   19.001  219.733   34.779   34.956   34.720   36.101   35.376   36.007   36.948   30.947   30.600   24.000    7.342    6.788   18.800   33.852   34.400   35.541   34.885   35.451   36.295
   0.250   1.000   1.000    1.37   0.0000   10   20.001  215.261   32.672   32.296   32.797   34.525   33.852   34.507   35.097   30.501   30.200   24.000    4.216    3.983   11.455   31.414   32.493   33.950   33.339   33.927   34.457
   0.250   1.000   1.000    1.37   0.0000   10   21.006  213.064   31.290   30.451   31.570   33.606   32.978   33.606   34.056   30.119   29.896   24.000    4.013    3.778   11.765   29.706   31.286   33.028   32.456   33.022   33.425
   0.250   1.000   1.000    1.37   0.0000   10   22.008  211.566   30.272   28.958   30.709   33.017   32.431   33.019   33.436   29.546   29.199   24.000    1.236    1.836    7.457   28.308   30.436   32.427   31.893   32.423   32.796
   0.250   1.000   1.000    1.37   0.0000   10   23.011  210.527   29.456   27.808   30.006   32.509   31.973   32.508   32.923   29.448   29.099   24.000    0.997    1.286    6.892   27.264   29.755   31.930   31.441   31.924   32.295
   0.250   1.000   1.000    1.37   0.0000   10   24.007  209.712   28.784   26.935   29.400   32.049   31.547   32.044   32.433   29.316   29.001   24.000    1.106    0.839    6.975   26.467   29.169   31.481   31.023   31.472   31.820
